running egg_info
writing build/my_minibot_aruco_package/my_minibot_aruco_package.egg-info/PKG-INFO
writing dependency_links to build/my_minibot_aruco_package/my_minibot_aruco_package.egg-info/dependency_links.txt
writing entry points to build/my_minibot_aruco_package/my_minibot_aruco_package.egg-info/entry_points.txt
writing requirements to build/my_minibot_aruco_package/my_minibot_aruco_package.egg-info/requires.txt
writing top-level names to build/my_minibot_aruco_package/my_minibot_aruco_package.egg-info/top_level.txt
reading manifest file 'build/my_minibot_aruco_package/my_minibot_aruco_package.egg-info/SOURCES.txt'
writing manifest file 'build/my_minibot_aruco_package/my_minibot_aruco_package.egg-info/SOURCES.txt'
running build
running build_py
copying my_minibot_aruco_package/the_sub.py -> /home/kang/minibot_aruco/src/my_minibot_aruco_package/build/my_minibot_aruco_package/build/lib/my_minibot_aruco_package
running install
/home/kang/.local/lib/python3.10/site-packages/setuptools/command/install.py:34: SetuptoolsDeprecationWarning: setup.py install is deprecated. Use build and pip and other standards-based tools.
  warnings.warn(
running install_lib
copying /home/kang/minibot_aruco/src/my_minibot_aruco_package/build/my_minibot_aruco_package/build/lib/my_minibot_aruco_package/the_sub.py -> /home/kang/minibot_aruco/src/my_minibot_aruco_package/install/my_minibot_aruco_package/lib/python3.10/site-packages/my_minibot_aruco_package
byte-compiling /home/kang/minibot_aruco/src/my_minibot_aruco_package/install/my_minibot_aruco_package/lib/python3.10/site-packages/my_minibot_aruco_package/the_sub.py to the_sub.cpython-310.pyc
running install_data
running install_egg_info
removing '/home/kang/minibot_aruco/src/my_minibot_aruco_package/install/my_minibot_aruco_package/lib/python3.10/site-packages/my_minibot_aruco_package-0.0.0-py3.10.egg-info' (and everything under it)
Copying build/my_minibot_aruco_package/my_minibot_aruco_package.egg-info to /home/kang/minibot_aruco/src/my_minibot_aruco_package/install/my_minibot_aruco_package/lib/python3.10/site-packages/my_minibot_aruco_package-0.0.0-py3.10.egg-info
running install_scripts
Installing aruco_minibit_cmd_and_pose script to /home/kang/minibot_aruco/src/my_minibot_aruco_package/install/my_minibot_aruco_package/lib/my_minibot_aruco_package
Installing aruco_processing script to /home/kang/minibot_aruco/src/my_minibot_aruco_package/install/my_minibot_aruco_package/lib/my_minibot_aruco_package
Installing calibrate script to /home/kang/minibot_aruco/src/my_minibot_aruco_package/install/my_minibot_aruco_package/lib/my_minibot_aruco_package
Installing minibit_cmd_and_pose script to /home/kang/minibot_aruco/src/my_minibot_aruco_package/install/my_minibot_aruco_package/lib/my_minibot_aruco_package
Installing my_minibot_aruco_node script to /home/kang/minibot_aruco/src/my_minibot_aruco_package/install/my_minibot_aruco_package/lib/my_minibot_aruco_package
Installing pi_cam_node script to /home/kang/minibot_aruco/src/my_minibot_aruco_package/install/my_minibot_aruco_package/lib/my_minibot_aruco_package
Installing pose_estimation script to /home/kang/minibot_aruco/src/my_minibot_aruco_package/install/my_minibot_aruco_package/lib/my_minibot_aruco_package
Installing pose_estimation_test1 script to /home/kang/minibot_aruco/src/my_minibot_aruco_package/install/my_minibot_aruco_package/lib/my_minibot_aruco_package
Installing pose_estimation_test2 script to /home/kang/minibot_aruco/src/my_minibot_aruco_package/install/my_minibot_aruco_package/lib/my_minibot_aruco_package
Installing pose_estimation_test2_pinkbot script to /home/kang/minibot_aruco/src/my_minibot_aruco_package/install/my_minibot_aruco_package/lib/my_minibot_aruco_package
Installing test_node script to /home/kang/minibot_aruco/src/my_minibot_aruco_package/install/my_minibot_aruco_package/lib/my_minibot_aruco_package
Installing the_pub script to /home/kang/minibot_aruco/src/my_minibot_aruco_package/install/my_minibot_aruco_package/lib/my_minibot_aruco_package
Installing the_sub script to /home/kang/minibot_aruco/src/my_minibot_aruco_package/install/my_minibot_aruco_package/lib/my_minibot_aruco_package
Installing visionTrackor script to /home/kang/minibot_aruco/src/my_minibot_aruco_package/install/my_minibot_aruco_package/lib/my_minibot_aruco_package
Installing visual script to /home/kang/minibot_aruco/src/my_minibot_aruco_package/install/my_minibot_aruco_package/lib/my_minibot_aruco_package
writing list of installed files to '/home/kang/minibot_aruco/src/my_minibot_aruco_package/build/my_minibot_aruco_package/install.log'
