[0.068s] Invoking command in '/home/jo/final_commit/build/communication_msgs': CMAKE_PREFIX_PATH=${CMAKE_PREFIX_PATH}:/home/jo/final_commit/install/communication:/opt/ros/humble /usr/bin/cmake --build /home/jo/final_commit/build/communication_msgs -- -j12 -l12
[0.083s] -- Found ament_cmake: 1.3.6 (/opt/ros/humble/share/ament_cmake/cmake)
[0.187s] -- Found rosidl_default_generators: 1.2.0 (/opt/ros/humble/share/rosidl_default_generators/cmake)
[0.188s] -- Using all available rosidl_typesupport_c: rosidl_typesupport_fastrtps_c;rosidl_typesupport_introspection_c
[0.190s] -- Found rosidl_adapter: 3.1.5 (/opt/ros/humble/share/rosidl_adapter/cmake)
[0.212s] -- Using all available rosidl_typesupport_cpp: rosidl_typesupport_fastrtps_cpp;rosidl_typesupport_introspection_cpp
[0.425s] [31mCMake Error at /opt/ros/humble/share/rosidl_adapter/cmake/rosidl_adapt_interfaces.cmake:59 (message):
[0.425s]   execute_process(/usr/bin/python3.10 -m rosidl_adapter --package-name
[0.425s]   communication_msgs --arguments-file
[0.425s]   /home/jo/final_commit/build/communication_msgs/rosidl_adapter__arguments__communication_msgs.json
[0.425s]   --output-dir
[0.425s]   /home/jo/final_commit/build/communication_msgs/rosidl_adapter/communication_msgs
[0.425s]   --output-file
[0.425s]   /home/jo/final_commit/build/communication_msgs/rosidl_adapter/communication_msgs.idls)
[0.425s]   returned error code 1:
[0.425s] 
[0.425s]   Traceback (most recent call last):
[0.425s] 
[0.425s]     File "/usr/lib/python3.10/runpy.py", line 196, in _run_module_as_main
[0.425s]       return _run_code(code, main_globals, None,
[0.425s]     File "/usr/lib/python3.10/runpy.py", line 86, in _run_code
[0.425s]       exec(code, run_globals)
[0.426s]     File "/opt/ros/humble/local/lib/python3.10/dist-packages/rosidl_adapter/__main__.py", line 19, in <module>
[0.426s]       sys.exit(main())
[0.426s]     File "/opt/ros/humble/local/lib/python3.10/dist-packages/rosidl_adapter/main.py", line 53, in main
[0.426s]       abs_idl_file = convert_to_idl(
[0.426s]     File "/opt/ros/humble/local/lib/python3.10/dist-packages/rosidl_adapter/__init__.py", line 19, in convert_to_idl
[0.426s]       return convert_msg_to_idl(
[0.426s]     File "/opt/ros/humble/local/lib/python3.10/dist-packages/rosidl_adapter/msg/__init__.py", line 28, in convert_msg_to_idl
[0.426s]       msg = parse_message_string(package_name, input_file.stem, content)
[0.426s]     File "/opt/ros/humble/local/lib/python3.10/dist-packages/rosidl_adapter/parser.py", line 544, in parse_message_string
[0.426s]       msg = MessageSpecification(pkg_name, msg_name, fields, constants)
[0.426s]     File "/opt/ros/humble/local/lib/python3.10/dist-packages/rosidl_adapter/parser.py", line 388, in __init__
[0.426s]       self.base_type = BaseType(
[0.426s]     File "/opt/ros/humble/local/lib/python3.10/dist-packages/rosidl_adapter/parser.py", line 205, in __init__
[0.426s]       raise InvalidResourceName(
[0.426s] 
[0.426s]   rosidl_adapter.parser.InvalidResourceName: 'talker' is an invalid message
[0.426s]   name.  It should have the pattern '^[A-Z][A-Za-z0-9]*$'
[0.426s] 
[0.426s] Call Stack (most recent call first):
[0.426s]   /opt/ros/humble/share/rosidl_cmake/cmake/rosidl_generate_interfaces.cmake:130 (rosidl_adapt_interfaces)
[0.426s]   CMakeLists.txt:15 (rosidl_generate_interfaces)
[0.426s] 
[0.427s] [0m
[0.427s] -- Configuring incomplete, errors occurred!
[0.427s] See also "/home/jo/final_commit/build/communication_msgs/CMakeFiles/CMakeOutput.log".
[0.430s] gmake: *** [Makefile:226: cmake_check_build_system] Error 1
[0.431s] Invoked command in '/home/jo/final_commit/build/communication_msgs' returned '2': CMAKE_PREFIX_PATH=${CMAKE_PREFIX_PATH}:/home/jo/final_commit/install/communication:/opt/ros/humble /usr/bin/cmake --build /home/jo/final_commit/build/communication_msgs -- -j12 -l12
