running egg_info
writing ../../build/domain_bridge/domain_bridge.egg-info/PKG-INFO
writing dependency_links to ../../build/domain_bridge/domain_bridge.egg-info/dependency_links.txt
writing entry points to ../../build/domain_bridge/domain_bridge.egg-info/entry_points.txt
writing requirements to ../../build/domain_bridge/domain_bridge.egg-info/requires.txt
writing top-level names to ../../build/domain_bridge/domain_bridge.egg-info/top_level.txt
reading manifest file '../../build/domain_bridge/domain_bridge.egg-info/SOURCES.txt'
writing manifest file '../../build/domain_bridge/domain_bridge.egg-info/SOURCES.txt'
running build
running build_py
running install
running install_lib
running install_data
creating /home/jo/final_commit/install/domain_bridge/share/domain_bridge/launch
copying launch/domain_bridge.launch.xml -> /home/jo/final_commit/install/domain_bridge/share/domain_bridge/launch
running install_egg_info
removing '/home/jo/final_commit/install/domain_bridge/lib/python3.10/site-packages/domain_bridge-0.0.0-py3.10.egg-info' (and everything under it)
Copying ../../build/domain_bridge/domain_bridge.egg-info to /home/jo/final_commit/install/domain_bridge/lib/python3.10/site-packages/domain_bridge-0.0.0-py3.10.egg-info
running install_scripts
writing list of installed files to '/home/jo/final_commit/build/domain_bridge/install.log'
