[0.992s] Invoking command in '/home/jo/final_commit/src/domain_bridge': PYTHONPATH=/home/jo/final_commit/build/domain_bridge/prefix_override:/home/jo/final_commit/install/domain_bridge/lib/python3.10/site-packages:${PYTHONPATH} /usr/bin/python3 setup.py egg_info --egg-base ../../build/domain_bridge build --build-base /home/jo/final_commit/build/domain_bridge/build install --record /home/jo/final_commit/build/domain_bridge/install.log --single-version-externally-managed
[1.209s] running egg_info
[1.210s] writing ../../build/domain_bridge/domain_bridge.egg-info/PKG-INFO
[1.210s] writing dependency_links to ../../build/domain_bridge/domain_bridge.egg-info/dependency_links.txt
[1.210s] writing entry points to ../../build/domain_bridge/domain_bridge.egg-info/entry_points.txt
[1.211s] writing requirements to ../../build/domain_bridge/domain_bridge.egg-info/requires.txt
[1.211s] writing top-level names to ../../build/domain_bridge/domain_bridge.egg-info/top_level.txt
[1.213s] reading manifest file '../../build/domain_bridge/domain_bridge.egg-info/SOURCES.txt'
[1.213s] writing manifest file '../../build/domain_bridge/domain_bridge.egg-info/SOURCES.txt'
[1.214s] running build
[1.214s] running build_py
[1.214s] running install
[1.214s] /usr/lib/python3/dist-packages/setuptools/command/install.py:34: SetuptoolsDeprecationWarning: setup.py install is deprecated. Use build and pip and other standards-based tools.
[1.214s]   warnings.warn(
[1.214s] running install_lib
[1.216s] running install_data
[1.217s] creating /home/jo/final_commit/install/domain_bridge/share/domain_bridge/launch
[1.217s] copying launch/domain_bridge.launch.xml -> /home/jo/final_commit/install/domain_bridge/share/domain_bridge/launch
[1.217s] running install_egg_info
[1.218s] removing '/home/jo/final_commit/install/domain_bridge/lib/python3.10/site-packages/domain_bridge-0.0.0-py3.10.egg-info' (and everything under it)
[1.219s] Copying ../../build/domain_bridge/domain_bridge.egg-info to /home/jo/final_commit/install/domain_bridge/lib/python3.10/site-packages/domain_bridge-0.0.0-py3.10.egg-info
[1.219s] running install_scripts
[1.240s] writing list of installed files to '/home/jo/final_commit/build/domain_bridge/install.log'
[1.261s] Invoked command in '/home/jo/final_commit/src/domain_bridge' returned '0': PYTHONPATH=/home/jo/final_commit/build/domain_bridge/prefix_override:/home/jo/final_commit/install/domain_bridge/lib/python3.10/site-packages:${PYTHONPATH} /usr/bin/python3 setup.py egg_info --egg-base ../../build/domain_bridge build --build-base /home/jo/final_commit/build/domain_bridge/build install --record /home/jo/final_commit/build/domain_bridge/install.log --single-version-externally-managed
