[1.005s] Invoking command in '/home/jo/final_commit/src/gui_package': PYTHONPATH=/home/jo/final_commit/build/gui_package/prefix_override:/home/jo/final_commit/install/gui_package/lib/python3.10/site-packages:${PYTHONPATH} /usr/bin/python3 setup.py egg_info --egg-base ../../build/gui_package build --build-base /home/jo/final_commit/build/gui_package/build install --record /home/jo/final_commit/build/gui_package/install.log --single-version-externally-managed
[1.217s] running egg_info
[1.218s] writing ../../build/gui_package/gui_package.egg-info/PKG-INFO
[1.218s] writing dependency_links to ../../build/gui_package/gui_package.egg-info/dependency_links.txt
[1.218s] writing entry points to ../../build/gui_package/gui_package.egg-info/entry_points.txt
[1.218s] writing requirements to ../../build/gui_package/gui_package.egg-info/requires.txt
[1.218s] writing top-level names to ../../build/gui_package/gui_package.egg-info/top_level.txt
[1.220s] reading manifest file '../../build/gui_package/gui_package.egg-info/SOURCES.txt'
[1.221s] writing manifest file '../../build/gui_package/gui_package.egg-info/SOURCES.txt'
[1.221s] running build
[1.221s] running build_py
[1.221s] running install
[1.221s] /usr/lib/python3/dist-packages/setuptools/command/install.py:34: SetuptoolsDeprecationWarning: setup.py install is deprecated. Use build and pip and other standards-based tools.
[1.221s]   warnings.warn(
[1.222s] running install_lib
[1.222s] running install_data
[1.223s] running install_egg_info
[1.224s] removing '/home/jo/final_commit/install/gui_package/lib/python3.10/site-packages/gui_package-0.0.0-py3.10.egg-info' (and everything under it)
[1.225s] Copying ../../build/gui_package/gui_package.egg-info to /home/jo/final_commit/install/gui_package/lib/python3.10/site-packages/gui_package-0.0.0-py3.10.egg-info
[1.225s] running install_scripts
[1.242s] Installing cam_listener script to /home/jo/final_commit/install/gui_package/lib/gui_package
[1.242s] Installing camera_test script to /home/jo/final_commit/install/gui_package/lib/gui_package
[1.242s] Installing gui_node script to /home/jo/final_commit/install/gui_package/lib/gui_package
[1.243s] writing list of installed files to '/home/jo/final_commit/build/gui_package/install.log'
[1.315s] Invoked command in '/home/jo/final_commit/src/gui_package' returned '0': PYTHONPATH=/home/jo/final_commit/build/gui_package/prefix_override:/home/jo/final_commit/install/gui_package/lib/python3.10/site-packages:${PYTHONPATH} /usr/bin/python3 setup.py egg_info --egg-base ../../build/gui_package build --build-base /home/jo/final_commit/build/gui_package/build install --record /home/jo/final_commit/build/gui_package/install.log --single-version-externally-managed
