running egg_info
creating ../build/lidar_package/lidar_package.egg-info
writing ../build/lidar_package/lidar_package.egg-info/PKG-INFO
writing dependency_links to ../build/lidar_package/lidar_package.egg-info/dependency_links.txt
writing entry points to ../build/lidar_package/lidar_package.egg-info/entry_points.txt
writing requirements to ../build/lidar_package/lidar_package.egg-info/requires.txt
writing top-level names to ../build/lidar_package/lidar_package.egg-info/top_level.txt
writing manifest file '../build/lidar_package/lidar_package.egg-info/SOURCES.txt'
reading manifest file '../build/lidar_package/lidar_package.egg-info/SOURCES.txt'
writing manifest file '../build/lidar_package/lidar_package.egg-info/SOURCES.txt'
running build
running build_py
creating /home/jo/final_commit/build/lidar_package/build
creating /home/jo/final_commit/build/lidar_package/build/lib
creating /home/jo/final_commit/build/lidar_package/build/lib/lidar_package
copying lidar_package/sensor_node.py -> /home/jo/final_commit/build/lidar_package/build/lib/lidar_package
copying lidar_package/sec_auto_navigation.py -> /home/jo/final_commit/build/lidar_package/build/lib/lidar_package
copying lidar_package/__init__.py -> /home/jo/final_commit/build/lidar_package/build/lib/lidar_package
copying lidar_package/auto_navigation.py -> /home/jo/final_commit/build/lidar_package/build/lib/lidar_package
running install
running install_lib
creating /home/jo/final_commit/install/lidar_package/lib/python3.10/site-packages/lidar_package
copying /home/jo/final_commit/build/lidar_package/build/lib/lidar_package/sensor_node.py -> /home/jo/final_commit/install/lidar_package/lib/python3.10/site-packages/lidar_package
copying /home/jo/final_commit/build/lidar_package/build/lib/lidar_package/sec_auto_navigation.py -> /home/jo/final_commit/install/lidar_package/lib/python3.10/site-packages/lidar_package
copying /home/jo/final_commit/build/lidar_package/build/lib/lidar_package/__init__.py -> /home/jo/final_commit/install/lidar_package/lib/python3.10/site-packages/lidar_package
copying /home/jo/final_commit/build/lidar_package/build/lib/lidar_package/auto_navigation.py -> /home/jo/final_commit/install/lidar_package/lib/python3.10/site-packages/lidar_package
byte-compiling /home/jo/final_commit/install/lidar_package/lib/python3.10/site-packages/lidar_package/sensor_node.py to sensor_node.cpython-310.pyc
byte-compiling /home/jo/final_commit/install/lidar_package/lib/python3.10/site-packages/lidar_package/sec_auto_navigation.py to sec_auto_navigation.cpython-310.pyc
byte-compiling /home/jo/final_commit/install/lidar_package/lib/python3.10/site-packages/lidar_package/__init__.py to __init__.cpython-310.pyc
byte-compiling /home/jo/final_commit/install/lidar_package/lib/python3.10/site-packages/lidar_package/auto_navigation.py to auto_navigation.cpython-310.pyc
running install_data
creating /home/jo/final_commit/install/lidar_package/share/ament_index
creating /home/jo/final_commit/install/lidar_package/share/ament_index/resource_index
creating /home/jo/final_commit/install/lidar_package/share/ament_index/resource_index/packages
copying resource/lidar_package -> /home/jo/final_commit/install/lidar_package/share/ament_index/resource_index/packages
copying package.xml -> /home/jo/final_commit/install/lidar_package/share/lidar_package
running install_egg_info
Copying ../build/lidar_package/lidar_package.egg-info to /home/jo/final_commit/install/lidar_package/lib/python3.10/site-packages/lidar_package-0.0.0-py3.10.egg-info
running install_scripts
Installing auto_navigation script to /home/jo/final_commit/install/lidar_package/lib/lidar_package
Installing sec_auto_navigation script to /home/jo/final_commit/install/lidar_package/lib/lidar_package
Installing sensor_node script to /home/jo/final_commit/install/lidar_package/lib/lidar_package
writing list of installed files to '/home/jo/final_commit/build/lidar_package/install.log'
