[0.567s] Invoking command in '/home/jo/final_commit/src/minibot_network': PYTHONPATH=/home/jo/final_commit/build/minibot_network/prefix_override:/home/jo/final_commit/install/minibot_network/lib/python3.10/site-packages:${PYTHONPATH} /usr/bin/python3 setup.py egg_info --egg-base ../../build/minibot_network build --build-base /home/jo/final_commit/build/minibot_network/build install --record /home/jo/final_commit/build/minibot_network/install.log --single-version-externally-managed
[0.772s] running egg_info
[0.772s] creating ../../build/minibot_network/minibot_network.egg-info
[0.773s] writing ../../build/minibot_network/minibot_network.egg-info/PKG-INFO
[0.773s] writing dependency_links to ../../build/minibot_network/minibot_network.egg-info/dependency_links.txt
[0.773s] writing entry points to ../../build/minibot_network/minibot_network.egg-info/entry_points.txt
[0.773s] writing requirements to ../../build/minibot_network/minibot_network.egg-info/requires.txt
[0.773s] writing top-level names to ../../build/minibot_network/minibot_network.egg-info/top_level.txt
[0.774s] writing manifest file '../../build/minibot_network/minibot_network.egg-info/SOURCES.txt'
[0.775s] reading manifest file '../../build/minibot_network/minibot_network.egg-info/SOURCES.txt'
[0.775s] writing manifest file '../../build/minibot_network/minibot_network.egg-info/SOURCES.txt'
[0.775s] running build
[0.776s] running build_py
[0.776s] creating /home/jo/final_commit/build/minibot_network/build
[0.776s] creating /home/jo/final_commit/build/minibot_network/build/lib
[0.776s] creating /home/jo/final_commit/build/minibot_network/build/lib/minibot_network
[0.776s] copying minibot_network/server.py -> /home/jo/final_commit/build/minibot_network/build/lib/minibot_network
[0.776s] copying minibot_network/__init__.py -> /home/jo/final_commit/build/minibot_network/build/lib/minibot_network
[0.776s] copying minibot_network/client.py -> /home/jo/final_commit/build/minibot_network/build/lib/minibot_network
[0.776s] running install
[0.776s] /usr/lib/python3/dist-packages/setuptools/command/install.py:34: SetuptoolsDeprecationWarning: setup.py install is deprecated. Use build and pip and other standards-based tools.
[0.776s]   warnings.warn(
[0.776s] running install_lib
[0.777s] creating /home/jo/final_commit/install/minibot_network/lib/python3.10/site-packages/minibot_network
[0.777s] copying /home/jo/final_commit/build/minibot_network/build/lib/minibot_network/server.py -> /home/jo/final_commit/install/minibot_network/lib/python3.10/site-packages/minibot_network
[0.777s] copying /home/jo/final_commit/build/minibot_network/build/lib/minibot_network/__init__.py -> /home/jo/final_commit/install/minibot_network/lib/python3.10/site-packages/minibot_network
[0.777s] copying /home/jo/final_commit/build/minibot_network/build/lib/minibot_network/client.py -> /home/jo/final_commit/install/minibot_network/lib/python3.10/site-packages/minibot_network
[0.777s] byte-compiling /home/jo/final_commit/install/minibot_network/lib/python3.10/site-packages/minibot_network/server.py to server.cpython-310.pyc
[0.778s] byte-compiling /home/jo/final_commit/install/minibot_network/lib/python3.10/site-packages/minibot_network/__init__.py to __init__.cpython-310.pyc
[0.778s] byte-compiling /home/jo/final_commit/install/minibot_network/lib/python3.10/site-packages/minibot_network/client.py to client.cpython-310.pyc
[0.778s] running install_data
[0.779s] creating /home/jo/final_commit/install/minibot_network/share
[0.779s] creating /home/jo/final_commit/install/minibot_network/share/ament_index
[0.779s] creating /home/jo/final_commit/install/minibot_network/share/ament_index/resource_index
[0.779s] creating /home/jo/final_commit/install/minibot_network/share/ament_index/resource_index/packages
[0.780s] copying resource/minibot_network -> /home/jo/final_commit/install/minibot_network/share/ament_index/resource_index/packages
[0.780s] creating /home/jo/final_commit/install/minibot_network/share/minibot_network
[0.780s] copying package.xml -> /home/jo/final_commit/install/minibot_network/share/minibot_network
[0.780s] running install_egg_info
[0.781s] Copying ../../build/minibot_network/minibot_network.egg-info to /home/jo/final_commit/install/minibot_network/lib/python3.10/site-packages/minibot_network-0.0.0-py3.10.egg-info
[0.781s] running install_scripts
[0.795s] Installing client script to /home/jo/final_commit/install/minibot_network/lib/minibot_network
[0.795s] Installing server script to /home/jo/final_commit/install/minibot_network/lib/minibot_network
[0.796s] writing list of installed files to '/home/jo/final_commit/build/minibot_network/install.log'
[0.810s] Invoked command in '/home/jo/final_commit/src/minibot_network' returned '0': PYTHONPATH=/home/jo/final_commit/build/minibot_network/prefix_override:/home/jo/final_commit/install/minibot_network/lib/python3.10/site-packages:${PYTHONPATH} /usr/bin/python3 setup.py egg_info --egg-base ../../build/minibot_network build --build-base /home/jo/final_commit/build/minibot_network/build install --record /home/jo/final_commit/build/minibot_network/install.log --single-version-externally-managed
