[1.195s] DEBUG:colcon:Command line arguments: ['/usr/bin/colcon', 'build', '--packages-select', 'my_minibot_aruco_package']
[1.196s] DEBUG:colcon:Parsed command line arguments: Namespace(log_base=None, log_level=None, verb_name='build', build_base='build', install_base='install', merge_install=False, symlink_install=False, test_result_base=None, continue_on_error=False, executor='parallel', parallel_workers=12, event_handlers=None, ignore_user_meta=False, metas=['./colcon.meta'], base_paths=['.'], packages_ignore=None, packages_ignore_regex=None, paths=None, packages_up_to=None, packages_up_to_regex=None, packages_above=None, packages_above_and_dependencies=None, packages_above_depth=None, packages_select_by_dep=None, packages_skip_by_dep=None, packages_skip_up_to=None, packages_select_build_failed=False, packages_skip_build_finished=False, packages_select_test_failures=False, packages_skip_test_passed=False, packages_select=['my_minibot_aruco_package'], packages_skip=None, packages_select_regex=None, packages_skip_regex=None, packages_start=None, packages_end=None, allow_overriding=[], cmake_args=None, cmake_target=None, cmake_target_skip_unavailable=False, cmake_clean_cache=False, cmake_clean_first=False, cmake_force_configure=False, ament_cmake_args=None, catkin_cmake_args=None, catkin_skip_building_tests=False, verb_parser=<colcon_defaults.argument_parser.defaults.DefaultArgumentsDecorator object at 0x7f6448257af0>, verb_extension=<colcon_core.verb.build.BuildVerb object at 0x7f64486e7940>, main=<bound method BuildVerb.main of <colcon_core.verb.build.BuildVerb object at 0x7f64486e7940>>)
[1.253s] Level 1:colcon.colcon_core.package_discovery:discover_packages(colcon_meta) check parameters
[1.253s] Level 1:colcon.colcon_core.package_discovery:discover_packages(recursive) check parameters
[1.253s] Level 1:colcon.colcon_core.package_discovery:discover_packages(ignore) check parameters
[1.253s] Level 1:colcon.colcon_core.package_discovery:discover_packages(path) check parameters
[1.253s] Level 1:colcon.colcon_core.package_discovery:discover_packages(colcon_meta) discover
[1.253s] Level 1:colcon.colcon_core.package_discovery:discover_packages(recursive) discover
[1.253s] INFO:colcon.colcon_core.package_discovery:Crawling recursively for packages in '/home/kang/minibot_aruco/src/my_minibot_aruco_package'
[1.253s] Level 1:colcon.colcon_core.package_identification:_identify(.) by extensions ['ignore', 'ignore_ament_install']
[1.253s] Level 1:colcon.colcon_core.package_identification:_identify(.) by extension 'ignore'
[1.253s] Level 1:colcon.colcon_core.package_identification:_identify(.) by extension 'ignore_ament_install'
[1.253s] Level 1:colcon.colcon_core.package_identification:_identify(.) by extensions ['colcon_pkg']
[1.253s] Level 1:colcon.colcon_core.package_identification:_identify(.) by extension 'colcon_pkg'
[1.253s] Level 1:colcon.colcon_core.package_identification:_identify(.) by extensions ['colcon_meta']
[1.253s] Level 1:colcon.colcon_core.package_identification:_identify(.) by extension 'colcon_meta'
[1.253s] Level 1:colcon.colcon_core.package_identification:_identify(.) by extensions ['ros']
[1.253s] Level 1:colcon.colcon_core.package_identification:_identify(.) by extension 'ros'
[1.266s] DEBUG:colcon.colcon_core.package_identification:Failed to parse potential ROS package manifest in'.': Error(s) in package './package.xml':
The manifest contains invalid XML:
mismatched tag: line 23, column 2
[1.266s] Level 1:colcon.colcon_core.package_identification:_identify(.) by extensions ['cmake', 'python']
[1.266s] Level 1:colcon.colcon_core.package_identification:_identify(.) by extension 'cmake'
[1.266s] Level 1:colcon.colcon_core.package_identification:_identify(.) by extension 'python'
[1.267s] DEBUG:colcon.colcon_core.package_identification:Python package in '.' passes arguments to the setup() function which requires a different identification extension than 'python'
[1.267s] Level 1:colcon.colcon_core.package_identification:_identify(.) by extensions ['python_setup_py']
[1.267s] Level 1:colcon.colcon_core.package_identification:_identify(.) by extension 'python_setup_py'
[1.443s] DEBUG:colcon.colcon_core.package_identification:Package '.' with type 'python' and name 'my_minibot_aruco_package'
[1.443s] Level 1:colcon.colcon_core.package_discovery:discover_packages(recursive) using defaults
[1.443s] Level 1:colcon.colcon_core.package_discovery:discover_packages(ignore) discover
[1.443s] Level 1:colcon.colcon_core.package_discovery:discover_packages(ignore) using defaults
[1.443s] Level 1:colcon.colcon_core.package_discovery:discover_packages(path) discover
[1.443s] Level 1:colcon.colcon_core.package_discovery:discover_packages(path) using defaults
[1.558s] Level 1:colcon.colcon_core.package_discovery:discover_packages(prefix_path) check parameters
[1.558s] Level 1:colcon.colcon_core.package_discovery:discover_packages(prefix_path) discover
[1.595s] DEBUG:colcon.colcon_installed_package_information.package_discovery:Found 3 installed packages in /home/kang/minibot_aruco/install
[1.617s] DEBUG:colcon.colcon_installed_package_information.package_discovery:Found 408 installed packages in /opt/ros/humble
[1.619s] Level 1:colcon.colcon_core.package_discovery:discover_packages(prefix_path) using defaults
[1.710s] Level 5:colcon.colcon_core.verb:set package 'my_minibot_aruco_package' build argument 'cmake_args' from command line to 'None'
[1.710s] Level 5:colcon.colcon_core.verb:set package 'my_minibot_aruco_package' build argument 'cmake_target' from command line to 'None'
[1.710s] Level 5:colcon.colcon_core.verb:set package 'my_minibot_aruco_package' build argument 'cmake_target_skip_unavailable' from command line to 'False'
[1.710s] Level 5:colcon.colcon_core.verb:set package 'my_minibot_aruco_package' build argument 'cmake_clean_cache' from command line to 'False'
[1.710s] Level 5:colcon.colcon_core.verb:set package 'my_minibot_aruco_package' build argument 'cmake_clean_first' from command line to 'False'
[1.710s] Level 5:colcon.colcon_core.verb:set package 'my_minibot_aruco_package' build argument 'cmake_force_configure' from command line to 'False'
[1.710s] Level 5:colcon.colcon_core.verb:set package 'my_minibot_aruco_package' build argument 'ament_cmake_args' from command line to 'None'
[1.710s] Level 5:colcon.colcon_core.verb:set package 'my_minibot_aruco_package' build argument 'catkin_cmake_args' from command line to 'None'
[1.710s] Level 5:colcon.colcon_core.verb:set package 'my_minibot_aruco_package' build argument 'catkin_skip_building_tests' from command line to 'False'
[1.710s] DEBUG:colcon.colcon_core.verb:Building package 'my_minibot_aruco_package' with the following arguments: {'ament_cmake_args': None, 'build_base': '/home/kang/minibot_aruco/src/my_minibot_aruco_package/build/my_minibot_aruco_package', 'catkin_cmake_args': None, 'catkin_skip_building_tests': False, 'cmake_args': None, 'cmake_clean_cache': False, 'cmake_clean_first': False, 'cmake_force_configure': False, 'cmake_target': None, 'cmake_target_skip_unavailable': False, 'install_base': '/home/kang/minibot_aruco/src/my_minibot_aruco_package/install/my_minibot_aruco_package', 'merge_install': False, 'path': '/home/kang/minibot_aruco/src/my_minibot_aruco_package', 'symlink_install': False, 'test_result_base': None}
[1.731s] INFO:colcon.colcon_core.executor:Executing jobs using 'parallel' executor
[1.749s] DEBUG:colcon.colcon_parallel_executor.executor.parallel:run_until_complete
[1.750s] INFO:colcon.colcon_core.task.python.build:Building Python package in '/home/kang/minibot_aruco/src/my_minibot_aruco_package'
[1.769s] INFO:colcon.colcon_core.plugin_system:Skipping extension 'colcon_core.shell.bat': Not used on non-Windows systems
[1.770s] INFO:colcon.colcon_core.shell:Skip shell extension 'powershell' for command environment: Not usable outside of PowerShell
[1.770s] DEBUG:colcon.colcon_core.shell:Skip shell extension 'dsv' for command environment
[2.573s] DEBUG:colcon.colcon_core.event_handler.log_command:Invoking command in '/home/kang/minibot_aruco/src/my_minibot_aruco_package': PS1=(aruco) \[\e]0;\u@\h: \w\a\]${debian_chroot:+($debian_chroot)}\[\033[01;32m\]\u@\h\[\033[00m\]:\[\033[01;34m\]\w\[\033[00m\]\$ PYTHONPATH=/home/kang/minibot_aruco/src/my_minibot_aruco_package/build/my_minibot_aruco_package/prefix_override:/home/kang/minibot_aruco/src/my_minibot_aruco_package/install/my_minibot_aruco_package/lib/python3.10/site-packages:${PYTHONPATH} VIRTUAL_ENV_PROMPT=(aruco) /usr/bin/python3 setup.py egg_info --egg-base build/my_minibot_aruco_package build --build-base /home/kang/minibot_aruco/src/my_minibot_aruco_package/build/my_minibot_aruco_package/build install --record /home/kang/minibot_aruco/src/my_minibot_aruco_package/build/my_minibot_aruco_package/install.log --single-version-externally-managed
[3.128s] DEBUG:colcon.colcon_core.event_handler.log_command:Invoked command in '/home/kang/minibot_aruco/src/my_minibot_aruco_package' returned '0': PS1=(aruco) \[\e]0;\u@\h: \w\a\]${debian_chroot:+($debian_chroot)}\[\033[01;32m\]\u@\h\[\033[00m\]:\[\033[01;34m\]\w\[\033[00m\]\$ PYTHONPATH=/home/kang/minibot_aruco/src/my_minibot_aruco_package/build/my_minibot_aruco_package/prefix_override:/home/kang/minibot_aruco/src/my_minibot_aruco_package/install/my_minibot_aruco_package/lib/python3.10/site-packages:${PYTHONPATH} VIRTUAL_ENV_PROMPT=(aruco) /usr/bin/python3 setup.py egg_info --egg-base build/my_minibot_aruco_package build --build-base /home/kang/minibot_aruco/src/my_minibot_aruco_package/build/my_minibot_aruco_package/build install --record /home/kang/minibot_aruco/src/my_minibot_aruco_package/build/my_minibot_aruco_package/install.log --single-version-externally-managed
[3.149s] Level 1:colcon.colcon_core.environment:checking '/home/kang/minibot_aruco/src/my_minibot_aruco_package/install/my_minibot_aruco_package' for CMake module files
[3.149s] Level 1:colcon.colcon_core.environment:checking '/home/kang/minibot_aruco/src/my_minibot_aruco_package/install/my_minibot_aruco_package' for CMake config files
[3.150s] Level 1:colcon.colcon_core.environment:checking '/home/kang/minibot_aruco/src/my_minibot_aruco_package/install/my_minibot_aruco_package/lib'
[3.150s] Level 1:colcon.colcon_core.environment:checking '/home/kang/minibot_aruco/src/my_minibot_aruco_package/install/my_minibot_aruco_package/bin'
[3.150s] Level 1:colcon.colcon_core.environment:checking '/home/kang/minibot_aruco/src/my_minibot_aruco_package/install/my_minibot_aruco_package/lib/pkgconfig/my_minibot_aruco_package.pc'
[3.150s] Level 1:colcon.colcon_core.environment:checking '/home/kang/minibot_aruco/src/my_minibot_aruco_package/install/my_minibot_aruco_package/lib/python3.10/site-packages'
[3.150s] Level 1:colcon.colcon_core.shell:create_environment_hook('my_minibot_aruco_package', 'pythonpath')
[3.169s] INFO:colcon.colcon_core.shell:Creating environment hook '/home/kang/minibot_aruco/src/my_minibot_aruco_package/install/my_minibot_aruco_package/share/my_minibot_aruco_package/hook/pythonpath.ps1'
[3.169s] INFO:colcon.colcon_core.shell:Creating environment descriptor '/home/kang/minibot_aruco/src/my_minibot_aruco_package/install/my_minibot_aruco_package/share/my_minibot_aruco_package/hook/pythonpath.dsv'
[3.169s] INFO:colcon.colcon_core.shell:Creating environment hook '/home/kang/minibot_aruco/src/my_minibot_aruco_package/install/my_minibot_aruco_package/share/my_minibot_aruco_package/hook/pythonpath.sh'
[3.170s] Level 1:colcon.colcon_core.environment:checking '/home/kang/minibot_aruco/src/my_minibot_aruco_package/install/my_minibot_aruco_package/bin'
[3.170s] Level 1:colcon.colcon_core.environment:create_environment_scripts_only(my_minibot_aruco_package)
[3.190s] INFO:colcon.colcon_core.shell:Creating package script '/home/kang/minibot_aruco/src/my_minibot_aruco_package/install/my_minibot_aruco_package/share/my_minibot_aruco_package/package.ps1'
[3.190s] INFO:colcon.colcon_core.shell:Creating package descriptor '/home/kang/minibot_aruco/src/my_minibot_aruco_package/install/my_minibot_aruco_package/share/my_minibot_aruco_package/package.dsv'
[3.191s] INFO:colcon.colcon_core.shell:Creating package script '/home/kang/minibot_aruco/src/my_minibot_aruco_package/install/my_minibot_aruco_package/share/my_minibot_aruco_package/package.sh'
[3.191s] INFO:colcon.colcon_core.shell:Creating package script '/home/kang/minibot_aruco/src/my_minibot_aruco_package/install/my_minibot_aruco_package/share/my_minibot_aruco_package/package.bash'
[3.192s] INFO:colcon.colcon_core.shell:Creating package script '/home/kang/minibot_aruco/src/my_minibot_aruco_package/install/my_minibot_aruco_package/share/my_minibot_aruco_package/package.zsh'
[3.192s] Level 1:colcon.colcon_core.environment:create_file_with_runtime_dependencies(/home/kang/minibot_aruco/src/my_minibot_aruco_package/install/my_minibot_aruco_package/share/colcon-core/packages/my_minibot_aruco_package)
[3.193s] DEBUG:colcon.colcon_parallel_executor.executor.parallel:closing loop
[3.193s] DEBUG:colcon.colcon_parallel_executor.executor.parallel:loop closed
[3.193s] DEBUG:colcon.colcon_parallel_executor.executor.parallel:run_until_complete finished with '0'
[3.193s] DEBUG:colcon.colcon_core.event_reactor:joining thread
[3.223s] INFO:colcon.colcon_core.plugin_system:Skipping extension 'colcon_notification.desktop_notification.terminal_notifier': Not used on non-Darwin systems
[3.223s] INFO:colcon.colcon_core.plugin_system:Skipping extension 'colcon_notification.desktop_notification.win32': Not used on non-Windows systems
[3.223s] INFO:colcon.colcon_notification.desktop_notification:Sending desktop notification using 'notify2'
[3.232s] DEBUG:colcon.colcon_core.event_reactor:joined thread
[3.253s] INFO:colcon.colcon_core.shell:Creating prefix script '/home/kang/minibot_aruco/src/my_minibot_aruco_package/install/local_setup.ps1'
[3.254s] INFO:colcon.colcon_core.shell:Creating prefix util module '/home/kang/minibot_aruco/src/my_minibot_aruco_package/install/_local_setup_util_ps1.py'
[3.255s] INFO:colcon.colcon_core.shell:Creating prefix chain script '/home/kang/minibot_aruco/src/my_minibot_aruco_package/install/setup.ps1'
[3.275s] INFO:colcon.colcon_core.shell:Creating prefix script '/home/kang/minibot_aruco/src/my_minibot_aruco_package/install/local_setup.sh'
[3.275s] INFO:colcon.colcon_core.shell:Creating prefix util module '/home/kang/minibot_aruco/src/my_minibot_aruco_package/install/_local_setup_util_sh.py'
[3.276s] INFO:colcon.colcon_core.shell:Creating prefix chain script '/home/kang/minibot_aruco/src/my_minibot_aruco_package/install/setup.sh'
[3.299s] INFO:colcon.colcon_core.shell:Creating prefix script '/home/kang/minibot_aruco/src/my_minibot_aruco_package/install/local_setup.bash'
[3.299s] INFO:colcon.colcon_core.shell:Creating prefix chain script '/home/kang/minibot_aruco/src/my_minibot_aruco_package/install/setup.bash'
[3.319s] INFO:colcon.colcon_core.shell:Creating prefix script '/home/kang/minibot_aruco/src/my_minibot_aruco_package/install/local_setup.zsh'
[3.319s] INFO:colcon.colcon_core.shell:Creating prefix chain script '/home/kang/minibot_aruco/src/my_minibot_aruco_package/install/setup.zsh'
