[0.885s] Invoking command in '/home/kang/minibot_aruco/src/my_minibot_aruco_package': PS1=\[\e]0;\u@\h: \w\a\]${debian_chroot:+($debian_chroot)}\[\033[01;32m\]\u@\h\[\033[00m\]:\[\033[01;34m\]\w\[\033[00m\]\$ PYTHONPATH=/home/kang/minibot_aruco/src/my_minibot_aruco_package/build/my_minibot_aruco_package/prefix_override:/home/kang/minibot_aruco/src/my_minibot_aruco_package/install/my_minibot_aruco_package/lib/python3.10/site-packages:${PYTHONPATH} /usr/bin/python3 setup.py egg_info --egg-base build/my_minibot_aruco_package build --build-base /home/kang/minibot_aruco/src/my_minibot_aruco_package/build/my_minibot_aruco_package/build install --record /home/kang/minibot_aruco/src/my_minibot_aruco_package/build/my_minibot_aruco_package/install.log --single-version-externally-managed
[1.144s] running egg_info
[1.145s] writing build/my_minibot_aruco_package/my_minibot_aruco_package.egg-info/PKG-INFO
[1.145s] writing dependency_links to build/my_minibot_aruco_package/my_minibot_aruco_package.egg-info/dependency_links.txt
[1.145s] writing entry points to build/my_minibot_aruco_package/my_minibot_aruco_package.egg-info/entry_points.txt
[1.145s] writing requirements to build/my_minibot_aruco_package/my_minibot_aruco_package.egg-info/requires.txt
[1.145s] writing top-level names to build/my_minibot_aruco_package/my_minibot_aruco_package.egg-info/top_level.txt
[1.147s] reading manifest file 'build/my_minibot_aruco_package/my_minibot_aruco_package.egg-info/SOURCES.txt'
[1.148s] writing manifest file 'build/my_minibot_aruco_package/my_minibot_aruco_package.egg-info/SOURCES.txt'
[1.148s] running build
[1.148s] running build_py
[1.148s] copying my_minibot_aruco_package/the_sub.py -> /home/kang/minibot_aruco/src/my_minibot_aruco_package/build/my_minibot_aruco_package/build/lib/my_minibot_aruco_package
[1.149s] running install
[1.149s] /home/kang/.local/lib/python3.10/site-packages/setuptools/command/install.py:34: SetuptoolsDeprecationWarning: setup.py install is deprecated. Use build and pip and other standards-based tools.
[1.149s]   warnings.warn(
[1.149s] running install_lib
[1.150s] copying /home/kang/minibot_aruco/src/my_minibot_aruco_package/build/my_minibot_aruco_package/build/lib/my_minibot_aruco_package/the_sub.py -> /home/kang/minibot_aruco/src/my_minibot_aruco_package/install/my_minibot_aruco_package/lib/python3.10/site-packages/my_minibot_aruco_package
[1.151s] byte-compiling /home/kang/minibot_aruco/src/my_minibot_aruco_package/install/my_minibot_aruco_package/lib/python3.10/site-packages/my_minibot_aruco_package/the_sub.py to the_sub.cpython-310.pyc
[1.151s] running install_data
[1.152s] running install_egg_info
[1.153s] removing '/home/kang/minibot_aruco/src/my_minibot_aruco_package/install/my_minibot_aruco_package/lib/python3.10/site-packages/my_minibot_aruco_package-0.0.0-py3.10.egg-info' (and everything under it)
[1.153s] Copying build/my_minibot_aruco_package/my_minibot_aruco_package.egg-info to /home/kang/minibot_aruco/src/my_minibot_aruco_package/install/my_minibot_aruco_package/lib/python3.10/site-packages/my_minibot_aruco_package-0.0.0-py3.10.egg-info
[1.154s] running install_scripts
[1.168s] Installing aruco_minibit_cmd_and_pose script to /home/kang/minibot_aruco/src/my_minibot_aruco_package/install/my_minibot_aruco_package/lib/my_minibot_aruco_package
[1.168s] Installing aruco_processing script to /home/kang/minibot_aruco/src/my_minibot_aruco_package/install/my_minibot_aruco_package/lib/my_minibot_aruco_package
[1.169s] Installing calibrate script to /home/kang/minibot_aruco/src/my_minibot_aruco_package/install/my_minibot_aruco_package/lib/my_minibot_aruco_package
[1.169s] Installing minibit_cmd_and_pose script to /home/kang/minibot_aruco/src/my_minibot_aruco_package/install/my_minibot_aruco_package/lib/my_minibot_aruco_package
[1.169s] Installing my_minibot_aruco_node script to /home/kang/minibot_aruco/src/my_minibot_aruco_package/install/my_minibot_aruco_package/lib/my_minibot_aruco_package
[1.169s] Installing pi_cam_node script to /home/kang/minibot_aruco/src/my_minibot_aruco_package/install/my_minibot_aruco_package/lib/my_minibot_aruco_package
[1.169s] Installing pose_estimation script to /home/kang/minibot_aruco/src/my_minibot_aruco_package/install/my_minibot_aruco_package/lib/my_minibot_aruco_package
[1.169s] Installing pose_estimation_test1 script to /home/kang/minibot_aruco/src/my_minibot_aruco_package/install/my_minibot_aruco_package/lib/my_minibot_aruco_package
[1.169s] Installing pose_estimation_test2 script to /home/kang/minibot_aruco/src/my_minibot_aruco_package/install/my_minibot_aruco_package/lib/my_minibot_aruco_package
[1.169s] Installing pose_estimation_test2_pinkbot script to /home/kang/minibot_aruco/src/my_minibot_aruco_package/install/my_minibot_aruco_package/lib/my_minibot_aruco_package
[1.169s] Installing test_node script to /home/kang/minibot_aruco/src/my_minibot_aruco_package/install/my_minibot_aruco_package/lib/my_minibot_aruco_package
[1.169s] Installing the_pub script to /home/kang/minibot_aruco/src/my_minibot_aruco_package/install/my_minibot_aruco_package/lib/my_minibot_aruco_package
[1.169s] Installing the_sub script to /home/kang/minibot_aruco/src/my_minibot_aruco_package/install/my_minibot_aruco_package/lib/my_minibot_aruco_package
[1.169s] Installing visionTrackor script to /home/kang/minibot_aruco/src/my_minibot_aruco_package/install/my_minibot_aruco_package/lib/my_minibot_aruco_package
[1.169s] Installing visual script to /home/kang/minibot_aruco/src/my_minibot_aruco_package/install/my_minibot_aruco_package/lib/my_minibot_aruco_package
[1.170s] writing list of installed files to '/home/kang/minibot_aruco/src/my_minibot_aruco_package/build/my_minibot_aruco_package/install.log'
[1.188s] Invoked command in '/home/kang/minibot_aruco/src/my_minibot_aruco_package' returned '0': PS1=\[\e]0;\u@\h: \w\a\]${debian_chroot:+($debian_chroot)}\[\033[01;32m\]\u@\h\[\033[00m\]:\[\033[01;34m\]\w\[\033[00m\]\$ PYTHONPATH=/home/kang/minibot_aruco/src/my_minibot_aruco_package/build/my_minibot_aruco_package/prefix_override:/home/kang/minibot_aruco/src/my_minibot_aruco_package/install/my_minibot_aruco_package/lib/python3.10/site-packages:${PYTHONPATH} /usr/bin/python3 setup.py egg_info --egg-base build/my_minibot_aruco_package build --build-base /home/kang/minibot_aruco/src/my_minibot_aruco_package/build/my_minibot_aruco_package/build install --record /home/kang/minibot_aruco/src/my_minibot_aruco_package/build/my_minibot_aruco_package/install.log --single-version-externally-managed
