[0.067s] Invoking command in '/home/jo/final_commit/build/communication_msgs': CMAKE_PREFIX_PATH=${CMAKE_PREFIX_PATH}:/home/jo/final_commit/install/multy_spawn:/home/jo/final_commit/install/lidar_package:/home/jo/final_commit/install/description:/home/jo/final_commit/install/communication:/home/jo/final_commit/install/call_gazebo:/home/jo/final_commit/install/auto_drive_control:/opt/ros/humble /usr/bin/cmake --build /home/jo/final_commit/build/communication_msgs -- -j12 -l12
[0.102s] [  3%] Built target communication_msgs__cpp
[0.102s] [ 12%] Built target communication_msgs__rosidl_generator_c
[0.110s] [ 12%] Built target ament_cmake_python_copy_communication_msgs
[0.120s] [ 22%] Built target communication_msgs__rosidl_typesupport_introspection_cpp
[0.123s] [ 41%] Built target communication_msgs__rosidl_typesupport_fastrtps_cpp
[0.123s] [ 41%] Built target communication_msgs__rosidl_typesupport_cpp
[0.126s] [ 51%] Built target communication_msgs__rosidl_typesupport_introspection_c
[0.127s] [ 61%] Built target communication_msgs__rosidl_typesupport_c
[0.128s] [ 70%] Built target communication_msgs__rosidl_typesupport_fastrtps_c
[0.144s] [ 70%] Built target communication_msgs
[0.160s] [ 74%] Built target communication_msgs__py
[0.176s] [ 80%] Built target communication_msgs__rosidl_generator_py
[0.193s] [ 87%] Built target communication_msgs__rosidl_typesupport_introspection_c__pyext
[0.193s] [ 93%] Built target communication_msgs__rosidl_typesupport_fastrtps_c__pyext
[0.193s] [100%] Built target communication_msgs__rosidl_typesupport_c__pyext
[0.391s] running egg_info
[0.392s] writing communication_msgs.egg-info/PKG-INFO
[0.392s] writing dependency_links to communication_msgs.egg-info/dependency_links.txt
[0.392s] writing top-level names to communication_msgs.egg-info/top_level.txt
[0.396s] reading manifest file 'communication_msgs.egg-info/SOURCES.txt'
[0.396s] writing manifest file 'communication_msgs.egg-info/SOURCES.txt'
[0.417s] [100%] Built target ament_cmake_python_build_communication_msgs_egg
[0.425s] Invoked command in '/home/jo/final_commit/build/communication_msgs' returned '0': CMAKE_PREFIX_PATH=${CMAKE_PREFIX_PATH}:/home/jo/final_commit/install/multy_spawn:/home/jo/final_commit/install/lidar_package:/home/jo/final_commit/install/description:/home/jo/final_commit/install/communication:/home/jo/final_commit/install/call_gazebo:/home/jo/final_commit/install/auto_drive_control:/opt/ros/humble /usr/bin/cmake --build /home/jo/final_commit/build/communication_msgs -- -j12 -l12
[0.470s] Invoking command in '/home/jo/final_commit/build/communication_msgs': CMAKE_PREFIX_PATH=${CMAKE_PREFIX_PATH}:/home/jo/final_commit/install/multy_spawn:/home/jo/final_commit/install/lidar_package:/home/jo/final_commit/install/description:/home/jo/final_commit/install/communication:/home/jo/final_commit/install/call_gazebo:/home/jo/final_commit/install/auto_drive_control:/opt/ros/humble /usr/bin/cmake --install /home/jo/final_commit/build/communication_msgs
[0.476s] -- Install configuration: ""
[0.476s] -- Up-to-date: /home/jo/final_commit/install/communication_msgs/share/ament_index/resource_index/rosidl_interfaces/communication_msgs
[0.476s] -- Up-to-date: /home/jo/final_commit/install/communication_msgs/include/communication_msgs/communication_msgs
[0.476s] -- Up-to-date: /home/jo/final_commit/install/communication_msgs/include/communication_msgs/communication_msgs/msg
[0.476s] -- Up-to-date: /home/jo/final_commit/install/communication_msgs/include/communication_msgs/communication_msgs/msg/talker.h
[0.476s] -- Up-to-date: /home/jo/final_commit/install/communication_msgs/include/communication_msgs/communication_msgs/msg/detail
[0.476s] -- Up-to-date: /home/jo/final_commit/install/communication_msgs/include/communication_msgs/communication_msgs/msg/detail/talker__functions.c
[0.476s] -- Up-to-date: /home/jo/final_commit/install/communication_msgs/include/communication_msgs/communication_msgs/msg/detail/talker__struct.h
[0.476s] -- Up-to-date: /home/jo/final_commit/install/communication_msgs/include/communication_msgs/communication_msgs/msg/detail/talker__type_support.h
[0.476s] -- Up-to-date: /home/jo/final_commit/install/communication_msgs/include/communication_msgs/communication_msgs/msg/detail/talker__functions.h
[0.476s] -- Up-to-date: /home/jo/final_commit/install/communication_msgs/include/communication_msgs/communication_msgs/msg/rosidl_generator_c__visibility_control.h
[0.476s] -- Up-to-date: /home/jo/final_commit/install/communication_msgs/share/communication_msgs/environment/library_path.sh
[0.477s] -- Up-to-date: /home/jo/final_commit/install/communication_msgs/share/communication_msgs/environment/library_path.dsv
[0.477s] -- Up-to-date: /home/jo/final_commit/install/communication_msgs/lib/libcommunication_msgs__rosidl_generator_c.so
[0.477s] -- Up-to-date: /home/jo/final_commit/install/communication_msgs/include/communication_msgs/communication_msgs
[0.477s] -- Up-to-date: /home/jo/final_commit/install/communication_msgs/include/communication_msgs/communication_msgs/msg
[0.477s] -- Up-to-date: /home/jo/final_commit/install/communication_msgs/include/communication_msgs/communication_msgs/msg/rosidl_typesupport_fastrtps_c__visibility_control.h
[0.477s] -- Up-to-date: /home/jo/final_commit/install/communication_msgs/include/communication_msgs/communication_msgs/msg/detail
[0.477s] -- Up-to-date: /home/jo/final_commit/install/communication_msgs/include/communication_msgs/communication_msgs/msg/detail/talker__rosidl_typesupport_fastrtps_c.h
[0.477s] -- Up-to-date: /home/jo/final_commit/install/communication_msgs/lib/libcommunication_msgs__rosidl_typesupport_fastrtps_c.so
[0.477s] -- Up-to-date: /home/jo/final_commit/install/communication_msgs/include/communication_msgs/communication_msgs
[0.477s] -- Up-to-date: /home/jo/final_commit/install/communication_msgs/include/communication_msgs/communication_msgs/msg
[0.477s] -- Up-to-date: /home/jo/final_commit/install/communication_msgs/include/communication_msgs/communication_msgs/msg/rosidl_typesupport_introspection_c__visibility_control.h
[0.477s] -- Up-to-date: /home/jo/final_commit/install/communication_msgs/include/communication_msgs/communication_msgs/msg/detail
[0.477s] -- Up-to-date: /home/jo/final_commit/install/communication_msgs/include/communication_msgs/communication_msgs/msg/detail/talker__type_support.c
[0.477s] -- Up-to-date: /home/jo/final_commit/install/communication_msgs/include/communication_msgs/communication_msgs/msg/detail/talker__rosidl_typesupport_introspection_c.h
[0.477s] -- Up-to-date: /home/jo/final_commit/install/communication_msgs/lib/libcommunication_msgs__rosidl_typesupport_introspection_c.so
[0.478s] -- Up-to-date: /home/jo/final_commit/install/communication_msgs/lib/libcommunication_msgs__rosidl_typesupport_c.so
[0.478s] -- Up-to-date: /home/jo/final_commit/install/communication_msgs/include/communication_msgs/communication_msgs
[0.478s] -- Up-to-date: /home/jo/final_commit/install/communication_msgs/include/communication_msgs/communication_msgs/msg
[0.478s] -- Up-to-date: /home/jo/final_commit/install/communication_msgs/include/communication_msgs/communication_msgs/msg/talker.hpp
[0.478s] -- Up-to-date: /home/jo/final_commit/install/communication_msgs/include/communication_msgs/communication_msgs/msg/detail
[0.478s] -- Up-to-date: /home/jo/final_commit/install/communication_msgs/include/communication_msgs/communication_msgs/msg/detail/talker__builder.hpp
[0.478s] -- Up-to-date: /home/jo/final_commit/install/communication_msgs/include/communication_msgs/communication_msgs/msg/detail/talker__struct.hpp
[0.478s] -- Up-to-date: /home/jo/final_commit/install/communication_msgs/include/communication_msgs/communication_msgs/msg/detail/talker__traits.hpp
[0.478s] -- Up-to-date: /home/jo/final_commit/install/communication_msgs/include/communication_msgs/communication_msgs
[0.478s] -- Up-to-date: /home/jo/final_commit/install/communication_msgs/include/communication_msgs/communication_msgs/msg
[0.478s] -- Up-to-date: /home/jo/final_commit/install/communication_msgs/include/communication_msgs/communication_msgs/msg/rosidl_typesupport_fastrtps_cpp__visibility_control.h
[0.478s] -- Up-to-date: /home/jo/final_commit/install/communication_msgs/include/communication_msgs/communication_msgs/msg/detail
[0.478s] -- Up-to-date: /home/jo/final_commit/install/communication_msgs/include/communication_msgs/communication_msgs/msg/detail/talker__rosidl_typesupport_fastrtps_cpp.hpp
[0.478s] -- Up-to-date: /home/jo/final_commit/install/communication_msgs/include/communication_msgs/communication_msgs/msg/detail/dds_fastrtps
[0.478s] -- Up-to-date: /home/jo/final_commit/install/communication_msgs/lib/libcommunication_msgs__rosidl_typesupport_fastrtps_cpp.so
[0.478s] -- Up-to-date: /home/jo/final_commit/install/communication_msgs/include/communication_msgs/communication_msgs
[0.478s] -- Up-to-date: /home/jo/final_commit/install/communication_msgs/include/communication_msgs/communication_msgs/msg
[0.479s] -- Up-to-date: /home/jo/final_commit/install/communication_msgs/include/communication_msgs/communication_msgs/msg/detail
[0.479s] -- Up-to-date: /home/jo/final_commit/install/communication_msgs/include/communication_msgs/communication_msgs/msg/detail/talker__type_support.cpp
[0.479s] -- Up-to-date: /home/jo/final_commit/install/communication_msgs/include/communication_msgs/communication_msgs/msg/detail/talker__rosidl_typesupport_introspection_cpp.hpp
[0.479s] -- Up-to-date: /home/jo/final_commit/install/communication_msgs/lib/libcommunication_msgs__rosidl_typesupport_introspection_cpp.so
[0.479s] -- Up-to-date: /home/jo/final_commit/install/communication_msgs/lib/libcommunication_msgs__rosidl_typesupport_cpp.so
[0.479s] -- Up-to-date: /home/jo/final_commit/install/communication_msgs/share/communication_msgs/environment/pythonpath.sh
[0.479s] -- Up-to-date: /home/jo/final_commit/install/communication_msgs/share/communication_msgs/environment/pythonpath.dsv
[0.479s] -- Up-to-date: /home/jo/final_commit/install/communication_msgs/local/lib/python3.10/dist-packages/communication_msgs-0.0.0-py3.10.egg-info
[0.479s] -- Installing: /home/jo/final_commit/install/communication_msgs/local/lib/python3.10/dist-packages/communication_msgs-0.0.0-py3.10.egg-info/dependency_links.txt
[0.479s] -- Installing: /home/jo/final_commit/install/communication_msgs/local/lib/python3.10/dist-packages/communication_msgs-0.0.0-py3.10.egg-info/PKG-INFO
[0.479s] -- Installing: /home/jo/final_commit/install/communication_msgs/local/lib/python3.10/dist-packages/communication_msgs-0.0.0-py3.10.egg-info/top_level.txt
[0.479s] -- Installing: /home/jo/final_commit/install/communication_msgs/local/lib/python3.10/dist-packages/communication_msgs-0.0.0-py3.10.egg-info/SOURCES.txt
[0.479s] -- Up-to-date: /home/jo/final_commit/install/communication_msgs/local/lib/python3.10/dist-packages/communication_msgs
[0.479s] -- Up-to-date: /home/jo/final_commit/install/communication_msgs/local/lib/python3.10/dist-packages/communication_msgs/libcommunication_msgs__rosidl_generator_py.so
[0.479s] -- Up-to-date: /home/jo/final_commit/install/communication_msgs/local/lib/python3.10/dist-packages/communication_msgs/communication_msgs_s__rosidl_typesupport_fastrtps_c.cpython-310-x86_64-linux-gnu.so
[0.479s] -- Up-to-date: /home/jo/final_commit/install/communication_msgs/local/lib/python3.10/dist-packages/communication_msgs/_communication_msgs_s.ep.rosidl_typesupport_fastrtps_c.c
[0.479s] -- Up-to-date: /home/jo/final_commit/install/communication_msgs/local/lib/python3.10/dist-packages/communication_msgs/msg
[0.479s] -- Up-to-date: /home/jo/final_commit/install/communication_msgs/local/lib/python3.10/dist-packages/communication_msgs/msg/_talker_s.c
[0.479s] -- Up-to-date: /home/jo/final_commit/install/communication_msgs/local/lib/python3.10/dist-packages/communication_msgs/msg/__init__.py
[0.479s] -- Up-to-date: /home/jo/final_commit/install/communication_msgs/local/lib/python3.10/dist-packages/communication_msgs/msg/_talker.py
[0.479s] -- Up-to-date: /home/jo/final_commit/install/communication_msgs/local/lib/python3.10/dist-packages/communication_msgs/__init__.py
[0.479s] -- Up-to-date: /home/jo/final_commit/install/communication_msgs/local/lib/python3.10/dist-packages/communication_msgs/_communication_msgs_s.ep.rosidl_typesupport_introspection_c.c
[0.480s] -- Up-to-date: /home/jo/final_commit/install/communication_msgs/local/lib/python3.10/dist-packages/communication_msgs/_communication_msgs_s.ep.rosidl_typesupport_c.c
[0.480s] -- Up-to-date: /home/jo/final_commit/install/communication_msgs/local/lib/python3.10/dist-packages/communication_msgs/communication_msgs_s__rosidl_typesupport_introspection_c.cpython-310-x86_64-linux-gnu.so
[0.480s] -- Up-to-date: /home/jo/final_commit/install/communication_msgs/local/lib/python3.10/dist-packages/communication_msgs/communication_msgs_s__rosidl_typesupport_c.cpython-310-x86_64-linux-gnu.so
[0.503s] Listing '/home/jo/final_commit/install/communication_msgs/local/lib/python3.10/dist-packages/communication_msgs'...
[0.503s] Listing '/home/jo/final_commit/install/communication_msgs/local/lib/python3.10/dist-packages/communication_msgs/msg'...
[0.506s] -- Up-to-date: /home/jo/final_commit/install/communication_msgs/local/lib/python3.10/dist-packages/communication_msgs/communication_msgs_s__rosidl_typesupport_fastrtps_c.cpython-310-x86_64-linux-gnu.so
[0.506s] -- Up-to-date: /home/jo/final_commit/install/communication_msgs/local/lib/python3.10/dist-packages/communication_msgs/communication_msgs_s__rosidl_typesupport_introspection_c.cpython-310-x86_64-linux-gnu.so
[0.506s] -- Up-to-date: /home/jo/final_commit/install/communication_msgs/local/lib/python3.10/dist-packages/communication_msgs/communication_msgs_s__rosidl_typesupport_c.cpython-310-x86_64-linux-gnu.so
[0.507s] -- Up-to-date: /home/jo/final_commit/install/communication_msgs/lib/libcommunication_msgs__rosidl_generator_py.so
[0.507s] -- Up-to-date: /home/jo/final_commit/install/communication_msgs/share/communication_msgs/msg/Talker.idl
[0.507s] -- Up-to-date: /home/jo/final_commit/install/communication_msgs/share/communication_msgs/msg/Talker.msg
[0.507s] -- Up-to-date: /home/jo/final_commit/install/communication_msgs/share/ament_index/resource_index/package_run_dependencies/communication_msgs
[0.507s] -- Up-to-date: /home/jo/final_commit/install/communication_msgs/share/ament_index/resource_index/parent_prefix_path/communication_msgs
[0.507s] -- Up-to-date: /home/jo/final_commit/install/communication_msgs/share/communication_msgs/environment/ament_prefix_path.sh
[0.507s] -- Up-to-date: /home/jo/final_commit/install/communication_msgs/share/communication_msgs/environment/ament_prefix_path.dsv
[0.507s] -- Up-to-date: /home/jo/final_commit/install/communication_msgs/share/communication_msgs/environment/path.sh
[0.507s] -- Up-to-date: /home/jo/final_commit/install/communication_msgs/share/communication_msgs/environment/path.dsv
[0.508s] -- Up-to-date: /home/jo/final_commit/install/communication_msgs/share/communication_msgs/local_setup.bash
[0.508s] -- Up-to-date: /home/jo/final_commit/install/communication_msgs/share/communication_msgs/local_setup.sh
[0.508s] -- Up-to-date: /home/jo/final_commit/install/communication_msgs/share/communication_msgs/local_setup.zsh
[0.508s] -- Up-to-date: /home/jo/final_commit/install/communication_msgs/share/communication_msgs/local_setup.dsv
[0.508s] -- Installing: /home/jo/final_commit/install/communication_msgs/share/communication_msgs/package.dsv
[0.508s] -- Up-to-date: /home/jo/final_commit/install/communication_msgs/share/ament_index/resource_index/packages/communication_msgs
[0.508s] -- Up-to-date: /home/jo/final_commit/install/communication_msgs/share/communication_msgs/cmake/export_communication_msgs__rosidl_generator_cExport.cmake
[0.508s] -- Up-to-date: /home/jo/final_commit/install/communication_msgs/share/communication_msgs/cmake/export_communication_msgs__rosidl_generator_cExport-noconfig.cmake
[0.508s] -- Up-to-date: /home/jo/final_commit/install/communication_msgs/share/communication_msgs/cmake/export_communication_msgs__rosidl_typesupport_fastrtps_cExport.cmake
[0.508s] -- Up-to-date: /home/jo/final_commit/install/communication_msgs/share/communication_msgs/cmake/export_communication_msgs__rosidl_typesupport_fastrtps_cExport-noconfig.cmake
[0.508s] -- Up-to-date: /home/jo/final_commit/install/communication_msgs/share/communication_msgs/cmake/communication_msgs__rosidl_typesupport_introspection_cExport.cmake
[0.508s] -- Up-to-date: /home/jo/final_commit/install/communication_msgs/share/communication_msgs/cmake/communication_msgs__rosidl_typesupport_introspection_cExport-noconfig.cmake
[0.508s] -- Up-to-date: /home/jo/final_commit/install/communication_msgs/share/communication_msgs/cmake/communication_msgs__rosidl_typesupport_cExport.cmake
[0.508s] -- Up-to-date: /home/jo/final_commit/install/communication_msgs/share/communication_msgs/cmake/communication_msgs__rosidl_typesupport_cExport-noconfig.cmake
[0.509s] -- Up-to-date: /home/jo/final_commit/install/communication_msgs/share/communication_msgs/cmake/export_communication_msgs__rosidl_generator_cppExport.cmake
[0.509s] -- Up-to-date: /home/jo/final_commit/install/communication_msgs/share/communication_msgs/cmake/export_communication_msgs__rosidl_typesupport_fastrtps_cppExport.cmake
[0.509s] -- Up-to-date: /home/jo/final_commit/install/communication_msgs/share/communication_msgs/cmake/export_communication_msgs__rosidl_typesupport_fastrtps_cppExport-noconfig.cmake
[0.509s] -- Up-to-date: /home/jo/final_commit/install/communication_msgs/share/communication_msgs/cmake/communication_msgs__rosidl_typesupport_introspection_cppExport.cmake
[0.509s] -- Up-to-date: /home/jo/final_commit/install/communication_msgs/share/communication_msgs/cmake/communication_msgs__rosidl_typesupport_introspection_cppExport-noconfig.cmake
[0.509s] -- Up-to-date: /home/jo/final_commit/install/communication_msgs/share/communication_msgs/cmake/communication_msgs__rosidl_typesupport_cppExport.cmake
[0.509s] -- Up-to-date: /home/jo/final_commit/install/communication_msgs/share/communication_msgs/cmake/communication_msgs__rosidl_typesupport_cppExport-noconfig.cmake
[0.509s] -- Up-to-date: /home/jo/final_commit/install/communication_msgs/share/communication_msgs/cmake/export_communication_msgs__rosidl_generator_pyExport.cmake
[0.509s] -- Up-to-date: /home/jo/final_commit/install/communication_msgs/share/communication_msgs/cmake/export_communication_msgs__rosidl_generator_pyExport-noconfig.cmake
[0.509s] -- Up-to-date: /home/jo/final_commit/install/communication_msgs/share/communication_msgs/cmake/rosidl_cmake-extras.cmake
[0.509s] -- Up-to-date: /home/jo/final_commit/install/communication_msgs/share/communication_msgs/cmake/ament_cmake_export_include_directories-extras.cmake
[0.509s] -- Up-to-date: /home/jo/final_commit/install/communication_msgs/share/communication_msgs/cmake/ament_cmake_export_libraries-extras.cmake
[0.509s] -- Up-to-date: /home/jo/final_commit/install/communication_msgs/share/communication_msgs/cmake/ament_cmake_export_targets-extras.cmake
[0.509s] -- Up-to-date: /home/jo/final_commit/install/communication_msgs/share/communication_msgs/cmake/rosidl_cmake_export_typesupport_targets-extras.cmake
[0.509s] -- Up-to-date: /home/jo/final_commit/install/communication_msgs/share/communication_msgs/cmake/ament_cmake_export_dependencies-extras.cmake
[0.509s] -- Up-to-date: /home/jo/final_commit/install/communication_msgs/share/communication_msgs/cmake/rosidl_cmake_export_typesupport_libraries-extras.cmake
[0.510s] -- Up-to-date: /home/jo/final_commit/install/communication_msgs/share/communication_msgs/cmake/communication_msgsConfig.cmake
[0.510s] -- Up-to-date: /home/jo/final_commit/install/communication_msgs/share/communication_msgs/cmake/communication_msgsConfig-version.cmake
[0.510s] -- Up-to-date: /home/jo/final_commit/install/communication_msgs/share/communication_msgs/package.xml
[0.510s] Invoked command in '/home/jo/final_commit/build/communication_msgs' returned '0': CMAKE_PREFIX_PATH=${CMAKE_PREFIX_PATH}:/home/jo/final_commit/install/multy_spawn:/home/jo/final_commit/install/lidar_package:/home/jo/final_commit/install/description:/home/jo/final_commit/install/communication:/home/jo/final_commit/install/call_gazebo:/home/jo/final_commit/install/auto_drive_control:/opt/ros/humble /usr/bin/cmake --install /home/jo/final_commit/build/communication_msgs
