[0.827s] DEBUG:colcon:Command line arguments: ['/usr/bin/colcon', 'build']
[0.827s] DEBUG:colcon:Parsed command line arguments: Namespace(log_base=None, log_level=None, verb_name='build', build_base='build', install_base='install', merge_install=False, symlink_install=False, test_result_base=None, continue_on_error=False, executor='parallel', parallel_workers=12, event_handlers=None, ignore_user_meta=False, metas=['./colcon.meta'], base_paths=['.'], packages_ignore=None, packages_ignore_regex=None, paths=None, packages_up_to=None, packages_up_to_regex=None, packages_above=None, packages_above_and_dependencies=None, packages_above_depth=None, packages_select_by_dep=None, packages_skip_by_dep=None, packages_skip_up_to=None, packages_select_build_failed=False, packages_skip_build_finished=False, packages_select_test_failures=False, packages_skip_test_passed=False, packages_select=None, packages_skip=None, packages_select_regex=None, packages_skip_regex=None, packages_start=None, packages_end=None, allow_overriding=[], cmake_args=None, cmake_target=None, cmake_target_skip_unavailable=False, cmake_clean_cache=False, cmake_clean_first=False, cmake_force_configure=False, ament_cmake_args=None, catkin_cmake_args=None, catkin_skip_building_tests=False, verb_parser=<colcon_defaults.argument_parser.defaults.DefaultArgumentsDecorator object at 0x7f0ef6355510>, verb_extension=<colcon_core.verb.build.BuildVerb object at 0x7f0ef67cff10>, main=<bound method BuildVerb.main of <colcon_core.verb.build.BuildVerb object at 0x7f0ef67cff10>>)
[0.871s] Level 1:colcon.colcon_core.package_discovery:discover_packages(colcon_meta) check parameters
[0.871s] Level 1:colcon.colcon_core.package_discovery:discover_packages(recursive) check parameters
[0.871s] Level 1:colcon.colcon_core.package_discovery:discover_packages(ignore) check parameters
[0.871s] Level 1:colcon.colcon_core.package_discovery:discover_packages(path) check parameters
[0.871s] Level 1:colcon.colcon_core.package_discovery:discover_packages(colcon_meta) discover
[0.871s] Level 1:colcon.colcon_core.package_discovery:discover_packages(recursive) discover
[0.871s] INFO:colcon.colcon_core.package_discovery:Crawling recursively for packages in '/home/jo/ros-repo-2'
[0.871s] Level 1:colcon.colcon_core.package_identification:_identify(.) by extensions ['ignore', 'ignore_ament_install']
[0.871s] Level 1:colcon.colcon_core.package_identification:_identify(.) by extension 'ignore'
[0.871s] Level 1:colcon.colcon_core.package_identification:_identify(.) by extension 'ignore_ament_install'
[0.872s] Level 1:colcon.colcon_core.package_identification:_identify(.) by extensions ['colcon_pkg']
[0.872s] Level 1:colcon.colcon_core.package_identification:_identify(.) by extension 'colcon_pkg'
[0.872s] Level 1:colcon.colcon_core.package_identification:_identify(.) by extensions ['colcon_meta']
[0.872s] Level 1:colcon.colcon_core.package_identification:_identify(.) by extension 'colcon_meta'
[0.872s] Level 1:colcon.colcon_core.package_identification:_identify(.) by extensions ['ros']
[0.872s] Level 1:colcon.colcon_core.package_identification:_identify(.) by extension 'ros'
[0.881s] Level 1:colcon.colcon_core.package_identification:_identify(.) by extensions ['cmake', 'python']
[0.881s] Level 1:colcon.colcon_core.package_identification:_identify(.) by extension 'cmake'
[0.881s] Level 1:colcon.colcon_core.package_identification:_identify(.) by extension 'python'
[0.881s] Level 1:colcon.colcon_core.package_identification:_identify(.) by extensions ['python_setup_py']
[0.881s] Level 1:colcon.colcon_core.package_identification:_identify(.) by extension 'python_setup_py'
[0.881s] Level 1:colcon.colcon_core.package_identification:_identify(build) by extensions ['ignore', 'ignore_ament_install']
[0.881s] Level 1:colcon.colcon_core.package_identification:_identify(build) by extension 'ignore'
[0.881s] Level 1:colcon.colcon_core.package_identification:_identify(build) ignored
[0.881s] Level 1:colcon.colcon_core.package_identification:_identify(diagram) by extensions ['ignore', 'ignore_ament_install']
[0.882s] Level 1:colcon.colcon_core.package_identification:_identify(diagram) by extension 'ignore'
[0.882s] Level 1:colcon.colcon_core.package_identification:_identify(diagram) by extension 'ignore_ament_install'
[0.882s] Level 1:colcon.colcon_core.package_identification:_identify(diagram) by extensions ['colcon_pkg']
[0.882s] Level 1:colcon.colcon_core.package_identification:_identify(diagram) by extension 'colcon_pkg'
[0.882s] Level 1:colcon.colcon_core.package_identification:_identify(diagram) by extensions ['colcon_meta']
[0.882s] Level 1:colcon.colcon_core.package_identification:_identify(diagram) by extension 'colcon_meta'
[0.882s] Level 1:colcon.colcon_core.package_identification:_identify(diagram) by extensions ['ros']
[0.882s] Level 1:colcon.colcon_core.package_identification:_identify(diagram) by extension 'ros'
[0.882s] Level 1:colcon.colcon_core.package_identification:_identify(diagram) by extensions ['cmake', 'python']
[0.882s] Level 1:colcon.colcon_core.package_identification:_identify(diagram) by extension 'cmake'
[0.882s] Level 1:colcon.colcon_core.package_identification:_identify(diagram) by extension 'python'
[0.882s] Level 1:colcon.colcon_core.package_identification:_identify(diagram) by extensions ['python_setup_py']
[0.882s] Level 1:colcon.colcon_core.package_identification:_identify(diagram) by extension 'python_setup_py'
[0.882s] Level 1:colcon.colcon_core.package_identification:_identify(install) by extensions ['ignore', 'ignore_ament_install']
[0.882s] Level 1:colcon.colcon_core.package_identification:_identify(install) by extension 'ignore'
[0.882s] Level 1:colcon.colcon_core.package_identification:_identify(install) ignored
[0.882s] Level 1:colcon.colcon_core.package_identification:_identify(log) by extensions ['ignore', 'ignore_ament_install']
[0.882s] Level 1:colcon.colcon_core.package_identification:_identify(log) by extension 'ignore'
[0.882s] Level 1:colcon.colcon_core.package_identification:_identify(log) ignored
[0.882s] Level 1:colcon.colcon_core.package_identification:_identify(src) by extensions ['ignore', 'ignore_ament_install']
[0.882s] Level 1:colcon.colcon_core.package_identification:_identify(src) by extension 'ignore'
[0.883s] Level 1:colcon.colcon_core.package_identification:_identify(src) by extension 'ignore_ament_install'
[0.883s] Level 1:colcon.colcon_core.package_identification:_identify(src) by extensions ['colcon_pkg']
[0.883s] Level 1:colcon.colcon_core.package_identification:_identify(src) by extension 'colcon_pkg'
[0.883s] Level 1:colcon.colcon_core.package_identification:_identify(src) by extensions ['colcon_meta']
[0.883s] Level 1:colcon.colcon_core.package_identification:_identify(src) by extension 'colcon_meta'
[0.883s] Level 1:colcon.colcon_core.package_identification:_identify(src) by extensions ['ros']
[0.883s] Level 1:colcon.colcon_core.package_identification:_identify(src) by extension 'ros'
[0.883s] Level 1:colcon.colcon_core.package_identification:_identify(src) by extensions ['cmake', 'python']
[0.883s] Level 1:colcon.colcon_core.package_identification:_identify(src) by extension 'cmake'
[0.883s] Level 1:colcon.colcon_core.package_identification:_identify(src) by extension 'python'
[0.883s] Level 1:colcon.colcon_core.package_identification:_identify(src) by extensions ['python_setup_py']
[0.883s] Level 1:colcon.colcon_core.package_identification:_identify(src) by extension 'python_setup_py'
[0.883s] Level 1:colcon.colcon_core.package_identification:_identify(src/domain_bridge) by extensions ['ignore', 'ignore_ament_install']
[0.883s] Level 1:colcon.colcon_core.package_identification:_identify(src/domain_bridge) by extension 'ignore'
[0.883s] Level 1:colcon.colcon_core.package_identification:_identify(src/domain_bridge) by extension 'ignore_ament_install'
[0.883s] Level 1:colcon.colcon_core.package_identification:_identify(src/domain_bridge) by extensions ['colcon_pkg']
[0.883s] Level 1:colcon.colcon_core.package_identification:_identify(src/domain_bridge) by extension 'colcon_pkg'
[0.883s] Level 1:colcon.colcon_core.package_identification:_identify(src/domain_bridge) by extensions ['colcon_meta']
[0.883s] Level 1:colcon.colcon_core.package_identification:_identify(src/domain_bridge) by extension 'colcon_meta'
[0.883s] Level 1:colcon.colcon_core.package_identification:_identify(src/domain_bridge) by extensions ['ros']
[0.883s] Level 1:colcon.colcon_core.package_identification:_identify(src/domain_bridge) by extension 'ros'
[0.885s] DEBUG:colcon.colcon_core.package_identification:Package 'src/domain_bridge' with type 'ros.ament_python' and name 'domain_bridge'
[0.886s] Level 1:colcon.colcon_core.package_identification:_identify(src/gui_package) by extensions ['ignore', 'ignore_ament_install']
[0.886s] Level 1:colcon.colcon_core.package_identification:_identify(src/gui_package) by extension 'ignore'
[0.886s] Level 1:colcon.colcon_core.package_identification:_identify(src/gui_package) by extension 'ignore_ament_install'
[0.886s] Level 1:colcon.colcon_core.package_identification:_identify(src/gui_package) by extensions ['colcon_pkg']
[0.886s] Level 1:colcon.colcon_core.package_identification:_identify(src/gui_package) by extension 'colcon_pkg'
[0.886s] Level 1:colcon.colcon_core.package_identification:_identify(src/gui_package) by extensions ['colcon_meta']
[0.886s] Level 1:colcon.colcon_core.package_identification:_identify(src/gui_package) by extension 'colcon_meta'
[0.886s] Level 1:colcon.colcon_core.package_identification:_identify(src/gui_package) by extensions ['ros']
[0.886s] Level 1:colcon.colcon_core.package_identification:_identify(src/gui_package) by extension 'ros'
[0.886s] DEBUG:colcon.colcon_core.package_identification:Package 'src/gui_package' with type 'ros.ament_python' and name 'gui_package'
[0.886s] Level 1:colcon.colcon_core.package_discovery:discover_packages(recursive) using defaults
[0.886s] Level 1:colcon.colcon_core.package_discovery:discover_packages(ignore) discover
[0.886s] Level 1:colcon.colcon_core.package_discovery:discover_packages(ignore) using defaults
[0.886s] Level 1:colcon.colcon_core.package_discovery:discover_packages(path) discover
[0.886s] Level 1:colcon.colcon_core.package_discovery:discover_packages(path) using defaults
[0.956s] Level 1:colcon.colcon_core.package_discovery:discover_packages(prefix_path) check parameters
[0.956s] Level 1:colcon.colcon_core.package_discovery:discover_packages(prefix_path) discover
[0.967s] Level 1:colcon.colcon_core.package_discovery:discover_packages(prefix_path) using defaults
[0.987s] Level 5:colcon.colcon_core.verb:set package 'domain_bridge' build argument 'cmake_args' from command line to 'None'
[0.987s] Level 5:colcon.colcon_core.verb:set package 'domain_bridge' build argument 'cmake_target' from command line to 'None'
[0.987s] Level 5:colcon.colcon_core.verb:set package 'domain_bridge' build argument 'cmake_target_skip_unavailable' from command line to 'False'
[0.987s] Level 5:colcon.colcon_core.verb:set package 'domain_bridge' build argument 'cmake_clean_cache' from command line to 'False'
[0.987s] Level 5:colcon.colcon_core.verb:set package 'domain_bridge' build argument 'cmake_clean_first' from command line to 'False'
[0.987s] Level 5:colcon.colcon_core.verb:set package 'domain_bridge' build argument 'cmake_force_configure' from command line to 'False'
[0.988s] Level 5:colcon.colcon_core.verb:set package 'domain_bridge' build argument 'ament_cmake_args' from command line to 'None'
[0.988s] Level 5:colcon.colcon_core.verb:set package 'domain_bridge' build argument 'catkin_cmake_args' from command line to 'None'
[0.988s] Level 5:colcon.colcon_core.verb:set package 'domain_bridge' build argument 'catkin_skip_building_tests' from command line to 'False'
[0.988s] DEBUG:colcon.colcon_core.verb:Building package 'domain_bridge' with the following arguments: {'ament_cmake_args': None, 'build_base': '/home/jo/ros-repo-2/build/domain_bridge', 'catkin_cmake_args': None, 'catkin_skip_building_tests': False, 'cmake_args': None, 'cmake_clean_cache': False, 'cmake_clean_first': False, 'cmake_force_configure': False, 'cmake_target': None, 'cmake_target_skip_unavailable': False, 'install_base': '/home/jo/ros-repo-2/install/domain_bridge', 'merge_install': False, 'path': '/home/jo/ros-repo-2/src/domain_bridge', 'symlink_install': False, 'test_result_base': None}
[0.998s] Level 5:colcon.colcon_core.verb:set package 'gui_package' build argument 'cmake_args' from command line to 'None'
[0.998s] Level 5:colcon.colcon_core.verb:set package 'gui_package' build argument 'cmake_target' from command line to 'None'
[0.998s] Level 5:colcon.colcon_core.verb:set package 'gui_package' build argument 'cmake_target_skip_unavailable' from command line to 'False'
[0.998s] Level 5:colcon.colcon_core.verb:set package 'gui_package' build argument 'cmake_clean_cache' from command line to 'False'
[0.998s] Level 5:colcon.colcon_core.verb:set package 'gui_package' build argument 'cmake_clean_first' from command line to 'False'
[0.998s] Level 5:colcon.colcon_core.verb:set package 'gui_package' build argument 'cmake_force_configure' from command line to 'False'
[0.998s] Level 5:colcon.colcon_core.verb:set package 'gui_package' build argument 'ament_cmake_args' from command line to 'None'
[0.998s] Level 5:colcon.colcon_core.verb:set package 'gui_package' build argument 'catkin_cmake_args' from command line to 'None'
[0.998s] Level 5:colcon.colcon_core.verb:set package 'gui_package' build argument 'catkin_skip_building_tests' from command line to 'False'
[0.998s] DEBUG:colcon.colcon_core.verb:Building package 'gui_package' with the following arguments: {'ament_cmake_args': None, 'build_base': '/home/jo/ros-repo-2/build/gui_package', 'catkin_cmake_args': None, 'catkin_skip_building_tests': False, 'cmake_args': None, 'cmake_clean_cache': False, 'cmake_clean_first': False, 'cmake_force_configure': False, 'cmake_target': None, 'cmake_target_skip_unavailable': False, 'install_base': '/home/jo/ros-repo-2/install/gui_package', 'merge_install': False, 'path': '/home/jo/ros-repo-2/src/gui_package', 'symlink_install': False, 'test_result_base': None}
[1.008s] INFO:colcon.colcon_core.executor:Executing jobs using 'parallel' executor
[1.019s] DEBUG:colcon.colcon_parallel_executor.executor.parallel:run_until_complete
[1.019s] INFO:colcon.colcon_ros.task.ament_python.build:Building ROS package in '/home/jo/ros-repo-2/src/domain_bridge' with build type 'ament_python'
[1.019s] Level 1:colcon.colcon_core.shell:create_environment_hook('domain_bridge', 'ament_prefix_path')
[1.033s] INFO:colcon.colcon_core.plugin_system:Skipping extension 'colcon_core.shell.bat': Not used on non-Windows systems
[1.033s] INFO:colcon.colcon_core.shell:Creating environment hook '/home/jo/ros-repo-2/install/domain_bridge/share/domain_bridge/hook/ament_prefix_path.ps1'
[1.034s] INFO:colcon.colcon_core.shell:Creating environment descriptor '/home/jo/ros-repo-2/install/domain_bridge/share/domain_bridge/hook/ament_prefix_path.dsv'
[1.034s] INFO:colcon.colcon_core.shell:Creating environment hook '/home/jo/ros-repo-2/install/domain_bridge/share/domain_bridge/hook/ament_prefix_path.sh'
[1.045s] INFO:colcon.colcon_core.shell:Skip shell extension 'powershell' for command environment: Not usable outside of PowerShell
[1.045s] DEBUG:colcon.colcon_core.shell:Skip shell extension 'dsv' for command environment
[1.058s] INFO:colcon.colcon_ros.task.ament_python.build:Building ROS package in '/home/jo/ros-repo-2/src/gui_package' with build type 'ament_python'
[1.058s] Level 1:colcon.colcon_core.shell:create_environment_hook('gui_package', 'ament_prefix_path')
[1.070s] INFO:colcon.colcon_core.shell:Creating environment hook '/home/jo/ros-repo-2/install/gui_package/share/gui_package/hook/ament_prefix_path.ps1'
[1.070s] INFO:colcon.colcon_core.shell:Creating environment descriptor '/home/jo/ros-repo-2/install/gui_package/share/gui_package/hook/ament_prefix_path.dsv'
[1.071s] INFO:colcon.colcon_core.shell:Creating environment hook '/home/jo/ros-repo-2/install/gui_package/share/gui_package/hook/ament_prefix_path.sh'
[1.083s] INFO:colcon.colcon_core.shell:Skip shell extension 'powershell' for command environment: Not usable outside of PowerShell
[1.083s] DEBUG:colcon.colcon_core.shell:Skip shell extension 'dsv' for command environment
[1.280s] INFO:colcon.colcon_core.task.python.build:Building Python package in '/home/jo/ros-repo-2/src/domain_bridge'
[1.291s] INFO:colcon.colcon_core.shell:Skip shell extension 'powershell' for command environment: Not usable outside of PowerShell
[1.291s] DEBUG:colcon.colcon_core.shell:Skip shell extension 'dsv' for command environment
[1.494s] INFO:colcon.colcon_core.task.python.build:Building Python package in '/home/jo/ros-repo-2/src/gui_package'
[1.504s] INFO:colcon.colcon_core.shell:Skip shell extension 'powershell' for command environment: Not usable outside of PowerShell
[1.504s] DEBUG:colcon.colcon_core.shell:Skip shell extension 'dsv' for command environment
[1.847s] DEBUG:colcon.colcon_core.event_handler.log_command:Invoking command in '/home/jo/ros-repo-2/src/domain_bridge': PS1=(final_venv) \[\e]0;\u@\h: \w\a\]${debian_chroot:+($debian_chroot)}\[\033[01;32m\]\u@\h\[\033[00m\]:\[\033[01;34m\]\w\[\033[00m\]\$ PYTHONPATH=/home/jo/ros-repo-2/build/domain_bridge/prefix_override:/home/jo/ros-repo-2/install/domain_bridge/lib/python3.10/site-packages: VIRTUAL_ENV_PROMPT=(final_venv) /usr/bin/python3 setup.py egg_info --egg-base ../../build/domain_bridge build --build-base /home/jo/ros-repo-2/build/domain_bridge/build install --record /home/jo/ros-repo-2/build/domain_bridge/install.log --single-version-externally-managed
[1.850s] DEBUG:colcon.colcon_core.event_handler.log_command:Invoking command in '/home/jo/ros-repo-2/src/gui_package': PS1=(final_venv) \[\e]0;\u@\h: \w\a\]${debian_chroot:+($debian_chroot)}\[\033[01;32m\]\u@\h\[\033[00m\]:\[\033[01;34m\]\w\[\033[00m\]\$ PYTHONPATH=/home/jo/ros-repo-2/build/gui_package/prefix_override:/home/jo/ros-repo-2/install/gui_package/lib/python3.10/site-packages: VIRTUAL_ENV_PROMPT=(final_venv) /usr/bin/python3 setup.py egg_info --egg-base ../../build/gui_package build --build-base /home/jo/ros-repo-2/build/gui_package/build install --record /home/jo/ros-repo-2/build/gui_package/install.log --single-version-externally-managed
[2.070s] DEBUG:colcon.colcon_core.event_handler.log_command:Invoked command in '/home/jo/ros-repo-2/src/gui_package' returned '0': PS1=(final_venv) \[\e]0;\u@\h: \w\a\]${debian_chroot:+($debian_chroot)}\[\033[01;32m\]\u@\h\[\033[00m\]:\[\033[01;34m\]\w\[\033[00m\]\$ PYTHONPATH=/home/jo/ros-repo-2/build/gui_package/prefix_override:/home/jo/ros-repo-2/install/gui_package/lib/python3.10/site-packages: VIRTUAL_ENV_PROMPT=(final_venv) /usr/bin/python3 setup.py egg_info --egg-base ../../build/gui_package build --build-base /home/jo/ros-repo-2/build/gui_package/build install --record /home/jo/ros-repo-2/build/gui_package/install.log --single-version-externally-managed
[2.084s] Level 1:colcon.colcon_core.environment:checking '/home/jo/ros-repo-2/install/gui_package' for CMake module files
[2.085s] Level 1:colcon.colcon_core.environment:checking '/home/jo/ros-repo-2/install/gui_package' for CMake config files
[2.085s] Level 1:colcon.colcon_core.environment:checking '/home/jo/ros-repo-2/install/gui_package/lib'
[2.085s] Level 1:colcon.colcon_core.environment:checking '/home/jo/ros-repo-2/install/gui_package/bin'
[2.085s] Level 1:colcon.colcon_core.environment:checking '/home/jo/ros-repo-2/install/gui_package/lib/pkgconfig/gui_package.pc'
[2.086s] Level 1:colcon.colcon_core.environment:checking '/home/jo/ros-repo-2/install/gui_package/lib/python3.10/site-packages'
[2.086s] Level 1:colcon.colcon_core.shell:create_environment_hook('gui_package', 'pythonpath')
[2.096s] INFO:colcon.colcon_core.shell:Creating environment hook '/home/jo/ros-repo-2/install/gui_package/share/gui_package/hook/pythonpath.ps1'
[2.096s] INFO:colcon.colcon_core.shell:Creating environment descriptor '/home/jo/ros-repo-2/install/gui_package/share/gui_package/hook/pythonpath.dsv'
[2.097s] INFO:colcon.colcon_core.shell:Creating environment hook '/home/jo/ros-repo-2/install/gui_package/share/gui_package/hook/pythonpath.sh'
[2.097s] Level 1:colcon.colcon_core.environment:checking '/home/jo/ros-repo-2/install/gui_package/bin'
[2.097s] Level 1:colcon.colcon_core.environment:create_environment_scripts_only(gui_package)
[2.107s] INFO:colcon.colcon_core.shell:Creating package script '/home/jo/ros-repo-2/install/gui_package/share/gui_package/package.ps1'
[2.108s] INFO:colcon.colcon_core.shell:Creating package descriptor '/home/jo/ros-repo-2/install/gui_package/share/gui_package/package.dsv'
[2.109s] INFO:colcon.colcon_core.shell:Creating package script '/home/jo/ros-repo-2/install/gui_package/share/gui_package/package.sh'
[2.109s] INFO:colcon.colcon_core.shell:Creating package script '/home/jo/ros-repo-2/install/gui_package/share/gui_package/package.bash'
[2.110s] INFO:colcon.colcon_core.shell:Creating package script '/home/jo/ros-repo-2/install/gui_package/share/gui_package/package.zsh'
[2.111s] Level 1:colcon.colcon_core.environment:create_file_with_runtime_dependencies(/home/jo/ros-repo-2/install/gui_package/share/colcon-core/packages/gui_package)
[2.112s] DEBUG:colcon.colcon_core.event_handler.log_command:Invoked command in '/home/jo/ros-repo-2/src/domain_bridge' returned '0': PS1=(final_venv) \[\e]0;\u@\h: \w\a\]${debian_chroot:+($debian_chroot)}\[\033[01;32m\]\u@\h\[\033[00m\]:\[\033[01;34m\]\w\[\033[00m\]\$ PYTHONPATH=/home/jo/ros-repo-2/build/domain_bridge/prefix_override:/home/jo/ros-repo-2/install/domain_bridge/lib/python3.10/site-packages: VIRTUAL_ENV_PROMPT=(final_venv) /usr/bin/python3 setup.py egg_info --egg-base ../../build/domain_bridge build --build-base /home/jo/ros-repo-2/build/domain_bridge/build install --record /home/jo/ros-repo-2/build/domain_bridge/install.log --single-version-externally-managed
[2.122s] Level 1:colcon.colcon_core.environment:checking '/home/jo/ros-repo-2/install/domain_bridge' for CMake module files
[2.123s] Level 1:colcon.colcon_core.environment:checking '/home/jo/ros-repo-2/install/domain_bridge' for CMake config files
[2.123s] Level 1:colcon.colcon_core.environment:checking '/home/jo/ros-repo-2/install/domain_bridge/lib'
[2.123s] Level 1:colcon.colcon_core.environment:checking '/home/jo/ros-repo-2/install/domain_bridge/bin'
[2.123s] Level 1:colcon.colcon_core.environment:checking '/home/jo/ros-repo-2/install/domain_bridge/lib/pkgconfig/domain_bridge.pc'
[2.124s] Level 1:colcon.colcon_core.environment:checking '/home/jo/ros-repo-2/install/domain_bridge/lib/python3.10/site-packages'
[2.124s] Level 1:colcon.colcon_core.shell:create_environment_hook('domain_bridge', 'pythonpath')
[2.134s] INFO:colcon.colcon_core.shell:Creating environment hook '/home/jo/ros-repo-2/install/domain_bridge/share/domain_bridge/hook/pythonpath.ps1'
[2.135s] INFO:colcon.colcon_core.shell:Creating environment descriptor '/home/jo/ros-repo-2/install/domain_bridge/share/domain_bridge/hook/pythonpath.dsv'
[2.135s] INFO:colcon.colcon_core.shell:Creating environment hook '/home/jo/ros-repo-2/install/domain_bridge/share/domain_bridge/hook/pythonpath.sh'
[2.135s] Level 1:colcon.colcon_core.environment:checking '/home/jo/ros-repo-2/install/domain_bridge/bin'
[2.136s] Level 1:colcon.colcon_core.environment:create_environment_scripts_only(domain_bridge)
[2.147s] INFO:colcon.colcon_core.shell:Creating package script '/home/jo/ros-repo-2/install/domain_bridge/share/domain_bridge/package.ps1'
[2.147s] INFO:colcon.colcon_core.shell:Creating package descriptor '/home/jo/ros-repo-2/install/domain_bridge/share/domain_bridge/package.dsv'
[2.147s] INFO:colcon.colcon_core.shell:Creating package script '/home/jo/ros-repo-2/install/domain_bridge/share/domain_bridge/package.sh'
[2.148s] INFO:colcon.colcon_core.shell:Creating package script '/home/jo/ros-repo-2/install/domain_bridge/share/domain_bridge/package.bash'
[2.148s] INFO:colcon.colcon_core.shell:Creating package script '/home/jo/ros-repo-2/install/domain_bridge/share/domain_bridge/package.zsh'
[2.148s] Level 1:colcon.colcon_core.environment:create_file_with_runtime_dependencies(/home/jo/ros-repo-2/install/domain_bridge/share/colcon-core/packages/domain_bridge)
[2.148s] DEBUG:colcon.colcon_parallel_executor.executor.parallel:closing loop
[2.149s] DEBUG:colcon.colcon_parallel_executor.executor.parallel:loop closed
[2.149s] DEBUG:colcon.colcon_parallel_executor.executor.parallel:run_until_complete finished with '0'
[2.149s] DEBUG:colcon.colcon_core.event_reactor:joining thread
[2.165s] INFO:colcon.colcon_core.plugin_system:Skipping extension 'colcon_notification.desktop_notification.terminal_notifier': Not used on non-Darwin systems
[2.165s] INFO:colcon.colcon_core.plugin_system:Skipping extension 'colcon_notification.desktop_notification.win32': Not used on non-Windows systems
[2.165s] INFO:colcon.colcon_notification.desktop_notification:Sending desktop notification using 'notify2'
[2.179s] DEBUG:colcon.colcon_core.event_reactor:joined thread
[2.191s] INFO:colcon.colcon_core.shell:Creating prefix script '/home/jo/ros-repo-2/install/local_setup.ps1'
[2.192s] INFO:colcon.colcon_core.shell:Creating prefix util module '/home/jo/ros-repo-2/install/_local_setup_util_ps1.py'
[2.193s] INFO:colcon.colcon_core.shell:Creating prefix chain script '/home/jo/ros-repo-2/install/setup.ps1'
[2.204s] INFO:colcon.colcon_core.shell:Creating prefix script '/home/jo/ros-repo-2/install/local_setup.sh'
[2.205s] INFO:colcon.colcon_core.shell:Creating prefix util module '/home/jo/ros-repo-2/install/_local_setup_util_sh.py'
[2.205s] INFO:colcon.colcon_core.shell:Creating prefix chain script '/home/jo/ros-repo-2/install/setup.sh'
[2.217s] INFO:colcon.colcon_core.shell:Creating prefix script '/home/jo/ros-repo-2/install/local_setup.bash'
[2.218s] INFO:colcon.colcon_core.shell:Creating prefix chain script '/home/jo/ros-repo-2/install/setup.bash'
[2.231s] INFO:colcon.colcon_core.shell:Creating prefix script '/home/jo/ros-repo-2/install/local_setup.zsh'
[2.232s] INFO:colcon.colcon_core.shell:Creating prefix chain script '/home/jo/ros-repo-2/install/setup.zsh'
