[0.954s] Invoking command in '/home/jo/final_commit/lidar_package': PYTHONPATH=/home/jo/final_commit/build/lidar_package/prefix_override:/home/jo/final_commit/install/lidar_package/lib/python3.10/site-packages:${PYTHONPATH} /usr/bin/python3 setup.py egg_info --egg-base ../build/lidar_package build --build-base /home/jo/final_commit/build/lidar_package/build install --record /home/jo/final_commit/build/lidar_package/install.log --single-version-externally-managed
[1.166s] running egg_info
[1.167s] writing ../build/lidar_package/lidar_package.egg-info/PKG-INFO
[1.167s] writing dependency_links to ../build/lidar_package/lidar_package.egg-info/dependency_links.txt
[1.167s] writing entry points to ../build/lidar_package/lidar_package.egg-info/entry_points.txt
[1.167s] writing requirements to ../build/lidar_package/lidar_package.egg-info/requires.txt
[1.167s] writing top-level names to ../build/lidar_package/lidar_package.egg-info/top_level.txt
[1.169s] reading manifest file '../build/lidar_package/lidar_package.egg-info/SOURCES.txt'
[1.170s] writing manifest file '../build/lidar_package/lidar_package.egg-info/SOURCES.txt'
[1.170s] running build
[1.170s] running build_py
[1.170s] running install
[1.171s] /usr/lib/python3/dist-packages/setuptools/command/install.py:34: SetuptoolsDeprecationWarning: setup.py install is deprecated. Use build and pip and other standards-based tools.
[1.171s]   warnings.warn(
[1.171s] running install_lib
[1.172s] running install_data
[1.172s] running install_egg_info
[1.174s] removing '/home/jo/final_commit/install/lidar_package/lib/python3.10/site-packages/lidar_package-0.0.0-py3.10.egg-info' (and everything under it)
[1.174s] Copying ../build/lidar_package/lidar_package.egg-info to /home/jo/final_commit/install/lidar_package/lib/python3.10/site-packages/lidar_package-0.0.0-py3.10.egg-info
[1.175s] running install_scripts
[1.191s] Installing auto_navigation script to /home/jo/final_commit/install/lidar_package/lib/lidar_package
[1.191s] Installing sec_auto_navigation script to /home/jo/final_commit/install/lidar_package/lib/lidar_package
[1.191s] Installing sensor_node script to /home/jo/final_commit/install/lidar_package/lib/lidar_package
[1.191s] writing list of installed files to '/home/jo/final_commit/build/lidar_package/install.log'
[1.213s] Invoked command in '/home/jo/final_commit/lidar_package' returned '0': PYTHONPATH=/home/jo/final_commit/build/lidar_package/prefix_override:/home/jo/final_commit/install/lidar_package/lib/python3.10/site-packages:${PYTHONPATH} /usr/bin/python3 setup.py egg_info --egg-base ../build/lidar_package build --build-base /home/jo/final_commit/build/lidar_package/build install --record /home/jo/final_commit/build/lidar_package/install.log --single-version-externally-managed
