/home/jo/final_commit/install/gui_package/lib/python3.10/site-packages/gui_package/__init__.py
/home/jo/final_commit/install/gui_package/lib/python3.10/site-packages/gui_package/solution.py
/home/jo/final_commit/install/gui_package/lib/python3.10/site-packages/gui_package/gui_node.py
/home/jo/final_commit/install/gui_package/lib/python3.10/site-packages/gui_package/cam_listener.py
/home/jo/final_commit/install/gui_package/lib/python3.10/site-packages/gui_package/camera_test.py
/home/jo/final_commit/install/gui_package/lib/python3.10/site-packages/gui_package/__pycache__/__init__.cpython-310.pyc
/home/jo/final_commit/install/gui_package/lib/python3.10/site-packages/gui_package/__pycache__/solution.cpython-310.pyc
/home/jo/final_commit/install/gui_package/lib/python3.10/site-packages/gui_package/__pycache__/gui_node.cpython-310.pyc
/home/jo/final_commit/install/gui_package/lib/python3.10/site-packages/gui_package/__pycache__/cam_listener.cpython-310.pyc
/home/jo/final_commit/install/gui_package/lib/python3.10/site-packages/gui_package/__pycache__/camera_test.cpython-310.pyc
/home/jo/final_commit/install/gui_package/share/ament_index/resource_index/packages/gui_package
/home/jo/final_commit/install/gui_package/share/gui_package/package.xml
/home/jo/final_commit/install/gui_package/lib/python3.10/site-packages/gui_package-0.0.0-py3.10.egg-info/zip-safe
/home/jo/final_commit/install/gui_package/lib/python3.10/site-packages/gui_package-0.0.0-py3.10.egg-info/requires.txt
/home/jo/final_commit/install/gui_package/lib/python3.10/site-packages/gui_package-0.0.0-py3.10.egg-info/dependency_links.txt
/home/jo/final_commit/install/gui_package/lib/python3.10/site-packages/gui_package-0.0.0-py3.10.egg-info/PKG-INFO
/home/jo/final_commit/install/gui_package/lib/python3.10/site-packages/gui_package-0.0.0-py3.10.egg-info/entry_points.txt
/home/jo/final_commit/install/gui_package/lib/python3.10/site-packages/gui_package-0.0.0-py3.10.egg-info/top_level.txt
/home/jo/final_commit/install/gui_package/lib/python3.10/site-packages/gui_package-0.0.0-py3.10.egg-info/SOURCES.txt
/home/jo/final_commit/install/gui_package/lib/gui_package/cam_listener
/home/jo/final_commit/install/gui_package/lib/gui_package/camera_test
/home/jo/final_commit/install/gui_package/lib/gui_package/gui_node
