[1.149s] Invoking command in '/home/jo/ros-repo-2/src/minibot_network': PYTHONPATH=/home/jo/ros-repo-2/build/minibot_network/prefix_override:/home/jo/ros-repo-2/install/minibot_network/lib/python3.10/site-packages:${PYTHONPATH} /usr/bin/python3 setup.py egg_info --egg-base ../../build/minibot_network build --build-base /home/jo/ros-repo-2/build/minibot_network/build install --record /home/jo/ros-repo-2/build/minibot_network/install.log --single-version-externally-managed
[1.366s] running egg_info
[1.366s] writing ../../build/minibot_network/minibot_network.egg-info/PKG-INFO
[1.367s] writing dependency_links to ../../build/minibot_network/minibot_network.egg-info/dependency_links.txt
[1.367s] writing entry points to ../../build/minibot_network/minibot_network.egg-info/entry_points.txt
[1.367s] writing requirements to ../../build/minibot_network/minibot_network.egg-info/requires.txt
[1.367s] writing top-level names to ../../build/minibot_network/minibot_network.egg-info/top_level.txt
[1.368s] reading manifest file '../../build/minibot_network/minibot_network.egg-info/SOURCES.txt'
[1.370s] writing manifest file '../../build/minibot_network/minibot_network.egg-info/SOURCES.txt'
[1.370s] running build
[1.370s] running build_py
[1.370s] running install
[1.370s] /usr/lib/python3/dist-packages/setuptools/command/install.py:34: SetuptoolsDeprecationWarning: setup.py install is deprecated. Use build and pip and other standards-based tools.
[1.370s]   warnings.warn(
[1.371s] running install_lib
[1.372s] running install_data
[1.372s] running install_egg_info
[1.373s] removing '/home/jo/ros-repo-2/install/minibot_network/lib/python3.10/site-packages/minibot_network-0.0.0-py3.10.egg-info' (and everything under it)
[1.374s] Copying ../../build/minibot_network/minibot_network.egg-info to /home/jo/ros-repo-2/install/minibot_network/lib/python3.10/site-packages/minibot_network-0.0.0-py3.10.egg-info
[1.374s] running install_scripts
[1.389s] Installing main_client script to /home/jo/ros-repo-2/install/minibot_network/lib/minibot_network
[1.389s] Installing main_server script to /home/jo/ros-repo-2/install/minibot_network/lib/minibot_network
[1.389s] Installing minibot_cam_publish script to /home/jo/ros-repo-2/install/minibot_network/lib/minibot_network
[1.390s] Installing minibot_cam_subscriber script to /home/jo/ros-repo-2/install/minibot_network/lib/minibot_network
[1.390s] writing list of installed files to '/home/jo/ros-repo-2/build/minibot_network/install.log'
[1.406s] Invoked command in '/home/jo/ros-repo-2/src/minibot_network' returned '0': PYTHONPATH=/home/jo/ros-repo-2/build/minibot_network/prefix_override:/home/jo/ros-repo-2/install/minibot_network/lib/python3.10/site-packages:${PYTHONPATH} /usr/bin/python3 setup.py egg_info --egg-base ../../build/minibot_network build --build-base /home/jo/ros-repo-2/build/minibot_network/build install --record /home/jo/ros-repo-2/build/minibot_network/install.log --single-version-externally-managed
