[0.627s] Invoking command in '/home/jo/final_commit/src/communication': PYTHONPATH=/home/jo/final_commit/build/communication/prefix_override:/home/jo/final_commit/install/communication/lib/python3.10/site-packages:${PYTHONPATH} /usr/bin/python3 setup.py egg_info --egg-base ../../build/communication build --build-base /home/jo/final_commit/build/communication/build install --record /home/jo/final_commit/build/communication/install.log --single-version-externally-managed
[0.825s] running egg_info
[0.826s] writing ../../build/communication/communication.egg-info/PKG-INFO
[0.826s] writing dependency_links to ../../build/communication/communication.egg-info/dependency_links.txt
[0.826s] writing entry points to ../../build/communication/communication.egg-info/entry_points.txt
[0.826s] writing requirements to ../../build/communication/communication.egg-info/requires.txt
[0.826s] writing top-level names to ../../build/communication/communication.egg-info/top_level.txt
[0.828s] reading manifest file '../../build/communication/communication.egg-info/SOURCES.txt'
[0.828s] writing manifest file '../../build/communication/communication.egg-info/SOURCES.txt'
[0.829s] running build
[0.829s] running build_py
[0.829s] copying communication/talker.py -> /home/jo/final_commit/build/communication/build/lib/communication
[0.829s] copying communication/listener.py -> /home/jo/final_commit/build/communication/build/lib/communication
[0.829s] running install
[0.829s] /usr/lib/python3/dist-packages/setuptools/command/install.py:34: SetuptoolsDeprecationWarning: setup.py install is deprecated. Use build and pip and other standards-based tools.
[0.829s]   warnings.warn(
[0.830s] running install_lib
[0.830s] copying /home/jo/final_commit/build/communication/build/lib/communication/talker.py -> /home/jo/final_commit/install/communication/lib/python3.10/site-packages/communication
[0.830s] copying /home/jo/final_commit/build/communication/build/lib/communication/listener.py -> /home/jo/final_commit/install/communication/lib/python3.10/site-packages/communication
[0.831s] byte-compiling /home/jo/final_commit/install/communication/lib/python3.10/site-packages/communication/talker.py to talker.cpython-310.pyc
[0.831s] byte-compiling /home/jo/final_commit/install/communication/lib/python3.10/site-packages/communication/listener.py to listener.cpython-310.pyc
[0.831s] running install_data
[0.832s] running install_egg_info
[0.833s] removing '/home/jo/final_commit/install/communication/lib/python3.10/site-packages/communication-0.0.0-py3.10.egg-info' (and everything under it)
[0.833s] Copying ../../build/communication/communication.egg-info to /home/jo/final_commit/install/communication/lib/python3.10/site-packages/communication-0.0.0-py3.10.egg-info
[0.834s] running install_scripts
[0.849s] Installing listener script to /home/jo/final_commit/install/communication/lib/communication
[0.849s] Installing talker script to /home/jo/final_commit/install/communication/lib/communication
[0.850s] writing list of installed files to '/home/jo/final_commit/build/communication/install.log'
[0.867s] Invoked command in '/home/jo/final_commit/src/communication' returned '0': PYTHONPATH=/home/jo/final_commit/build/communication/prefix_override:/home/jo/final_commit/install/communication/lib/python3.10/site-packages:${PYTHONPATH} /usr/bin/python3 setup.py egg_info --egg-base ../../build/communication build --build-base /home/jo/final_commit/build/communication/build install --record /home/jo/final_commit/build/communication/install.log --single-version-externally-managed
