[1.478s] Invoking command in '/home/jo/final_commit/src/multy_spawn': PYTHONPATH=/home/jo/final_commit/build/multy_spawn/prefix_override:/home/jo/final_commit/install/multy_spawn/lib/python3.10/site-packages:${PYTHONPATH} /usr/bin/python3 setup.py egg_info --egg-base ../../build/multy_spawn build --build-base /home/jo/final_commit/build/multy_spawn/build install --record /home/jo/final_commit/build/multy_spawn/install.log --single-version-externally-managed
[1.702s] running egg_info
[1.702s] writing ../../build/multy_spawn/multy_spawn.egg-info/PKG-INFO
[1.702s] writing dependency_links to ../../build/multy_spawn/multy_spawn.egg-info/dependency_links.txt
[1.703s] writing entry points to ../../build/multy_spawn/multy_spawn.egg-info/entry_points.txt
[1.703s] writing requirements to ../../build/multy_spawn/multy_spawn.egg-info/requires.txt
[1.703s] writing top-level names to ../../build/multy_spawn/multy_spawn.egg-info/top_level.txt
[1.704s] reading manifest file '../../build/multy_spawn/multy_spawn.egg-info/SOURCES.txt'
[1.705s] writing manifest file '../../build/multy_spawn/multy_spawn.egg-info/SOURCES.txt'
[1.705s] running build
[1.705s] running build_py
[1.705s] running install
[1.705s] /usr/lib/python3/dist-packages/setuptools/command/install.py:34: SetuptoolsDeprecationWarning: setup.py install is deprecated. Use build and pip and other standards-based tools.
[1.705s]   warnings.warn(
[1.705s] running install_lib
[1.706s] running install_data
[1.707s] running install_egg_info
[1.708s] removing '/home/jo/final_commit/install/multy_spawn/lib/python3.10/site-packages/multy_spawn-0.0.0-py3.10.egg-info' (and everything under it)
[1.708s] Copying ../../build/multy_spawn/multy_spawn.egg-info to /home/jo/final_commit/install/multy_spawn/lib/python3.10/site-packages/multy_spawn-0.0.0-py3.10.egg-info
[1.709s] running install_scripts
[1.726s] writing list of installed files to '/home/jo/final_commit/build/multy_spawn/install.log'
[1.866s] Invoked command in '/home/jo/final_commit/src/multy_spawn' returned '0': PYTHONPATH=/home/jo/final_commit/build/multy_spawn/prefix_override:/home/jo/final_commit/install/multy_spawn/lib/python3.10/site-packages:${PYTHONPATH} /usr/bin/python3 setup.py egg_info --egg-base ../../build/multy_spawn build --build-base /home/jo/final_commit/build/multy_spawn/build install --record /home/jo/final_commit/build/multy_spawn/install.log --single-version-externally-managed
