running egg_info
writing ../../build/minibot_network/minibot_network.egg-info/PKG-INFO
writing dependency_links to ../../build/minibot_network/minibot_network.egg-info/dependency_links.txt
writing entry points to ../../build/minibot_network/minibot_network.egg-info/entry_points.txt
writing requirements to ../../build/minibot_network/minibot_network.egg-info/requires.txt
writing top-level names to ../../build/minibot_network/minibot_network.egg-info/top_level.txt
reading manifest file '../../build/minibot_network/minibot_network.egg-info/SOURCES.txt'
writing manifest file '../../build/minibot_network/minibot_network.egg-info/SOURCES.txt'
running build
running build_py
copying minibot_network/main_server.py -> /home/jo/ros-repo-2/build/minibot_network/build/lib/minibot_network
copying minibot_network/main_client.py -> /home/jo/ros-repo-2/build/minibot_network/build/lib/minibot_network
running install
running install_lib
copying /home/jo/ros-repo-2/build/minibot_network/build/lib/minibot_network/main_server.py -> /home/jo/ros-repo-2/install/minibot_network/lib/python3.10/site-packages/minibot_network
copying /home/jo/ros-repo-2/build/minibot_network/build/lib/minibot_network/main_client.py -> /home/jo/ros-repo-2/install/minibot_network/lib/python3.10/site-packages/minibot_network
byte-compiling /home/jo/ros-repo-2/install/minibot_network/lib/python3.10/site-packages/minibot_network/main_server.py to main_server.cpython-310.pyc
byte-compiling /home/jo/ros-repo-2/install/minibot_network/lib/python3.10/site-packages/minibot_network/main_client.py to main_client.cpython-310.pyc
running install_data
running install_egg_info
removing '/home/jo/ros-repo-2/install/minibot_network/lib/python3.10/site-packages/minibot_network-0.0.0-py3.10.egg-info' (and everything under it)
Copying ../../build/minibot_network/minibot_network.egg-info to /home/jo/ros-repo-2/install/minibot_network/lib/python3.10/site-packages/minibot_network-0.0.0-py3.10.egg-info
running install_scripts
Installing main_client script to /home/jo/ros-repo-2/install/minibot_network/lib/minibot_network
Installing main_server script to /home/jo/ros-repo-2/install/minibot_network/lib/minibot_network
Installing minibot_cam_publish script to /home/jo/ros-repo-2/install/minibot_network/lib/minibot_network
Installing minibot_cam_subscriber script to /home/jo/ros-repo-2/install/minibot_network/lib/minibot_network
writing list of installed files to '/home/jo/ros-repo-2/build/minibot_network/install.log'
