[0.646s] Invoking command in '/home/jo/final_commit/auto_drive_control': PYTHONPATH=/home/jo/final_commit/build/auto_drive_control/prefix_override:/home/jo/final_commit/install/auto_drive_control/lib/python3.10/site-packages:${PYTHONPATH} /usr/bin/python3 setup.py egg_info --egg-base ../build/auto_drive_control build --build-base /home/jo/final_commit/build/auto_drive_control/build install --record /home/jo/final_commit/build/auto_drive_control/install.log --single-version-externally-managed
[0.849s] running egg_info
[0.850s] writing ../build/auto_drive_control/auto_drive_control.egg-info/PKG-INFO
[0.850s] writing dependency_links to ../build/auto_drive_control/auto_drive_control.egg-info/dependency_links.txt
[0.850s] writing entry points to ../build/auto_drive_control/auto_drive_control.egg-info/entry_points.txt
[0.850s] writing requirements to ../build/auto_drive_control/auto_drive_control.egg-info/requires.txt
[0.850s] writing top-level names to ../build/auto_drive_control/auto_drive_control.egg-info/top_level.txt
[0.852s] reading manifest file '../build/auto_drive_control/auto_drive_control.egg-info/SOURCES.txt'
[0.852s] writing manifest file '../build/auto_drive_control/auto_drive_control.egg-info/SOURCES.txt'
[0.853s] running build
[0.853s] running build_py
[0.853s] running install
[0.853s] /usr/lib/python3/dist-packages/setuptools/command/install.py:34: SetuptoolsDeprecationWarning: setup.py install is deprecated. Use build and pip and other standards-based tools.
[0.853s]   warnings.warn(
[0.853s] running install_lib
[0.854s] running install_data
[0.855s] copying param/arduino_config.yaml -> /home/jo/final_commit/install/auto_drive_control/share/auto_drive_control/param
[0.855s] running install_egg_info
[0.856s] removing '/home/jo/final_commit/install/auto_drive_control/lib/python3.10/site-packages/auto_drive_control-0.0.0-py3.10.egg-info' (and everything under it)
[0.856s] Copying ../build/auto_drive_control/auto_drive_control.egg-info to /home/jo/final_commit/install/auto_drive_control/lib/python3.10/site-packages/auto_drive_control-0.0.0-py3.10.egg-info
[0.857s] running install_scripts
[0.872s] Installing arduino_protocol_sender script to /home/jo/final_commit/install/auto_drive_control/lib/auto_drive_control
[0.872s] Installing connect_arduino script to /home/jo/final_commit/install/auto_drive_control/lib/auto_drive_control
[0.872s] Installing ultrasonic_dist_publisher script to /home/jo/final_commit/install/auto_drive_control/lib/auto_drive_control
[0.872s] Installing ultrasonic_dist_subscliber script to /home/jo/final_commit/install/auto_drive_control/lib/auto_drive_control
[0.873s] writing list of installed files to '/home/jo/final_commit/build/auto_drive_control/install.log'
[0.888s] Invoked command in '/home/jo/final_commit/auto_drive_control' returned '0': PYTHONPATH=/home/jo/final_commit/build/auto_drive_control/prefix_override:/home/jo/final_commit/install/auto_drive_control/lib/python3.10/site-packages:${PYTHONPATH} /usr/bin/python3 setup.py egg_info --egg-base ../build/auto_drive_control build --build-base /home/jo/final_commit/build/auto_drive_control/build install --record /home/jo/final_commit/build/auto_drive_control/install.log --single-version-externally-managed
