[0.676s] Invoking command in '/home/jo/final_commit/src/communication': LD_LIBRARY_PATH=/home/jo/final_commit/install/communication_msgs/lib:/usr/lib/x86_64-linux-gnu/gazebo-11/plugins:/opt/ros/humble/opt/rviz_ogre_vendor/lib:/opt/ros/humble/lib/x86_64-linux-gnu:/opt/ros/humble/lib:/usr/local/cuda-12.0/lib64 PYTHONPATH=/home/jo/final_commit/build/communication/prefix_override:/home/jo/final_commit/install/communication/lib/python3.10/site-packages:/home/jo/final_commit/install/communication_msgs/local/lib/python3.10/dist-packages:${PYTHONPATH} /usr/bin/python3 setup.py egg_info --egg-base ../../build/communication build --build-base /home/jo/final_commit/build/communication/build install --record /home/jo/final_commit/build/communication/install.log --single-version-externally-managed
[0.898s] running egg_info
[0.899s] writing ../../build/communication/communication.egg-info/PKG-INFO
[0.899s] writing dependency_links to ../../build/communication/communication.egg-info/dependency_links.txt
[0.900s] writing entry points to ../../build/communication/communication.egg-info/entry_points.txt
[0.900s] writing requirements to ../../build/communication/communication.egg-info/requires.txt
[0.900s] writing top-level names to ../../build/communication/communication.egg-info/top_level.txt
[0.901s] reading manifest file '../../build/communication/communication.egg-info/SOURCES.txt'
[0.902s] writing manifest file '../../build/communication/communication.egg-info/SOURCES.txt'
[0.902s] running build
[0.902s] running build_py
[0.903s] copying communication/controller_listener.py -> /home/jo/final_commit/build/communication/build/lib/communication
[0.903s] copying communication/minibot_talker.py -> /home/jo/final_commit/build/communication/build/lib/communication
[0.903s] copying communication/controller_talker.py -> /home/jo/final_commit/build/communication/build/lib/communication
[0.903s] copying communication/minibot_listener.py -> /home/jo/final_commit/build/communication/build/lib/communication
[0.903s] running install
[0.903s] /usr/lib/python3/dist-packages/setuptools/command/install.py:34: SetuptoolsDeprecationWarning: setup.py install is deprecated. Use build and pip and other standards-based tools.
[0.903s]   warnings.warn(
[0.903s] running install_lib
[0.904s] copying /home/jo/final_commit/build/communication/build/lib/communication/controller_listener.py -> /home/jo/final_commit/install/communication/lib/python3.10/site-packages/communication
[0.904s] copying /home/jo/final_commit/build/communication/build/lib/communication/minibot_talker.py -> /home/jo/final_commit/install/communication/lib/python3.10/site-packages/communication
[0.904s] copying /home/jo/final_commit/build/communication/build/lib/communication/controller_talker.py -> /home/jo/final_commit/install/communication/lib/python3.10/site-packages/communication
[0.904s] copying /home/jo/final_commit/build/communication/build/lib/communication/minibot_listener.py -> /home/jo/final_commit/install/communication/lib/python3.10/site-packages/communication
[0.905s] byte-compiling /home/jo/final_commit/install/communication/lib/python3.10/site-packages/communication/controller_listener.py to controller_listener.cpython-310.pyc
[0.905s] byte-compiling /home/jo/final_commit/install/communication/lib/python3.10/site-packages/communication/minibot_talker.py to minibot_talker.cpython-310.pyc
[0.906s] byte-compiling /home/jo/final_commit/install/communication/lib/python3.10/site-packages/communication/controller_talker.py to controller_talker.cpython-310.pyc
[0.907s] byte-compiling /home/jo/final_commit/install/communication/lib/python3.10/site-packages/communication/minibot_listener.py to minibot_listener.cpython-310.pyc
[0.907s] running install_data
[0.908s] running install_egg_info
[0.909s] removing '/home/jo/final_commit/install/communication/lib/python3.10/site-packages/communication-0.0.0-py3.10.egg-info' (and everything under it)
[0.909s] Copying ../../build/communication/communication.egg-info to /home/jo/final_commit/install/communication/lib/python3.10/site-packages/communication-0.0.0-py3.10.egg-info
[0.910s] running install_scripts
[0.926s] Installing controller_listener script to /home/jo/final_commit/install/communication/lib/communication
[0.927s] Installing controller_talker script to /home/jo/final_commit/install/communication/lib/communication
[0.927s] Installing minibot_listener script to /home/jo/final_commit/install/communication/lib/communication
[0.927s] Installing minibot_talker script to /home/jo/final_commit/install/communication/lib/communication
[0.928s] writing list of installed files to '/home/jo/final_commit/build/communication/install.log'
[0.946s] Invoked command in '/home/jo/final_commit/src/communication' returned '0': LD_LIBRARY_PATH=/home/jo/final_commit/install/communication_msgs/lib:/usr/lib/x86_64-linux-gnu/gazebo-11/plugins:/opt/ros/humble/opt/rviz_ogre_vendor/lib:/opt/ros/humble/lib/x86_64-linux-gnu:/opt/ros/humble/lib:/usr/local/cuda-12.0/lib64 PYTHONPATH=/home/jo/final_commit/build/communication/prefix_override:/home/jo/final_commit/install/communication/lib/python3.10/site-packages:/home/jo/final_commit/install/communication_msgs/local/lib/python3.10/dist-packages:${PYTHONPATH} /usr/bin/python3 setup.py egg_info --egg-base ../../build/communication build --build-base /home/jo/final_commit/build/communication/build install --record /home/jo/final_commit/build/communication/install.log --single-version-externally-managed
