[0.729s] Invoking command in '/home/jo/final_commit/src/communication': PYTHONPATH=/home/jo/final_commit/build/communication/prefix_override:/home/jo/final_commit/install/communication/lib/python3.10/site-packages:${PYTHONPATH} /usr/bin/python3 setup.py egg_info --egg-base ../../build/communication build --build-base /home/jo/final_commit/build/communication/build install --record /home/jo/final_commit/build/communication/install.log --single-version-externally-managed
[0.946s] running egg_info
[0.947s] creating ../../build/communication/communication.connect_robot.egg-info
[0.947s] writing ../../build/communication/communication.connect_robot.egg-info/PKG-INFO
[0.948s] writing dependency_links to ../../build/communication/communication.connect_robot.egg-info/dependency_links.txt
[0.948s] writing entry points to ../../build/communication/communication.connect_robot.egg-info/entry_points.txt
[0.948s] writing requirements to ../../build/communication/communication.connect_robot.egg-info/requires.txt
[0.948s] writing top-level names to ../../build/communication/communication.connect_robot.egg-info/top_level.txt
[0.948s] writing manifest file '../../build/communication/communication.connect_robot.egg-info/SOURCES.txt'
[0.949s] reading manifest file '../../build/communication/communication.connect_robot.egg-info/SOURCES.txt'
[0.950s] writing manifest file '../../build/communication/communication.connect_robot.egg-info/SOURCES.txt'
[0.950s] running build
[0.950s] running build_py
[0.950s] running install
[0.950s] /usr/lib/python3/dist-packages/setuptools/command/install.py:34: SetuptoolsDeprecationWarning: setup.py install is deprecated. Use build and pip and other standards-based tools.
[0.950s]   warnings.warn(
[0.951s] running install_lib
[0.952s] running install_data
[0.952s] error: can't copy 'resource/communication.connect_robot': doesn't exist or not a regular file
[0.968s] Invoked command in '/home/jo/final_commit/src/communication' returned '1': PYTHONPATH=/home/jo/final_commit/build/communication/prefix_override:/home/jo/final_commit/install/communication/lib/python3.10/site-packages:${PYTHONPATH} /usr/bin/python3 setup.py egg_info --egg-base ../../build/communication build --build-base /home/jo/final_commit/build/communication/build install --record /home/jo/final_commit/build/communication/install.log --single-version-externally-managed
