running egg_info
writing ../../build/gui_package/gui_package.egg-info/PKG-INFO
writing dependency_links to ../../build/gui_package/gui_package.egg-info/dependency_links.txt
writing entry points to ../../build/gui_package/gui_package.egg-info/entry_points.txt
writing requirements to ../../build/gui_package/gui_package.egg-info/requires.txt
writing top-level names to ../../build/gui_package/gui_package.egg-info/top_level.txt
reading manifest file '../../build/gui_package/gui_package.egg-info/SOURCES.txt'
writing manifest file '../../build/gui_package/gui_package.egg-info/SOURCES.txt'
running build
running build_py
running install
/usr/lib/python3/dist-packages/setuptools/command/install.py:34: SetuptoolsDeprecationWarning: setup.py install is deprecated. Use build and pip and other standards-based tools.
  warnings.warn(
running install_lib
running install_data
running install_egg_info
removing '/home/jo/ros-repo-2/install/gui_package/lib/python3.10/site-packages/gui_package-0.0.0-py3.10.egg-info' (and everything under it)
Copying ../../build/gui_package/gui_package.egg-info to /home/jo/ros-repo-2/install/gui_package/lib/python3.10/site-packages/gui_package-0.0.0-py3.10.egg-info
running install_scripts
Installing cam_listener script to /home/jo/ros-repo-2/install/gui_package/lib/gui_package
Installing camera_test script to /home/jo/ros-repo-2/install/gui_package/lib/gui_package
Installing gui_node script to /home/jo/ros-repo-2/install/gui_package/lib/gui_package
writing list of installed files to '/home/jo/ros-repo-2/build/gui_package/install.log'
