[0.749s] Invoking command in '/home/jo/ros-repo-2/src/gui_package': PS1=(final_venv) \[\e]0;\u@\h: \w\a\]${debian_chroot:+($debian_chroot)}\[\033[01;32m\]\u@\h\[\033[00m\]:\[\033[01;34m\]\w\[\033[00m\]\$ PYTHONPATH=/home/jo/ros-repo-2/build/gui_package/prefix_override:/home/jo/ros-repo-2/install/gui_package/lib/python3.10/site-packages:${PYTHONPATH} VIRTUAL_ENV_PROMPT=(final_venv) /usr/bin/python3 setup.py egg_info --egg-base ../../build/gui_package build --build-base /home/jo/ros-repo-2/build/gui_package/build install --record /home/jo/ros-repo-2/build/gui_package/install.log --single-version-externally-managed
[0.929s] running egg_info
[0.930s] writing ../../build/gui_package/gui_package.egg-info/PKG-INFO
[0.930s] writing dependency_links to ../../build/gui_package/gui_package.egg-info/dependency_links.txt
[0.931s] writing entry points to ../../build/gui_package/gui_package.egg-info/entry_points.txt
[0.931s] writing requirements to ../../build/gui_package/gui_package.egg-info/requires.txt
[0.931s] writing top-level names to ../../build/gui_package/gui_package.egg-info/top_level.txt
[0.932s] reading manifest file '../../build/gui_package/gui_package.egg-info/SOURCES.txt'
[0.933s] writing manifest file '../../build/gui_package/gui_package.egg-info/SOURCES.txt'
[0.933s] running build
[0.933s] running build_py
[0.933s] running install
[0.933s] /usr/lib/python3/dist-packages/setuptools/command/install.py:34: SetuptoolsDeprecationWarning: setup.py install is deprecated. Use build and pip and other standards-based tools.
[0.934s]   warnings.warn(
[0.934s] running install_lib
[0.935s] running install_data
[0.936s] running install_egg_info
[0.936s] removing '/home/jo/ros-repo-2/install/gui_package/lib/python3.10/site-packages/gui_package-0.0.0-py3.10.egg-info' (and everything under it)
[0.937s] Copying ../../build/gui_package/gui_package.egg-info to /home/jo/ros-repo-2/install/gui_package/lib/python3.10/site-packages/gui_package-0.0.0-py3.10.egg-info
[0.937s] running install_scripts
[0.952s] Installing cam_listener script to /home/jo/ros-repo-2/install/gui_package/lib/gui_package
[0.953s] Installing camera_test script to /home/jo/ros-repo-2/install/gui_package/lib/gui_package
[0.953s] Installing gui_node script to /home/jo/ros-repo-2/install/gui_package/lib/gui_package
[0.953s] writing list of installed files to '/home/jo/ros-repo-2/build/gui_package/install.log'
[0.972s] Invoked command in '/home/jo/ros-repo-2/src/gui_package' returned '0': PS1=(final_venv) \[\e]0;\u@\h: \w\a\]${debian_chroot:+($debian_chroot)}\[\033[01;32m\]\u@\h\[\033[00m\]:\[\033[01;34m\]\w\[\033[00m\]\$ PYTHONPATH=/home/jo/ros-repo-2/build/gui_package/prefix_override:/home/jo/ros-repo-2/install/gui_package/lib/python3.10/site-packages:${PYTHONPATH} VIRTUAL_ENV_PROMPT=(final_venv) /usr/bin/python3 setup.py egg_info --egg-base ../../build/gui_package build --build-base /home/jo/ros-repo-2/build/gui_package/build install --record /home/jo/ros-repo-2/build/gui_package/install.log --single-version-externally-managed
