[0.679s] Invoking command in '/home/jo/final_commit/auto_drive_control': PYTHONPATH=/home/jo/final_commit/build/auto_drive_control/prefix_override:/home/jo/final_commit/install/auto_drive_control/lib/python3.10/site-packages: /usr/bin/python3 setup.py egg_info --egg-base ../build/auto_drive_control build --build-base /home/jo/final_commit/build/auto_drive_control/build install --record /home/jo/final_commit/build/auto_drive_control/install.log --single-version-externally-managed
[0.833s] running egg_info
[0.833s] writing ../build/auto_drive_control/auto_drive_control.egg-info/PKG-INFO
[0.834s] writing dependency_links to ../build/auto_drive_control/auto_drive_control.egg-info/dependency_links.txt
[0.834s] writing entry points to ../build/auto_drive_control/auto_drive_control.egg-info/entry_points.txt
[0.834s] writing requirements to ../build/auto_drive_control/auto_drive_control.egg-info/requires.txt
[0.834s] writing top-level names to ../build/auto_drive_control/auto_drive_control.egg-info/top_level.txt
[0.836s] reading manifest file '../build/auto_drive_control/auto_drive_control.egg-info/SOURCES.txt'
[0.837s] writing manifest file '../build/auto_drive_control/auto_drive_control.egg-info/SOURCES.txt'
[0.837s] running build
[0.837s] running build_py
[0.837s] copying auto_drive_control/connect_arduino.py -> /home/jo/final_commit/build/auto_drive_control/build/lib/auto_drive_control
[0.837s] copying auto_drive_control/ultrasonic_dist_subscliber.py -> /home/jo/final_commit/build/auto_drive_control/build/lib/auto_drive_control
[0.837s] running install
[0.838s] /usr/lib/python3/dist-packages/setuptools/command/install.py:34: SetuptoolsDeprecationWarning: setup.py install is deprecated. Use build and pip and other standards-based tools.
[0.838s]   warnings.warn(
[0.838s] running install_lib
[0.838s] copying /home/jo/final_commit/build/auto_drive_control/build/lib/auto_drive_control/connect_arduino.py -> /home/jo/final_commit/install/auto_drive_control/lib/python3.10/site-packages/auto_drive_control
[0.838s] copying /home/jo/final_commit/build/auto_drive_control/build/lib/auto_drive_control/ultrasonic_dist_subscliber.py -> /home/jo/final_commit/install/auto_drive_control/lib/python3.10/site-packages/auto_drive_control
[0.839s] byte-compiling /home/jo/final_commit/install/auto_drive_control/lib/python3.10/site-packages/auto_drive_control/connect_arduino.py to connect_arduino.cpython-310.pyc
[0.839s] byte-compiling /home/jo/final_commit/install/auto_drive_control/lib/python3.10/site-packages/auto_drive_control/ultrasonic_dist_subscliber.py to ultrasonic_dist_subscliber.cpython-310.pyc
[0.839s] running install_data
[0.840s] creating /home/jo/final_commit/install/auto_drive_control/share/auto_drive_control/launch
[0.840s] copying launch/arduino.launch.py -> /home/jo/final_commit/install/auto_drive_control/share/auto_drive_control/launch
[0.840s] running install_egg_info
[0.841s] removing '/home/jo/final_commit/install/auto_drive_control/lib/python3.10/site-packages/auto_drive_control-0.0.0-py3.10.egg-info' (and everything under it)
[0.842s] Copying ../build/auto_drive_control/auto_drive_control.egg-info to /home/jo/final_commit/install/auto_drive_control/lib/python3.10/site-packages/auto_drive_control-0.0.0-py3.10.egg-info
[0.842s] running install_scripts
[0.859s] Installing arduino_protocol_sender script to /home/jo/final_commit/install/auto_drive_control/lib/auto_drive_control
[0.859s] Installing connect_arduino script to /home/jo/final_commit/install/auto_drive_control/lib/auto_drive_control
[0.859s] Installing ultrasonic_dist_publisher script to /home/jo/final_commit/install/auto_drive_control/lib/auto_drive_control
[0.859s] Installing ultrasonic_dist_subscliber script to /home/jo/final_commit/install/auto_drive_control/lib/auto_drive_control
[0.859s] writing list of installed files to '/home/jo/final_commit/build/auto_drive_control/install.log'
[0.880s] Invoked command in '/home/jo/final_commit/auto_drive_control' returned '0': PYTHONPATH=/home/jo/final_commit/build/auto_drive_control/prefix_override:/home/jo/final_commit/install/auto_drive_control/lib/python3.10/site-packages: /usr/bin/python3 setup.py egg_info --egg-base ../build/auto_drive_control build --build-base /home/jo/final_commit/build/auto_drive_control/build install --record /home/jo/final_commit/build/auto_drive_control/install.log --single-version-externally-managed
