[0.716s] Invoking command in '/home/jo/final_commit/src/communication': CMAKE_PREFIX_PATH=/home/jo/final_commit/install/communication_msgs:/home/jo/dev_ws/oneday_study/ROS/my_mobile/install/my_robot_description LD_LIBRARY_PATH=/home/jo/final_commit/install/communication_msgs/lib:/usr/lib/x86_64-linux-gnu/gazebo-11/plugins:/opt/ros/humble/opt/rviz_ogre_vendor/lib:/opt/ros/humble/lib/x86_64-linux-gnu:/opt/ros/humble/lib:/usr/local/cuda-12.0/lib64 PYTHONPATH=/home/jo/final_commit/build/communication/prefix_override:/home/jo/final_commit/install/communication/lib/python3.10/site-packages:${PYTHONPATH} /usr/bin/python3 setup.py egg_info --egg-base ../../build/communication build --build-base /home/jo/final_commit/build/communication/build install --record /home/jo/final_commit/build/communication/install.log --single-version-externally-managed
[0.922s] running egg_info
[0.922s] writing ../../build/communication/communication.egg-info/PKG-INFO
[0.923s] writing dependency_links to ../../build/communication/communication.egg-info/dependency_links.txt
[0.923s] writing entry points to ../../build/communication/communication.egg-info/entry_points.txt
[0.923s] writing requirements to ../../build/communication/communication.egg-info/requires.txt
[0.924s] writing top-level names to ../../build/communication/communication.egg-info/top_level.txt
[0.925s] reading manifest file '../../build/communication/communication.egg-info/SOURCES.txt'
[0.926s] writing manifest file '../../build/communication/communication.egg-info/SOURCES.txt'
[0.926s] running build
[0.926s] running build_py
[0.927s] copying communication/controller_listener.py -> /home/jo/final_commit/build/communication/build/lib/communication
[0.927s] copying communication/__init__.py -> /home/jo/final_commit/build/communication/build/lib/communication
[0.927s] copying communication/minibot_talker.py -> /home/jo/final_commit/build/communication/build/lib/communication
[0.927s] copying communication/controller_talker.py -> /home/jo/final_commit/build/communication/build/lib/communication
[0.927s] copying communication/minibot_listener.py -> /home/jo/final_commit/build/communication/build/lib/communication
[0.927s] copying communication/connect.py -> /home/jo/final_commit/build/communication/build/lib/communication
[0.928s] running install
[0.928s] /usr/lib/python3/dist-packages/setuptools/command/install.py:34: SetuptoolsDeprecationWarning: setup.py install is deprecated. Use build and pip and other standards-based tools.
[0.928s]   warnings.warn(
[0.928s] running install_lib
[0.929s] copying /home/jo/final_commit/build/communication/build/lib/communication/controller_listener.py -> /home/jo/final_commit/install/communication/lib/python3.10/site-packages/communication
[0.929s] copying /home/jo/final_commit/build/communication/build/lib/communication/__init__.py -> /home/jo/final_commit/install/communication/lib/python3.10/site-packages/communication
[0.929s] copying /home/jo/final_commit/build/communication/build/lib/communication/minibot_talker.py -> /home/jo/final_commit/install/communication/lib/python3.10/site-packages/communication
[0.929s] copying /home/jo/final_commit/build/communication/build/lib/communication/controller_talker.py -> /home/jo/final_commit/install/communication/lib/python3.10/site-packages/communication
[0.929s] copying /home/jo/final_commit/build/communication/build/lib/communication/minibot_listener.py -> /home/jo/final_commit/install/communication/lib/python3.10/site-packages/communication
[0.930s] copying /home/jo/final_commit/build/communication/build/lib/communication/connect.py -> /home/jo/final_commit/install/communication/lib/python3.10/site-packages/communication
[0.930s] byte-compiling /home/jo/final_commit/install/communication/lib/python3.10/site-packages/communication/controller_listener.py to controller_listener.cpython-310.pyc
[0.931s] byte-compiling /home/jo/final_commit/install/communication/lib/python3.10/site-packages/communication/__init__.py to __init__.cpython-310.pyc
[0.931s] byte-compiling /home/jo/final_commit/install/communication/lib/python3.10/site-packages/communication/minibot_talker.py to minibot_talker.cpython-310.pyc
[0.932s] byte-compiling /home/jo/final_commit/install/communication/lib/python3.10/site-packages/communication/controller_talker.py to controller_talker.cpython-310.pyc
[0.932s] byte-compiling /home/jo/final_commit/install/communication/lib/python3.10/site-packages/communication/minibot_listener.py to minibot_listener.cpython-310.pyc
[0.933s] byte-compiling /home/jo/final_commit/install/communication/lib/python3.10/site-packages/communication/connect.py to connect.cpython-310.pyc
[0.933s] running install_data
[0.934s] copying resource/communication -> /home/jo/final_commit/install/communication/share/ament_index/resource_index/packages
[0.934s] copying package.xml -> /home/jo/final_commit/install/communication/share/communication
[0.934s] copying launch/controller.launch.py -> /home/jo/final_commit/install/communication/share/communication/launch
[0.934s] copying launch/minibot.launch.py -> /home/jo/final_commit/install/communication/share/communication/launch
[0.934s] running install_egg_info
[0.936s] removing '/home/jo/final_commit/install/communication/lib/python3.10/site-packages/communication-0.0.0-py3.10.egg-info' (and everything under it)
[0.936s] Copying ../../build/communication/communication.egg-info to /home/jo/final_commit/install/communication/lib/python3.10/site-packages/communication-0.0.0-py3.10.egg-info
[0.938s] running install_scripts
[0.958s] Installing controller_listener script to /home/jo/final_commit/install/communication/lib/communication
[0.958s] Installing controller_talker script to /home/jo/final_commit/install/communication/lib/communication
[0.958s] Installing minibot_listener script to /home/jo/final_commit/install/communication/lib/communication
[0.958s] Installing minibot_talker script to /home/jo/final_commit/install/communication/lib/communication
[0.959s] writing list of installed files to '/home/jo/final_commit/build/communication/install.log'
[0.974s] Invoked command in '/home/jo/final_commit/src/communication' returned '0': CMAKE_PREFIX_PATH=/home/jo/final_commit/install/communication_msgs:/home/jo/dev_ws/oneday_study/ROS/my_mobile/install/my_robot_description LD_LIBRARY_PATH=/home/jo/final_commit/install/communication_msgs/lib:/usr/lib/x86_64-linux-gnu/gazebo-11/plugins:/opt/ros/humble/opt/rviz_ogre_vendor/lib:/opt/ros/humble/lib/x86_64-linux-gnu:/opt/ros/humble/lib:/usr/local/cuda-12.0/lib64 PYTHONPATH=/home/jo/final_commit/build/communication/prefix_override:/home/jo/final_commit/install/communication/lib/python3.10/site-packages:${PYTHONPATH} /usr/bin/python3 setup.py egg_info --egg-base ../../build/communication build --build-base /home/jo/final_commit/build/communication/build install --record /home/jo/final_commit/build/communication/install.log --single-version-externally-managed
