running egg_info
creating ../build/auto_drive_control/auto_drive_control.egg-info
writing ../build/auto_drive_control/auto_drive_control.egg-info/PKG-INFO
writing dependency_links to ../build/auto_drive_control/auto_drive_control.egg-info/dependency_links.txt
writing entry points to ../build/auto_drive_control/auto_drive_control.egg-info/entry_points.txt
writing requirements to ../build/auto_drive_control/auto_drive_control.egg-info/requires.txt
writing top-level names to ../build/auto_drive_control/auto_drive_control.egg-info/top_level.txt
writing manifest file '../build/auto_drive_control/auto_drive_control.egg-info/SOURCES.txt'
reading manifest file '../build/auto_drive_control/auto_drive_control.egg-info/SOURCES.txt'
writing manifest file '../build/auto_drive_control/auto_drive_control.egg-info/SOURCES.txt'
running build
running build_py
creating /home/jo/final_commit/build/auto_drive_control/build
creating /home/jo/final_commit/build/auto_drive_control/build/lib
creating /home/jo/final_commit/build/auto_drive_control/build/lib/auto_drive_control
copying auto_drive_control/arduino_protocol_sender.py -> /home/jo/final_commit/build/auto_drive_control/build/lib/auto_drive_control
copying auto_drive_control/__init__.py -> /home/jo/final_commit/build/auto_drive_control/build/lib/auto_drive_control
copying auto_drive_control/ultrasonic_dist_publisher.py -> /home/jo/final_commit/build/auto_drive_control/build/lib/auto_drive_control
copying auto_drive_control/ultrasonic_dist_subscliber.py -> /home/jo/final_commit/build/auto_drive_control/build/lib/auto_drive_control
running install
running install_lib
creating /home/jo/final_commit/install/auto_drive_control/lib/python3.10/site-packages/auto_drive_control
copying /home/jo/final_commit/build/auto_drive_control/build/lib/auto_drive_control/arduino_protocol_sender.py -> /home/jo/final_commit/install/auto_drive_control/lib/python3.10/site-packages/auto_drive_control
copying /home/jo/final_commit/build/auto_drive_control/build/lib/auto_drive_control/__init__.py -> /home/jo/final_commit/install/auto_drive_control/lib/python3.10/site-packages/auto_drive_control
copying /home/jo/final_commit/build/auto_drive_control/build/lib/auto_drive_control/ultrasonic_dist_publisher.py -> /home/jo/final_commit/install/auto_drive_control/lib/python3.10/site-packages/auto_drive_control
copying /home/jo/final_commit/build/auto_drive_control/build/lib/auto_drive_control/ultrasonic_dist_subscliber.py -> /home/jo/final_commit/install/auto_drive_control/lib/python3.10/site-packages/auto_drive_control
byte-compiling /home/jo/final_commit/install/auto_drive_control/lib/python3.10/site-packages/auto_drive_control/arduino_protocol_sender.py to arduino_protocol_sender.cpython-310.pyc
byte-compiling /home/jo/final_commit/install/auto_drive_control/lib/python3.10/site-packages/auto_drive_control/__init__.py to __init__.cpython-310.pyc
byte-compiling /home/jo/final_commit/install/auto_drive_control/lib/python3.10/site-packages/auto_drive_control/ultrasonic_dist_publisher.py to ultrasonic_dist_publisher.cpython-310.pyc
byte-compiling /home/jo/final_commit/install/auto_drive_control/lib/python3.10/site-packages/auto_drive_control/ultrasonic_dist_subscliber.py to ultrasonic_dist_subscliber.cpython-310.pyc
running install_data
creating /home/jo/final_commit/install/auto_drive_control/share/ament_index
creating /home/jo/final_commit/install/auto_drive_control/share/ament_index/resource_index
creating /home/jo/final_commit/install/auto_drive_control/share/ament_index/resource_index/packages
copying resource/auto_drive_control -> /home/jo/final_commit/install/auto_drive_control/share/ament_index/resource_index/packages
copying package.xml -> /home/jo/final_commit/install/auto_drive_control/share/auto_drive_control
running install_egg_info
Copying ../build/auto_drive_control/auto_drive_control.egg-info to /home/jo/final_commit/install/auto_drive_control/lib/python3.10/site-packages/auto_drive_control-0.0.0-py3.10.egg-info
running install_scripts
Installing arduino_protocol_sender script to /home/jo/final_commit/install/auto_drive_control/lib/auto_drive_control
Installing ultrasonic_dist_publisher script to /home/jo/final_commit/install/auto_drive_control/lib/auto_drive_control
Installing ultrasonic_dist_subscliber script to /home/jo/final_commit/install/auto_drive_control/lib/auto_drive_control
writing list of installed files to '/home/jo/final_commit/build/auto_drive_control/install.log'
