[0.484s] Invoking command in '/home/jo/final_commit/src/communication': AMENT_PREFIX_PATH=/home/jo/final_commit/install/communication_msgs CMAKE_PREFIX_PATH=/home/jo/final_commit/install/communication_msgs LD_LIBRARY_PATH=/home/jo/final_commit/install/communication_msgs/lib:/usr/local/cuda-12.0/lib64 PYTHONPATH=/home/jo/final_commit/build/communication/prefix_override:/home/jo/final_commit/install/communication/lib/python3.10/site-packages:/home/jo/final_commit/install/communication_msgs/local/lib/python3.10/dist-packages /usr/bin/python3 setup.py egg_info --egg-base ../../build/communication build --build-base /home/jo/final_commit/build/communication/build install --record /home/jo/final_commit/build/communication/install.log --single-version-externally-managed
[0.648s] running egg_info
[0.648s] writing ../../build/communication/communication.egg-info/PKG-INFO
[0.648s] writing dependency_links to ../../build/communication/communication.egg-info/dependency_links.txt
[0.649s] writing entry points to ../../build/communication/communication.egg-info/entry_points.txt
[0.649s] writing requirements to ../../build/communication/communication.egg-info/requires.txt
[0.649s] writing top-level names to ../../build/communication/communication.egg-info/top_level.txt
[0.651s] reading manifest file '../../build/communication/communication.egg-info/SOURCES.txt'
[0.651s] writing manifest file '../../build/communication/communication.egg-info/SOURCES.txt'
[0.651s] running build
[0.652s] running build_py
[0.652s] running install
[0.652s] /usr/lib/python3/dist-packages/setuptools/command/install.py:34: SetuptoolsDeprecationWarning: setup.py install is deprecated. Use build and pip and other standards-based tools.
[0.652s]   warnings.warn(
[0.652s] running install_lib
[0.653s] running install_data
[0.653s] running install_egg_info
[0.655s] removing '/home/jo/final_commit/install/communication/lib/python3.10/site-packages/communication-0.0.0-py3.10.egg-info' (and everything under it)
[0.655s] Copying ../../build/communication/communication.egg-info to /home/jo/final_commit/install/communication/lib/python3.10/site-packages/communication-0.0.0-py3.10.egg-info
[0.656s] running install_scripts
[0.671s] Installing connect_ros script to /home/jo/final_commit/install/communication/lib/communication
[0.671s] Installing controller_listener script to /home/jo/final_commit/install/communication/lib/communication
[0.672s] Installing controller_talker script to /home/jo/final_commit/install/communication/lib/communication
[0.672s] Installing minibot_listener script to /home/jo/final_commit/install/communication/lib/communication
[0.672s] Installing minibot_talker script to /home/jo/final_commit/install/communication/lib/communication
[0.672s] writing list of installed files to '/home/jo/final_commit/build/communication/install.log'
[0.688s] Invoked command in '/home/jo/final_commit/src/communication' returned '0': AMENT_PREFIX_PATH=/home/jo/final_commit/install/communication_msgs CMAKE_PREFIX_PATH=/home/jo/final_commit/install/communication_msgs LD_LIBRARY_PATH=/home/jo/final_commit/install/communication_msgs/lib:/usr/local/cuda-12.0/lib64 PYTHONPATH=/home/jo/final_commit/build/communication/prefix_override:/home/jo/final_commit/install/communication/lib/python3.10/site-packages:/home/jo/final_commit/install/communication_msgs/local/lib/python3.10/dist-packages /usr/bin/python3 setup.py egg_info --egg-base ../../build/communication build --build-base /home/jo/final_commit/build/communication/build install --record /home/jo/final_commit/build/communication/install.log --single-version-externally-managed
