[0.766s] Invoking command in '/home/jo/final_commit/src/call_gazebo': PYTHONPATH=/home/jo/final_commit/build/call_gazebo/prefix_override:/home/jo/final_commit/install/call_gazebo/lib/python3.10/site-packages: /usr/bin/python3 setup.py egg_info --egg-base ../../build/call_gazebo build --build-base /home/jo/final_commit/build/call_gazebo/build install --record /home/jo/final_commit/build/call_gazebo/install.log --single-version-externally-managed
[0.927s] running egg_info
[0.928s] writing ../../build/call_gazebo/call_gazebo.egg-info/PKG-INFO
[0.928s] writing dependency_links to ../../build/call_gazebo/call_gazebo.egg-info/dependency_links.txt
[0.928s] writing entry points to ../../build/call_gazebo/call_gazebo.egg-info/entry_points.txt
[0.928s] writing requirements to ../../build/call_gazebo/call_gazebo.egg-info/requires.txt
[0.928s] writing top-level names to ../../build/call_gazebo/call_gazebo.egg-info/top_level.txt
[0.930s] reading manifest file '../../build/call_gazebo/call_gazebo.egg-info/SOURCES.txt'
[0.931s] writing manifest file '../../build/call_gazebo/call_gazebo.egg-info/SOURCES.txt'
[0.931s] running build
[0.931s] running build_py
[0.932s] copying call_gazebo/__init__.py -> /home/jo/final_commit/build/call_gazebo/build/lib/call_gazebo
[0.932s] running install
[0.932s] /usr/lib/python3/dist-packages/setuptools/command/install.py:34: SetuptoolsDeprecationWarning: setup.py install is deprecated. Use build and pip and other standards-based tools.
[0.932s]   warnings.warn(
[0.932s] running install_lib
[0.933s] copying /home/jo/final_commit/build/call_gazebo/build/lib/call_gazebo/__init__.py -> /home/jo/final_commit/install/call_gazebo/lib/python3.10/site-packages/call_gazebo
[0.934s] byte-compiling /home/jo/final_commit/install/call_gazebo/lib/python3.10/site-packages/call_gazebo/__init__.py to __init__.cpython-310.pyc
[0.934s] running install_data
[0.935s] copying resource/call_gazebo -> /home/jo/final_commit/install/call_gazebo/share/ament_index/resource_index/packages
[0.935s] copying package.xml -> /home/jo/final_commit/install/call_gazebo/share/call_gazebo
[0.935s] copying launch/world.launch.py -> /home/jo/final_commit/install/call_gazebo/share/call_gazebo/launch
[0.935s] copying launch/call_description.launch.py -> /home/jo/final_commit/install/call_gazebo/share/call_gazebo/launch
[0.935s] running install_egg_info
[0.937s] removing '/home/jo/final_commit/install/call_gazebo/lib/python3.10/site-packages/call_gazebo-0.0.0-py3.10.egg-info' (and everything under it)
[0.937s] Copying ../../build/call_gazebo/call_gazebo.egg-info to /home/jo/final_commit/install/call_gazebo/lib/python3.10/site-packages/call_gazebo-0.0.0-py3.10.egg-info
[0.938s] running install_scripts
[0.957s] writing list of installed files to '/home/jo/final_commit/build/call_gazebo/install.log'
[0.998s] Invoked command in '/home/jo/final_commit/src/call_gazebo' returned '0': PYTHONPATH=/home/jo/final_commit/build/call_gazebo/prefix_override:/home/jo/final_commit/install/call_gazebo/lib/python3.10/site-packages: /usr/bin/python3 setup.py egg_info --egg-base ../../build/call_gazebo build --build-base /home/jo/final_commit/build/call_gazebo/build install --record /home/jo/final_commit/build/call_gazebo/install.log --single-version-externally-managed
