running egg_info
writing ../../build/multy_spawn/multy_spawn.egg-info/PKG-INFO
writing dependency_links to ../../build/multy_spawn/multy_spawn.egg-info/dependency_links.txt
writing entry points to ../../build/multy_spawn/multy_spawn.egg-info/entry_points.txt
writing requirements to ../../build/multy_spawn/multy_spawn.egg-info/requires.txt
writing top-level names to ../../build/multy_spawn/multy_spawn.egg-info/top_level.txt
reading manifest file '../../build/multy_spawn/multy_spawn.egg-info/SOURCES.txt'
writing manifest file '../../build/multy_spawn/multy_spawn.egg-info/SOURCES.txt'
running build
running build_py
running install
/usr/lib/python3/dist-packages/setuptools/command/install.py:34: SetuptoolsDeprecationWarning: setup.py install is deprecated. Use build and pip and other standards-based tools.
  warnings.warn(
running install_lib
running install_data
running install_egg_info
removing '/home/jo/final_commit/install/multy_spawn/lib/python3.10/site-packages/multy_spawn-0.0.0-py3.10.egg-info' (and everything under it)
Copying ../../build/multy_spawn/multy_spawn.egg-info to /home/jo/final_commit/install/multy_spawn/lib/python3.10/site-packages/multy_spawn-0.0.0-py3.10.egg-info
running install_scripts
writing list of installed files to '/home/jo/final_commit/build/multy_spawn/install.log'
