[1.115s] Invoking command in '/home/jo/final_commit/auto_drive_control': PYTHONPATH=/home/jo/final_commit/build/auto_drive_control/prefix_override:/home/jo/final_commit/install/auto_drive_control/lib/python3.10/site-packages:${PYTHONPATH} /usr/bin/python3 setup.py egg_info --egg-base ../build/auto_drive_control build --build-base /home/jo/final_commit/build/auto_drive_control/build install --record /home/jo/final_commit/build/auto_drive_control/install.log --single-version-externally-managed
[1.320s] running egg_info
[1.321s] writing ../build/auto_drive_control/auto_drive_control.egg-info/PKG-INFO
[1.321s] writing dependency_links to ../build/auto_drive_control/auto_drive_control.egg-info/dependency_links.txt
[1.321s] writing entry points to ../build/auto_drive_control/auto_drive_control.egg-info/entry_points.txt
[1.321s] writing requirements to ../build/auto_drive_control/auto_drive_control.egg-info/requires.txt
[1.321s] writing top-level names to ../build/auto_drive_control/auto_drive_control.egg-info/top_level.txt
[1.323s] reading manifest file '../build/auto_drive_control/auto_drive_control.egg-info/SOURCES.txt'
[1.323s] writing manifest file '../build/auto_drive_control/auto_drive_control.egg-info/SOURCES.txt'
[1.323s] running build
[1.324s] running build_py
[1.324s] running install
[1.324s] /usr/lib/python3/dist-packages/setuptools/command/install.py:34: SetuptoolsDeprecationWarning: setup.py install is deprecated. Use build and pip and other standards-based tools.
[1.324s]   warnings.warn(
[1.324s] running install_lib
[1.325s] running install_data
[1.326s] running install_egg_info
[1.327s] removing '/home/jo/final_commit/install/auto_drive_control/lib/python3.10/site-packages/auto_drive_control-0.0.0-py3.10.egg-info' (and everything under it)
[1.327s] Copying ../build/auto_drive_control/auto_drive_control.egg-info to /home/jo/final_commit/install/auto_drive_control/lib/python3.10/site-packages/auto_drive_control-0.0.0-py3.10.egg-info
[1.328s] running install_scripts
[1.345s] Installing arduino_protocol_sender script to /home/jo/final_commit/install/auto_drive_control/lib/auto_drive_control
[1.345s] Installing connect_arduino script to /home/jo/final_commit/install/auto_drive_control/lib/auto_drive_control
[1.345s] Installing ultrasonic_dist_publisher script to /home/jo/final_commit/install/auto_drive_control/lib/auto_drive_control
[1.345s] Installing ultrasonic_dist_subscliber script to /home/jo/final_commit/install/auto_drive_control/lib/auto_drive_control
[1.345s] writing list of installed files to '/home/jo/final_commit/build/auto_drive_control/install.log'
[1.366s] Invoked command in '/home/jo/final_commit/auto_drive_control' returned '0': PYTHONPATH=/home/jo/final_commit/build/auto_drive_control/prefix_override:/home/jo/final_commit/install/auto_drive_control/lib/python3.10/site-packages:${PYTHONPATH} /usr/bin/python3 setup.py egg_info --egg-base ../build/auto_drive_control build --build-base /home/jo/final_commit/build/auto_drive_control/build install --record /home/jo/final_commit/build/auto_drive_control/install.log --single-version-externally-managed
