[0.066s] Invoking command in '/home/jo/final_commit/build/communication_msgs': CMAKE_PREFIX_PATH=${CMAKE_PREFIX_PATH}:/home/jo/final_commit/install/multy_spawn:/home/jo/final_commit/install/lidar_package:/home/jo/final_commit/install/description:/home/jo/final_commit/install/communication:/home/jo/final_commit/install/call_gazebo:/home/jo/final_commit/install/auto_drive_control:/opt/ros/humble /usr/bin/cmake /home/jo/final_commit/src/communication_msgs -DCMAKE_INSTALL_PREFIX=/home/jo/final_commit/install/communication_msgs
[0.137s] -- The C compiler identification is GNU 11.4.0
[0.199s] -- The CXX compiler identification is GNU 11.4.0
[0.207s] -- Detecting C compiler ABI info
[0.272s] -- Detecting C compiler ABI info - done
[0.278s] -- Check for working C compiler: /usr/bin/cc - skipped
[0.278s] -- Detecting C compile features
[0.279s] -- Detecting C compile features - done
[0.281s] -- Detecting CXX compiler ABI info
[0.346s] -- Detecting CXX compiler ABI info - done
[0.352s] -- Check for working CXX compiler: /usr/bin/c++ - skipped
[0.352s] -- Detecting CXX compile features
[0.352s] -- Detecting CXX compile features - done
[0.355s] -- Found ament_cmake: 1.3.6 (/opt/ros/humble/share/ament_cmake/cmake)
[0.487s] -- Found Python3: /usr/bin/python3.10 (found version "3.10.12") found components: Interpreter 
[0.564s] -- Found rosidl_default_generators: 1.2.0 (/opt/ros/humble/share/rosidl_default_generators/cmake)
[0.568s] -- Using all available rosidl_typesupport_c: rosidl_typesupport_fastrtps_c;rosidl_typesupport_introspection_c
[0.574s] -- Found rosidl_adapter: 3.1.5 (/opt/ros/humble/share/rosidl_adapter/cmake)
[0.612s] -- Using all available rosidl_typesupport_cpp: rosidl_typesupport_fastrtps_cpp;rosidl_typesupport_introspection_cpp
[0.837s] -- Found ament_cmake_ros: 0.10.0 (/opt/ros/humble/share/ament_cmake_ros/cmake)
[0.975s] -- Using all available rosidl_typesupport_c: rosidl_typesupport_fastrtps_c;rosidl_typesupport_introspection_c
[1.157s] -- Using all available rosidl_typesupport_cpp: rosidl_typesupport_fastrtps_cpp;rosidl_typesupport_introspection_cpp
[1.175s] -- Found PythonInterp: /usr/bin/python3 (found suitable version "3.10.12", minimum required is "3.6") 
[1.176s] -- Found python_cmake_module: 0.10.0 (/opt/ros/humble/share/python_cmake_module/cmake)
[1.198s] -- Found PythonLibs: /usr/lib/x86_64-linux-gnu/libpython3.10.so (found suitable version "3.10.12", minimum required is "3.5") 
[1.198s] -- Using PYTHON_EXECUTABLE: /usr/bin/python3
[1.198s] -- Using PYTHON_INCLUDE_DIRS: /usr/include/python3.10
[1.198s] -- Using PYTHON_LIBRARIES: /usr/lib/x86_64-linux-gnu/libpython3.10.so
[1.213s] -- Found PythonExtra: .so  
[1.241s] -- Found ament_lint_auto: 0.12.9 (/opt/ros/humble/share/ament_lint_auto/cmake)
[1.261s] -- Added test 'lint_cmake' to check CMake code style
[1.262s] -- Added test 'xmllint' to check XML markup files
[1.264s] -- Configuring done
[1.282s] -- Generating done
[1.284s] -- Build files have been written to: /home/jo/final_commit/build/communication_msgs
[1.291s] Invoked command in '/home/jo/final_commit/build/communication_msgs' returned '0': CMAKE_PREFIX_PATH=${CMAKE_PREFIX_PATH}:/home/jo/final_commit/install/multy_spawn:/home/jo/final_commit/install/lidar_package:/home/jo/final_commit/install/description:/home/jo/final_commit/install/communication:/home/jo/final_commit/install/call_gazebo:/home/jo/final_commit/install/auto_drive_control:/opt/ros/humble /usr/bin/cmake /home/jo/final_commit/src/communication_msgs -DCMAKE_INSTALL_PREFIX=/home/jo/final_commit/install/communication_msgs
[1.293s] Invoking command in '/home/jo/final_commit/build/communication_msgs': CMAKE_PREFIX_PATH=${CMAKE_PREFIX_PATH}:/home/jo/final_commit/install/multy_spawn:/home/jo/final_commit/install/lidar_package:/home/jo/final_commit/install/description:/home/jo/final_commit/install/communication:/home/jo/final_commit/install/call_gazebo:/home/jo/final_commit/install/auto_drive_control:/opt/ros/humble /usr/bin/cmake --build /home/jo/final_commit/build/communication_msgs -- -j12 -l12
[1.322s] [  3%] [34m[1mGenerating C code for ROS interfaces[0m
[1.330s] [  6%] [34m[1mGenerating C++ code for ROS interfaces[0m
[1.337s] [  6%] Built target ament_cmake_python_copy_communication_msgs
[1.544s] [  6%] Built target communication_msgs__cpp
[1.554s] [  9%] [34m[1mGenerating C++ type support for eProsima Fast-RTPS[0m
[1.554s] [ 16%] [34m[1mGenerating C++ introspection for ROS interfaces[0m
[1.554s] [ 16%] [34m[1mGenerating C++ type support dispatch for ROS interfaces[0m
[1.573s] [ 19%] [32mBuilding C object CMakeFiles/communication_msgs__rosidl_generator_c.dir/rosidl_generator_c/communication_msgs/msg/detail/talker__functions.c.o[0m
[1.578s] running egg_info
[1.579s] creating communication_msgs.egg-info
[1.579s] writing communication_msgs.egg-info/PKG-INFO
[1.579s] writing dependency_links to communication_msgs.egg-info/dependency_links.txt
[1.579s] writing top-level names to communication_msgs.egg-info/top_level.txt
[1.579s] writing manifest file 'communication_msgs.egg-info/SOURCES.txt'
[1.581s] reading manifest file 'communication_msgs.egg-info/SOURCES.txt'
[1.582s] writing manifest file 'communication_msgs.egg-info/SOURCES.txt'
[1.619s] [ 19%] Built target ament_cmake_python_build_communication_msgs_egg
[1.620s] [ 22%] [32m[1mLinking C shared library libcommunication_msgs__rosidl_generator_c.so[0m
[1.656s] [ 22%] Built target communication_msgs__rosidl_generator_c
[1.664s] [ 32%] [34m[1mGenerating C type support for eProsima Fast-RTPS[0m
[1.664s] [ 32%] [34m[1mGenerating C type support dispatch for ROS interfaces[0m
[1.665s] [ 32%] [34m[1mGenerating C introspection for ROS interfaces[0m
[1.759s] [ 35%] [32mBuilding CXX object CMakeFiles/communication_msgs__rosidl_typesupport_cpp.dir/rosidl_typesupport_cpp/communication_msgs/msg/talker__type_support.cpp.o[0m
[1.779s] [ 38%] [32mBuilding CXX object CMakeFiles/communication_msgs__rosidl_typesupport_introspection_cpp.dir/rosidl_typesupport_introspection_cpp/communication_msgs/msg/detail/talker__type_support.cpp.o[0m
[1.800s] [ 41%] [32mBuilding CXX object CMakeFiles/communication_msgs__rosidl_typesupport_fastrtps_cpp.dir/rosidl_typesupport_fastrtps_cpp/communication_msgs/msg/detail/dds_fastrtps/talker__type_support.cpp.o[0m
[1.887s] [ 45%] [32mBuilding CXX object CMakeFiles/communication_msgs__rosidl_typesupport_c.dir/rosidl_typesupport_c/communication_msgs/msg/talker__type_support.cpp.o[0m
[1.900s] [ 48%] [32mBuilding C object CMakeFiles/communication_msgs__rosidl_typesupport_introspection_c.dir/rosidl_typesupport_introspection_c/communication_msgs/msg/detail/talker__type_support.c.o[0m
[1.900s] [ 51%] [32mBuilding CXX object CMakeFiles/communication_msgs__rosidl_typesupport_fastrtps_c.dir/rosidl_typesupport_fastrtps_c/communication_msgs/msg/detail/talker__type_support_c.cpp.o[0m
[1.916s] [ 54%] [32m[1mLinking CXX shared library libcommunication_msgs__rosidl_typesupport_c.so[0m
[1.929s] [ 58%] [32m[1mLinking C shared library libcommunication_msgs__rosidl_typesupport_introspection_c.so[0m
[1.961s] [ 58%] Built target communication_msgs__rosidl_typesupport_c
[1.963s] [ 58%] Built target communication_msgs__rosidl_typesupport_introspection_c
[2.100s] [ 61%] [32m[1mLinking CXX shared library libcommunication_msgs__rosidl_typesupport_cpp.so[0m
[2.138s] [ 61%] Built target communication_msgs__rosidl_typesupport_cpp
[2.164s] [ 64%] [32m[1mLinking CXX shared library libcommunication_msgs__rosidl_typesupport_introspection_cpp.so[0m
[2.209s] [ 67%] [32m[1mLinking CXX shared library libcommunication_msgs__rosidl_typesupport_fastrtps_c.so[0m
[2.221s] [ 67%] Built target communication_msgs__rosidl_typesupport_introspection_cpp
[2.233s] [ 70%] [32m[1mLinking CXX shared library libcommunication_msgs__rosidl_typesupport_fastrtps_cpp.so[0m
[2.290s] [ 70%] Built target communication_msgs__rosidl_typesupport_fastrtps_c
[2.306s] [ 70%] Built target communication_msgs__rosidl_typesupport_fastrtps_cpp
[2.321s] [ 70%] Built target communication_msgs
[2.335s] [ 74%] [34m[1mGenerating Python code for ROS interfaces[0m
[2.569s] [ 74%] Built target communication_msgs__py
[2.583s] [ 77%] [32mBuilding C object CMakeFiles/communication_msgs__rosidl_generator_py.dir/rosidl_generator_py/communication_msgs/msg/_talker_s.c.o[0m
[2.673s] [ 80%] [32m[1mLinking C shared library rosidl_generator_py/communication_msgs/libcommunication_msgs__rosidl_generator_py.so[0m
[2.701s] [ 80%] Built target communication_msgs__rosidl_generator_py
[2.716s] [ 83%] [32mBuilding C object CMakeFiles/communication_msgs__rosidl_typesupport_c__pyext.dir/rosidl_generator_py/communication_msgs/_communication_msgs_s.ep.rosidl_typesupport_c.c.o[0m
[2.716s] [ 87%] [32mBuilding C object CMakeFiles/communication_msgs__rosidl_typesupport_fastrtps_c__pyext.dir/rosidl_generator_py/communication_msgs/_communication_msgs_s.ep.rosidl_typesupport_fastrtps_c.c.o[0m
[2.716s] [ 90%] [32mBuilding C object CMakeFiles/communication_msgs__rosidl_typesupport_introspection_c__pyext.dir/rosidl_generator_py/communication_msgs/_communication_msgs_s.ep.rosidl_typesupport_introspection_c.c.o[0m
[2.796s] [ 93%] [32m[1mLinking C shared library rosidl_generator_py/communication_msgs/communication_msgs_s__rosidl_typesupport_introspection_c.cpython-310-x86_64-linux-gnu.so[0m
[2.797s] [ 96%] [32m[1mLinking C shared library rosidl_generator_py/communication_msgs/communication_msgs_s__rosidl_typesupport_c.cpython-310-x86_64-linux-gnu.so[0m
[2.800s] [100%] [32m[1mLinking C shared library rosidl_generator_py/communication_msgs/communication_msgs_s__rosidl_typesupport_fastrtps_c.cpython-310-x86_64-linux-gnu.so[0m
[2.820s] [100%] Built target communication_msgs__rosidl_typesupport_introspection_c__pyext
[2.821s] [100%] Built target communication_msgs__rosidl_typesupport_c__pyext
[2.825s] [100%] Built target communication_msgs__rosidl_typesupport_fastrtps_c__pyext
[2.834s] Invoked command in '/home/jo/final_commit/build/communication_msgs' returned '0': CMAKE_PREFIX_PATH=${CMAKE_PREFIX_PATH}:/home/jo/final_commit/install/multy_spawn:/home/jo/final_commit/install/lidar_package:/home/jo/final_commit/install/description:/home/jo/final_commit/install/communication:/home/jo/final_commit/install/call_gazebo:/home/jo/final_commit/install/auto_drive_control:/opt/ros/humble /usr/bin/cmake --build /home/jo/final_commit/build/communication_msgs -- -j12 -l12
[2.887s] Invoking command in '/home/jo/final_commit/build/communication_msgs': CMAKE_PREFIX_PATH=${CMAKE_PREFIX_PATH}:/home/jo/final_commit/install/multy_spawn:/home/jo/final_commit/install/lidar_package:/home/jo/final_commit/install/description:/home/jo/final_commit/install/communication:/home/jo/final_commit/install/call_gazebo:/home/jo/final_commit/install/auto_drive_control:/opt/ros/humble /usr/bin/cmake --install /home/jo/final_commit/build/communication_msgs
[2.893s] -- Install configuration: ""
[2.893s] -- Installing: /home/jo/final_commit/install/communication_msgs/share/ament_index/resource_index/rosidl_interfaces/communication_msgs
[2.893s] -- Installing: /home/jo/final_commit/install/communication_msgs/include/communication_msgs/communication_msgs
[2.893s] -- Installing: /home/jo/final_commit/install/communication_msgs/include/communication_msgs/communication_msgs/msg
[2.893s] -- Installing: /home/jo/final_commit/install/communication_msgs/include/communication_msgs/communication_msgs/msg/talker.h
[2.893s] -- Installing: /home/jo/final_commit/install/communication_msgs/include/communication_msgs/communication_msgs/msg/detail
[2.893s] -- Installing: /home/jo/final_commit/install/communication_msgs/include/communication_msgs/communication_msgs/msg/detail/talker__functions.c
[2.894s] -- Installing: /home/jo/final_commit/install/communication_msgs/include/communication_msgs/communication_msgs/msg/detail/talker__struct.h
[2.894s] -- Installing: /home/jo/final_commit/install/communication_msgs/include/communication_msgs/communication_msgs/msg/detail/talker__type_support.h
[2.894s] -- Installing: /home/jo/final_commit/install/communication_msgs/include/communication_msgs/communication_msgs/msg/detail/talker__functions.h
[2.894s] -- Installing: /home/jo/final_commit/install/communication_msgs/include/communication_msgs/communication_msgs/msg/rosidl_generator_c__visibility_control.h
[2.894s] -- Installing: /home/jo/final_commit/install/communication_msgs/share/communication_msgs/environment/library_path.sh
[2.894s] -- Installing: /home/jo/final_commit/install/communication_msgs/share/communication_msgs/environment/library_path.dsv
[2.894s] -- Installing: /home/jo/final_commit/install/communication_msgs/lib/libcommunication_msgs__rosidl_generator_c.so
[2.894s] -- Set runtime path of "/home/jo/final_commit/install/communication_msgs/lib/libcommunication_msgs__rosidl_generator_c.so" to ""
[2.894s] -- Up-to-date: /home/jo/final_commit/install/communication_msgs/include/communication_msgs/communication_msgs
[2.894s] -- Up-to-date: /home/jo/final_commit/install/communication_msgs/include/communication_msgs/communication_msgs/msg
[2.894s] -- Installing: /home/jo/final_commit/install/communication_msgs/include/communication_msgs/communication_msgs/msg/rosidl_typesupport_fastrtps_c__visibility_control.h
[2.894s] -- Up-to-date: /home/jo/final_commit/install/communication_msgs/include/communication_msgs/communication_msgs/msg/detail
[2.894s] -- Installing: /home/jo/final_commit/install/communication_msgs/include/communication_msgs/communication_msgs/msg/detail/talker__rosidl_typesupport_fastrtps_c.h
[2.894s] -- Installing: /home/jo/final_commit/install/communication_msgs/lib/libcommunication_msgs__rosidl_typesupport_fastrtps_c.so
[2.894s] -- Set runtime path of "/home/jo/final_commit/install/communication_msgs/lib/libcommunication_msgs__rosidl_typesupport_fastrtps_c.so" to ""
[2.895s] -- Up-to-date: /home/jo/final_commit/install/communication_msgs/include/communication_msgs/communication_msgs
[2.895s] -- Up-to-date: /home/jo/final_commit/install/communication_msgs/include/communication_msgs/communication_msgs/msg
[2.895s] -- Installing: /home/jo/final_commit/install/communication_msgs/include/communication_msgs/communication_msgs/msg/rosidl_typesupport_introspection_c__visibility_control.h
[2.895s] -- Up-to-date: /home/jo/final_commit/install/communication_msgs/include/communication_msgs/communication_msgs/msg/detail
[2.895s] -- Installing: /home/jo/final_commit/install/communication_msgs/include/communication_msgs/communication_msgs/msg/detail/talker__type_support.c
[2.895s] -- Installing: /home/jo/final_commit/install/communication_msgs/include/communication_msgs/communication_msgs/msg/detail/talker__rosidl_typesupport_introspection_c.h
[2.895s] -- Installing: /home/jo/final_commit/install/communication_msgs/lib/libcommunication_msgs__rosidl_typesupport_introspection_c.so
[2.895s] -- Set runtime path of "/home/jo/final_commit/install/communication_msgs/lib/libcommunication_msgs__rosidl_typesupport_introspection_c.so" to ""
[2.895s] -- Installing: /home/jo/final_commit/install/communication_msgs/lib/libcommunication_msgs__rosidl_typesupport_c.so
[2.895s] -- Set runtime path of "/home/jo/final_commit/install/communication_msgs/lib/libcommunication_msgs__rosidl_typesupport_c.so" to ""
[2.895s] -- Up-to-date: /home/jo/final_commit/install/communication_msgs/include/communication_msgs/communication_msgs
[2.895s] -- Up-to-date: /home/jo/final_commit/install/communication_msgs/include/communication_msgs/communication_msgs/msg
[2.896s] -- Installing: /home/jo/final_commit/install/communication_msgs/include/communication_msgs/communication_msgs/msg/talker.hpp
[2.896s] -- Up-to-date: /home/jo/final_commit/install/communication_msgs/include/communication_msgs/communication_msgs/msg/detail
[2.896s] -- Installing: /home/jo/final_commit/install/communication_msgs/include/communication_msgs/communication_msgs/msg/detail/talker__builder.hpp
[2.896s] -- Installing: /home/jo/final_commit/install/communication_msgs/include/communication_msgs/communication_msgs/msg/detail/talker__struct.hpp
[2.896s] -- Installing: /home/jo/final_commit/install/communication_msgs/include/communication_msgs/communication_msgs/msg/detail/talker__traits.hpp
[2.896s] -- Up-to-date: /home/jo/final_commit/install/communication_msgs/include/communication_msgs/communication_msgs
[2.896s] -- Up-to-date: /home/jo/final_commit/install/communication_msgs/include/communication_msgs/communication_msgs/msg
[2.896s] -- Installing: /home/jo/final_commit/install/communication_msgs/include/communication_msgs/communication_msgs/msg/rosidl_typesupport_fastrtps_cpp__visibility_control.h
[2.896s] -- Up-to-date: /home/jo/final_commit/install/communication_msgs/include/communication_msgs/communication_msgs/msg/detail
[2.896s] -- Installing: /home/jo/final_commit/install/communication_msgs/include/communication_msgs/communication_msgs/msg/detail/talker__rosidl_typesupport_fastrtps_cpp.hpp
[2.896s] -- Installing: /home/jo/final_commit/install/communication_msgs/include/communication_msgs/communication_msgs/msg/detail/dds_fastrtps
[2.896s] -- Installing: /home/jo/final_commit/install/communication_msgs/lib/libcommunication_msgs__rosidl_typesupport_fastrtps_cpp.so
[2.896s] -- Set runtime path of "/home/jo/final_commit/install/communication_msgs/lib/libcommunication_msgs__rosidl_typesupport_fastrtps_cpp.so" to ""
[2.896s] -- Up-to-date: /home/jo/final_commit/install/communication_msgs/include/communication_msgs/communication_msgs
[2.896s] -- Up-to-date: /home/jo/final_commit/install/communication_msgs/include/communication_msgs/communication_msgs/msg
[2.897s] -- Up-to-date: /home/jo/final_commit/install/communication_msgs/include/communication_msgs/communication_msgs/msg/detail
[2.897s] -- Installing: /home/jo/final_commit/install/communication_msgs/include/communication_msgs/communication_msgs/msg/detail/talker__type_support.cpp
[2.897s] -- Installing: /home/jo/final_commit/install/communication_msgs/include/communication_msgs/communication_msgs/msg/detail/talker__rosidl_typesupport_introspection_cpp.hpp
[2.897s] -- Installing: /home/jo/final_commit/install/communication_msgs/lib/libcommunication_msgs__rosidl_typesupport_introspection_cpp.so
[2.897s] -- Set runtime path of "/home/jo/final_commit/install/communication_msgs/lib/libcommunication_msgs__rosidl_typesupport_introspection_cpp.so" to ""
[2.897s] -- Installing: /home/jo/final_commit/install/communication_msgs/lib/libcommunication_msgs__rosidl_typesupport_cpp.so
[2.897s] -- Set runtime path of "/home/jo/final_commit/install/communication_msgs/lib/libcommunication_msgs__rosidl_typesupport_cpp.so" to ""
[2.897s] -- Installing: /home/jo/final_commit/install/communication_msgs/share/communication_msgs/environment/pythonpath.sh
[2.897s] -- Installing: /home/jo/final_commit/install/communication_msgs/share/communication_msgs/environment/pythonpath.dsv
[2.897s] -- Installing: /home/jo/final_commit/install/communication_msgs/local/lib/python3.10/dist-packages/communication_msgs-0.0.0-py3.10.egg-info
[2.897s] -- Installing: /home/jo/final_commit/install/communication_msgs/local/lib/python3.10/dist-packages/communication_msgs-0.0.0-py3.10.egg-info/dependency_links.txt
[2.897s] -- Installing: /home/jo/final_commit/install/communication_msgs/local/lib/python3.10/dist-packages/communication_msgs-0.0.0-py3.10.egg-info/PKG-INFO
[2.897s] -- Installing: /home/jo/final_commit/install/communication_msgs/local/lib/python3.10/dist-packages/communication_msgs-0.0.0-py3.10.egg-info/top_level.txt
[2.897s] -- Installing: /home/jo/final_commit/install/communication_msgs/local/lib/python3.10/dist-packages/communication_msgs-0.0.0-py3.10.egg-info/SOURCES.txt
[2.898s] -- Installing: /home/jo/final_commit/install/communication_msgs/local/lib/python3.10/dist-packages/communication_msgs
[2.898s] -- Installing: /home/jo/final_commit/install/communication_msgs/local/lib/python3.10/dist-packages/communication_msgs/libcommunication_msgs__rosidl_generator_py.so
[2.898s] -- Installing: /home/jo/final_commit/install/communication_msgs/local/lib/python3.10/dist-packages/communication_msgs/communication_msgs_s__rosidl_typesupport_fastrtps_c.cpython-310-x86_64-linux-gnu.so
[2.898s] -- Installing: /home/jo/final_commit/install/communication_msgs/local/lib/python3.10/dist-packages/communication_msgs/_communication_msgs_s.ep.rosidl_typesupport_fastrtps_c.c
[2.898s] -- Installing: /home/jo/final_commit/install/communication_msgs/local/lib/python3.10/dist-packages/communication_msgs/msg
[2.898s] -- Installing: /home/jo/final_commit/install/communication_msgs/local/lib/python3.10/dist-packages/communication_msgs/msg/_talker_s.c
[2.898s] -- Installing: /home/jo/final_commit/install/communication_msgs/local/lib/python3.10/dist-packages/communication_msgs/msg/__init__.py
[2.898s] -- Installing: /home/jo/final_commit/install/communication_msgs/local/lib/python3.10/dist-packages/communication_msgs/msg/_talker.py
[2.898s] -- Installing: /home/jo/final_commit/install/communication_msgs/local/lib/python3.10/dist-packages/communication_msgs/__init__.py
[2.898s] -- Installing: /home/jo/final_commit/install/communication_msgs/local/lib/python3.10/dist-packages/communication_msgs/_communication_msgs_s.ep.rosidl_typesupport_introspection_c.c
[2.898s] -- Installing: /home/jo/final_commit/install/communication_msgs/local/lib/python3.10/dist-packages/communication_msgs/_communication_msgs_s.ep.rosidl_typesupport_c.c
[2.898s] -- Installing: /home/jo/final_commit/install/communication_msgs/local/lib/python3.10/dist-packages/communication_msgs/communication_msgs_s__rosidl_typesupport_introspection_c.cpython-310-x86_64-linux-gnu.so
[2.898s] -- Installing: /home/jo/final_commit/install/communication_msgs/local/lib/python3.10/dist-packages/communication_msgs/communication_msgs_s__rosidl_typesupport_c.cpython-310-x86_64-linux-gnu.so
[2.927s] Listing '/home/jo/final_commit/install/communication_msgs/local/lib/python3.10/dist-packages/communication_msgs'...
[2.927s] Compiling '/home/jo/final_commit/install/communication_msgs/local/lib/python3.10/dist-packages/communication_msgs/__init__.py'...
[2.927s] Listing '/home/jo/final_commit/install/communication_msgs/local/lib/python3.10/dist-packages/communication_msgs/msg'...
[2.927s] Compiling '/home/jo/final_commit/install/communication_msgs/local/lib/python3.10/dist-packages/communication_msgs/msg/__init__.py'...
[2.927s] Compiling '/home/jo/final_commit/install/communication_msgs/local/lib/python3.10/dist-packages/communication_msgs/msg/_talker.py'...
[2.931s] -- Installing: /home/jo/final_commit/install/communication_msgs/local/lib/python3.10/dist-packages/communication_msgs/communication_msgs_s__rosidl_typesupport_fastrtps_c.cpython-310-x86_64-linux-gnu.so
[2.931s] -- Set runtime path of "/home/jo/final_commit/install/communication_msgs/local/lib/python3.10/dist-packages/communication_msgs/communication_msgs_s__rosidl_typesupport_fastrtps_c.cpython-310-x86_64-linux-gnu.so" to ""
[2.931s] -- Installing: /home/jo/final_commit/install/communication_msgs/local/lib/python3.10/dist-packages/communication_msgs/communication_msgs_s__rosidl_typesupport_introspection_c.cpython-310-x86_64-linux-gnu.so
[2.931s] -- Set runtime path of "/home/jo/final_commit/install/communication_msgs/local/lib/python3.10/dist-packages/communication_msgs/communication_msgs_s__rosidl_typesupport_introspection_c.cpython-310-x86_64-linux-gnu.so" to ""
[2.931s] -- Installing: /home/jo/final_commit/install/communication_msgs/local/lib/python3.10/dist-packages/communication_msgs/communication_msgs_s__rosidl_typesupport_c.cpython-310-x86_64-linux-gnu.so
[2.932s] -- Set runtime path of "/home/jo/final_commit/install/communication_msgs/local/lib/python3.10/dist-packages/communication_msgs/communication_msgs_s__rosidl_typesupport_c.cpython-310-x86_64-linux-gnu.so" to ""
[2.932s] -- Installing: /home/jo/final_commit/install/communication_msgs/lib/libcommunication_msgs__rosidl_generator_py.so
[2.932s] -- Set runtime path of "/home/jo/final_commit/install/communication_msgs/lib/libcommunication_msgs__rosidl_generator_py.so" to ""
[2.932s] -- Installing: /home/jo/final_commit/install/communication_msgs/share/communication_msgs/msg/Talker.idl
[2.932s] -- Installing: /home/jo/final_commit/install/communication_msgs/share/communication_msgs/msg/Talker.msg
[2.932s] -- Installing: /home/jo/final_commit/install/communication_msgs/share/ament_index/resource_index/package_run_dependencies/communication_msgs
[2.932s] -- Installing: /home/jo/final_commit/install/communication_msgs/share/ament_index/resource_index/parent_prefix_path/communication_msgs
[2.932s] -- Installing: /home/jo/final_commit/install/communication_msgs/share/communication_msgs/environment/ament_prefix_path.sh
[2.933s] -- Installing: /home/jo/final_commit/install/communication_msgs/share/communication_msgs/environment/ament_prefix_path.dsv
[2.933s] -- Installing: /home/jo/final_commit/install/communication_msgs/share/communication_msgs/environment/path.sh
[2.933s] -- Installing: /home/jo/final_commit/install/communication_msgs/share/communication_msgs/environment/path.dsv
[2.933s] -- Installing: /home/jo/final_commit/install/communication_msgs/share/communication_msgs/local_setup.bash
[2.933s] -- Installing: /home/jo/final_commit/install/communication_msgs/share/communication_msgs/local_setup.sh
[2.933s] -- Installing: /home/jo/final_commit/install/communication_msgs/share/communication_msgs/local_setup.zsh
[2.933s] -- Installing: /home/jo/final_commit/install/communication_msgs/share/communication_msgs/local_setup.dsv
[2.934s] -- Installing: /home/jo/final_commit/install/communication_msgs/share/communication_msgs/package.dsv
[2.934s] -- Installing: /home/jo/final_commit/install/communication_msgs/share/ament_index/resource_index/packages/communication_msgs
[2.934s] -- Installing: /home/jo/final_commit/install/communication_msgs/share/communication_msgs/cmake/export_communication_msgs__rosidl_generator_cExport.cmake
[2.934s] -- Installing: /home/jo/final_commit/install/communication_msgs/share/communication_msgs/cmake/export_communication_msgs__rosidl_generator_cExport-noconfig.cmake
[2.934s] -- Installing: /home/jo/final_commit/install/communication_msgs/share/communication_msgs/cmake/export_communication_msgs__rosidl_typesupport_fastrtps_cExport.cmake
[2.934s] -- Installing: /home/jo/final_commit/install/communication_msgs/share/communication_msgs/cmake/export_communication_msgs__rosidl_typesupport_fastrtps_cExport-noconfig.cmake
[2.934s] -- Installing: /home/jo/final_commit/install/communication_msgs/share/communication_msgs/cmake/communication_msgs__rosidl_typesupport_introspection_cExport.cmake
[2.934s] -- Installing: /home/jo/final_commit/install/communication_msgs/share/communication_msgs/cmake/communication_msgs__rosidl_typesupport_introspection_cExport-noconfig.cmake
[2.934s] -- Installing: /home/jo/final_commit/install/communication_msgs/share/communication_msgs/cmake/communication_msgs__rosidl_typesupport_cExport.cmake
[2.934s] -- Installing: /home/jo/final_commit/install/communication_msgs/share/communication_msgs/cmake/communication_msgs__rosidl_typesupport_cExport-noconfig.cmake
[2.935s] -- Installing: /home/jo/final_commit/install/communication_msgs/share/communication_msgs/cmake/export_communication_msgs__rosidl_generator_cppExport.cmake
[2.935s] -- Installing: /home/jo/final_commit/install/communication_msgs/share/communication_msgs/cmake/export_communication_msgs__rosidl_typesupport_fastrtps_cppExport.cmake
[2.935s] -- Installing: /home/jo/final_commit/install/communication_msgs/share/communication_msgs/cmake/export_communication_msgs__rosidl_typesupport_fastrtps_cppExport-noconfig.cmake
[2.935s] -- Installing: /home/jo/final_commit/install/communication_msgs/share/communication_msgs/cmake/communication_msgs__rosidl_typesupport_introspection_cppExport.cmake
[2.935s] -- Installing: /home/jo/final_commit/install/communication_msgs/share/communication_msgs/cmake/communication_msgs__rosidl_typesupport_introspection_cppExport-noconfig.cmake
[2.935s] -- Installing: /home/jo/final_commit/install/communication_msgs/share/communication_msgs/cmake/communication_msgs__rosidl_typesupport_cppExport.cmake
[2.935s] -- Installing: /home/jo/final_commit/install/communication_msgs/share/communication_msgs/cmake/communication_msgs__rosidl_typesupport_cppExport-noconfig.cmake
[2.935s] -- Installing: /home/jo/final_commit/install/communication_msgs/share/communication_msgs/cmake/export_communication_msgs__rosidl_generator_pyExport.cmake
[2.935s] -- Installing: /home/jo/final_commit/install/communication_msgs/share/communication_msgs/cmake/export_communication_msgs__rosidl_generator_pyExport-noconfig.cmake
[2.935s] -- Installing: /home/jo/final_commit/install/communication_msgs/share/communication_msgs/cmake/rosidl_cmake-extras.cmake
[2.936s] -- Installing: /home/jo/final_commit/install/communication_msgs/share/communication_msgs/cmake/ament_cmake_export_include_directories-extras.cmake
[2.936s] -- Installing: /home/jo/final_commit/install/communication_msgs/share/communication_msgs/cmake/ament_cmake_export_libraries-extras.cmake
[2.936s] -- Installing: /home/jo/final_commit/install/communication_msgs/share/communication_msgs/cmake/ament_cmake_export_targets-extras.cmake
[2.936s] -- Installing: /home/jo/final_commit/install/communication_msgs/share/communication_msgs/cmake/rosidl_cmake_export_typesupport_targets-extras.cmake
[2.936s] -- Installing: /home/jo/final_commit/install/communication_msgs/share/communication_msgs/cmake/ament_cmake_export_dependencies-extras.cmake
[2.936s] -- Installing: /home/jo/final_commit/install/communication_msgs/share/communication_msgs/cmake/rosidl_cmake_export_typesupport_libraries-extras.cmake
[2.936s] -- Installing: /home/jo/final_commit/install/communication_msgs/share/communication_msgs/cmake/communication_msgsConfig.cmake
[2.937s] -- Installing: /home/jo/final_commit/install/communication_msgs/share/communication_msgs/cmake/communication_msgsConfig-version.cmake
[2.937s] -- Installing: /home/jo/final_commit/install/communication_msgs/share/communication_msgs/package.xml
[2.939s] Invoked command in '/home/jo/final_commit/build/communication_msgs' returned '0': CMAKE_PREFIX_PATH=${CMAKE_PREFIX_PATH}:/home/jo/final_commit/install/multy_spawn:/home/jo/final_commit/install/lidar_package:/home/jo/final_commit/install/description:/home/jo/final_commit/install/communication:/home/jo/final_commit/install/call_gazebo:/home/jo/final_commit/install/auto_drive_control:/opt/ros/humble /usr/bin/cmake --install /home/jo/final_commit/build/communication_msgs
