[0.651s] Invoking command in '/home/jo/final_commit/src/communication': PYTHONPATH=/home/jo/final_commit/build/communication/prefix_override:/home/jo/final_commit/install/communication/lib/python3.10/site-packages:${PYTHONPATH} /usr/bin/python3 setup.py egg_info --egg-base ../../build/communication build --build-base /home/jo/final_commit/build/communication/build install --record /home/jo/final_commit/build/communication/install.log --single-version-externally-managed
[0.858s] running egg_info
[0.858s] writing ../../build/communication/communication.egg-info/PKG-INFO
[0.858s] writing dependency_links to ../../build/communication/communication.egg-info/dependency_links.txt
[0.859s] writing entry points to ../../build/communication/communication.egg-info/entry_points.txt
[0.859s] writing requirements to ../../build/communication/communication.egg-info/requires.txt
[0.859s] writing top-level names to ../../build/communication/communication.egg-info/top_level.txt
[0.860s] reading manifest file '../../build/communication/communication.egg-info/SOURCES.txt'
[0.861s] writing manifest file '../../build/communication/communication.egg-info/SOURCES.txt'
[0.861s] running build
[0.861s] running build_py
[0.861s] copying communication/controller_listener.py -> /home/jo/final_commit/build/communication/build/lib/communication
[0.862s] copying communication/minibot_talker.py -> /home/jo/final_commit/build/communication/build/lib/communication
[0.862s] copying communication/controller_talker.py -> /home/jo/final_commit/build/communication/build/lib/communication
[0.862s] running install
[0.862s] /usr/lib/python3/dist-packages/setuptools/command/install.py:34: SetuptoolsDeprecationWarning: setup.py install is deprecated. Use build and pip and other standards-based tools.
[0.862s]   warnings.warn(
[0.862s] running install_lib
[0.863s] copying /home/jo/final_commit/build/communication/build/lib/communication/controller_listener.py -> /home/jo/final_commit/install/communication/lib/python3.10/site-packages/communication
[0.863s] copying /home/jo/final_commit/build/communication/build/lib/communication/minibot_talker.py -> /home/jo/final_commit/install/communication/lib/python3.10/site-packages/communication
[0.863s] copying /home/jo/final_commit/build/communication/build/lib/communication/controller_talker.py -> /home/jo/final_commit/install/communication/lib/python3.10/site-packages/communication
[0.864s] byte-compiling /home/jo/final_commit/install/communication/lib/python3.10/site-packages/communication/controller_listener.py to controller_listener.cpython-310.pyc
[0.864s] byte-compiling /home/jo/final_commit/install/communication/lib/python3.10/site-packages/communication/minibot_talker.py to minibot_talker.cpython-310.pyc
[0.864s] byte-compiling /home/jo/final_commit/install/communication/lib/python3.10/site-packages/communication/controller_talker.py to controller_talker.cpython-310.pyc
[0.865s] running install_data
[0.865s] creating /home/jo/final_commit/install/communication/share/communication/launch
[0.865s] copying launch/controller.launch.py -> /home/jo/final_commit/install/communication/share/communication/launch
[0.865s] running install_egg_info
[0.866s] removing '/home/jo/final_commit/install/communication/lib/python3.10/site-packages/communication-0.0.0-py3.10.egg-info' (and everything under it)
[0.867s] Copying ../../build/communication/communication.egg-info to /home/jo/final_commit/install/communication/lib/python3.10/site-packages/communication-0.0.0-py3.10.egg-info
[0.867s] running install_scripts
[0.882s] Installing controller_listener script to /home/jo/final_commit/install/communication/lib/communication
[0.882s] Installing controller_talker script to /home/jo/final_commit/install/communication/lib/communication
[0.882s] Installing minibot_listener script to /home/jo/final_commit/install/communication/lib/communication
[0.882s] Installing minibot_talker script to /home/jo/final_commit/install/communication/lib/communication
[0.882s] writing list of installed files to '/home/jo/final_commit/build/communication/install.log'
[0.897s] Invoked command in '/home/jo/final_commit/src/communication' returned '0': PYTHONPATH=/home/jo/final_commit/build/communication/prefix_override:/home/jo/final_commit/install/communication/lib/python3.10/site-packages:${PYTHONPATH} /usr/bin/python3 setup.py egg_info --egg-base ../../build/communication build --build-base /home/jo/final_commit/build/communication/build install --record /home/jo/final_commit/build/communication/install.log --single-version-externally-managed
