[0.719s] Invoking command in '/home/jo/ros-repo-2/src/minibot_network': PS1=\[\e]0;\u@\h: \w\a\]${debian_chroot:+($debian_chroot)}\[\033[01;32m\]\u@\h\[\033[00m\]:\[\033[01;34m\]\w\[\033[00m\]\$ PYTHONPATH=/home/jo/ros-repo-2/build/minibot_network/prefix_override:/home/jo/ros-repo-2/install/minibot_network/lib/python3.10/site-packages:${PYTHONPATH} /usr/bin/python3 setup.py egg_info --egg-base ../../build/minibot_network build --build-base /home/jo/ros-repo-2/build/minibot_network/build install --record /home/jo/ros-repo-2/build/minibot_network/install.log --single-version-externally-managed
[0.945s] running egg_info
[0.945s] writing ../../build/minibot_network/minibot_network.egg-info/PKG-INFO
[0.945s] writing dependency_links to ../../build/minibot_network/minibot_network.egg-info/dependency_links.txt
[0.946s] writing entry points to ../../build/minibot_network/minibot_network.egg-info/entry_points.txt
[0.946s] writing requirements to ../../build/minibot_network/minibot_network.egg-info/requires.txt
[0.946s] writing top-level names to ../../build/minibot_network/minibot_network.egg-info/top_level.txt
[0.947s] reading manifest file '../../build/minibot_network/minibot_network.egg-info/SOURCES.txt'
[0.948s] writing manifest file '../../build/minibot_network/minibot_network.egg-info/SOURCES.txt'
[0.948s] running build
[0.949s] running build_py
[0.949s] copying minibot_network/other_server.py -> /home/jo/ros-repo-2/build/minibot_network/build/lib/minibot_network
[0.949s] copying minibot_network/main_client.py -> /home/jo/ros-repo-2/build/minibot_network/build/lib/minibot_network
[0.950s] running install
[0.950s] /usr/lib/python3/dist-packages/setuptools/command/install.py:34: SetuptoolsDeprecationWarning: setup.py install is deprecated. Use build and pip and other standards-based tools.
[0.950s]   warnings.warn(
[0.950s] running install_lib
[0.951s] copying /home/jo/ros-repo-2/build/minibot_network/build/lib/minibot_network/other_server.py -> /home/jo/ros-repo-2/install/minibot_network/lib/python3.10/site-packages/minibot_network
[0.951s] copying /home/jo/ros-repo-2/build/minibot_network/build/lib/minibot_network/main_client.py -> /home/jo/ros-repo-2/install/minibot_network/lib/python3.10/site-packages/minibot_network
[0.951s] byte-compiling /home/jo/ros-repo-2/install/minibot_network/lib/python3.10/site-packages/minibot_network/other_server.py to other_server.cpython-310.pyc
[0.952s] byte-compiling /home/jo/ros-repo-2/install/minibot_network/lib/python3.10/site-packages/minibot_network/main_client.py to main_client.cpython-310.pyc
[0.953s] running install_data
[0.953s] running install_egg_info
[0.954s] removing '/home/jo/ros-repo-2/install/minibot_network/lib/python3.10/site-packages/minibot_network-0.0.0-py3.10.egg-info' (and everything under it)
[0.955s] Copying ../../build/minibot_network/minibot_network.egg-info to /home/jo/ros-repo-2/install/minibot_network/lib/python3.10/site-packages/minibot_network-0.0.0-py3.10.egg-info
[0.955s] running install_scripts
[0.971s] Installing main_client script to /home/jo/ros-repo-2/install/minibot_network/lib/minibot_network
[0.971s] Installing main_server script to /home/jo/ros-repo-2/install/minibot_network/lib/minibot_network
[0.971s] Installing minibot_cam_publish script to /home/jo/ros-repo-2/install/minibot_network/lib/minibot_network
[0.972s] Installing minibot_cam_subscriber script to /home/jo/ros-repo-2/install/minibot_network/lib/minibot_network
[0.972s] writing list of installed files to '/home/jo/ros-repo-2/build/minibot_network/install.log'
[0.989s] Invoked command in '/home/jo/ros-repo-2/src/minibot_network' returned '0': PS1=\[\e]0;\u@\h: \w\a\]${debian_chroot:+($debian_chroot)}\[\033[01;32m\]\u@\h\[\033[00m\]:\[\033[01;34m\]\w\[\033[00m\]\$ PYTHONPATH=/home/jo/ros-repo-2/build/minibot_network/prefix_override:/home/jo/ros-repo-2/install/minibot_network/lib/python3.10/site-packages:${PYTHONPATH} /usr/bin/python3 setup.py egg_info --egg-base ../../build/minibot_network build --build-base /home/jo/ros-repo-2/build/minibot_network/build install --record /home/jo/ros-repo-2/build/minibot_network/install.log --single-version-externally-managed
