[1.571s] DEBUG:colcon:Command line arguments: ['/usr/bin/colcon', 'build']
[1.571s] DEBUG:colcon:Parsed command line arguments: Namespace(log_base=None, log_level=None, verb_name='build', build_base='build', install_base='install', merge_install=False, symlink_install=False, test_result_base=None, continue_on_error=False, executor='parallel', parallel_workers=12, event_handlers=None, ignore_user_meta=False, metas=['./colcon.meta'], base_paths=['.'], packages_ignore=None, packages_ignore_regex=None, paths=None, packages_up_to=None, packages_up_to_regex=None, packages_above=None, packages_above_and_dependencies=None, packages_above_depth=None, packages_select_by_dep=None, packages_skip_by_dep=None, packages_skip_up_to=None, packages_select_build_failed=False, packages_skip_build_finished=False, packages_select_test_failures=False, packages_skip_test_passed=False, packages_select=None, packages_skip=None, packages_select_regex=None, packages_skip_regex=None, packages_start=None, packages_end=None, allow_overriding=[], cmake_args=None, cmake_target=None, cmake_target_skip_unavailable=False, cmake_clean_cache=False, cmake_clean_first=False, cmake_force_configure=False, ament_cmake_args=None, catkin_cmake_args=None, catkin_skip_building_tests=False, verb_parser=<colcon_defaults.argument_parser.defaults.DefaultArgumentsDecorator object at 0x7fe4ba8b5c60>, verb_extension=<colcon_core.verb.build.BuildVerb object at 0x7fe4bacb9a50>, main=<bound method BuildVerb.main of <colcon_core.verb.build.BuildVerb object at 0x7fe4bacb9a50>>)
[1.640s] Level 1:colcon.colcon_core.package_discovery:discover_packages(colcon_meta) check parameters
[1.640s] Level 1:colcon.colcon_core.package_discovery:discover_packages(recursive) check parameters
[1.640s] Level 1:colcon.colcon_core.package_discovery:discover_packages(ignore) check parameters
[1.640s] Level 1:colcon.colcon_core.package_discovery:discover_packages(path) check parameters
[1.640s] Level 1:colcon.colcon_core.package_discovery:discover_packages(colcon_meta) discover
[1.640s] Level 1:colcon.colcon_core.package_discovery:discover_packages(recursive) discover
[1.640s] INFO:colcon.colcon_core.package_discovery:Crawling recursively for packages in '/home/jo/final_commit'
[1.641s] Level 1:colcon.colcon_core.package_identification:_identify(.) by extensions ['ignore', 'ignore_ament_install']
[1.641s] Level 1:colcon.colcon_core.package_identification:_identify(.) by extension 'ignore'
[1.641s] Level 1:colcon.colcon_core.package_identification:_identify(.) by extension 'ignore_ament_install'
[1.641s] Level 1:colcon.colcon_core.package_identification:_identify(.) by extensions ['colcon_pkg']
[1.641s] Level 1:colcon.colcon_core.package_identification:_identify(.) by extension 'colcon_pkg'
[1.641s] Level 1:colcon.colcon_core.package_identification:_identify(.) by extensions ['colcon_meta']
[1.641s] Level 1:colcon.colcon_core.package_identification:_identify(.) by extension 'colcon_meta'
[1.641s] Level 1:colcon.colcon_core.package_identification:_identify(.) by extensions ['ros']
[1.641s] Level 1:colcon.colcon_core.package_identification:_identify(.) by extension 'ros'
[1.662s] Level 1:colcon.colcon_core.package_identification:_identify(.) by extensions ['cmake', 'python']
[1.662s] Level 1:colcon.colcon_core.package_identification:_identify(.) by extension 'cmake'
[1.662s] Level 1:colcon.colcon_core.package_identification:_identify(.) by extension 'python'
[1.662s] Level 1:colcon.colcon_core.package_identification:_identify(.) by extensions ['python_setup_py']
[1.663s] Level 1:colcon.colcon_core.package_identification:_identify(.) by extension 'python_setup_py'
[1.663s] Level 1:colcon.colcon_core.package_identification:_identify(build) by extensions ['ignore', 'ignore_ament_install']
[1.663s] Level 1:colcon.colcon_core.package_identification:_identify(build) by extension 'ignore'
[1.663s] Level 1:colcon.colcon_core.package_identification:_identify(build) ignored
[1.663s] Level 1:colcon.colcon_core.package_identification:_identify(install) by extensions ['ignore', 'ignore_ament_install']
[1.663s] Level 1:colcon.colcon_core.package_identification:_identify(install) by extension 'ignore'
[1.663s] Level 1:colcon.colcon_core.package_identification:_identify(install) ignored
[1.664s] Level 1:colcon.colcon_core.package_identification:_identify(log) by extensions ['ignore', 'ignore_ament_install']
[1.664s] Level 1:colcon.colcon_core.package_identification:_identify(log) by extension 'ignore'
[1.664s] Level 1:colcon.colcon_core.package_identification:_identify(log) ignored
[1.664s] Level 1:colcon.colcon_core.package_identification:_identify(src) by extensions ['ignore', 'ignore_ament_install']
[1.664s] Level 1:colcon.colcon_core.package_identification:_identify(src) by extension 'ignore'
[1.664s] Level 1:colcon.colcon_core.package_identification:_identify(src) by extension 'ignore_ament_install'
[1.664s] Level 1:colcon.colcon_core.package_identification:_identify(src) by extensions ['colcon_pkg']
[1.664s] Level 1:colcon.colcon_core.package_identification:_identify(src) by extension 'colcon_pkg'
[1.664s] Level 1:colcon.colcon_core.package_identification:_identify(src) by extensions ['colcon_meta']
[1.664s] Level 1:colcon.colcon_core.package_identification:_identify(src) by extension 'colcon_meta'
[1.664s] Level 1:colcon.colcon_core.package_identification:_identify(src) by extensions ['ros']
[1.664s] Level 1:colcon.colcon_core.package_identification:_identify(src) by extension 'ros'
[1.665s] Level 1:colcon.colcon_core.package_identification:_identify(src) by extensions ['cmake', 'python']
[1.665s] Level 1:colcon.colcon_core.package_identification:_identify(src) by extension 'cmake'
[1.665s] Level 1:colcon.colcon_core.package_identification:_identify(src) by extension 'python'
[1.665s] Level 1:colcon.colcon_core.package_identification:_identify(src) by extensions ['python_setup_py']
[1.665s] Level 1:colcon.colcon_core.package_identification:_identify(src) by extension 'python_setup_py'
[1.665s] Level 1:colcon.colcon_core.package_identification:_identify(src/call_gazebo) by extensions ['ignore', 'ignore_ament_install']
[1.665s] Level 1:colcon.colcon_core.package_identification:_identify(src/call_gazebo) by extension 'ignore'
[1.665s] Level 1:colcon.colcon_core.package_identification:_identify(src/call_gazebo) by extension 'ignore_ament_install'
[1.665s] Level 1:colcon.colcon_core.package_identification:_identify(src/call_gazebo) by extensions ['colcon_pkg']
[1.665s] Level 1:colcon.colcon_core.package_identification:_identify(src/call_gazebo) by extension 'colcon_pkg'
[1.665s] Level 1:colcon.colcon_core.package_identification:_identify(src/call_gazebo) by extensions ['colcon_meta']
[1.665s] Level 1:colcon.colcon_core.package_identification:_identify(src/call_gazebo) by extension 'colcon_meta'
[1.665s] Level 1:colcon.colcon_core.package_identification:_identify(src/call_gazebo) by extensions ['ros']
[1.665s] Level 1:colcon.colcon_core.package_identification:_identify(src/call_gazebo) by extension 'ros'
[1.669s] DEBUG:colcon.colcon_core.package_identification:Package 'src/call_gazebo' with type 'ros.ament_python' and name 'call_gazebo'
[1.669s] Level 1:colcon.colcon_core.package_identification:_identify(src/description) by extensions ['ignore', 'ignore_ament_install']
[1.669s] Level 1:colcon.colcon_core.package_identification:_identify(src/description) by extension 'ignore'
[1.669s] Level 1:colcon.colcon_core.package_identification:_identify(src/description) by extension 'ignore_ament_install'
[1.669s] Level 1:colcon.colcon_core.package_identification:_identify(src/description) by extensions ['colcon_pkg']
[1.669s] Level 1:colcon.colcon_core.package_identification:_identify(src/description) by extension 'colcon_pkg'
[1.669s] Level 1:colcon.colcon_core.package_identification:_identify(src/description) by extensions ['colcon_meta']
[1.670s] Level 1:colcon.colcon_core.package_identification:_identify(src/description) by extension 'colcon_meta'
[1.670s] Level 1:colcon.colcon_core.package_identification:_identify(src/description) by extensions ['ros']
[1.670s] Level 1:colcon.colcon_core.package_identification:_identify(src/description) by extension 'ros'
[1.670s] DEBUG:colcon.colcon_core.package_identification:Package 'src/description' with type 'ros.ament_python' and name 'description'
[1.670s] Level 1:colcon.colcon_core.package_discovery:discover_packages(recursive) using defaults
[1.670s] Level 1:colcon.colcon_core.package_discovery:discover_packages(ignore) discover
[1.670s] Level 1:colcon.colcon_core.package_discovery:discover_packages(ignore) using defaults
[1.670s] Level 1:colcon.colcon_core.package_discovery:discover_packages(path) discover
[1.670s] Level 1:colcon.colcon_core.package_discovery:discover_packages(path) using defaults
[1.802s] Level 1:colcon.colcon_core.package_discovery:discover_packages(prefix_path) check parameters
[1.802s] Level 1:colcon.colcon_core.package_discovery:discover_packages(prefix_path) discover
[1.877s] DEBUG:colcon.colcon_installed_package_information.package_discovery:Found 7 installed packages in /home/jo/final_commit/install
[1.903s] DEBUG:colcon.colcon_installed_package_information.package_discovery:Found 400 installed packages in /opt/ros/humble
[1.905s] Level 1:colcon.colcon_core.package_discovery:discover_packages(prefix_path) using defaults
[2.070s] Level 5:colcon.colcon_core.verb:set package 'call_gazebo' build argument 'cmake_args' from command line to 'None'
[2.071s] Level 5:colcon.colcon_core.verb:set package 'call_gazebo' build argument 'cmake_target' from command line to 'None'
[2.071s] Level 5:colcon.colcon_core.verb:set package 'call_gazebo' build argument 'cmake_target_skip_unavailable' from command line to 'False'
[2.071s] Level 5:colcon.colcon_core.verb:set package 'call_gazebo' build argument 'cmake_clean_cache' from command line to 'False'
[2.071s] Level 5:colcon.colcon_core.verb:set package 'call_gazebo' build argument 'cmake_clean_first' from command line to 'False'
[2.071s] Level 5:colcon.colcon_core.verb:set package 'call_gazebo' build argument 'cmake_force_configure' from command line to 'False'
[2.071s] Level 5:colcon.colcon_core.verb:set package 'call_gazebo' build argument 'ament_cmake_args' from command line to 'None'
[2.071s] Level 5:colcon.colcon_core.verb:set package 'call_gazebo' build argument 'catkin_cmake_args' from command line to 'None'
[2.071s] Level 5:colcon.colcon_core.verb:set package 'call_gazebo' build argument 'catkin_skip_building_tests' from command line to 'False'
[2.071s] DEBUG:colcon.colcon_core.verb:Building package 'call_gazebo' with the following arguments: {'ament_cmake_args': None, 'build_base': '/home/jo/final_commit/build/call_gazebo', 'catkin_cmake_args': None, 'catkin_skip_building_tests': False, 'cmake_args': None, 'cmake_clean_cache': False, 'cmake_clean_first': False, 'cmake_force_configure': False, 'cmake_target': None, 'cmake_target_skip_unavailable': False, 'install_base': '/home/jo/final_commit/install/call_gazebo', 'merge_install': False, 'path': '/home/jo/final_commit/src/call_gazebo', 'symlink_install': False, 'test_result_base': None}
[2.098s] Level 5:colcon.colcon_core.verb:set package 'description' build argument 'cmake_args' from command line to 'None'
[2.099s] Level 5:colcon.colcon_core.verb:set package 'description' build argument 'cmake_target' from command line to 'None'
[2.099s] Level 5:colcon.colcon_core.verb:set package 'description' build argument 'cmake_target_skip_unavailable' from command line to 'False'
[2.099s] Level 5:colcon.colcon_core.verb:set package 'description' build argument 'cmake_clean_cache' from command line to 'False'
[2.099s] Level 5:colcon.colcon_core.verb:set package 'description' build argument 'cmake_clean_first' from command line to 'False'
[2.099s] Level 5:colcon.colcon_core.verb:set package 'description' build argument 'cmake_force_configure' from command line to 'False'
[2.099s] Level 5:colcon.colcon_core.verb:set package 'description' build argument 'ament_cmake_args' from command line to 'None'
[2.099s] Level 5:colcon.colcon_core.verb:set package 'description' build argument 'catkin_cmake_args' from command line to 'None'
[2.099s] Level 5:colcon.colcon_core.verb:set package 'description' build argument 'catkin_skip_building_tests' from command line to 'False'
[2.099s] DEBUG:colcon.colcon_core.verb:Building package 'description' with the following arguments: {'ament_cmake_args': None, 'build_base': '/home/jo/final_commit/build/description', 'catkin_cmake_args': None, 'catkin_skip_building_tests': False, 'cmake_args': None, 'cmake_clean_cache': False, 'cmake_clean_first': False, 'cmake_force_configure': False, 'cmake_target': None, 'cmake_target_skip_unavailable': False, 'install_base': '/home/jo/final_commit/install/description', 'merge_install': False, 'path': '/home/jo/final_commit/src/description', 'symlink_install': False, 'test_result_base': None}
[2.124s] INFO:colcon.colcon_core.executor:Executing jobs using 'parallel' executor
[2.150s] DEBUG:colcon.colcon_parallel_executor.executor.parallel:run_until_complete
[2.151s] INFO:colcon.colcon_ros.task.ament_python.build:Building ROS package in '/home/jo/final_commit/src/call_gazebo' with build type 'ament_python'
[2.151s] Level 1:colcon.colcon_core.shell:create_environment_hook('call_gazebo', 'ament_prefix_path')
[2.213s] INFO:colcon.colcon_core.plugin_system:Skipping extension 'colcon_core.shell.bat': Not used on non-Windows systems
[2.214s] INFO:colcon.colcon_core.shell:Creating environment hook '/home/jo/final_commit/install/call_gazebo/share/call_gazebo/hook/ament_prefix_path.ps1'
[2.216s] INFO:colcon.colcon_core.shell:Creating environment descriptor '/home/jo/final_commit/install/call_gazebo/share/call_gazebo/hook/ament_prefix_path.dsv'
[2.221s] INFO:colcon.colcon_core.shell:Creating environment hook '/home/jo/final_commit/install/call_gazebo/share/call_gazebo/hook/ament_prefix_path.sh'
[2.293s] INFO:colcon.colcon_core.shell:Skip shell extension 'powershell' for command environment: Not usable outside of PowerShell
[2.294s] DEBUG:colcon.colcon_core.shell:Skip shell extension 'dsv' for command environment
[2.507s] INFO:colcon.colcon_ros.task.ament_python.build:Building ROS package in '/home/jo/final_commit/src/description' with build type 'ament_python'
[2.508s] Level 1:colcon.colcon_core.shell:create_environment_hook('description', 'ament_prefix_path')
[2.558s] INFO:colcon.colcon_core.shell:Creating environment hook '/home/jo/final_commit/install/description/share/description/hook/ament_prefix_path.ps1'
[2.560s] INFO:colcon.colcon_core.shell:Creating environment descriptor '/home/jo/final_commit/install/description/share/description/hook/ament_prefix_path.dsv'
[2.565s] INFO:colcon.colcon_core.shell:Creating environment hook '/home/jo/final_commit/install/description/share/description/hook/ament_prefix_path.sh'
[2.611s] INFO:colcon.colcon_core.shell:Skip shell extension 'powershell' for command environment: Not usable outside of PowerShell
[2.611s] DEBUG:colcon.colcon_core.shell:Skip shell extension 'dsv' for command environment
[3.139s] INFO:colcon.colcon_core.task.python.build:Building Python package in '/home/jo/final_commit/src/call_gazebo'
[3.165s] INFO:colcon.colcon_core.shell:Skip shell extension 'powershell' for command environment: Not usable outside of PowerShell
[3.166s] DEBUG:colcon.colcon_core.shell:Skip shell extension 'dsv' for command environment
[3.658s] INFO:colcon.colcon_core.task.python.build:Building Python package in '/home/jo/final_commit/src/description'
[3.685s] INFO:colcon.colcon_core.shell:Skip shell extension 'powershell' for command environment: Not usable outside of PowerShell
[3.685s] DEBUG:colcon.colcon_core.shell:Skip shell extension 'dsv' for command environment
[4.495s] DEBUG:colcon.colcon_core.event_handler.log_command:Invoking command in '/home/jo/final_commit/src/call_gazebo': PYTHONPATH=/home/jo/final_commit/build/call_gazebo/prefix_override:/home/jo/final_commit/install/call_gazebo/lib/python3.10/site-packages:${PYTHONPATH} /usr/bin/python3 setup.py egg_info --egg-base ../../build/call_gazebo build --build-base /home/jo/final_commit/build/call_gazebo/build install --record /home/jo/final_commit/build/call_gazebo/install.log --single-version-externally-managed
[4.502s] DEBUG:colcon.colcon_core.event_handler.log_command:Invoking command in '/home/jo/final_commit/src/description': PYTHONPATH=/home/jo/final_commit/build/description/prefix_override:/home/jo/final_commit/install/description/lib/python3.10/site-packages:${PYTHONPATH} /usr/bin/python3 setup.py egg_info --egg-base ../../build/description build --build-base /home/jo/final_commit/build/description/build install --record /home/jo/final_commit/build/description/install.log --single-version-externally-managed
[5.121s] DEBUG:colcon.colcon_core.event_handler.log_command:Invoked command in '/home/jo/final_commit/src/call_gazebo' returned '0': PYTHONPATH=/home/jo/final_commit/build/call_gazebo/prefix_override:/home/jo/final_commit/install/call_gazebo/lib/python3.10/site-packages:${PYTHONPATH} /usr/bin/python3 setup.py egg_info --egg-base ../../build/call_gazebo build --build-base /home/jo/final_commit/build/call_gazebo/build install --record /home/jo/final_commit/build/call_gazebo/install.log --single-version-externally-managed
[5.184s] Level 1:colcon.colcon_core.environment:checking '/home/jo/final_commit/install/call_gazebo' for CMake module files
[5.185s] Level 1:colcon.colcon_core.environment:checking '/home/jo/final_commit/install/call_gazebo' for CMake config files
[5.187s] Level 1:colcon.colcon_core.environment:checking '/home/jo/final_commit/install/call_gazebo/lib'
[5.188s] Level 1:colcon.colcon_core.environment:checking '/home/jo/final_commit/install/call_gazebo/bin'
[5.188s] Level 1:colcon.colcon_core.environment:checking '/home/jo/final_commit/install/call_gazebo/lib/pkgconfig/call_gazebo.pc'
[5.188s] Level 1:colcon.colcon_core.environment:checking '/home/jo/final_commit/install/call_gazebo/lib/python3.10/site-packages'
[5.188s] Level 1:colcon.colcon_core.shell:create_environment_hook('call_gazebo', 'pythonpath')
[5.220s] INFO:colcon.colcon_core.shell:Creating environment hook '/home/jo/final_commit/install/call_gazebo/share/call_gazebo/hook/pythonpath.ps1'
[5.221s] INFO:colcon.colcon_core.shell:Creating environment descriptor '/home/jo/final_commit/install/call_gazebo/share/call_gazebo/hook/pythonpath.dsv'
[5.221s] INFO:colcon.colcon_core.shell:Creating environment hook '/home/jo/final_commit/install/call_gazebo/share/call_gazebo/hook/pythonpath.sh'
[5.221s] Level 1:colcon.colcon_core.environment:checking '/home/jo/final_commit/install/call_gazebo/bin'
[5.222s] Level 1:colcon.colcon_core.environment:create_environment_scripts_only(call_gazebo)
[5.253s] INFO:colcon.colcon_core.shell:Creating package script '/home/jo/final_commit/install/call_gazebo/share/call_gazebo/package.ps1'
[5.254s] INFO:colcon.colcon_core.shell:Creating package descriptor '/home/jo/final_commit/install/call_gazebo/share/call_gazebo/package.dsv'
[5.255s] INFO:colcon.colcon_core.shell:Creating package script '/home/jo/final_commit/install/call_gazebo/share/call_gazebo/package.sh'
[5.256s] INFO:colcon.colcon_core.shell:Creating package script '/home/jo/final_commit/install/call_gazebo/share/call_gazebo/package.bash'
[5.264s] INFO:colcon.colcon_core.shell:Creating package script '/home/jo/final_commit/install/call_gazebo/share/call_gazebo/package.zsh'
[5.268s] Level 1:colcon.colcon_core.environment:create_file_with_runtime_dependencies(/home/jo/final_commit/install/call_gazebo/share/colcon-core/packages/call_gazebo)
[5.270s] DEBUG:colcon.colcon_core.event_handler.log_command:Invoked command in '/home/jo/final_commit/src/description' returned '0': PYTHONPATH=/home/jo/final_commit/build/description/prefix_override:/home/jo/final_commit/install/description/lib/python3.10/site-packages:${PYTHONPATH} /usr/bin/python3 setup.py egg_info --egg-base ../../build/description build --build-base /home/jo/final_commit/build/description/build install --record /home/jo/final_commit/build/description/install.log --single-version-externally-managed
[5.311s] Level 1:colcon.colcon_core.environment:checking '/home/jo/final_commit/install/description' for CMake module files
[5.311s] Level 1:colcon.colcon_core.environment:checking '/home/jo/final_commit/install/description' for CMake config files
[5.312s] Level 1:colcon.colcon_core.environment:checking '/home/jo/final_commit/install/description/lib'
[5.313s] Level 1:colcon.colcon_core.environment:checking '/home/jo/final_commit/install/description/bin'
[5.313s] Level 1:colcon.colcon_core.environment:checking '/home/jo/final_commit/install/description/lib/pkgconfig/description.pc'
[5.313s] Level 1:colcon.colcon_core.environment:checking '/home/jo/final_commit/install/description/lib/python3.10/site-packages'
[5.313s] Level 1:colcon.colcon_core.shell:create_environment_hook('description', 'pythonpath')
[5.346s] INFO:colcon.colcon_core.shell:Creating environment hook '/home/jo/final_commit/install/description/share/description/hook/pythonpath.ps1'
[5.346s] INFO:colcon.colcon_core.shell:Creating environment descriptor '/home/jo/final_commit/install/description/share/description/hook/pythonpath.dsv'
[5.346s] INFO:colcon.colcon_core.shell:Creating environment hook '/home/jo/final_commit/install/description/share/description/hook/pythonpath.sh'
[5.347s] Level 1:colcon.colcon_core.environment:checking '/home/jo/final_commit/install/description/bin'
[5.347s] Level 1:colcon.colcon_core.environment:create_environment_scripts_only(description)
[5.375s] INFO:colcon.colcon_core.shell:Creating package script '/home/jo/final_commit/install/description/share/description/package.ps1'
[5.376s] INFO:colcon.colcon_core.shell:Creating package descriptor '/home/jo/final_commit/install/description/share/description/package.dsv'
[5.377s] INFO:colcon.colcon_core.shell:Creating package script '/home/jo/final_commit/install/description/share/description/package.sh'
[5.378s] INFO:colcon.colcon_core.shell:Creating package script '/home/jo/final_commit/install/description/share/description/package.bash'
[5.378s] INFO:colcon.colcon_core.shell:Creating package script '/home/jo/final_commit/install/description/share/description/package.zsh'
[5.378s] Level 1:colcon.colcon_core.environment:create_file_with_runtime_dependencies(/home/jo/final_commit/install/description/share/colcon-core/packages/description)
[5.379s] DEBUG:colcon.colcon_parallel_executor.executor.parallel:closing loop
[5.379s] DEBUG:colcon.colcon_parallel_executor.executor.parallel:loop closed
[5.379s] DEBUG:colcon.colcon_parallel_executor.executor.parallel:run_until_complete finished with '0'
[5.379s] DEBUG:colcon.colcon_core.event_reactor:joining thread
[5.420s] INFO:colcon.colcon_core.plugin_system:Skipping extension 'colcon_notification.desktop_notification.terminal_notifier': Not used on non-Darwin systems
[5.422s] INFO:colcon.colcon_core.plugin_system:Skipping extension 'colcon_notification.desktop_notification.win32': Not used on non-Windows systems
[5.423s] INFO:colcon.colcon_notification.desktop_notification:Sending desktop notification using 'notify2'
[5.444s] DEBUG:colcon.colcon_core.event_reactor:joined thread
[5.473s] INFO:colcon.colcon_core.shell:Creating prefix script '/home/jo/final_commit/install/local_setup.ps1'
[5.474s] INFO:colcon.colcon_core.shell:Creating prefix util module '/home/jo/final_commit/install/_local_setup_util_ps1.py'
[5.476s] INFO:colcon.colcon_core.shell:Creating prefix chain script '/home/jo/final_commit/install/setup.ps1'
[5.509s] INFO:colcon.colcon_core.shell:Creating prefix script '/home/jo/final_commit/install/local_setup.sh'
[5.510s] INFO:colcon.colcon_core.shell:Creating prefix util module '/home/jo/final_commit/install/_local_setup_util_sh.py'
[5.510s] INFO:colcon.colcon_core.shell:Creating prefix chain script '/home/jo/final_commit/install/setup.sh'
[5.553s] INFO:colcon.colcon_core.shell:Creating prefix script '/home/jo/final_commit/install/local_setup.bash'
[5.555s] INFO:colcon.colcon_core.shell:Creating prefix chain script '/home/jo/final_commit/install/setup.bash'
[5.590s] INFO:colcon.colcon_core.shell:Creating prefix script '/home/jo/final_commit/install/local_setup.zsh'
[5.590s] INFO:colcon.colcon_core.shell:Creating prefix chain script '/home/jo/final_commit/install/setup.zsh'
