[0.642s] Invoking command in '/home/jo/final_commit/src/communication': AMENT_PREFIX_PATH=/home/jo/final_commit/install/communication_msgs:${AMENT_PREFIX_PATH} CMAKE_PREFIX_PATH=/home/jo/final_commit/install/communication_msgs LD_LIBRARY_PATH=/home/jo/final_commit/install/communication_msgs/lib:/usr/lib/x86_64-linux-gnu/gazebo-11/plugins:/opt/ros/humble/opt/rviz_ogre_vendor/lib:/opt/ros/humble/lib/x86_64-linux-gnu:/opt/ros/humble/lib:/usr/local/cuda-12.0/lib64 PYTHONPATH=/home/jo/final_commit/build/communication/prefix_override:/home/jo/final_commit/install/communication/lib/python3.10/site-packages:/home/jo/final_commit/install/communication_msgs/local/lib/python3.10/dist-packages:${PYTHONPATH} /usr/bin/python3 setup.py egg_info --egg-base ../../build/communication build --build-base /home/jo/final_commit/build/communication/build install --record /home/jo/final_commit/build/communication/install.log --single-version-externally-managed
[0.864s] running egg_info
[0.864s] writing ../../build/communication/communication.egg-info/PKG-INFO
[0.865s] writing dependency_links to ../../build/communication/communication.egg-info/dependency_links.txt
[0.865s] writing entry points to ../../build/communication/communication.egg-info/entry_points.txt
[0.865s] writing requirements to ../../build/communication/communication.egg-info/requires.txt
[0.865s] writing top-level names to ../../build/communication/communication.egg-info/top_level.txt
[0.867s] reading manifest file '../../build/communication/communication.egg-info/SOURCES.txt'
[0.867s] writing manifest file '../../build/communication/communication.egg-info/SOURCES.txt'
[0.867s] running build
[0.867s] running build_py
[0.868s] running install
[0.868s] /usr/lib/python3/dist-packages/setuptools/command/install.py:34: SetuptoolsDeprecationWarning: setup.py install is deprecated. Use build and pip and other standards-based tools.
[0.868s]   warnings.warn(
[0.868s] running install_lib
[0.869s] running install_data
[0.869s] running install_egg_info
[0.871s] removing '/home/jo/final_commit/install/communication/lib/python3.10/site-packages/communication-0.0.0-py3.10.egg-info' (and everything under it)
[0.871s] Copying ../../build/communication/communication.egg-info to /home/jo/final_commit/install/communication/lib/python3.10/site-packages/communication-0.0.0-py3.10.egg-info
[0.872s] running install_scripts
[0.888s] Installing connect_ros script to /home/jo/final_commit/install/communication/lib/communication
[0.889s] Installing controller_listener script to /home/jo/final_commit/install/communication/lib/communication
[0.889s] Installing controller_talker script to /home/jo/final_commit/install/communication/lib/communication
[0.889s] Installing minibot_listener script to /home/jo/final_commit/install/communication/lib/communication
[0.889s] Installing minibot_talker script to /home/jo/final_commit/install/communication/lib/communication
[0.889s] writing list of installed files to '/home/jo/final_commit/build/communication/install.log'
[0.906s] Invoked command in '/home/jo/final_commit/src/communication' returned '0': AMENT_PREFIX_PATH=/home/jo/final_commit/install/communication_msgs:${AMENT_PREFIX_PATH} CMAKE_PREFIX_PATH=/home/jo/final_commit/install/communication_msgs LD_LIBRARY_PATH=/home/jo/final_commit/install/communication_msgs/lib:/usr/lib/x86_64-linux-gnu/gazebo-11/plugins:/opt/ros/humble/opt/rviz_ogre_vendor/lib:/opt/ros/humble/lib/x86_64-linux-gnu:/opt/ros/humble/lib:/usr/local/cuda-12.0/lib64 PYTHONPATH=/home/jo/final_commit/build/communication/prefix_override:/home/jo/final_commit/install/communication/lib/python3.10/site-packages:/home/jo/final_commit/install/communication_msgs/local/lib/python3.10/dist-packages:${PYTHONPATH} /usr/bin/python3 setup.py egg_info --egg-base ../../build/communication build --build-base /home/jo/final_commit/build/communication/build install --record /home/jo/final_commit/build/communication/install.log --single-version-externally-managed
