[0.622s] Invoking command in '/home/jo/final_commit/src/communication': PYTHONPATH=/home/jo/final_commit/build/communication/prefix_override:/home/jo/final_commit/install/communication/lib/python3.10/site-packages:${PYTHONPATH} /usr/bin/python3 setup.py egg_info --egg-base ../../build/communication build --build-base /home/jo/final_commit/build/communication/build install --record /home/jo/final_commit/build/communication/install.log --single-version-externally-managed
[0.829s] running egg_info
[0.830s] writing ../../build/communication/communication.egg-info/PKG-INFO
[0.830s] writing dependency_links to ../../build/communication/communication.egg-info/dependency_links.txt
[0.830s] writing entry points to ../../build/communication/communication.egg-info/entry_points.txt
[0.830s] writing requirements to ../../build/communication/communication.egg-info/requires.txt
[0.830s] writing top-level names to ../../build/communication/communication.egg-info/top_level.txt
[0.832s] reading manifest file '../../build/communication/communication.egg-info/SOURCES.txt'
[0.832s] writing manifest file '../../build/communication/communication.egg-info/SOURCES.txt'
[0.832s] running build
[0.832s] running build_py
[0.832s] running install
[0.833s] /usr/lib/python3/dist-packages/setuptools/command/install.py:34: SetuptoolsDeprecationWarning: setup.py install is deprecated. Use build and pip and other standards-based tools.
[0.833s]   warnings.warn(
[0.833s] running install_lib
[0.834s] running install_data
[0.834s] running install_egg_info
[0.835s] removing '/home/jo/final_commit/install/communication/lib/python3.10/site-packages/communication-0.0.0-py3.10.egg-info' (and everything under it)
[0.836s] Copying ../../build/communication/communication.egg-info to /home/jo/final_commit/install/communication/lib/python3.10/site-packages/communication-0.0.0-py3.10.egg-info
[0.836s] running install_scripts
[0.852s] Installing listener script to /home/jo/final_commit/install/communication/lib/communication
[0.852s] Installing talker script to /home/jo/final_commit/install/communication/lib/communication
[0.853s] writing list of installed files to '/home/jo/final_commit/build/communication/install.log'
[0.871s] Invoked command in '/home/jo/final_commit/src/communication' returned '0': PYTHONPATH=/home/jo/final_commit/build/communication/prefix_override:/home/jo/final_commit/install/communication/lib/python3.10/site-packages:${PYTHONPATH} /usr/bin/python3 setup.py egg_info --egg-base ../../build/communication build --build-base /home/jo/final_commit/build/communication/build install --record /home/jo/final_commit/build/communication/install.log --single-version-externally-managed
