[0.066s] Invoking command in '/home/jo/final_commit/build/communication_msgs': CMAKE_PREFIX_PATH=${CMAKE_PREFIX_PATH}:/home/jo/final_commit/install/communication:/opt/ros/humble /usr/bin/cmake --build /home/jo/final_commit/build/communication_msgs -- -j12 -l12
[0.082s] -- Found ament_cmake: 1.3.6 (/opt/ros/humble/share/ament_cmake/cmake)
[0.187s] -- Found rosidl_default_generators: 1.2.0 (/opt/ros/humble/share/rosidl_default_generators/cmake)
[0.188s] -- Using all available rosidl_typesupport_c: rosidl_typesupport_fastrtps_c;rosidl_typesupport_introspection_c
[0.190s] -- Found rosidl_adapter: 3.1.5 (/opt/ros/humble/share/rosidl_adapter/cmake)
[0.212s] -- Using all available rosidl_typesupport_cpp: rosidl_typesupport_fastrtps_cpp;rosidl_typesupport_introspection_cpp
[0.491s] -- Found ament_cmake_ros: 0.10.0 (/opt/ros/humble/share/ament_cmake_ros/cmake)
[0.622s] -- Using all available rosidl_typesupport_c: rosidl_typesupport_fastrtps_c;rosidl_typesupport_introspection_c
[0.786s] -- Using all available rosidl_typesupport_cpp: rosidl_typesupport_fastrtps_cpp;rosidl_typesupport_introspection_cpp
[0.802s] -- Found PythonInterp: /usr/bin/python3 (found suitable version "3.10.12", minimum required is "3.6") 
[0.804s] -- Found python_cmake_module: 0.10.0 (/opt/ros/humble/share/python_cmake_module/cmake)
[0.822s] -- Found PythonLibs: /usr/lib/x86_64-linux-gnu/libpython3.10.so (found suitable version "3.10.12", minimum required is "3.5") 
[0.822s] -- Using PYTHON_EXECUTABLE: /usr/bin/python3
[0.822s] -- Using PYTHON_INCLUDE_DIRS: /usr/include/python3.10
[0.822s] -- Using PYTHON_LIBRARIES: /usr/lib/x86_64-linux-gnu/libpython3.10.so
[0.837s] -- Found PythonExtra: .so  
[0.860s] -- Found ament_lint_auto: 0.12.9 (/opt/ros/humble/share/ament_lint_auto/cmake)
[0.871s] -- Added test 'lint_cmake' to check CMake code style
[0.872s] -- Added test 'xmllint' to check XML markup files
[0.874s] -- Configuring done
[0.899s] -- Generating done
[0.902s] -- Build files have been written to: /home/jo/final_commit/build/communication_msgs
[0.921s] [  3%] [34m[1mGenerating C code for ROS interfaces[0m
[0.929s] [  6%] [34m[1mGenerating C++ code for ROS interfaces[0m
[0.937s] [  6%] Built target ament_cmake_python_copy_communication_msgs
[1.128s] [  6%] Built target communication_msgs__cpp
[1.128s] [  9%] [32mBuilding C object CMakeFiles/communication_msgs__rosidl_generator_c.dir/rosidl_generator_c/communication_msgs/msg/detail/talker__functions.c.o[0m
[1.136s] [ 19%] [34m[1mGenerating C++ type support dispatch for ROS interfaces[0m
[1.136s] [ 19%] [34m[1mGenerating C++ type support for eProsima Fast-RTPS[0m
[1.136s] [ 19%] [34m[1mGenerating C++ introspection for ROS interfaces[0m
[1.173s] running egg_info
[1.173s] creating communication_msgs.egg-info
[1.173s] writing communication_msgs.egg-info/PKG-INFO
[1.174s] writing dependency_links to communication_msgs.egg-info/dependency_links.txt
[1.174s] writing top-level names to communication_msgs.egg-info/top_level.txt
[1.174s] writing manifest file 'communication_msgs.egg-info/SOURCES.txt'
[1.176s] reading manifest file 'communication_msgs.egg-info/SOURCES.txt'
[1.176s] writing manifest file 'communication_msgs.egg-info/SOURCES.txt'
[1.178s] [ 22%] [32m[1mLinking C shared library libcommunication_msgs__rosidl_generator_c.so[0m
[1.205s] [ 22%] Built target ament_cmake_python_build_communication_msgs_egg
[1.207s] [ 22%] Built target communication_msgs__rosidl_generator_c
[1.215s] [ 32%] [34m[1mGenerating C introspection for ROS interfaces[0m
[1.215s] [ 32%] [34m[1mGenerating C type support for eProsima Fast-RTPS[0m
[1.215s] [ 32%] [34m[1mGenerating C type support dispatch for ROS interfaces[0m
[1.320s] [ 35%] [32mBuilding CXX object CMakeFiles/communication_msgs__rosidl_typesupport_cpp.dir/rosidl_typesupport_cpp/communication_msgs/msg/talker__type_support.cpp.o[0m
[1.344s] [ 41%] [32mBuilding CXX object CMakeFiles/communication_msgs__rosidl_typesupport_fastrtps_cpp.dir/rosidl_typesupport_fastrtps_cpp/communication_msgs/msg/detail/dds_fastrtps/talker__type_support.cpp.o[0m
[1.344s] [ 41%] [32mBuilding CXX object CMakeFiles/communication_msgs__rosidl_typesupport_introspection_cpp.dir/rosidl_typesupport_introspection_cpp/communication_msgs/msg/detail/talker__type_support.cpp.o[0m
[1.420s] [ 45%] [32mBuilding CXX object CMakeFiles/communication_msgs__rosidl_typesupport_fastrtps_c.dir/rosidl_typesupport_fastrtps_c/communication_msgs/msg/detail/talker__type_support_c.cpp.o[0m
[1.493s] [ 48%] [32mBuilding C object CMakeFiles/communication_msgs__rosidl_typesupport_introspection_c.dir/rosidl_typesupport_introspection_c/communication_msgs/msg/detail/talker__type_support.c.o[0m
[1.515s] [ 51%] [32mBuilding CXX object CMakeFiles/communication_msgs__rosidl_typesupport_c.dir/rosidl_typesupport_c/communication_msgs/msg/talker__type_support.cpp.o[0m
[1.519s] [ 54%] [32m[1mLinking C shared library libcommunication_msgs__rosidl_typesupport_introspection_c.so[0m
[1.539s] [ 58%] [32m[1mLinking CXX shared library libcommunication_msgs__rosidl_typesupport_c.so[0m
[1.546s] [ 58%] Built target communication_msgs__rosidl_typesupport_introspection_c
[1.567s] [ 61%] [32m[1mLinking CXX shared library libcommunication_msgs__rosidl_typesupport_cpp.so[0m
[1.575s] [ 61%] Built target communication_msgs__rosidl_typesupport_c
[1.599s] [ 61%] Built target communication_msgs__rosidl_typesupport_cpp
[1.660s] [ 64%] [32m[1mLinking CXX shared library libcommunication_msgs__rosidl_typesupport_introspection_cpp.so[0m
[1.695s] [ 67%] [32m[1mLinking CXX shared library libcommunication_msgs__rosidl_typesupport_fastrtps_c.so[0m
[1.699s] [ 70%] [32m[1mLinking CXX shared library libcommunication_msgs__rosidl_typesupport_fastrtps_cpp.so[0m
[1.712s] [ 70%] Built target communication_msgs__rosidl_typesupport_introspection_cpp
[1.767s] [ 70%] Built target communication_msgs__rosidl_typesupport_fastrtps_c
[1.769s] [ 70%] Built target communication_msgs__rosidl_typesupport_fastrtps_cpp
[1.783s] [ 70%] Built target communication_msgs
[1.796s] [ 74%] [34m[1mGenerating Python code for ROS interfaces[0m
[2.005s] [ 74%] Built target communication_msgs__py
[2.018s] [ 77%] [32mBuilding C object CMakeFiles/communication_msgs__rosidl_generator_py.dir/rosidl_generator_py/communication_msgs/msg/_talker_s.c.o[0m
[2.104s] [ 80%] [32m[1mLinking C shared library rosidl_generator_py/communication_msgs/libcommunication_msgs__rosidl_generator_py.so[0m
[2.130s] [ 80%] Built target communication_msgs__rosidl_generator_py
[2.147s] [ 90%] [32mBuilding C object CMakeFiles/communication_msgs__rosidl_typesupport_fastrtps_c__pyext.dir/rosidl_generator_py/communication_msgs/_communication_msgs_s.ep.rosidl_typesupport_fastrtps_c.c.o[0m
[2.147s] [ 90%] [32mBuilding C object CMakeFiles/communication_msgs__rosidl_typesupport_c__pyext.dir/rosidl_generator_py/communication_msgs/_communication_msgs_s.ep.rosidl_typesupport_c.c.o[0m
[2.147s] [ 90%] [32mBuilding C object CMakeFiles/communication_msgs__rosidl_typesupport_introspection_c__pyext.dir/rosidl_generator_py/communication_msgs/_communication_msgs_s.ep.rosidl_typesupport_introspection_c.c.o[0m
[2.214s] [ 96%] [32m[1mLinking C shared library rosidl_generator_py/communication_msgs/communication_msgs_s__rosidl_typesupport_introspection_c.cpython-310-x86_64-linux-gnu.so[0m
[2.215s] [ 96%] [32m[1mLinking C shared library rosidl_generator_py/communication_msgs/communication_msgs_s__rosidl_typesupport_c.cpython-310-x86_64-linux-gnu.so[0m
[2.215s] [100%] [32m[1mLinking C shared library rosidl_generator_py/communication_msgs/communication_msgs_s__rosidl_typesupport_fastrtps_c.cpython-310-x86_64-linux-gnu.so[0m
[2.238s] [100%] Built target communication_msgs__rosidl_typesupport_introspection_c__pyext
[2.238s] [100%] Built target communication_msgs__rosidl_typesupport_c__pyext
[2.239s] [100%] Built target communication_msgs__rosidl_typesupport_fastrtps_c__pyext
[2.248s] Invoked command in '/home/jo/final_commit/build/communication_msgs' returned '0': CMAKE_PREFIX_PATH=${CMAKE_PREFIX_PATH}:/home/jo/final_commit/install/communication:/opt/ros/humble /usr/bin/cmake --build /home/jo/final_commit/build/communication_msgs -- -j12 -l12
[2.290s] Invoking command in '/home/jo/final_commit/build/communication_msgs': CMAKE_PREFIX_PATH=${CMAKE_PREFIX_PATH}:/home/jo/final_commit/install/communication:/opt/ros/humble /usr/bin/cmake --install /home/jo/final_commit/build/communication_msgs
[2.296s] -- Install configuration: ""
[2.296s] -- Installing: /home/jo/final_commit/install/communication_msgs/share/ament_index/resource_index/rosidl_interfaces/communication_msgs
[2.297s] -- Installing: /home/jo/final_commit/install/communication_msgs/include/communication_msgs/communication_msgs
[2.297s] -- Installing: /home/jo/final_commit/install/communication_msgs/include/communication_msgs/communication_msgs/msg
[2.297s] -- Installing: /home/jo/final_commit/install/communication_msgs/include/communication_msgs/communication_msgs/msg/talker.h
[2.297s] -- Installing: /home/jo/final_commit/install/communication_msgs/include/communication_msgs/communication_msgs/msg/detail
[2.297s] -- Installing: /home/jo/final_commit/install/communication_msgs/include/communication_msgs/communication_msgs/msg/detail/talker__functions.c
[2.297s] -- Installing: /home/jo/final_commit/install/communication_msgs/include/communication_msgs/communication_msgs/msg/detail/talker__struct.h
[2.297s] -- Installing: /home/jo/final_commit/install/communication_msgs/include/communication_msgs/communication_msgs/msg/detail/talker__type_support.h
[2.297s] -- Installing: /home/jo/final_commit/install/communication_msgs/include/communication_msgs/communication_msgs/msg/detail/talker__functions.h
[2.297s] -- Installing: /home/jo/final_commit/install/communication_msgs/include/communication_msgs/communication_msgs/msg/rosidl_generator_c__visibility_control.h
[2.297s] -- Installing: /home/jo/final_commit/install/communication_msgs/share/communication_msgs/environment/library_path.sh
[2.297s] -- Installing: /home/jo/final_commit/install/communication_msgs/share/communication_msgs/environment/library_path.dsv
[2.297s] -- Installing: /home/jo/final_commit/install/communication_msgs/lib/libcommunication_msgs__rosidl_generator_c.so
[2.298s] -- Set runtime path of "/home/jo/final_commit/install/communication_msgs/lib/libcommunication_msgs__rosidl_generator_c.so" to ""
[2.298s] -- Up-to-date: /home/jo/final_commit/install/communication_msgs/include/communication_msgs/communication_msgs
[2.298s] -- Up-to-date: /home/jo/final_commit/install/communication_msgs/include/communication_msgs/communication_msgs/msg
[2.298s] -- Installing: /home/jo/final_commit/install/communication_msgs/include/communication_msgs/communication_msgs/msg/rosidl_typesupport_fastrtps_c__visibility_control.h
[2.298s] -- Up-to-date: /home/jo/final_commit/install/communication_msgs/include/communication_msgs/communication_msgs/msg/detail
[2.298s] -- Installing: /home/jo/final_commit/install/communication_msgs/include/communication_msgs/communication_msgs/msg/detail/talker__rosidl_typesupport_fastrtps_c.h
[2.298s] -- Installing: /home/jo/final_commit/install/communication_msgs/lib/libcommunication_msgs__rosidl_typesupport_fastrtps_c.so
[2.298s] -- Set runtime path of "/home/jo/final_commit/install/communication_msgs/lib/libcommunication_msgs__rosidl_typesupport_fastrtps_c.so" to ""
[2.298s] -- Up-to-date: /home/jo/final_commit/install/communication_msgs/include/communication_msgs/communication_msgs
[2.298s] -- Up-to-date: /home/jo/final_commit/install/communication_msgs/include/communication_msgs/communication_msgs/msg
[2.299s] -- Installing: /home/jo/final_commit/install/communication_msgs/include/communication_msgs/communication_msgs/msg/rosidl_typesupport_introspection_c__visibility_control.h
[2.299s] -- Up-to-date: /home/jo/final_commit/install/communication_msgs/include/communication_msgs/communication_msgs/msg/detail
[2.299s] -- Installing: /home/jo/final_commit/install/communication_msgs/include/communication_msgs/communication_msgs/msg/detail/talker__type_support.c
[2.299s] -- Installing: /home/jo/final_commit/install/communication_msgs/include/communication_msgs/communication_msgs/msg/detail/talker__rosidl_typesupport_introspection_c.h
[2.299s] -- Installing: /home/jo/final_commit/install/communication_msgs/lib/libcommunication_msgs__rosidl_typesupport_introspection_c.so
[2.299s] -- Set runtime path of "/home/jo/final_commit/install/communication_msgs/lib/libcommunication_msgs__rosidl_typesupport_introspection_c.so" to ""
[2.299s] -- Installing: /home/jo/final_commit/install/communication_msgs/lib/libcommunication_msgs__rosidl_typesupport_c.so
[2.299s] -- Set runtime path of "/home/jo/final_commit/install/communication_msgs/lib/libcommunication_msgs__rosidl_typesupport_c.so" to ""
[2.299s] -- Up-to-date: /home/jo/final_commit/install/communication_msgs/include/communication_msgs/communication_msgs
[2.299s] -- Up-to-date: /home/jo/final_commit/install/communication_msgs/include/communication_msgs/communication_msgs/msg
[2.299s] -- Installing: /home/jo/final_commit/install/communication_msgs/include/communication_msgs/communication_msgs/msg/talker.hpp
[2.299s] -- Up-to-date: /home/jo/final_commit/install/communication_msgs/include/communication_msgs/communication_msgs/msg/detail
[2.299s] -- Installing: /home/jo/final_commit/install/communication_msgs/include/communication_msgs/communication_msgs/msg/detail/talker__builder.hpp
[2.299s] -- Installing: /home/jo/final_commit/install/communication_msgs/include/communication_msgs/communication_msgs/msg/detail/talker__struct.hpp
[2.299s] -- Installing: /home/jo/final_commit/install/communication_msgs/include/communication_msgs/communication_msgs/msg/detail/talker__traits.hpp
[2.299s] -- Up-to-date: /home/jo/final_commit/install/communication_msgs/include/communication_msgs/communication_msgs
[2.299s] -- Up-to-date: /home/jo/final_commit/install/communication_msgs/include/communication_msgs/communication_msgs/msg
[2.300s] -- Installing: /home/jo/final_commit/install/communication_msgs/include/communication_msgs/communication_msgs/msg/rosidl_typesupport_fastrtps_cpp__visibility_control.h
[2.300s] -- Up-to-date: /home/jo/final_commit/install/communication_msgs/include/communication_msgs/communication_msgs/msg/detail
[2.300s] -- Installing: /home/jo/final_commit/install/communication_msgs/include/communication_msgs/communication_msgs/msg/detail/talker__rosidl_typesupport_fastrtps_cpp.hpp
[2.300s] -- Installing: /home/jo/final_commit/install/communication_msgs/include/communication_msgs/communication_msgs/msg/detail/dds_fastrtps
[2.300s] -- Installing: /home/jo/final_commit/install/communication_msgs/lib/libcommunication_msgs__rosidl_typesupport_fastrtps_cpp.so
[2.300s] -- Set runtime path of "/home/jo/final_commit/install/communication_msgs/lib/libcommunication_msgs__rosidl_typesupport_fastrtps_cpp.so" to ""
[2.300s] -- Up-to-date: /home/jo/final_commit/install/communication_msgs/include/communication_msgs/communication_msgs
[2.300s] -- Up-to-date: /home/jo/final_commit/install/communication_msgs/include/communication_msgs/communication_msgs/msg
[2.300s] -- Up-to-date: /home/jo/final_commit/install/communication_msgs/include/communication_msgs/communication_msgs/msg/detail
[2.300s] -- Installing: /home/jo/final_commit/install/communication_msgs/include/communication_msgs/communication_msgs/msg/detail/talker__type_support.cpp
[2.300s] -- Installing: /home/jo/final_commit/install/communication_msgs/include/communication_msgs/communication_msgs/msg/detail/talker__rosidl_typesupport_introspection_cpp.hpp
[2.300s] -- Installing: /home/jo/final_commit/install/communication_msgs/lib/libcommunication_msgs__rosidl_typesupport_introspection_cpp.so
[2.300s] -- Set runtime path of "/home/jo/final_commit/install/communication_msgs/lib/libcommunication_msgs__rosidl_typesupport_introspection_cpp.so" to ""
[2.300s] -- Installing: /home/jo/final_commit/install/communication_msgs/lib/libcommunication_msgs__rosidl_typesupport_cpp.so
[2.300s] -- Set runtime path of "/home/jo/final_commit/install/communication_msgs/lib/libcommunication_msgs__rosidl_typesupport_cpp.so" to ""
[2.300s] -- Installing: /home/jo/final_commit/install/communication_msgs/share/communication_msgs/environment/pythonpath.sh
[2.300s] -- Installing: /home/jo/final_commit/install/communication_msgs/share/communication_msgs/environment/pythonpath.dsv
[2.301s] -- Installing: /home/jo/final_commit/install/communication_msgs/local/lib/python3.10/dist-packages/communication_msgs-0.0.0-py3.10.egg-info
[2.301s] -- Installing: /home/jo/final_commit/install/communication_msgs/local/lib/python3.10/dist-packages/communication_msgs-0.0.0-py3.10.egg-info/dependency_links.txt
[2.301s] -- Installing: /home/jo/final_commit/install/communication_msgs/local/lib/python3.10/dist-packages/communication_msgs-0.0.0-py3.10.egg-info/PKG-INFO
[2.301s] -- Installing: /home/jo/final_commit/install/communication_msgs/local/lib/python3.10/dist-packages/communication_msgs-0.0.0-py3.10.egg-info/top_level.txt
[2.301s] -- Installing: /home/jo/final_commit/install/communication_msgs/local/lib/python3.10/dist-packages/communication_msgs-0.0.0-py3.10.egg-info/SOURCES.txt
[2.301s] -- Installing: /home/jo/final_commit/install/communication_msgs/local/lib/python3.10/dist-packages/communication_msgs
[2.301s] -- Installing: /home/jo/final_commit/install/communication_msgs/local/lib/python3.10/dist-packages/communication_msgs/libcommunication_msgs__rosidl_generator_py.so
[2.301s] -- Installing: /home/jo/final_commit/install/communication_msgs/local/lib/python3.10/dist-packages/communication_msgs/communication_msgs_s__rosidl_typesupport_fastrtps_c.cpython-310-x86_64-linux-gnu.so
[2.301s] -- Installing: /home/jo/final_commit/install/communication_msgs/local/lib/python3.10/dist-packages/communication_msgs/_communication_msgs_s.ep.rosidl_typesupport_fastrtps_c.c
[2.301s] -- Installing: /home/jo/final_commit/install/communication_msgs/local/lib/python3.10/dist-packages/communication_msgs/msg
[2.301s] -- Installing: /home/jo/final_commit/install/communication_msgs/local/lib/python3.10/dist-packages/communication_msgs/msg/_talker_s.c
[2.301s] -- Installing: /home/jo/final_commit/install/communication_msgs/local/lib/python3.10/dist-packages/communication_msgs/msg/__init__.py
[2.301s] -- Installing: /home/jo/final_commit/install/communication_msgs/local/lib/python3.10/dist-packages/communication_msgs/msg/_talker.py
[2.301s] -- Installing: /home/jo/final_commit/install/communication_msgs/local/lib/python3.10/dist-packages/communication_msgs/__init__.py
[2.302s] -- Installing: /home/jo/final_commit/install/communication_msgs/local/lib/python3.10/dist-packages/communication_msgs/_communication_msgs_s.ep.rosidl_typesupport_introspection_c.c
[2.302s] -- Installing: /home/jo/final_commit/install/communication_msgs/local/lib/python3.10/dist-packages/communication_msgs/_communication_msgs_s.ep.rosidl_typesupport_c.c
[2.302s] -- Installing: /home/jo/final_commit/install/communication_msgs/local/lib/python3.10/dist-packages/communication_msgs/communication_msgs_s__rosidl_typesupport_introspection_c.cpython-310-x86_64-linux-gnu.so
[2.302s] -- Installing: /home/jo/final_commit/install/communication_msgs/local/lib/python3.10/dist-packages/communication_msgs/communication_msgs_s__rosidl_typesupport_c.cpython-310-x86_64-linux-gnu.so
[2.326s] Listing '/home/jo/final_commit/install/communication_msgs/local/lib/python3.10/dist-packages/communication_msgs'...
[2.326s] Compiling '/home/jo/final_commit/install/communication_msgs/local/lib/python3.10/dist-packages/communication_msgs/__init__.py'...
[2.326s] Listing '/home/jo/final_commit/install/communication_msgs/local/lib/python3.10/dist-packages/communication_msgs/msg'...
[2.326s] Compiling '/home/jo/final_commit/install/communication_msgs/local/lib/python3.10/dist-packages/communication_msgs/msg/__init__.py'...
[2.326s] Compiling '/home/jo/final_commit/install/communication_msgs/local/lib/python3.10/dist-packages/communication_msgs/msg/_talker.py'...
[2.329s] -- Installing: /home/jo/final_commit/install/communication_msgs/local/lib/python3.10/dist-packages/communication_msgs/communication_msgs_s__rosidl_typesupport_fastrtps_c.cpython-310-x86_64-linux-gnu.so
[2.330s] -- Set runtime path of "/home/jo/final_commit/install/communication_msgs/local/lib/python3.10/dist-packages/communication_msgs/communication_msgs_s__rosidl_typesupport_fastrtps_c.cpython-310-x86_64-linux-gnu.so" to ""
[2.330s] -- Installing: /home/jo/final_commit/install/communication_msgs/local/lib/python3.10/dist-packages/communication_msgs/communication_msgs_s__rosidl_typesupport_introspection_c.cpython-310-x86_64-linux-gnu.so
[2.330s] -- Set runtime path of "/home/jo/final_commit/install/communication_msgs/local/lib/python3.10/dist-packages/communication_msgs/communication_msgs_s__rosidl_typesupport_introspection_c.cpython-310-x86_64-linux-gnu.so" to ""
[2.330s] -- Installing: /home/jo/final_commit/install/communication_msgs/local/lib/python3.10/dist-packages/communication_msgs/communication_msgs_s__rosidl_typesupport_c.cpython-310-x86_64-linux-gnu.so
[2.330s] -- Set runtime path of "/home/jo/final_commit/install/communication_msgs/local/lib/python3.10/dist-packages/communication_msgs/communication_msgs_s__rosidl_typesupport_c.cpython-310-x86_64-linux-gnu.so" to ""
[2.330s] -- Installing: /home/jo/final_commit/install/communication_msgs/lib/libcommunication_msgs__rosidl_generator_py.so
[2.330s] -- Set runtime path of "/home/jo/final_commit/install/communication_msgs/lib/libcommunication_msgs__rosidl_generator_py.so" to ""
[2.330s] -- Installing: /home/jo/final_commit/install/communication_msgs/share/communication_msgs/msg/Talker.idl
[2.331s] -- Installing: /home/jo/final_commit/install/communication_msgs/share/communication_msgs/msg/Talker.msg
[2.331s] -- Installing: /home/jo/final_commit/install/communication_msgs/share/ament_index/resource_index/package_run_dependencies/communication_msgs
[2.331s] -- Installing: /home/jo/final_commit/install/communication_msgs/share/ament_index/resource_index/parent_prefix_path/communication_msgs
[2.331s] -- Up-to-date: /home/jo/final_commit/install/communication_msgs/share/communication_msgs/environment/ament_prefix_path.sh
[2.331s] -- Installing: /home/jo/final_commit/install/communication_msgs/share/communication_msgs/environment/ament_prefix_path.dsv
[2.331s] -- Up-to-date: /home/jo/final_commit/install/communication_msgs/share/communication_msgs/environment/path.sh
[2.331s] -- Installing: /home/jo/final_commit/install/communication_msgs/share/communication_msgs/environment/path.dsv
[2.331s] -- Up-to-date: /home/jo/final_commit/install/communication_msgs/share/communication_msgs/local_setup.bash
[2.331s] -- Installing: /home/jo/final_commit/install/communication_msgs/share/communication_msgs/local_setup.sh
[2.331s] -- Up-to-date: /home/jo/final_commit/install/communication_msgs/share/communication_msgs/local_setup.zsh
[2.331s] -- Installing: /home/jo/final_commit/install/communication_msgs/share/communication_msgs/local_setup.dsv
[2.331s] -- Installing: /home/jo/final_commit/install/communication_msgs/share/communication_msgs/package.dsv
[2.331s] -- Up-to-date: /home/jo/final_commit/install/communication_msgs/share/ament_index/resource_index/packages/communication_msgs
[2.331s] -- Installing: /home/jo/final_commit/install/communication_msgs/share/communication_msgs/cmake/export_communication_msgs__rosidl_generator_cExport.cmake
[2.331s] -- Installing: /home/jo/final_commit/install/communication_msgs/share/communication_msgs/cmake/export_communication_msgs__rosidl_generator_cExport-noconfig.cmake
[2.331s] -- Installing: /home/jo/final_commit/install/communication_msgs/share/communication_msgs/cmake/export_communication_msgs__rosidl_typesupport_fastrtps_cExport.cmake
[2.332s] -- Installing: /home/jo/final_commit/install/communication_msgs/share/communication_msgs/cmake/export_communication_msgs__rosidl_typesupport_fastrtps_cExport-noconfig.cmake
[2.332s] -- Installing: /home/jo/final_commit/install/communication_msgs/share/communication_msgs/cmake/communication_msgs__rosidl_typesupport_introspection_cExport.cmake
[2.332s] -- Installing: /home/jo/final_commit/install/communication_msgs/share/communication_msgs/cmake/communication_msgs__rosidl_typesupport_introspection_cExport-noconfig.cmake
[2.332s] -- Installing: /home/jo/final_commit/install/communication_msgs/share/communication_msgs/cmake/communication_msgs__rosidl_typesupport_cExport.cmake
[2.332s] -- Installing: /home/jo/final_commit/install/communication_msgs/share/communication_msgs/cmake/communication_msgs__rosidl_typesupport_cExport-noconfig.cmake
[2.332s] -- Installing: /home/jo/final_commit/install/communication_msgs/share/communication_msgs/cmake/export_communication_msgs__rosidl_generator_cppExport.cmake
[2.332s] -- Installing: /home/jo/final_commit/install/communication_msgs/share/communication_msgs/cmake/export_communication_msgs__rosidl_typesupport_fastrtps_cppExport.cmake
[2.332s] -- Installing: /home/jo/final_commit/install/communication_msgs/share/communication_msgs/cmake/export_communication_msgs__rosidl_typesupport_fastrtps_cppExport-noconfig.cmake
[2.332s] -- Installing: /home/jo/final_commit/install/communication_msgs/share/communication_msgs/cmake/communication_msgs__rosidl_typesupport_introspection_cppExport.cmake
[2.332s] -- Installing: /home/jo/final_commit/install/communication_msgs/share/communication_msgs/cmake/communication_msgs__rosidl_typesupport_introspection_cppExport-noconfig.cmake
[2.332s] -- Installing: /home/jo/final_commit/install/communication_msgs/share/communication_msgs/cmake/communication_msgs__rosidl_typesupport_cppExport.cmake
[2.333s] -- Installing: /home/jo/final_commit/install/communication_msgs/share/communication_msgs/cmake/communication_msgs__rosidl_typesupport_cppExport-noconfig.cmake
[2.333s] -- Installing: /home/jo/final_commit/install/communication_msgs/share/communication_msgs/cmake/export_communication_msgs__rosidl_generator_pyExport.cmake
[2.333s] -- Installing: /home/jo/final_commit/install/communication_msgs/share/communication_msgs/cmake/export_communication_msgs__rosidl_generator_pyExport-noconfig.cmake
[2.333s] -- Installing: /home/jo/final_commit/install/communication_msgs/share/communication_msgs/cmake/rosidl_cmake-extras.cmake
[2.333s] -- Installing: /home/jo/final_commit/install/communication_msgs/share/communication_msgs/cmake/ament_cmake_export_include_directories-extras.cmake
[2.333s] -- Installing: /home/jo/final_commit/install/communication_msgs/share/communication_msgs/cmake/ament_cmake_export_libraries-extras.cmake
[2.333s] -- Installing: /home/jo/final_commit/install/communication_msgs/share/communication_msgs/cmake/ament_cmake_export_targets-extras.cmake
[2.333s] -- Installing: /home/jo/final_commit/install/communication_msgs/share/communication_msgs/cmake/rosidl_cmake_export_typesupport_targets-extras.cmake
[2.333s] -- Installing: /home/jo/final_commit/install/communication_msgs/share/communication_msgs/cmake/ament_cmake_export_dependencies-extras.cmake
[2.333s] -- Installing: /home/jo/final_commit/install/communication_msgs/share/communication_msgs/cmake/rosidl_cmake_export_typesupport_libraries-extras.cmake
[2.333s] -- Installing: /home/jo/final_commit/install/communication_msgs/share/communication_msgs/cmake/communication_msgsConfig.cmake
[2.333s] -- Up-to-date: /home/jo/final_commit/install/communication_msgs/share/communication_msgs/cmake/communication_msgsConfig-version.cmake
[2.334s] -- Installing: /home/jo/final_commit/install/communication_msgs/share/communication_msgs/package.xml
[2.335s] Invoked command in '/home/jo/final_commit/build/communication_msgs' returned '0': CMAKE_PREFIX_PATH=${CMAKE_PREFIX_PATH}:/home/jo/final_commit/install/communication:/opt/ros/humble /usr/bin/cmake --install /home/jo/final_commit/build/communication_msgs
