[1.325s] Invoking command in '/home/jo/ros-repo-2/src/minibot_network': PYTHONPATH=/home/jo/ros-repo-2/build/minibot_network/prefix_override:/home/jo/ros-repo-2/install/minibot_network/lib/python3.10/site-packages:${PYTHONPATH} /usr/bin/python3 setup.py egg_info --egg-base ../../build/minibot_network build --build-base /home/jo/ros-repo-2/build/minibot_network/build install --record /home/jo/ros-repo-2/build/minibot_network/install.log --single-version-externally-managed
[1.705s] running egg_info
[1.707s] writing ../../build/minibot_network/minibot_network.egg-info/PKG-INFO
[1.708s] writing dependency_links to ../../build/minibot_network/minibot_network.egg-info/dependency_links.txt
[1.708s] writing entry points to ../../build/minibot_network/minibot_network.egg-info/entry_points.txt
[1.708s] writing requirements to ../../build/minibot_network/minibot_network.egg-info/requires.txt
[1.708s] writing top-level names to ../../build/minibot_network/minibot_network.egg-info/top_level.txt
[1.712s] reading manifest file '../../build/minibot_network/minibot_network.egg-info/SOURCES.txt'
[1.714s] writing manifest file '../../build/minibot_network/minibot_network.egg-info/SOURCES.txt'
[1.714s] running build
[1.714s] running build_py
[1.715s] copying minibot_network/other_server.py -> /home/jo/ros-repo-2/build/minibot_network/build/lib/minibot_network
[1.716s] copying minibot_network/minibot_cam_publish.py -> /home/jo/ros-repo-2/build/minibot_network/build/lib/minibot_network
[1.716s] copying minibot_network/other_client.py -> /home/jo/ros-repo-2/build/minibot_network/build/lib/minibot_network
[1.716s] copying minibot_network/main_client.py -> /home/jo/ros-repo-2/build/minibot_network/build/lib/minibot_network
[1.716s] running install
[1.717s] /usr/lib/python3/dist-packages/setuptools/command/install.py:34: SetuptoolsDeprecationWarning: setup.py install is deprecated. Use build and pip and other standards-based tools.
[1.717s]   warnings.warn(
[1.717s] running install_lib
[1.718s] copying /home/jo/ros-repo-2/build/minibot_network/build/lib/minibot_network/other_server.py -> /home/jo/ros-repo-2/install/minibot_network/lib/python3.10/site-packages/minibot_network
[1.718s] copying /home/jo/ros-repo-2/build/minibot_network/build/lib/minibot_network/minibot_cam_publish.py -> /home/jo/ros-repo-2/install/minibot_network/lib/python3.10/site-packages/minibot_network
[1.718s] copying /home/jo/ros-repo-2/build/minibot_network/build/lib/minibot_network/other_client.py -> /home/jo/ros-repo-2/install/minibot_network/lib/python3.10/site-packages/minibot_network
[1.719s] copying /home/jo/ros-repo-2/build/minibot_network/build/lib/minibot_network/main_client.py -> /home/jo/ros-repo-2/install/minibot_network/lib/python3.10/site-packages/minibot_network
[1.719s] byte-compiling /home/jo/ros-repo-2/install/minibot_network/lib/python3.10/site-packages/minibot_network/other_server.py to other_server.cpython-310.pyc
[1.719s] byte-compiling /home/jo/ros-repo-2/install/minibot_network/lib/python3.10/site-packages/minibot_network/minibot_cam_publish.py to minibot_cam_publish.cpython-310.pyc
[1.721s] byte-compiling /home/jo/ros-repo-2/install/minibot_network/lib/python3.10/site-packages/minibot_network/other_client.py to other_client.cpython-310.pyc
[1.722s] byte-compiling /home/jo/ros-repo-2/install/minibot_network/lib/python3.10/site-packages/minibot_network/main_client.py to main_client.cpython-310.pyc
[1.723s] running install_data
[1.725s] running install_egg_info
[1.728s] removing '/home/jo/ros-repo-2/install/minibot_network/lib/python3.10/site-packages/minibot_network-0.0.0-py3.10.egg-info' (and everything under it)
[1.728s] Copying ../../build/minibot_network/minibot_network.egg-info to /home/jo/ros-repo-2/install/minibot_network/lib/python3.10/site-packages/minibot_network-0.0.0-py3.10.egg-info
[1.730s] running install_scripts
[1.764s] Installing main_client script to /home/jo/ros-repo-2/install/minibot_network/lib/minibot_network
[1.764s] Installing main_server script to /home/jo/ros-repo-2/install/minibot_network/lib/minibot_network
[1.765s] Installing minibot_cam_publish script to /home/jo/ros-repo-2/install/minibot_network/lib/minibot_network
[1.765s] Installing minibot_cam_subscriber script to /home/jo/ros-repo-2/install/minibot_network/lib/minibot_network
[1.765s] writing list of installed files to '/home/jo/ros-repo-2/build/minibot_network/install.log'
[1.833s] Invoked command in '/home/jo/ros-repo-2/src/minibot_network' returned '0': PYTHONPATH=/home/jo/ros-repo-2/build/minibot_network/prefix_override:/home/jo/ros-repo-2/install/minibot_network/lib/python3.10/site-packages:${PYTHONPATH} /usr/bin/python3 setup.py egg_info --egg-base ../../build/minibot_network build --build-base /home/jo/ros-repo-2/build/minibot_network/build install --record /home/jo/ros-repo-2/build/minibot_network/install.log --single-version-externally-managed
