/home/kang/minibot_aruco/src/my_minibot_aruco_package/install/my_minibot_aruco_package/lib/python3.10/site-packages/my_minibot_aruco_package/the_sub.py
/home/kang/minibot_aruco/src/my_minibot_aruco_package/install/my_minibot_aruco_package/lib/python3.10/site-packages/my_minibot_aruco_package/my_minibot_aruco_node.py
/home/kang/minibot_aruco/src/my_minibot_aruco_package/install/my_minibot_aruco_package/lib/python3.10/site-packages/my_minibot_aruco_package/__init__.py
/home/kang/minibot_aruco/src/my_minibot_aruco_package/install/my_minibot_aruco_package/lib/python3.10/site-packages/my_minibot_aruco_package/pose_estimation_test1.py
/home/kang/minibot_aruco/src/my_minibot_aruco_package/install/my_minibot_aruco_package/lib/python3.10/site-packages/my_minibot_aruco_package/pose_estimation_test2.py
/home/kang/minibot_aruco/src/my_minibot_aruco_package/install/my_minibot_aruco_package/lib/python3.10/site-packages/my_minibot_aruco_package/minibot_cmd_and_pose.py
/home/kang/minibot_aruco/src/my_minibot_aruco_package/install/my_minibot_aruco_package/lib/python3.10/site-packages/my_minibot_aruco_package/aruco_processing.py
/home/kang/minibot_aruco/src/my_minibot_aruco_package/install/my_minibot_aruco_package/lib/python3.10/site-packages/my_minibot_aruco_package/aruco_minibit_cmd_and_pose.py
/home/kang/minibot_aruco/src/my_minibot_aruco_package/install/my_minibot_aruco_package/lib/python3.10/site-packages/my_minibot_aruco_package/my_subscriber.py
/home/kang/minibot_aruco/src/my_minibot_aruco_package/install/my_minibot_aruco_package/lib/python3.10/site-packages/my_minibot_aruco_package/my_publisher.py
/home/kang/minibot_aruco/src/my_minibot_aruco_package/install/my_minibot_aruco_package/lib/python3.10/site-packages/my_minibot_aruco_package/visual.py
/home/kang/minibot_aruco/src/my_minibot_aruco_package/install/my_minibot_aruco_package/lib/python3.10/site-packages/my_minibot_aruco_package/pose_estimation_test2_pinkbot.py
/home/kang/minibot_aruco/src/my_minibot_aruco_package/install/my_minibot_aruco_package/lib/python3.10/site-packages/my_minibot_aruco_package/pose_estimation_test2_pinkbot_backup.py
/home/kang/minibot_aruco/src/my_minibot_aruco_package/install/my_minibot_aruco_package/lib/python3.10/site-packages/my_minibot_aruco_package/pose_estimation.py
/home/kang/minibot_aruco/src/my_minibot_aruco_package/install/my_minibot_aruco_package/lib/python3.10/site-packages/my_minibot_aruco_package/calibrate.py
/home/kang/minibot_aruco/src/my_minibot_aruco_package/install/my_minibot_aruco_package/lib/python3.10/site-packages/my_minibot_aruco_package/pi_cam_node.py
/home/kang/minibot_aruco/src/my_minibot_aruco_package/install/my_minibot_aruco_package/lib/python3.10/site-packages/my_minibot_aruco_package/img_publisher.py
/home/kang/minibot_aruco/src/my_minibot_aruco_package/install/my_minibot_aruco_package/lib/python3.10/site-packages/my_minibot_aruco_package/detect_aruco_video.py
/home/kang/minibot_aruco/src/my_minibot_aruco_package/install/my_minibot_aruco_package/lib/python3.10/site-packages/my_minibot_aruco_package/aruco_tracker.py
/home/kang/minibot_aruco/src/my_minibot_aruco_package/install/my_minibot_aruco_package/lib/python3.10/site-packages/my_minibot_aruco_package/aruco_trackor.py
/home/kang/minibot_aruco/src/my_minibot_aruco_package/install/my_minibot_aruco_package/lib/python3.10/site-packages/my_minibot_aruco_package/the_pub.py
/home/kang/minibot_aruco/src/my_minibot_aruco_package/install/my_minibot_aruco_package/lib/python3.10/site-packages/my_minibot_aruco_package/aruco_trackor_backup.py
/home/kang/minibot_aruco/src/my_minibot_aruco_package/install/my_minibot_aruco_package/lib/python3.10/site-packages/my_minibot_aruco_package/__pycache__/the_sub.cpython-310.pyc
/home/kang/minibot_aruco/src/my_minibot_aruco_package/install/my_minibot_aruco_package/lib/python3.10/site-packages/my_minibot_aruco_package/__pycache__/my_minibot_aruco_node.cpython-310.pyc
/home/kang/minibot_aruco/src/my_minibot_aruco_package/install/my_minibot_aruco_package/lib/python3.10/site-packages/my_minibot_aruco_package/__pycache__/__init__.cpython-310.pyc
/home/kang/minibot_aruco/src/my_minibot_aruco_package/install/my_minibot_aruco_package/lib/python3.10/site-packages/my_minibot_aruco_package/__pycache__/pose_estimation_test1.cpython-310.pyc
/home/kang/minibot_aruco/src/my_minibot_aruco_package/install/my_minibot_aruco_package/lib/python3.10/site-packages/my_minibot_aruco_package/__pycache__/pose_estimation_test2.cpython-310.pyc
/home/kang/minibot_aruco/src/my_minibot_aruco_package/install/my_minibot_aruco_package/lib/python3.10/site-packages/my_minibot_aruco_package/__pycache__/minibot_cmd_and_pose.cpython-310.pyc
/home/kang/minibot_aruco/src/my_minibot_aruco_package/install/my_minibot_aruco_package/lib/python3.10/site-packages/my_minibot_aruco_package/__pycache__/aruco_processing.cpython-310.pyc
/home/kang/minibot_aruco/src/my_minibot_aruco_package/install/my_minibot_aruco_package/lib/python3.10/site-packages/my_minibot_aruco_package/__pycache__/aruco_minibit_cmd_and_pose.cpython-310.pyc
/home/kang/minibot_aruco/src/my_minibot_aruco_package/install/my_minibot_aruco_package/lib/python3.10/site-packages/my_minibot_aruco_package/__pycache__/my_subscriber.cpython-310.pyc
/home/kang/minibot_aruco/src/my_minibot_aruco_package/install/my_minibot_aruco_package/lib/python3.10/site-packages/my_minibot_aruco_package/__pycache__/my_publisher.cpython-310.pyc
/home/kang/minibot_aruco/src/my_minibot_aruco_package/install/my_minibot_aruco_package/lib/python3.10/site-packages/my_minibot_aruco_package/__pycache__/visual.cpython-310.pyc
/home/kang/minibot_aruco/src/my_minibot_aruco_package/install/my_minibot_aruco_package/lib/python3.10/site-packages/my_minibot_aruco_package/__pycache__/pose_estimation_test2_pinkbot.cpython-310.pyc
/home/kang/minibot_aruco/src/my_minibot_aruco_package/install/my_minibot_aruco_package/lib/python3.10/site-packages/my_minibot_aruco_package/__pycache__/pose_estimation_test2_pinkbot_backup.cpython-310.pyc
/home/kang/minibot_aruco/src/my_minibot_aruco_package/install/my_minibot_aruco_package/lib/python3.10/site-packages/my_minibot_aruco_package/__pycache__/pose_estimation.cpython-310.pyc
/home/kang/minibot_aruco/src/my_minibot_aruco_package/install/my_minibot_aruco_package/lib/python3.10/site-packages/my_minibot_aruco_package/__pycache__/calibrate.cpython-310.pyc
/home/kang/minibot_aruco/src/my_minibot_aruco_package/install/my_minibot_aruco_package/lib/python3.10/site-packages/my_minibot_aruco_package/__pycache__/pi_cam_node.cpython-310.pyc
/home/kang/minibot_aruco/src/my_minibot_aruco_package/install/my_minibot_aruco_package/lib/python3.10/site-packages/my_minibot_aruco_package/__pycache__/img_publisher.cpython-310.pyc
/home/kang/minibot_aruco/src/my_minibot_aruco_package/install/my_minibot_aruco_package/lib/python3.10/site-packages/my_minibot_aruco_package/__pycache__/detect_aruco_video.cpython-310.pyc
/home/kang/minibot_aruco/src/my_minibot_aruco_package/install/my_minibot_aruco_package/lib/python3.10/site-packages/my_minibot_aruco_package/__pycache__/aruco_tracker.cpython-310.pyc
/home/kang/minibot_aruco/src/my_minibot_aruco_package/install/my_minibot_aruco_package/lib/python3.10/site-packages/my_minibot_aruco_package/__pycache__/aruco_trackor.cpython-310.pyc
/home/kang/minibot_aruco/src/my_minibot_aruco_package/install/my_minibot_aruco_package/lib/python3.10/site-packages/my_minibot_aruco_package/__pycache__/the_pub.cpython-310.pyc
/home/kang/minibot_aruco/src/my_minibot_aruco_package/install/my_minibot_aruco_package/lib/python3.10/site-packages/my_minibot_aruco_package/__pycache__/aruco_trackor_backup.cpython-310.pyc
/home/kang/minibot_aruco/src/my_minibot_aruco_package/install/my_minibot_aruco_package/share/ament_index/resource_index/packages/my_minibot_aruco_package
/home/kang/minibot_aruco/src/my_minibot_aruco_package/install/my_minibot_aruco_package/share/my_minibot_aruco_package/package.xml
/home/kang/minibot_aruco/src/my_minibot_aruco_package/install/my_minibot_aruco_package/share/my_minibot_aruco_package/launch/gui.launch.py
/home/kang/minibot_aruco/src/my_minibot_aruco_package/install/my_minibot_aruco_package/lib/python3.10/site-packages/my_minibot_aruco_package-0.0.0-py3.10.egg-info/dependency_links.txt
/home/kang/minibot_aruco/src/my_minibot_aruco_package/install/my_minibot_aruco_package/lib/python3.10/site-packages/my_minibot_aruco_package-0.0.0-py3.10.egg-info/PKG-INFO
/home/kang/minibot_aruco/src/my_minibot_aruco_package/install/my_minibot_aruco_package/lib/python3.10/site-packages/my_minibot_aruco_package-0.0.0-py3.10.egg-info/entry_points.txt
/home/kang/minibot_aruco/src/my_minibot_aruco_package/install/my_minibot_aruco_package/lib/python3.10/site-packages/my_minibot_aruco_package-0.0.0-py3.10.egg-info/zip-safe
/home/kang/minibot_aruco/src/my_minibot_aruco_package/install/my_minibot_aruco_package/lib/python3.10/site-packages/my_minibot_aruco_package-0.0.0-py3.10.egg-info/top_level.txt
/home/kang/minibot_aruco/src/my_minibot_aruco_package/install/my_minibot_aruco_package/lib/python3.10/site-packages/my_minibot_aruco_package-0.0.0-py3.10.egg-info/requires.txt
/home/kang/minibot_aruco/src/my_minibot_aruco_package/install/my_minibot_aruco_package/lib/python3.10/site-packages/my_minibot_aruco_package-0.0.0-py3.10.egg-info/SOURCES.txt
/home/kang/minibot_aruco/src/my_minibot_aruco_package/install/my_minibot_aruco_package/lib/my_minibot_aruco_package/aruco_minibit_cmd_and_pose
/home/kang/minibot_aruco/src/my_minibot_aruco_package/install/my_minibot_aruco_package/lib/my_minibot_aruco_package/aruco_processing
/home/kang/minibot_aruco/src/my_minibot_aruco_package/install/my_minibot_aruco_package/lib/my_minibot_aruco_package/calibrate
/home/kang/minibot_aruco/src/my_minibot_aruco_package/install/my_minibot_aruco_package/lib/my_minibot_aruco_package/minibit_cmd_and_pose
/home/kang/minibot_aruco/src/my_minibot_aruco_package/install/my_minibot_aruco_package/lib/my_minibot_aruco_package/my_minibot_aruco_node
/home/kang/minibot_aruco/src/my_minibot_aruco_package/install/my_minibot_aruco_package/lib/my_minibot_aruco_package/pi_cam_node
/home/kang/minibot_aruco/src/my_minibot_aruco_package/install/my_minibot_aruco_package/lib/my_minibot_aruco_package/pose_estimation
/home/kang/minibot_aruco/src/my_minibot_aruco_package/install/my_minibot_aruco_package/lib/my_minibot_aruco_package/pose_estimation_test1
/home/kang/minibot_aruco/src/my_minibot_aruco_package/install/my_minibot_aruco_package/lib/my_minibot_aruco_package/pose_estimation_test2
/home/kang/minibot_aruco/src/my_minibot_aruco_package/install/my_minibot_aruco_package/lib/my_minibot_aruco_package/pose_estimation_test2_pinkbot
/home/kang/minibot_aruco/src/my_minibot_aruco_package/install/my_minibot_aruco_package/lib/my_minibot_aruco_package/test_node
/home/kang/minibot_aruco/src/my_minibot_aruco_package/install/my_minibot_aruco_package/lib/my_minibot_aruco_package/the_pub
/home/kang/minibot_aruco/src/my_minibot_aruco_package/install/my_minibot_aruco_package/lib/my_minibot_aruco_package/the_sub
/home/kang/minibot_aruco/src/my_minibot_aruco_package/install/my_minibot_aruco_package/lib/my_minibot_aruco_package/visionTrackor
/home/kang/minibot_aruco/src/my_minibot_aruco_package/install/my_minibot_aruco_package/lib/my_minibot_aruco_package/visual
