[0.798s] Invoking command in '/home/jo/final_commit/gui_package': PYTHONPATH=/home/jo/final_commit/build/gui_package/prefix_override:/home/jo/final_commit/install/gui_package/lib/python3.10/site-packages:${PYTHONPATH} /usr/bin/python3 setup.py egg_info --egg-base ../build/gui_package build --build-base /home/jo/final_commit/build/gui_package/build install --record /home/jo/final_commit/build/gui_package/install.log --single-version-externally-managed
[1.010s] running egg_info
[1.010s] writing ../build/gui_package/gui_package.egg-info/PKG-INFO
[1.010s] writing dependency_links to ../build/gui_package/gui_package.egg-info/dependency_links.txt
[1.010s] writing entry points to ../build/gui_package/gui_package.egg-info/entry_points.txt
[1.011s] writing requirements to ../build/gui_package/gui_package.egg-info/requires.txt
[1.011s] writing top-level names to ../build/gui_package/gui_package.egg-info/top_level.txt
[1.012s] reading manifest file '../build/gui_package/gui_package.egg-info/SOURCES.txt'
[1.013s] writing manifest file '../build/gui_package/gui_package.egg-info/SOURCES.txt'
[1.013s] running build
[1.013s] running build_py
[1.013s] copying gui_package/gui_node.py -> /home/jo/final_commit/build/gui_package/build/lib/gui_package
[1.013s] running install
[1.014s] /usr/lib/python3/dist-packages/setuptools/command/install.py:34: SetuptoolsDeprecationWarning: setup.py install is deprecated. Use build and pip and other standards-based tools.
[1.014s]   warnings.warn(
[1.014s] running install_lib
[1.014s] copying /home/jo/final_commit/build/gui_package/build/lib/gui_package/gui_node.py -> /home/jo/final_commit/install/gui_package/lib/python3.10/site-packages/gui_package
[1.015s] byte-compiling /home/jo/final_commit/install/gui_package/lib/python3.10/site-packages/gui_package/gui_node.py to gui_node.cpython-310.pyc
[1.016s] running install_data
[1.016s] running install_egg_info
[1.018s] removing '/home/jo/final_commit/install/gui_package/lib/python3.10/site-packages/gui_package-0.0.0-py3.10.egg-info' (and everything under it)
[1.018s] Copying ../build/gui_package/gui_package.egg-info to /home/jo/final_commit/install/gui_package/lib/python3.10/site-packages/gui_package-0.0.0-py3.10.egg-info
[1.018s] running install_scripts
[1.034s] Installing camera_test script to /home/jo/final_commit/install/gui_package/lib/gui_package
[1.034s] Installing gui_node script to /home/jo/final_commit/install/gui_package/lib/gui_package
[1.034s] writing list of installed files to '/home/jo/final_commit/build/gui_package/install.log'
[1.054s] Invoked command in '/home/jo/final_commit/gui_package' returned '0': PYTHONPATH=/home/jo/final_commit/build/gui_package/prefix_override:/home/jo/final_commit/install/gui_package/lib/python3.10/site-packages:${PYTHONPATH} /usr/bin/python3 setup.py egg_info --egg-base ../build/gui_package build --build-base /home/jo/final_commit/build/gui_package/build install --record /home/jo/final_commit/build/gui_package/install.log --single-version-externally-managed
