[0.411s] Invoking command in '/home/jo/final_commit/build/communication_msgs': CMAKE_PREFIX_PATH=/home/jo/final_commit/install/communication:/opt/ros/humble /usr/bin/cmake /home/jo/final_commit/src/communication_msgs -DCMAKE_INSTALL_PREFIX=/home/jo/final_commit/install/communication_msgs
[0.475s] -- The C compiler identification is GNU 11.4.0
[0.532s] -- The CXX compiler identification is GNU 11.4.0
[0.539s] -- Detecting C compiler ABI info
[0.588s] -- Detecting C compiler ABI info - done
[0.596s] -- Check for working C compiler: /usr/bin/cc - skipped
[0.596s] -- Detecting C compile features
[0.597s] -- Detecting C compile features - done
[0.600s] -- Detecting CXX compiler ABI info
[0.656s] -- Detecting CXX compiler ABI info - done
[0.664s] -- Check for working CXX compiler: /usr/bin/c++ - skipped
[0.664s] -- Detecting CXX compile features
[0.665s] -- Detecting CXX compile features - done
[0.671s] -- Found ament_cmake: 1.3.6 (/opt/ros/humble/share/ament_cmake/cmake)
[0.883s] -- Found Python3: /usr/bin/python3.10 (found version "3.10.12") found components: Interpreter 
[0.956s] -- Found ament_lint_auto: 0.12.9 (/opt/ros/humble/share/ament_lint_auto/cmake)
[1.020s] -- Added test 'lint_cmake' to check CMake code style
[1.021s] -- Added test 'xmllint' to check XML markup files
[1.022s] -- Configuring done
[1.025s] -- Generating done
[1.026s] -- Build files have been written to: /home/jo/final_commit/build/communication_msgs
[1.070s] Invoked command in '/home/jo/final_commit/build/communication_msgs' returned '0': CMAKE_PREFIX_PATH=/home/jo/final_commit/install/communication:/opt/ros/humble /usr/bin/cmake /home/jo/final_commit/src/communication_msgs -DCMAKE_INSTALL_PREFIX=/home/jo/final_commit/install/communication_msgs
[1.071s] Invoking command in '/home/jo/final_commit/build/communication_msgs': CMAKE_PREFIX_PATH=/home/jo/final_commit/install/communication:/opt/ros/humble /usr/bin/cmake --build /home/jo/final_commit/build/communication_msgs -- -j12 -l12
[1.099s] Invoked command in '/home/jo/final_commit/build/communication_msgs' returned '0': CMAKE_PREFIX_PATH=/home/jo/final_commit/install/communication:/opt/ros/humble /usr/bin/cmake --build /home/jo/final_commit/build/communication_msgs -- -j12 -l12
[1.121s] Invoking command in '/home/jo/final_commit/build/communication_msgs': CMAKE_PREFIX_PATH=/home/jo/final_commit/install/communication:/opt/ros/humble /usr/bin/cmake --install /home/jo/final_commit/build/communication_msgs
[1.127s] -- Install configuration: ""
[1.128s] -- Installing: /home/jo/final_commit/install/communication_msgs/share/ament_index/resource_index/package_run_dependencies/communication_msgs
[1.128s] -- Installing: /home/jo/final_commit/install/communication_msgs/share/ament_index/resource_index/parent_prefix_path/communication_msgs
[1.128s] -- Installing: /home/jo/final_commit/install/communication_msgs/share/communication_msgs/environment/ament_prefix_path.sh
[1.128s] -- Installing: /home/jo/final_commit/install/communication_msgs/share/communication_msgs/environment/ament_prefix_path.dsv
[1.128s] -- Installing: /home/jo/final_commit/install/communication_msgs/share/communication_msgs/environment/path.sh
[1.128s] -- Installing: /home/jo/final_commit/install/communication_msgs/share/communication_msgs/environment/path.dsv
[1.129s] -- Installing: /home/jo/final_commit/install/communication_msgs/share/communication_msgs/local_setup.bash
[1.129s] -- Installing: /home/jo/final_commit/install/communication_msgs/share/communication_msgs/local_setup.sh
[1.129s] -- Installing: /home/jo/final_commit/install/communication_msgs/share/communication_msgs/local_setup.zsh
[1.129s] -- Installing: /home/jo/final_commit/install/communication_msgs/share/communication_msgs/local_setup.dsv
[1.129s] -- Installing: /home/jo/final_commit/install/communication_msgs/share/communication_msgs/package.dsv
[1.129s] -- Installing: /home/jo/final_commit/install/communication_msgs/share/ament_index/resource_index/packages/communication_msgs
[1.130s] -- Installing: /home/jo/final_commit/install/communication_msgs/share/communication_msgs/cmake/communication_msgsConfig.cmake
[1.130s] -- Installing: /home/jo/final_commit/install/communication_msgs/share/communication_msgs/cmake/communication_msgsConfig-version.cmake
[1.130s] -- Installing: /home/jo/final_commit/install/communication_msgs/share/communication_msgs/package.xml
[1.131s] Invoked command in '/home/jo/final_commit/build/communication_msgs' returned '0': CMAKE_PREFIX_PATH=/home/jo/final_commit/install/communication:/opt/ros/humble /usr/bin/cmake --install /home/jo/final_commit/build/communication_msgs
