[1.130s] Invoking command in '/home/jo/final_commit/src/call_gazebo': PYTHONPATH=/home/jo/final_commit/build/call_gazebo/prefix_override:/home/jo/final_commit/install/call_gazebo/lib/python3.10/site-packages:${PYTHONPATH} /usr/bin/python3 setup.py egg_info --egg-base ../../build/call_gazebo build --build-base /home/jo/final_commit/build/call_gazebo/build install --record /home/jo/final_commit/build/call_gazebo/install.log --single-version-externally-managed
[1.345s] running egg_info
[1.346s] writing ../../build/call_gazebo/call_gazebo.egg-info/PKG-INFO
[1.346s] writing dependency_links to ../../build/call_gazebo/call_gazebo.egg-info/dependency_links.txt
[1.346s] writing entry points to ../../build/call_gazebo/call_gazebo.egg-info/entry_points.txt
[1.346s] writing requirements to ../../build/call_gazebo/call_gazebo.egg-info/requires.txt
[1.346s] writing top-level names to ../../build/call_gazebo/call_gazebo.egg-info/top_level.txt
[1.347s] reading manifest file '../../build/call_gazebo/call_gazebo.egg-info/SOURCES.txt'
[1.348s] writing manifest file '../../build/call_gazebo/call_gazebo.egg-info/SOURCES.txt'
[1.348s] running build
[1.348s] running build_py
[1.348s] running install
[1.349s] /usr/lib/python3/dist-packages/setuptools/command/install.py:34: SetuptoolsDeprecationWarning: setup.py install is deprecated. Use build and pip and other standards-based tools.
[1.349s]   warnings.warn(
[1.349s] running install_lib
[1.350s] running install_data
[1.350s] running install_egg_info
[1.351s] removing '/home/jo/final_commit/install/call_gazebo/lib/python3.10/site-packages/call_gazebo-0.0.0-py3.10.egg-info' (and everything under it)
[1.351s] Copying ../../build/call_gazebo/call_gazebo.egg-info to /home/jo/final_commit/install/call_gazebo/lib/python3.10/site-packages/call_gazebo-0.0.0-py3.10.egg-info
[1.352s] running install_scripts
[1.368s] writing list of installed files to '/home/jo/final_commit/build/call_gazebo/install.log'
[1.446s] Invoked command in '/home/jo/final_commit/src/call_gazebo' returned '0': PYTHONPATH=/home/jo/final_commit/build/call_gazebo/prefix_override:/home/jo/final_commit/install/call_gazebo/lib/python3.10/site-packages:${PYTHONPATH} /usr/bin/python3 setup.py egg_info --egg-base ../../build/call_gazebo build --build-base /home/jo/final_commit/build/call_gazebo/build install --record /home/jo/final_commit/build/call_gazebo/install.log --single-version-externally-managed
