[1.010s] DEBUG:colcon:Command line arguments: ['/usr/bin/colcon', 'build']
[1.010s] DEBUG:colcon:Parsed command line arguments: Namespace(log_base=None, log_level=None, verb_name='build', build_base='build', install_base='install', merge_install=False, symlink_install=False, test_result_base=None, continue_on_error=False, executor='parallel', parallel_workers=12, event_handlers=None, ignore_user_meta=False, metas=['./colcon.meta'], base_paths=['.'], packages_ignore=None, packages_ignore_regex=None, paths=None, packages_up_to=None, packages_up_to_regex=None, packages_above=None, packages_above_and_dependencies=None, packages_above_depth=None, packages_select_by_dep=None, packages_skip_by_dep=None, packages_skip_up_to=None, packages_select_build_failed=False, packages_skip_build_finished=False, packages_select_test_failures=False, packages_skip_test_passed=False, packages_select=None, packages_skip=None, packages_select_regex=None, packages_skip_regex=None, packages_start=None, packages_end=None, allow_overriding=[], cmake_args=None, cmake_target=None, cmake_target_skip_unavailable=False, cmake_clean_cache=False, cmake_clean_first=False, cmake_force_configure=False, ament_cmake_args=None, catkin_cmake_args=None, catkin_skip_building_tests=False, verb_parser=<colcon_defaults.argument_parser.defaults.DefaultArgumentsDecorator object at 0x7fc1722bac50>, verb_extension=<colcon_core.verb.build.BuildVerb object at 0x7fc1726d3c40>, main=<bound method BuildVerb.main of <colcon_core.verb.build.BuildVerb object at 0x7fc1726d3c40>>)
[1.060s] Level 1:colcon.colcon_core.package_discovery:discover_packages(colcon_meta) check parameters
[1.060s] Level 1:colcon.colcon_core.package_discovery:discover_packages(recursive) check parameters
[1.061s] Level 1:colcon.colcon_core.package_discovery:discover_packages(ignore) check parameters
[1.061s] Level 1:colcon.colcon_core.package_discovery:discover_packages(path) check parameters
[1.061s] Level 1:colcon.colcon_core.package_discovery:discover_packages(colcon_meta) discover
[1.061s] Level 1:colcon.colcon_core.package_discovery:discover_packages(recursive) discover
[1.061s] INFO:colcon.colcon_core.package_discovery:Crawling recursively for packages in '/home/jo/final_commit'
[1.061s] Level 1:colcon.colcon_core.package_identification:_identify(.) by extensions ['ignore', 'ignore_ament_install']
[1.061s] Level 1:colcon.colcon_core.package_identification:_identify(.) by extension 'ignore'
[1.061s] Level 1:colcon.colcon_core.package_identification:_identify(.) by extension 'ignore_ament_install'
[1.061s] Level 1:colcon.colcon_core.package_identification:_identify(.) by extensions ['colcon_pkg']
[1.061s] Level 1:colcon.colcon_core.package_identification:_identify(.) by extension 'colcon_pkg'
[1.061s] Level 1:colcon.colcon_core.package_identification:_identify(.) by extensions ['colcon_meta']
[1.061s] Level 1:colcon.colcon_core.package_identification:_identify(.) by extension 'colcon_meta'
[1.061s] Level 1:colcon.colcon_core.package_identification:_identify(.) by extensions ['ros']
[1.061s] Level 1:colcon.colcon_core.package_identification:_identify(.) by extension 'ros'
[1.070s] Level 1:colcon.colcon_core.package_identification:_identify(.) by extensions ['cmake', 'python']
[1.070s] Level 1:colcon.colcon_core.package_identification:_identify(.) by extension 'cmake'
[1.070s] Level 1:colcon.colcon_core.package_identification:_identify(.) by extension 'python'
[1.070s] Level 1:colcon.colcon_core.package_identification:_identify(.) by extensions ['python_setup_py']
[1.070s] Level 1:colcon.colcon_core.package_identification:_identify(.) by extension 'python_setup_py'
[1.071s] Level 1:colcon.colcon_core.package_identification:_identify(auto_drive_control) by extensions ['ignore', 'ignore_ament_install']
[1.071s] Level 1:colcon.colcon_core.package_identification:_identify(auto_drive_control) by extension 'ignore'
[1.071s] Level 1:colcon.colcon_core.package_identification:_identify(auto_drive_control) by extension 'ignore_ament_install'
[1.071s] Level 1:colcon.colcon_core.package_identification:_identify(auto_drive_control) by extensions ['colcon_pkg']
[1.071s] Level 1:colcon.colcon_core.package_identification:_identify(auto_drive_control) by extension 'colcon_pkg'
[1.071s] Level 1:colcon.colcon_core.package_identification:_identify(auto_drive_control) by extensions ['colcon_meta']
[1.071s] Level 1:colcon.colcon_core.package_identification:_identify(auto_drive_control) by extension 'colcon_meta'
[1.071s] Level 1:colcon.colcon_core.package_identification:_identify(auto_drive_control) by extensions ['ros']
[1.071s] Level 1:colcon.colcon_core.package_identification:_identify(auto_drive_control) by extension 'ros'
[1.073s] DEBUG:colcon.colcon_core.package_identification:Package 'auto_drive_control' with type 'ros.ament_python' and name 'auto_drive_control'
[1.073s] Level 1:colcon.colcon_core.package_identification:_identify(build) by extensions ['ignore', 'ignore_ament_install']
[1.073s] Level 1:colcon.colcon_core.package_identification:_identify(build) by extension 'ignore'
[1.074s] Level 1:colcon.colcon_core.package_identification:_identify(build) ignored
[1.074s] Level 1:colcon.colcon_core.package_identification:_identify(install) by extensions ['ignore', 'ignore_ament_install']
[1.074s] Level 1:colcon.colcon_core.package_identification:_identify(install) by extension 'ignore'
[1.074s] Level 1:colcon.colcon_core.package_identification:_identify(install) ignored
[1.074s] Level 1:colcon.colcon_core.package_identification:_identify(lidar_package) by extensions ['ignore', 'ignore_ament_install']
[1.074s] Level 1:colcon.colcon_core.package_identification:_identify(lidar_package) by extension 'ignore'
[1.074s] Level 1:colcon.colcon_core.package_identification:_identify(lidar_package) by extension 'ignore_ament_install'
[1.074s] Level 1:colcon.colcon_core.package_identification:_identify(lidar_package) by extensions ['colcon_pkg']
[1.074s] Level 1:colcon.colcon_core.package_identification:_identify(lidar_package) by extension 'colcon_pkg'
[1.074s] Level 1:colcon.colcon_core.package_identification:_identify(lidar_package) by extensions ['colcon_meta']
[1.074s] Level 1:colcon.colcon_core.package_identification:_identify(lidar_package) by extension 'colcon_meta'
[1.074s] Level 1:colcon.colcon_core.package_identification:_identify(lidar_package) by extensions ['ros']
[1.074s] Level 1:colcon.colcon_core.package_identification:_identify(lidar_package) by extension 'ros'
[1.075s] DEBUG:colcon.colcon_core.package_identification:Package 'lidar_package' with type 'ros.ament_python' and name 'lidar_package'
[1.075s] Level 1:colcon.colcon_core.package_identification:_identify(log) by extensions ['ignore', 'ignore_ament_install']
[1.075s] Level 1:colcon.colcon_core.package_identification:_identify(log) by extension 'ignore'
[1.075s] Level 1:colcon.colcon_core.package_identification:_identify(log) ignored
[1.075s] Level 1:colcon.colcon_core.package_identification:_identify(src) by extensions ['ignore', 'ignore_ament_install']
[1.075s] Level 1:colcon.colcon_core.package_identification:_identify(src) by extension 'ignore'
[1.075s] Level 1:colcon.colcon_core.package_identification:_identify(src) by extension 'ignore_ament_install'
[1.075s] Level 1:colcon.colcon_core.package_identification:_identify(src) by extensions ['colcon_pkg']
[1.075s] Level 1:colcon.colcon_core.package_identification:_identify(src) by extension 'colcon_pkg'
[1.075s] Level 1:colcon.colcon_core.package_identification:_identify(src) by extensions ['colcon_meta']
[1.075s] Level 1:colcon.colcon_core.package_identification:_identify(src) by extension 'colcon_meta'
[1.075s] Level 1:colcon.colcon_core.package_identification:_identify(src) by extensions ['ros']
[1.075s] Level 1:colcon.colcon_core.package_identification:_identify(src) by extension 'ros'
[1.075s] Level 1:colcon.colcon_core.package_identification:_identify(src) by extensions ['cmake', 'python']
[1.075s] Level 1:colcon.colcon_core.package_identification:_identify(src) by extension 'cmake'
[1.075s] Level 1:colcon.colcon_core.package_identification:_identify(src) by extension 'python'
[1.075s] Level 1:colcon.colcon_core.package_identification:_identify(src) by extensions ['python_setup_py']
[1.075s] Level 1:colcon.colcon_core.package_identification:_identify(src) by extension 'python_setup_py'
[1.076s] Level 1:colcon.colcon_core.package_identification:_identify(src/communication_msgs) by extensions ['ignore', 'ignore_ament_install']
[1.076s] Level 1:colcon.colcon_core.package_identification:_identify(src/communication_msgs) by extension 'ignore'
[1.076s] Level 1:colcon.colcon_core.package_identification:_identify(src/communication_msgs) by extension 'ignore_ament_install'
[1.076s] Level 1:colcon.colcon_core.package_identification:_identify(src/communication_msgs) by extensions ['colcon_pkg']
[1.076s] Level 1:colcon.colcon_core.package_identification:_identify(src/communication_msgs) by extension 'colcon_pkg'
[1.076s] Level 1:colcon.colcon_core.package_identification:_identify(src/communication_msgs) by extensions ['colcon_meta']
[1.076s] Level 1:colcon.colcon_core.package_identification:_identify(src/communication_msgs) by extension 'colcon_meta'
[1.076s] Level 1:colcon.colcon_core.package_identification:_identify(src/communication_msgs) by extensions ['ros']
[1.076s] Level 1:colcon.colcon_core.package_identification:_identify(src/communication_msgs) by extension 'ros'
[1.076s] Level 1:colcon.colcon_core.package_identification:_identify(src/communication_msgs) by extensions ['cmake', 'python']
[1.076s] Level 1:colcon.colcon_core.package_identification:_identify(src/communication_msgs) by extension 'cmake'
[1.076s] Level 1:colcon.colcon_core.package_identification:_identify(src/communication_msgs) by extension 'python'
[1.076s] Level 1:colcon.colcon_core.package_identification:_identify(src/communication_msgs) by extensions ['python_setup_py']
[1.076s] Level 1:colcon.colcon_core.package_identification:_identify(src/communication_msgs) by extension 'python_setup_py'
[1.076s] Level 1:colcon.colcon_core.package_identification:_identify(src/communication_msgs/include) by extensions ['ignore', 'ignore_ament_install']
[1.076s] Level 1:colcon.colcon_core.package_identification:_identify(src/communication_msgs/include) by extension 'ignore'
[1.076s] Level 1:colcon.colcon_core.package_identification:_identify(src/communication_msgs/include) by extension 'ignore_ament_install'
[1.076s] Level 1:colcon.colcon_core.package_identification:_identify(src/communication_msgs/include) by extensions ['colcon_pkg']
[1.077s] Level 1:colcon.colcon_core.package_identification:_identify(src/communication_msgs/include) by extension 'colcon_pkg'
[1.077s] Level 1:colcon.colcon_core.package_identification:_identify(src/communication_msgs/include) by extensions ['colcon_meta']
[1.077s] Level 1:colcon.colcon_core.package_identification:_identify(src/communication_msgs/include) by extension 'colcon_meta'
[1.077s] Level 1:colcon.colcon_core.package_identification:_identify(src/communication_msgs/include) by extensions ['ros']
[1.077s] Level 1:colcon.colcon_core.package_identification:_identify(src/communication_msgs/include) by extension 'ros'
[1.077s] Level 1:colcon.colcon_core.package_identification:_identify(src/communication_msgs/include) by extensions ['cmake', 'python']
[1.077s] Level 1:colcon.colcon_core.package_identification:_identify(src/communication_msgs/include) by extension 'cmake'
[1.077s] Level 1:colcon.colcon_core.package_identification:_identify(src/communication_msgs/include) by extension 'python'
[1.077s] Level 1:colcon.colcon_core.package_identification:_identify(src/communication_msgs/include) by extensions ['python_setup_py']
[1.077s] Level 1:colcon.colcon_core.package_identification:_identify(src/communication_msgs/include) by extension 'python_setup_py'
[1.077s] Level 1:colcon.colcon_core.package_identification:_identify(src/communication_msgs/include/communication_msgs) by extensions ['ignore', 'ignore_ament_install']
[1.077s] Level 1:colcon.colcon_core.package_identification:_identify(src/communication_msgs/include/communication_msgs) by extension 'ignore'
[1.077s] Level 1:colcon.colcon_core.package_identification:_identify(src/communication_msgs/include/communication_msgs) by extension 'ignore_ament_install'
[1.077s] Level 1:colcon.colcon_core.package_identification:_identify(src/communication_msgs/include/communication_msgs) by extensions ['colcon_pkg']
[1.077s] Level 1:colcon.colcon_core.package_identification:_identify(src/communication_msgs/include/communication_msgs) by extension 'colcon_pkg'
[1.077s] Level 1:colcon.colcon_core.package_identification:_identify(src/communication_msgs/include/communication_msgs) by extensions ['colcon_meta']
[1.077s] Level 1:colcon.colcon_core.package_identification:_identify(src/communication_msgs/include/communication_msgs) by extension 'colcon_meta'
[1.077s] Level 1:colcon.colcon_core.package_identification:_identify(src/communication_msgs/include/communication_msgs) by extensions ['ros']
[1.077s] Level 1:colcon.colcon_core.package_identification:_identify(src/communication_msgs/include/communication_msgs) by extension 'ros'
[1.077s] Level 1:colcon.colcon_core.package_identification:_identify(src/communication_msgs/include/communication_msgs) by extensions ['cmake', 'python']
[1.077s] Level 1:colcon.colcon_core.package_identification:_identify(src/communication_msgs/include/communication_msgs) by extension 'cmake'
[1.077s] Level 1:colcon.colcon_core.package_identification:_identify(src/communication_msgs/include/communication_msgs) by extension 'python'
[1.077s] Level 1:colcon.colcon_core.package_identification:_identify(src/communication_msgs/include/communication_msgs) by extensions ['python_setup_py']
[1.077s] Level 1:colcon.colcon_core.package_identification:_identify(src/communication_msgs/include/communication_msgs) by extension 'python_setup_py'
[1.077s] Level 1:colcon.colcon_core.package_identification:_identify(src/communication_msgs/src) by extensions ['ignore', 'ignore_ament_install']
[1.078s] Level 1:colcon.colcon_core.package_identification:_identify(src/communication_msgs/src) by extension 'ignore'
[1.078s] Level 1:colcon.colcon_core.package_identification:_identify(src/communication_msgs/src) by extension 'ignore_ament_install'
[1.078s] Level 1:colcon.colcon_core.package_identification:_identify(src/communication_msgs/src) by extensions ['colcon_pkg']
[1.078s] Level 1:colcon.colcon_core.package_identification:_identify(src/communication_msgs/src) by extension 'colcon_pkg'
[1.078s] Level 1:colcon.colcon_core.package_identification:_identify(src/communication_msgs/src) by extensions ['colcon_meta']
[1.078s] Level 1:colcon.colcon_core.package_identification:_identify(src/communication_msgs/src) by extension 'colcon_meta'
[1.078s] Level 1:colcon.colcon_core.package_identification:_identify(src/communication_msgs/src) by extensions ['ros']
[1.078s] Level 1:colcon.colcon_core.package_identification:_identify(src/communication_msgs/src) by extension 'ros'
[1.078s] Level 1:colcon.colcon_core.package_identification:_identify(src/communication_msgs/src) by extensions ['cmake', 'python']
[1.078s] Level 1:colcon.colcon_core.package_identification:_identify(src/communication_msgs/src) by extension 'cmake'
[1.078s] Level 1:colcon.colcon_core.package_identification:_identify(src/communication_msgs/src) by extension 'python'
[1.078s] Level 1:colcon.colcon_core.package_identification:_identify(src/communication_msgs/src) by extensions ['python_setup_py']
[1.078s] Level 1:colcon.colcon_core.package_identification:_identify(src/communication_msgs/src) by extension 'python_setup_py'
[1.078s] Level 1:colcon.colcon_core.package_identification:_identify(src/communication_msgs/srv) by extensions ['ignore', 'ignore_ament_install']
[1.078s] Level 1:colcon.colcon_core.package_identification:_identify(src/communication_msgs/srv) by extension 'ignore'
[1.078s] Level 1:colcon.colcon_core.package_identification:_identify(src/communication_msgs/srv) by extension 'ignore_ament_install'
[1.078s] Level 1:colcon.colcon_core.package_identification:_identify(src/communication_msgs/srv) by extensions ['colcon_pkg']
[1.078s] Level 1:colcon.colcon_core.package_identification:_identify(src/communication_msgs/srv) by extension 'colcon_pkg'
[1.078s] Level 1:colcon.colcon_core.package_identification:_identify(src/communication_msgs/srv) by extensions ['colcon_meta']
[1.078s] Level 1:colcon.colcon_core.package_identification:_identify(src/communication_msgs/srv) by extension 'colcon_meta'
[1.078s] Level 1:colcon.colcon_core.package_identification:_identify(src/communication_msgs/srv) by extensions ['ros']
[1.078s] Level 1:colcon.colcon_core.package_identification:_identify(src/communication_msgs/srv) by extension 'ros'
[1.079s] Level 1:colcon.colcon_core.package_identification:_identify(src/communication_msgs/srv) by extensions ['cmake', 'python']
[1.079s] Level 1:colcon.colcon_core.package_identification:_identify(src/communication_msgs/srv) by extension 'cmake'
[1.079s] Level 1:colcon.colcon_core.package_identification:_identify(src/communication_msgs/srv) by extension 'python'
[1.079s] Level 1:colcon.colcon_core.package_identification:_identify(src/communication_msgs/srv) by extensions ['python_setup_py']
[1.079s] Level 1:colcon.colcon_core.package_identification:_identify(src/communication_msgs/srv) by extension 'python_setup_py'
[1.079s] Level 1:colcon.colcon_core.package_discovery:discover_packages(recursive) using defaults
[1.079s] Level 1:colcon.colcon_core.package_discovery:discover_packages(ignore) discover
[1.079s] Level 1:colcon.colcon_core.package_discovery:discover_packages(ignore) using defaults
[1.079s] Level 1:colcon.colcon_core.package_discovery:discover_packages(path) discover
[1.079s] Level 1:colcon.colcon_core.package_discovery:discover_packages(path) using defaults
[1.172s] Level 1:colcon.colcon_core.package_discovery:discover_packages(prefix_path) check parameters
[1.172s] Level 1:colcon.colcon_core.package_discovery:discover_packages(prefix_path) discover
[1.213s] DEBUG:colcon.colcon_installed_package_information.package_discovery:Found 400 installed packages in /opt/ros/humble
[1.215s] Level 1:colcon.colcon_core.package_discovery:discover_packages(prefix_path) using defaults
[1.308s] Level 5:colcon.colcon_core.verb:set package 'auto_drive_control' build argument 'cmake_args' from command line to 'None'
[1.308s] Level 5:colcon.colcon_core.verb:set package 'auto_drive_control' build argument 'cmake_target' from command line to 'None'
[1.308s] Level 5:colcon.colcon_core.verb:set package 'auto_drive_control' build argument 'cmake_target_skip_unavailable' from command line to 'False'
[1.308s] Level 5:colcon.colcon_core.verb:set package 'auto_drive_control' build argument 'cmake_clean_cache' from command line to 'False'
[1.308s] Level 5:colcon.colcon_core.verb:set package 'auto_drive_control' build argument 'cmake_clean_first' from command line to 'False'
[1.308s] Level 5:colcon.colcon_core.verb:set package 'auto_drive_control' build argument 'cmake_force_configure' from command line to 'False'
[1.308s] Level 5:colcon.colcon_core.verb:set package 'auto_drive_control' build argument 'ament_cmake_args' from command line to 'None'
[1.308s] Level 5:colcon.colcon_core.verb:set package 'auto_drive_control' build argument 'catkin_cmake_args' from command line to 'None'
[1.309s] Level 5:colcon.colcon_core.verb:set package 'auto_drive_control' build argument 'catkin_skip_building_tests' from command line to 'False'
[1.309s] DEBUG:colcon.colcon_core.verb:Building package 'auto_drive_control' with the following arguments: {'ament_cmake_args': None, 'build_base': '/home/jo/final_commit/build/auto_drive_control', 'catkin_cmake_args': None, 'catkin_skip_building_tests': False, 'cmake_args': None, 'cmake_clean_cache': False, 'cmake_clean_first': False, 'cmake_force_configure': False, 'cmake_target': None, 'cmake_target_skip_unavailable': False, 'install_base': '/home/jo/final_commit/install/auto_drive_control', 'merge_install': False, 'path': '/home/jo/final_commit/auto_drive_control', 'symlink_install': False, 'test_result_base': None}
[1.323s] Level 5:colcon.colcon_core.verb:set package 'lidar_package' build argument 'cmake_args' from command line to 'None'
[1.323s] Level 5:colcon.colcon_core.verb:set package 'lidar_package' build argument 'cmake_target' from command line to 'None'
[1.323s] Level 5:colcon.colcon_core.verb:set package 'lidar_package' build argument 'cmake_target_skip_unavailable' from command line to 'False'
[1.323s] Level 5:colcon.colcon_core.verb:set package 'lidar_package' build argument 'cmake_clean_cache' from command line to 'False'
[1.323s] Level 5:colcon.colcon_core.verb:set package 'lidar_package' build argument 'cmake_clean_first' from command line to 'False'
[1.323s] Level 5:colcon.colcon_core.verb:set package 'lidar_package' build argument 'cmake_force_configure' from command line to 'False'
[1.323s] Level 5:colcon.colcon_core.verb:set package 'lidar_package' build argument 'ament_cmake_args' from command line to 'None'
[1.323s] Level 5:colcon.colcon_core.verb:set package 'lidar_package' build argument 'catkin_cmake_args' from command line to 'None'
[1.323s] Level 5:colcon.colcon_core.verb:set package 'lidar_package' build argument 'catkin_skip_building_tests' from command line to 'False'
[1.323s] DEBUG:colcon.colcon_core.verb:Building package 'lidar_package' with the following arguments: {'ament_cmake_args': None, 'build_base': '/home/jo/final_commit/build/lidar_package', 'catkin_cmake_args': None, 'catkin_skip_building_tests': False, 'cmake_args': None, 'cmake_clean_cache': False, 'cmake_clean_first': False, 'cmake_force_configure': False, 'cmake_target': None, 'cmake_target_skip_unavailable': False, 'install_base': '/home/jo/final_commit/install/lidar_package', 'merge_install': False, 'path': '/home/jo/final_commit/lidar_package', 'symlink_install': False, 'test_result_base': None}
[1.339s] INFO:colcon.colcon_core.executor:Executing jobs using 'parallel' executor
[1.357s] DEBUG:colcon.colcon_parallel_executor.executor.parallel:run_until_complete
[1.357s] INFO:colcon.colcon_ros.task.ament_python.build:Building ROS package in '/home/jo/final_commit/auto_drive_control' with build type 'ament_python'
[1.357s] Level 1:colcon.colcon_core.shell:create_environment_hook('auto_drive_control', 'ament_prefix_path')
[1.376s] INFO:colcon.colcon_core.plugin_system:Skipping extension 'colcon_core.shell.bat': Not used on non-Windows systems
[1.376s] INFO:colcon.colcon_core.shell:Creating environment hook '/home/jo/final_commit/install/auto_drive_control/share/auto_drive_control/hook/ament_prefix_path.ps1'
[1.376s] INFO:colcon.colcon_core.shell:Creating environment descriptor '/home/jo/final_commit/install/auto_drive_control/share/auto_drive_control/hook/ament_prefix_path.dsv'
[1.377s] INFO:colcon.colcon_core.shell:Creating environment hook '/home/jo/final_commit/install/auto_drive_control/share/auto_drive_control/hook/ament_prefix_path.sh'
[1.392s] INFO:colcon.colcon_core.shell:Skip shell extension 'powershell' for command environment: Not usable outside of PowerShell
[1.392s] DEBUG:colcon.colcon_core.shell:Skip shell extension 'dsv' for command environment
[1.424s] INFO:colcon.colcon_ros.task.ament_python.build:Building ROS package in '/home/jo/final_commit/lidar_package' with build type 'ament_python'
[1.424s] Level 1:colcon.colcon_core.shell:create_environment_hook('lidar_package', 'ament_prefix_path')
[1.441s] INFO:colcon.colcon_core.shell:Creating environment hook '/home/jo/final_commit/install/lidar_package/share/lidar_package/hook/ament_prefix_path.ps1'
[1.441s] INFO:colcon.colcon_core.shell:Creating environment descriptor '/home/jo/final_commit/install/lidar_package/share/lidar_package/hook/ament_prefix_path.dsv'
[1.442s] INFO:colcon.colcon_core.shell:Creating environment hook '/home/jo/final_commit/install/lidar_package/share/lidar_package/hook/ament_prefix_path.sh'
[1.457s] INFO:colcon.colcon_core.shell:Skip shell extension 'powershell' for command environment: Not usable outside of PowerShell
[1.457s] DEBUG:colcon.colcon_core.shell:Skip shell extension 'dsv' for command environment
[1.778s] INFO:colcon.colcon_core.task.python.build:Building Python package in '/home/jo/final_commit/auto_drive_control'
[1.794s] INFO:colcon.colcon_core.shell:Skip shell extension 'powershell' for command environment: Not usable outside of PowerShell
[1.795s] DEBUG:colcon.colcon_core.shell:Skip shell extension 'dsv' for command environment
[2.035s] INFO:colcon.colcon_core.task.python.build:Building Python package in '/home/jo/final_commit/lidar_package'
[2.051s] INFO:colcon.colcon_core.shell:Skip shell extension 'powershell' for command environment: Not usable outside of PowerShell
[2.051s] DEBUG:colcon.colcon_core.shell:Skip shell extension 'dsv' for command environment
[2.470s] DEBUG:colcon.colcon_core.event_handler.log_command:Invoking command in '/home/jo/final_commit/lidar_package': PYTHONPATH=/home/jo/final_commit/build/lidar_package/prefix_override:/home/jo/final_commit/install/lidar_package/lib/python3.10/site-packages:${PYTHONPATH} /usr/bin/python3 setup.py egg_info --egg-base ../build/lidar_package build --build-base /home/jo/final_commit/build/lidar_package/build install --record /home/jo/final_commit/build/lidar_package/install.log --single-version-externally-managed
[2.472s] DEBUG:colcon.colcon_core.event_handler.log_command:Invoking command in '/home/jo/final_commit/auto_drive_control': PYTHONPATH=/home/jo/final_commit/build/auto_drive_control/prefix_override:/home/jo/final_commit/install/auto_drive_control/lib/python3.10/site-packages:${PYTHONPATH} /usr/bin/python3 setup.py egg_info --egg-base ../build/auto_drive_control build --build-base /home/jo/final_commit/build/auto_drive_control/build install --record /home/jo/final_commit/build/auto_drive_control/install.log --single-version-externally-managed
[2.723s] DEBUG:colcon.colcon_core.event_handler.log_command:Invoked command in '/home/jo/final_commit/auto_drive_control' returned '0': PYTHONPATH=/home/jo/final_commit/build/auto_drive_control/prefix_override:/home/jo/final_commit/install/auto_drive_control/lib/python3.10/site-packages:${PYTHONPATH} /usr/bin/python3 setup.py egg_info --egg-base ../build/auto_drive_control build --build-base /home/jo/final_commit/build/auto_drive_control/build install --record /home/jo/final_commit/build/auto_drive_control/install.log --single-version-externally-managed
[2.742s] Level 1:colcon.colcon_core.environment:checking '/home/jo/final_commit/install/auto_drive_control' for CMake module files
[2.742s] Level 1:colcon.colcon_core.environment:checking '/home/jo/final_commit/install/auto_drive_control' for CMake config files
[2.743s] Level 1:colcon.colcon_core.environment:checking '/home/jo/final_commit/install/auto_drive_control/lib'
[2.743s] Level 1:colcon.colcon_core.environment:checking '/home/jo/final_commit/install/auto_drive_control/bin'
[2.743s] Level 1:colcon.colcon_core.environment:checking '/home/jo/final_commit/install/auto_drive_control/lib/pkgconfig/auto_drive_control.pc'
[2.743s] Level 1:colcon.colcon_core.environment:checking '/home/jo/final_commit/install/auto_drive_control/lib/python3.10/site-packages'
[2.743s] Level 1:colcon.colcon_core.shell:create_environment_hook('auto_drive_control', 'pythonpath')
[2.759s] INFO:colcon.colcon_core.shell:Creating environment hook '/home/jo/final_commit/install/auto_drive_control/share/auto_drive_control/hook/pythonpath.ps1'
[2.760s] INFO:colcon.colcon_core.shell:Creating environment descriptor '/home/jo/final_commit/install/auto_drive_control/share/auto_drive_control/hook/pythonpath.dsv'
[2.760s] INFO:colcon.colcon_core.shell:Creating environment hook '/home/jo/final_commit/install/auto_drive_control/share/auto_drive_control/hook/pythonpath.sh'
[2.760s] Level 1:colcon.colcon_core.environment:checking '/home/jo/final_commit/install/auto_drive_control/bin'
[2.760s] Level 1:colcon.colcon_core.environment:create_environment_scripts_only(auto_drive_control)
[2.777s] INFO:colcon.colcon_core.shell:Creating package script '/home/jo/final_commit/install/auto_drive_control/share/auto_drive_control/package.ps1'
[2.778s] INFO:colcon.colcon_core.shell:Creating package descriptor '/home/jo/final_commit/install/auto_drive_control/share/auto_drive_control/package.dsv'
[2.778s] INFO:colcon.colcon_core.shell:Creating package script '/home/jo/final_commit/install/auto_drive_control/share/auto_drive_control/package.sh'
[2.779s] INFO:colcon.colcon_core.shell:Creating package script '/home/jo/final_commit/install/auto_drive_control/share/auto_drive_control/package.bash'
[2.779s] INFO:colcon.colcon_core.shell:Creating package script '/home/jo/final_commit/install/auto_drive_control/share/auto_drive_control/package.zsh'
[2.780s] Level 1:colcon.colcon_core.environment:create_file_with_runtime_dependencies(/home/jo/final_commit/install/auto_drive_control/share/colcon-core/packages/auto_drive_control)
[2.781s] DEBUG:colcon.colcon_core.event_handler.log_command:Invoked command in '/home/jo/final_commit/lidar_package' returned '0': PYTHONPATH=/home/jo/final_commit/build/lidar_package/prefix_override:/home/jo/final_commit/install/lidar_package/lib/python3.10/site-packages:${PYTHONPATH} /usr/bin/python3 setup.py egg_info --egg-base ../build/lidar_package build --build-base /home/jo/final_commit/build/lidar_package/build install --record /home/jo/final_commit/build/lidar_package/install.log --single-version-externally-managed
[2.797s] Level 1:colcon.colcon_core.environment:checking '/home/jo/final_commit/install/lidar_package' for CMake module files
[2.798s] Level 1:colcon.colcon_core.environment:checking '/home/jo/final_commit/install/lidar_package' for CMake config files
[2.798s] Level 1:colcon.colcon_core.environment:checking '/home/jo/final_commit/install/lidar_package/lib'
[2.798s] Level 1:colcon.colcon_core.environment:checking '/home/jo/final_commit/install/lidar_package/bin'
[2.798s] Level 1:colcon.colcon_core.environment:checking '/home/jo/final_commit/install/lidar_package/lib/pkgconfig/lidar_package.pc'
[2.798s] Level 1:colcon.colcon_core.environment:checking '/home/jo/final_commit/install/lidar_package/lib/python3.10/site-packages'
[2.798s] Level 1:colcon.colcon_core.shell:create_environment_hook('lidar_package', 'pythonpath')
[2.814s] INFO:colcon.colcon_core.shell:Creating environment hook '/home/jo/final_commit/install/lidar_package/share/lidar_package/hook/pythonpath.ps1'
[2.814s] INFO:colcon.colcon_core.shell:Creating environment descriptor '/home/jo/final_commit/install/lidar_package/share/lidar_package/hook/pythonpath.dsv'
[2.815s] INFO:colcon.colcon_core.shell:Creating environment hook '/home/jo/final_commit/install/lidar_package/share/lidar_package/hook/pythonpath.sh'
[2.815s] Level 1:colcon.colcon_core.environment:checking '/home/jo/final_commit/install/lidar_package/bin'
[2.815s] Level 1:colcon.colcon_core.environment:create_environment_scripts_only(lidar_package)
[2.831s] INFO:colcon.colcon_core.shell:Creating package script '/home/jo/final_commit/install/lidar_package/share/lidar_package/package.ps1'
[2.831s] INFO:colcon.colcon_core.shell:Creating package descriptor '/home/jo/final_commit/install/lidar_package/share/lidar_package/package.dsv'
[2.832s] INFO:colcon.colcon_core.shell:Creating package script '/home/jo/final_commit/install/lidar_package/share/lidar_package/package.sh'
[2.832s] INFO:colcon.colcon_core.shell:Creating package script '/home/jo/final_commit/install/lidar_package/share/lidar_package/package.bash'
[2.833s] INFO:colcon.colcon_core.shell:Creating package script '/home/jo/final_commit/install/lidar_package/share/lidar_package/package.zsh'
[2.833s] Level 1:colcon.colcon_core.environment:create_file_with_runtime_dependencies(/home/jo/final_commit/install/lidar_package/share/colcon-core/packages/lidar_package)
[2.833s] DEBUG:colcon.colcon_parallel_executor.executor.parallel:closing loop
[2.833s] DEBUG:colcon.colcon_parallel_executor.executor.parallel:loop closed
[2.834s] DEBUG:colcon.colcon_parallel_executor.executor.parallel:run_until_complete finished with '0'
[2.834s] DEBUG:colcon.colcon_core.event_reactor:joining thread
[2.854s] INFO:colcon.colcon_core.plugin_system:Skipping extension 'colcon_notification.desktop_notification.terminal_notifier': Not used on non-Darwin systems
[2.854s] INFO:colcon.colcon_core.plugin_system:Skipping extension 'colcon_notification.desktop_notification.win32': Not used on non-Windows systems
[2.854s] INFO:colcon.colcon_notification.desktop_notification:Sending desktop notification using 'notify2'
[2.872s] DEBUG:colcon.colcon_core.event_reactor:joined thread
[2.887s] INFO:colcon.colcon_core.shell:Creating prefix script '/home/jo/final_commit/install/local_setup.ps1'
[2.889s] INFO:colcon.colcon_core.shell:Creating prefix util module '/home/jo/final_commit/install/_local_setup_util_ps1.py'
[2.890s] INFO:colcon.colcon_core.shell:Creating prefix chain script '/home/jo/final_commit/install/setup.ps1'
[2.907s] INFO:colcon.colcon_core.shell:Creating prefix script '/home/jo/final_commit/install/local_setup.sh'
[2.908s] INFO:colcon.colcon_core.shell:Creating prefix util module '/home/jo/final_commit/install/_local_setup_util_sh.py'
[2.908s] INFO:colcon.colcon_core.shell:Creating prefix chain script '/home/jo/final_commit/install/setup.sh'
[2.925s] INFO:colcon.colcon_core.shell:Creating prefix script '/home/jo/final_commit/install/local_setup.bash'
[2.925s] INFO:colcon.colcon_core.shell:Creating prefix chain script '/home/jo/final_commit/install/setup.bash'
[2.941s] INFO:colcon.colcon_core.shell:Creating prefix script '/home/jo/final_commit/install/local_setup.zsh'
[2.942s] INFO:colcon.colcon_core.shell:Creating prefix chain script '/home/jo/final_commit/install/setup.zsh'
