[0.823s] Invoking command in '/home/kang/minibot_aruco/src/my_minibot_aruco_package': PS1=(aruco) \[\e]0;\u@\h: \w\a\]${debian_chroot:+($debian_chroot)}\[\033[01;32m\]\u@\h\[\033[00m\]:\[\033[01;34m\]\w\[\033[00m\]\$ PYTHONPATH=/home/kang/minibot_aruco/src/my_minibot_aruco_package/build/my_minibot_aruco_package/prefix_override:/home/kang/minibot_aruco/src/my_minibot_aruco_package/install/my_minibot_aruco_package/lib/python3.10/site-packages:${PYTHONPATH} VIRTUAL_ENV_PROMPT=(aruco) /usr/bin/python3 setup.py egg_info --egg-base build/my_minibot_aruco_package build --build-base /home/kang/minibot_aruco/src/my_minibot_aruco_package/build/my_minibot_aruco_package/build install --record /home/kang/minibot_aruco/src/my_minibot_aruco_package/build/my_minibot_aruco_package/install.log --single-version-externally-managed
[1.044s] running egg_info
[1.044s] creating build/my_minibot_aruco_package/my_minibot_aruco_package.egg-info
[1.061s] writing build/my_minibot_aruco_package/my_minibot_aruco_package.egg-info/PKG-INFO
[1.062s] writing dependency_links to build/my_minibot_aruco_package/my_minibot_aruco_package.egg-info/dependency_links.txt
[1.062s] writing entry points to build/my_minibot_aruco_package/my_minibot_aruco_package.egg-info/entry_points.txt
[1.062s] writing requirements to build/my_minibot_aruco_package/my_minibot_aruco_package.egg-info/requires.txt
[1.062s] writing top-level names to build/my_minibot_aruco_package/my_minibot_aruco_package.egg-info/top_level.txt
[1.062s] writing manifest file 'build/my_minibot_aruco_package/my_minibot_aruco_package.egg-info/SOURCES.txt'
[1.100s] reading manifest file 'build/my_minibot_aruco_package/my_minibot_aruco_package.egg-info/SOURCES.txt'
[1.101s] writing manifest file 'build/my_minibot_aruco_package/my_minibot_aruco_package.egg-info/SOURCES.txt'
[1.101s] running build
[1.101s] running build_py
[1.101s] creating /home/kang/minibot_aruco/src/my_minibot_aruco_package/build/my_minibot_aruco_package/build
[1.101s] creating /home/kang/minibot_aruco/src/my_minibot_aruco_package/build/my_minibot_aruco_package/build/lib
[1.101s] creating /home/kang/minibot_aruco/src/my_minibot_aruco_package/build/my_minibot_aruco_package/build/lib/my_minibot_aruco_package
[1.101s] copying my_minibot_aruco_package/the_sub.py -> /home/kang/minibot_aruco/src/my_minibot_aruco_package/build/my_minibot_aruco_package/build/lib/my_minibot_aruco_package
[1.101s] copying my_minibot_aruco_package/my_minibot_aruco_node.py -> /home/kang/minibot_aruco/src/my_minibot_aruco_package/build/my_minibot_aruco_package/build/lib/my_minibot_aruco_package
[1.102s] copying my_minibot_aruco_package/__init__.py -> /home/kang/minibot_aruco/src/my_minibot_aruco_package/build/my_minibot_aruco_package/build/lib/my_minibot_aruco_package
[1.102s] copying my_minibot_aruco_package/pose_estimation_test1.py -> /home/kang/minibot_aruco/src/my_minibot_aruco_package/build/my_minibot_aruco_package/build/lib/my_minibot_aruco_package
[1.102s] copying my_minibot_aruco_package/pose_estimation_test2.py -> /home/kang/minibot_aruco/src/my_minibot_aruco_package/build/my_minibot_aruco_package/build/lib/my_minibot_aruco_package
[1.102s] copying my_minibot_aruco_package/minibot_cmd_and_pose.py -> /home/kang/minibot_aruco/src/my_minibot_aruco_package/build/my_minibot_aruco_package/build/lib/my_minibot_aruco_package
[1.102s] copying my_minibot_aruco_package/aruco_processing.py -> /home/kang/minibot_aruco/src/my_minibot_aruco_package/build/my_minibot_aruco_package/build/lib/my_minibot_aruco_package
[1.102s] copying my_minibot_aruco_package/aruco_minibit_cmd_and_pose.py -> /home/kang/minibot_aruco/src/my_minibot_aruco_package/build/my_minibot_aruco_package/build/lib/my_minibot_aruco_package
[1.102s] copying my_minibot_aruco_package/my_subscriber.py -> /home/kang/minibot_aruco/src/my_minibot_aruco_package/build/my_minibot_aruco_package/build/lib/my_minibot_aruco_package
[1.103s] copying my_minibot_aruco_package/my_publisher.py -> /home/kang/minibot_aruco/src/my_minibot_aruco_package/build/my_minibot_aruco_package/build/lib/my_minibot_aruco_package
[1.103s] copying my_minibot_aruco_package/visual.py -> /home/kang/minibot_aruco/src/my_minibot_aruco_package/build/my_minibot_aruco_package/build/lib/my_minibot_aruco_package
[1.103s] copying my_minibot_aruco_package/pose_estimation_test2_pinkbot.py -> /home/kang/minibot_aruco/src/my_minibot_aruco_package/build/my_minibot_aruco_package/build/lib/my_minibot_aruco_package
[1.103s] copying my_minibot_aruco_package/pose_estimation_test2_pinkbot_backup.py -> /home/kang/minibot_aruco/src/my_minibot_aruco_package/build/my_minibot_aruco_package/build/lib/my_minibot_aruco_package
[1.103s] copying my_minibot_aruco_package/pose_estimation.py -> /home/kang/minibot_aruco/src/my_minibot_aruco_package/build/my_minibot_aruco_package/build/lib/my_minibot_aruco_package
[1.103s] copying my_minibot_aruco_package/calibrate.py -> /home/kang/minibot_aruco/src/my_minibot_aruco_package/build/my_minibot_aruco_package/build/lib/my_minibot_aruco_package
[1.104s] copying my_minibot_aruco_package/pi_cam_node.py -> /home/kang/minibot_aruco/src/my_minibot_aruco_package/build/my_minibot_aruco_package/build/lib/my_minibot_aruco_package
[1.104s] copying my_minibot_aruco_package/img_publisher.py -> /home/kang/minibot_aruco/src/my_minibot_aruco_package/build/my_minibot_aruco_package/build/lib/my_minibot_aruco_package
[1.104s] copying my_minibot_aruco_package/detect_aruco_video.py -> /home/kang/minibot_aruco/src/my_minibot_aruco_package/build/my_minibot_aruco_package/build/lib/my_minibot_aruco_package
[1.104s] copying my_minibot_aruco_package/aruco_tracker.py -> /home/kang/minibot_aruco/src/my_minibot_aruco_package/build/my_minibot_aruco_package/build/lib/my_minibot_aruco_package
[1.104s] copying my_minibot_aruco_package/aruco_trackor.py -> /home/kang/minibot_aruco/src/my_minibot_aruco_package/build/my_minibot_aruco_package/build/lib/my_minibot_aruco_package
[1.104s] copying my_minibot_aruco_package/the_pub.py -> /home/kang/minibot_aruco/src/my_minibot_aruco_package/build/my_minibot_aruco_package/build/lib/my_minibot_aruco_package
[1.104s] copying my_minibot_aruco_package/aruco_trackor_backup.py -> /home/kang/minibot_aruco/src/my_minibot_aruco_package/build/my_minibot_aruco_package/build/lib/my_minibot_aruco_package
[1.105s] running install
[1.105s] /home/kang/.local/lib/python3.10/site-packages/setuptools/_distutils/cmd.py:66: SetuptoolsDeprecationWarning: setup.py install is deprecated.
[1.105s] !!
[1.105s] 
[1.105s]         ********************************************************************************
[1.105s]         Please avoid running ``setup.py`` directly.
[1.105s]         Instead, use pypa/build, pypa/installer or other
[1.105s]         standards-based tools.
[1.105s] 
[1.105s]         See https://blog.ganssle.io/articles/2021/10/setup-py-deprecated.html for details.
[1.105s]         ********************************************************************************
[1.105s] 
[1.105s] !!
[1.105s]   self.initialize_options()
[1.109s] running install_lib
[1.130s] creating /home/kang/minibot_aruco/src/my_minibot_aruco_package/install/my_minibot_aruco_package/lib/python3.10/site-packages/my_minibot_aruco_package
[1.130s] copying /home/kang/minibot_aruco/src/my_minibot_aruco_package/build/my_minibot_aruco_package/build/lib/my_minibot_aruco_package/the_sub.py -> /home/kang/minibot_aruco/src/my_minibot_aruco_package/install/my_minibot_aruco_package/lib/python3.10/site-packages/my_minibot_aruco_package
[1.130s] copying /home/kang/minibot_aruco/src/my_minibot_aruco_package/build/my_minibot_aruco_package/build/lib/my_minibot_aruco_package/my_minibot_aruco_node.py -> /home/kang/minibot_aruco/src/my_minibot_aruco_package/install/my_minibot_aruco_package/lib/python3.10/site-packages/my_minibot_aruco_package
[1.130s] copying /home/kang/minibot_aruco/src/my_minibot_aruco_package/build/my_minibot_aruco_package/build/lib/my_minibot_aruco_package/__init__.py -> /home/kang/minibot_aruco/src/my_minibot_aruco_package/install/my_minibot_aruco_package/lib/python3.10/site-packages/my_minibot_aruco_package
[1.130s] copying /home/kang/minibot_aruco/src/my_minibot_aruco_package/build/my_minibot_aruco_package/build/lib/my_minibot_aruco_package/pose_estimation_test1.py -> /home/kang/minibot_aruco/src/my_minibot_aruco_package/install/my_minibot_aruco_package/lib/python3.10/site-packages/my_minibot_aruco_package
[1.130s] copying /home/kang/minibot_aruco/src/my_minibot_aruco_package/build/my_minibot_aruco_package/build/lib/my_minibot_aruco_package/pose_estimation_test2.py -> /home/kang/minibot_aruco/src/my_minibot_aruco_package/install/my_minibot_aruco_package/lib/python3.10/site-packages/my_minibot_aruco_package
[1.130s] copying /home/kang/minibot_aruco/src/my_minibot_aruco_package/build/my_minibot_aruco_package/build/lib/my_minibot_aruco_package/minibot_cmd_and_pose.py -> /home/kang/minibot_aruco/src/my_minibot_aruco_package/install/my_minibot_aruco_package/lib/python3.10/site-packages/my_minibot_aruco_package
[1.130s] copying /home/kang/minibot_aruco/src/my_minibot_aruco_package/build/my_minibot_aruco_package/build/lib/my_minibot_aruco_package/aruco_processing.py -> /home/kang/minibot_aruco/src/my_minibot_aruco_package/install/my_minibot_aruco_package/lib/python3.10/site-packages/my_minibot_aruco_package
[1.130s] copying /home/kang/minibot_aruco/src/my_minibot_aruco_package/build/my_minibot_aruco_package/build/lib/my_minibot_aruco_package/aruco_minibit_cmd_and_pose.py -> /home/kang/minibot_aruco/src/my_minibot_aruco_package/install/my_minibot_aruco_package/lib/python3.10/site-packages/my_minibot_aruco_package
[1.130s] copying /home/kang/minibot_aruco/src/my_minibot_aruco_package/build/my_minibot_aruco_package/build/lib/my_minibot_aruco_package/my_subscriber.py -> /home/kang/minibot_aruco/src/my_minibot_aruco_package/install/my_minibot_aruco_package/lib/python3.10/site-packages/my_minibot_aruco_package
[1.130s] copying /home/kang/minibot_aruco/src/my_minibot_aruco_package/build/my_minibot_aruco_package/build/lib/my_minibot_aruco_package/my_publisher.py -> /home/kang/minibot_aruco/src/my_minibot_aruco_package/install/my_minibot_aruco_package/lib/python3.10/site-packages/my_minibot_aruco_package
[1.130s] copying /home/kang/minibot_aruco/src/my_minibot_aruco_package/build/my_minibot_aruco_package/build/lib/my_minibot_aruco_package/visual.py -> /home/kang/minibot_aruco/src/my_minibot_aruco_package/install/my_minibot_aruco_package/lib/python3.10/site-packages/my_minibot_aruco_package
[1.131s] copying /home/kang/minibot_aruco/src/my_minibot_aruco_package/build/my_minibot_aruco_package/build/lib/my_minibot_aruco_package/pose_estimation_test2_pinkbot.py -> /home/kang/minibot_aruco/src/my_minibot_aruco_package/install/my_minibot_aruco_package/lib/python3.10/site-packages/my_minibot_aruco_package
[1.131s] copying /home/kang/minibot_aruco/src/my_minibot_aruco_package/build/my_minibot_aruco_package/build/lib/my_minibot_aruco_package/pose_estimation_test2_pinkbot_backup.py -> /home/kang/minibot_aruco/src/my_minibot_aruco_package/install/my_minibot_aruco_package/lib/python3.10/site-packages/my_minibot_aruco_package
[1.131s] copying /home/kang/minibot_aruco/src/my_minibot_aruco_package/build/my_minibot_aruco_package/build/lib/my_minibot_aruco_package/pose_estimation.py -> /home/kang/minibot_aruco/src/my_minibot_aruco_package/install/my_minibot_aruco_package/lib/python3.10/site-packages/my_minibot_aruco_package
[1.131s] copying /home/kang/minibot_aruco/src/my_minibot_aruco_package/build/my_minibot_aruco_package/build/lib/my_minibot_aruco_package/calibrate.py -> /home/kang/minibot_aruco/src/my_minibot_aruco_package/install/my_minibot_aruco_package/lib/python3.10/site-packages/my_minibot_aruco_package
[1.131s] copying /home/kang/minibot_aruco/src/my_minibot_aruco_package/build/my_minibot_aruco_package/build/lib/my_minibot_aruco_package/pi_cam_node.py -> /home/kang/minibot_aruco/src/my_minibot_aruco_package/install/my_minibot_aruco_package/lib/python3.10/site-packages/my_minibot_aruco_package
[1.131s] copying /home/kang/minibot_aruco/src/my_minibot_aruco_package/build/my_minibot_aruco_package/build/lib/my_minibot_aruco_package/img_publisher.py -> /home/kang/minibot_aruco/src/my_minibot_aruco_package/install/my_minibot_aruco_package/lib/python3.10/site-packages/my_minibot_aruco_package
[1.131s] copying /home/kang/minibot_aruco/src/my_minibot_aruco_package/build/my_minibot_aruco_package/build/lib/my_minibot_aruco_package/detect_aruco_video.py -> /home/kang/minibot_aruco/src/my_minibot_aruco_package/install/my_minibot_aruco_package/lib/python3.10/site-packages/my_minibot_aruco_package
[1.131s] copying /home/kang/minibot_aruco/src/my_minibot_aruco_package/build/my_minibot_aruco_package/build/lib/my_minibot_aruco_package/aruco_tracker.py -> /home/kang/minibot_aruco/src/my_minibot_aruco_package/install/my_minibot_aruco_package/lib/python3.10/site-packages/my_minibot_aruco_package
[1.131s] copying /home/kang/minibot_aruco/src/my_minibot_aruco_package/build/my_minibot_aruco_package/build/lib/my_minibot_aruco_package/aruco_trackor.py -> /home/kang/minibot_aruco/src/my_minibot_aruco_package/install/my_minibot_aruco_package/lib/python3.10/site-packages/my_minibot_aruco_package
[1.131s] copying /home/kang/minibot_aruco/src/my_minibot_aruco_package/build/my_minibot_aruco_package/build/lib/my_minibot_aruco_package/the_pub.py -> /home/kang/minibot_aruco/src/my_minibot_aruco_package/install/my_minibot_aruco_package/lib/python3.10/site-packages/my_minibot_aruco_package
[1.131s] copying /home/kang/minibot_aruco/src/my_minibot_aruco_package/build/my_minibot_aruco_package/build/lib/my_minibot_aruco_package/aruco_trackor_backup.py -> /home/kang/minibot_aruco/src/my_minibot_aruco_package/install/my_minibot_aruco_package/lib/python3.10/site-packages/my_minibot_aruco_package
[1.132s] byte-compiling /home/kang/minibot_aruco/src/my_minibot_aruco_package/install/my_minibot_aruco_package/lib/python3.10/site-packages/my_minibot_aruco_package/the_sub.py to the_sub.cpython-310.pyc
[1.133s] byte-compiling /home/kang/minibot_aruco/src/my_minibot_aruco_package/install/my_minibot_aruco_package/lib/python3.10/site-packages/my_minibot_aruco_package/my_minibot_aruco_node.py to my_minibot_aruco_node.cpython-310.pyc
[1.133s] byte-compiling /home/kang/minibot_aruco/src/my_minibot_aruco_package/install/my_minibot_aruco_package/lib/python3.10/site-packages/my_minibot_aruco_package/__init__.py to __init__.cpython-310.pyc
[1.133s] byte-compiling /home/kang/minibot_aruco/src/my_minibot_aruco_package/install/my_minibot_aruco_package/lib/python3.10/site-packages/my_minibot_aruco_package/pose_estimation_test1.py to pose_estimation_test1.cpython-310.pyc
[1.135s] byte-compiling /home/kang/minibot_aruco/src/my_minibot_aruco_package/install/my_minibot_aruco_package/lib/python3.10/site-packages/my_minibot_aruco_package/pose_estimation_test2.py to pose_estimation_test2.cpython-310.pyc
[1.136s] byte-compiling /home/kang/minibot_aruco/src/my_minibot_aruco_package/install/my_minibot_aruco_package/lib/python3.10/site-packages/my_minibot_aruco_package/minibot_cmd_and_pose.py to minibot_cmd_and_pose.cpython-310.pyc
[1.136s] byte-compiling /home/kang/minibot_aruco/src/my_minibot_aruco_package/install/my_minibot_aruco_package/lib/python3.10/site-packages/my_minibot_aruco_package/aruco_processing.py to aruco_processing.cpython-310.pyc
[1.137s] byte-compiling /home/kang/minibot_aruco/src/my_minibot_aruco_package/install/my_minibot_aruco_package/lib/python3.10/site-packages/my_minibot_aruco_package/aruco_minibit_cmd_and_pose.py to aruco_minibit_cmd_and_pose.cpython-310.pyc
[1.137s] byte-compiling /home/kang/minibot_aruco/src/my_minibot_aruco_package/install/my_minibot_aruco_package/lib/python3.10/site-packages/my_minibot_aruco_package/my_subscriber.py to my_subscriber.cpython-310.pyc
[1.138s] byte-compiling /home/kang/minibot_aruco/src/my_minibot_aruco_package/install/my_minibot_aruco_package/lib/python3.10/site-packages/my_minibot_aruco_package/my_publisher.py to my_publisher.cpython-310.pyc
[1.138s] byte-compiling /home/kang/minibot_aruco/src/my_minibot_aruco_package/install/my_minibot_aruco_package/lib/python3.10/site-packages/my_minibot_aruco_package/visual.py to visual.cpython-310.pyc
[1.138s] byte-compiling /home/kang/minibot_aruco/src/my_minibot_aruco_package/install/my_minibot_aruco_package/lib/python3.10/site-packages/my_minibot_aruco_package/pose_estimation_test2_pinkbot.py to pose_estimation_test2_pinkbot.cpython-310.pyc
[1.140s] byte-compiling /home/kang/minibot_aruco/src/my_minibot_aruco_package/install/my_minibot_aruco_package/lib/python3.10/site-packages/my_minibot_aruco_package/pose_estimation_test2_pinkbot_backup.py to pose_estimation_test2_pinkbot_backup.cpython-310.pyc
[1.141s] byte-compiling /home/kang/minibot_aruco/src/my_minibot_aruco_package/install/my_minibot_aruco_package/lib/python3.10/site-packages/my_minibot_aruco_package/pose_estimation.py to pose_estimation.cpython-310.pyc
[1.143s] byte-compiling /home/kang/minibot_aruco/src/my_minibot_aruco_package/install/my_minibot_aruco_package/lib/python3.10/site-packages/my_minibot_aruco_package/calibrate.py to calibrate.cpython-310.pyc
[1.143s] byte-compiling /home/kang/minibot_aruco/src/my_minibot_aruco_package/install/my_minibot_aruco_package/lib/python3.10/site-packages/my_minibot_aruco_package/pi_cam_node.py to pi_cam_node.cpython-310.pyc
[1.144s] byte-compiling /home/kang/minibot_aruco/src/my_minibot_aruco_package/install/my_minibot_aruco_package/lib/python3.10/site-packages/my_minibot_aruco_package/img_publisher.py to img_publisher.cpython-310.pyc
[1.144s] byte-compiling /home/kang/minibot_aruco/src/my_minibot_aruco_package/install/my_minibot_aruco_package/lib/python3.10/site-packages/my_minibot_aruco_package/detect_aruco_video.py to detect_aruco_video.cpython-310.pyc
[1.145s] byte-compiling /home/kang/minibot_aruco/src/my_minibot_aruco_package/install/my_minibot_aruco_package/lib/python3.10/site-packages/my_minibot_aruco_package/aruco_tracker.py to aruco_tracker.cpython-310.pyc
[1.145s] byte-compiling /home/kang/minibot_aruco/src/my_minibot_aruco_package/install/my_minibot_aruco_package/lib/python3.10/site-packages/my_minibot_aruco_package/aruco_trackor.py to aruco_trackor.cpython-310.pyc
[1.146s] byte-compiling /home/kang/minibot_aruco/src/my_minibot_aruco_package/install/my_minibot_aruco_package/lib/python3.10/site-packages/my_minibot_aruco_package/the_pub.py to the_pub.cpython-310.pyc
[1.146s] byte-compiling /home/kang/minibot_aruco/src/my_minibot_aruco_package/install/my_minibot_aruco_package/lib/python3.10/site-packages/my_minibot_aruco_package/aruco_trackor_backup.py to aruco_trackor_backup.cpython-310.pyc
[1.147s] running install_data
[1.165s] creating /home/kang/minibot_aruco/src/my_minibot_aruco_package/install/my_minibot_aruco_package/share
[1.165s] creating /home/kang/minibot_aruco/src/my_minibot_aruco_package/install/my_minibot_aruco_package/share/ament_index
[1.165s] creating /home/kang/minibot_aruco/src/my_minibot_aruco_package/install/my_minibot_aruco_package/share/ament_index/resource_index
[1.165s] creating /home/kang/minibot_aruco/src/my_minibot_aruco_package/install/my_minibot_aruco_package/share/ament_index/resource_index/packages
[1.166s] copying resource/my_minibot_aruco_package -> /home/kang/minibot_aruco/src/my_minibot_aruco_package/install/my_minibot_aruco_package/share/ament_index/resource_index/packages
[1.166s] creating /home/kang/minibot_aruco/src/my_minibot_aruco_package/install/my_minibot_aruco_package/share/my_minibot_aruco_package
[1.166s] copying package.xml -> /home/kang/minibot_aruco/src/my_minibot_aruco_package/install/my_minibot_aruco_package/share/my_minibot_aruco_package
[1.166s] creating /home/kang/minibot_aruco/src/my_minibot_aruco_package/install/my_minibot_aruco_package/share/my_minibot_aruco_package/launch
[1.166s] copying launch/gui.launch.py -> /home/kang/minibot_aruco/src/my_minibot_aruco_package/install/my_minibot_aruco_package/share/my_minibot_aruco_package/launch
[1.166s] running install_egg_info
[1.184s] Copying build/my_minibot_aruco_package/my_minibot_aruco_package.egg-info to /home/kang/minibot_aruco/src/my_minibot_aruco_package/install/my_minibot_aruco_package/lib/python3.10/site-packages/my_minibot_aruco_package-0.0.0-py3.10.egg-info
[1.185s] running install_scripts
[1.357s] Installing aruco_minibit_cmd_and_pose script to /home/kang/minibot_aruco/src/my_minibot_aruco_package/install/my_minibot_aruco_package/lib/my_minibot_aruco_package
[1.357s] Installing aruco_processing script to /home/kang/minibot_aruco/src/my_minibot_aruco_package/install/my_minibot_aruco_package/lib/my_minibot_aruco_package
[1.357s] Installing calibrate script to /home/kang/minibot_aruco/src/my_minibot_aruco_package/install/my_minibot_aruco_package/lib/my_minibot_aruco_package
[1.357s] Installing minibit_cmd_and_pose script to /home/kang/minibot_aruco/src/my_minibot_aruco_package/install/my_minibot_aruco_package/lib/my_minibot_aruco_package
[1.357s] Installing my_minibot_aruco_node script to /home/kang/minibot_aruco/src/my_minibot_aruco_package/install/my_minibot_aruco_package/lib/my_minibot_aruco_package
[1.357s] Installing pi_cam_node script to /home/kang/minibot_aruco/src/my_minibot_aruco_package/install/my_minibot_aruco_package/lib/my_minibot_aruco_package
[1.357s] Installing pose_estimation script to /home/kang/minibot_aruco/src/my_minibot_aruco_package/install/my_minibot_aruco_package/lib/my_minibot_aruco_package
[1.357s] Installing pose_estimation_test1 script to /home/kang/minibot_aruco/src/my_minibot_aruco_package/install/my_minibot_aruco_package/lib/my_minibot_aruco_package
[1.357s] Installing pose_estimation_test2 script to /home/kang/minibot_aruco/src/my_minibot_aruco_package/install/my_minibot_aruco_package/lib/my_minibot_aruco_package
[1.358s] Installing pose_estimation_test2_pinkbot script to /home/kang/minibot_aruco/src/my_minibot_aruco_package/install/my_minibot_aruco_package/lib/my_minibot_aruco_package
[1.358s] Installing test_node script to /home/kang/minibot_aruco/src/my_minibot_aruco_package/install/my_minibot_aruco_package/lib/my_minibot_aruco_package
[1.358s] Installing the_pub script to /home/kang/minibot_aruco/src/my_minibot_aruco_package/install/my_minibot_aruco_package/lib/my_minibot_aruco_package
[1.358s] Installing the_sub script to /home/kang/minibot_aruco/src/my_minibot_aruco_package/install/my_minibot_aruco_package/lib/my_minibot_aruco_package
[1.358s] Installing visionTrackor script to /home/kang/minibot_aruco/src/my_minibot_aruco_package/install/my_minibot_aruco_package/lib/my_minibot_aruco_package
[1.358s] Installing visual script to /home/kang/minibot_aruco/src/my_minibot_aruco_package/install/my_minibot_aruco_package/lib/my_minibot_aruco_package
[1.358s] writing list of installed files to '/home/kang/minibot_aruco/src/my_minibot_aruco_package/build/my_minibot_aruco_package/install.log'
[1.377s] Invoked command in '/home/kang/minibot_aruco/src/my_minibot_aruco_package' returned '0': PS1=(aruco) \[\e]0;\u@\h: \w\a\]${debian_chroot:+($debian_chroot)}\[\033[01;32m\]\u@\h\[\033[00m\]:\[\033[01;34m\]\w\[\033[00m\]\$ PYTHONPATH=/home/kang/minibot_aruco/src/my_minibot_aruco_package/build/my_minibot_aruco_package/prefix_override:/home/kang/minibot_aruco/src/my_minibot_aruco_package/install/my_minibot_aruco_package/lib/python3.10/site-packages:${PYTHONPATH} VIRTUAL_ENV_PROMPT=(aruco) /usr/bin/python3 setup.py egg_info --egg-base build/my_minibot_aruco_package build --build-base /home/kang/minibot_aruco/src/my_minibot_aruco_package/build/my_minibot_aruco_package/build install --record /home/kang/minibot_aruco/src/my_minibot_aruco_package/build/my_minibot_aruco_package/install.log --single-version-externally-managed
