running egg_info
writing ../../build/communication/communication.egg-info/PKG-INFO
writing dependency_links to ../../build/communication/communication.egg-info/dependency_links.txt
writing entry points to ../../build/communication/communication.egg-info/entry_points.txt
writing requirements to ../../build/communication/communication.egg-info/requires.txt
writing top-level names to ../../build/communication/communication.egg-info/top_level.txt
reading manifest file '../../build/communication/communication.egg-info/SOURCES.txt'
writing manifest file '../../build/communication/communication.egg-info/SOURCES.txt'
running build
running build_py
running install
/usr/lib/python3/dist-packages/setuptools/command/install.py:34: SetuptoolsDeprecationWarning: setup.py install is deprecated. Use build and pip and other standards-based tools.
  warnings.warn(
running install_lib
running install_data
copying launch/minibot.launch.py -> /home/jo/final_commit/install/communication/share/communication/launch
running install_egg_info
removing '/home/jo/final_commit/install/communication/lib/python3.10/site-packages/communication-0.0.0-py3.10.egg-info' (and everything under it)
Copying ../../build/communication/communication.egg-info to /home/jo/final_commit/install/communication/lib/python3.10/site-packages/communication-0.0.0-py3.10.egg-info
running install_scripts
Installing controller_listener script to /home/jo/final_commit/install/communication/lib/communication
Installing controller_talker script to /home/jo/final_commit/install/communication/lib/communication
Installing minibot_listener script to /home/jo/final_commit/install/communication/lib/communication
Installing minibot_talker script to /home/jo/final_commit/install/communication/lib/communication
writing list of installed files to '/home/jo/final_commit/build/communication/install.log'
