[0.070s] Invoking command in '/home/jo/final_commit/build/communication_msgs': CMAKE_PREFIX_PATH=${CMAKE_PREFIX_PATH}:/home/jo/final_commit/install/auto_drive_control:/home/jo/final_commit/install/communication:/opt/ros/humble /usr/bin/cmake --build /home/jo/final_commit/build/communication_msgs -- -j12 -l12
[0.089s] -- Found ament_cmake: 1.3.6 (/opt/ros/humble/share/ament_cmake/cmake)
[0.197s] -- Found rosidl_default_generators: 1.2.0 (/opt/ros/humble/share/rosidl_default_generators/cmake)
[0.198s] -- Using all available rosidl_typesupport_c: rosidl_typesupport_fastrtps_c;rosidl_typesupport_introspection_c
[0.200s] -- Found rosidl_adapter: 3.1.5 (/opt/ros/humble/share/rosidl_adapter/cmake)
[0.222s] -- Using all available rosidl_typesupport_cpp: rosidl_typesupport_fastrtps_cpp;rosidl_typesupport_introspection_cpp
[0.436s] -- Found ament_cmake_ros: 0.10.0 (/opt/ros/humble/share/ament_cmake_ros/cmake)
[0.564s] -- Using all available rosidl_typesupport_c: rosidl_typesupport_fastrtps_c;rosidl_typesupport_introspection_c
[0.732s] -- Using all available rosidl_typesupport_cpp: rosidl_typesupport_fastrtps_cpp;rosidl_typesupport_introspection_cpp
[0.749s] -- Found python_cmake_module: 0.10.0 (/opt/ros/humble/share/python_cmake_module/cmake)
[0.765s] -- Using PYTHON_EXECUTABLE: /usr/bin/python3
[0.766s] -- Using PYTHON_INCLUDE_DIRS: /usr/include/python3.10
[0.766s] -- Using PYTHON_LIBRARIES: /usr/lib/x86_64-linux-gnu/libpython3.10.so
[0.773s] -- Found ament_lint_auto: 0.12.9 (/opt/ros/humble/share/ament_lint_auto/cmake)
[0.779s] -- Added test 'lint_cmake' to check CMake code style
[0.780s] -- Added test 'xmllint' to check XML markup files
[0.781s] -- Configuring done
[0.799s] -- Generating done
[0.801s] -- Build files have been written to: /home/jo/final_commit/build/communication_msgs
[0.819s] [35m[1mConsolidate compiler generated dependencies of target communication_msgs__rosidl_generator_c[0m
[0.826s] [  3%] Built target communication_msgs__cpp
[0.827s] [ 12%] Built target communication_msgs__rosidl_generator_c
[0.834s] [ 12%] Built target ament_cmake_python_copy_communication_msgs
[0.835s] [35m[1mConsolidate compiler generated dependencies of target communication_msgs__rosidl_typesupport_c[0m
[0.835s] [35m[1mConsolidate compiler generated dependencies of target communication_msgs__rosidl_typesupport_introspection_c[0m
[0.836s] [35m[1mConsolidate compiler generated dependencies of target communication_msgs__rosidl_typesupport_fastrtps_c[0m
[0.836s] [35m[1mConsolidate compiler generated dependencies of target communication_msgs__rosidl_typesupport_introspection_cpp[0m
[0.836s] [35m[1mConsolidate compiler generated dependencies of target communication_msgs__rosidl_typesupport_fastrtps_cpp[0m
[0.836s] [35m[1mConsolidate compiler generated dependencies of target communication_msgs__rosidl_typesupport_cpp[0m
[0.847s] [ 22%] Built target communication_msgs__rosidl_typesupport_introspection_c
[0.847s] [ 32%] Built target communication_msgs__rosidl_typesupport_cpp
[0.847s] [ 41%] Built target communication_msgs__rosidl_typesupport_c
[0.847s] [ 51%] Built target communication_msgs__rosidl_typesupport_introspection_cpp
[0.848s] [ 61%] Built target communication_msgs__rosidl_typesupport_fastrtps_c
[0.849s] [ 70%] Built target communication_msgs__rosidl_typesupport_fastrtps_cpp
[0.864s] [ 70%] Built target communication_msgs
[0.880s] [ 74%] Built target communication_msgs__py
[0.888s] [35m[1mConsolidate compiler generated dependencies of target communication_msgs__rosidl_generator_py[0m
[0.897s] [ 80%] Built target communication_msgs__rosidl_generator_py
[0.905s] [35m[1mConsolidate compiler generated dependencies of target communication_msgs__rosidl_typesupport_fastrtps_c__pyext[0m
[0.906s] [35m[1mConsolidate compiler generated dependencies of target communication_msgs__rosidl_typesupport_introspection_c__pyext[0m
[0.906s] [35m[1mConsolidate compiler generated dependencies of target communication_msgs__rosidl_typesupport_c__pyext[0m
[0.916s] [ 87%] Built target communication_msgs__rosidl_typesupport_fastrtps_c__pyext
[0.917s] [ 93%] Built target communication_msgs__rosidl_typesupport_c__pyext
[0.918s] [100%] Built target communication_msgs__rosidl_typesupport_introspection_c__pyext
[1.063s] running egg_info
[1.064s] writing communication_msgs.egg-info/PKG-INFO
[1.064s] writing dependency_links to communication_msgs.egg-info/dependency_links.txt
[1.064s] writing top-level names to communication_msgs.egg-info/top_level.txt
[1.066s] reading manifest file 'communication_msgs.egg-info/SOURCES.txt'
[1.066s] writing manifest file 'communication_msgs.egg-info/SOURCES.txt'
[1.086s] [100%] Built target ament_cmake_python_build_communication_msgs_egg
[1.096s] Invoked command in '/home/jo/final_commit/build/communication_msgs' returned '0': CMAKE_PREFIX_PATH=${CMAKE_PREFIX_PATH}:/home/jo/final_commit/install/auto_drive_control:/home/jo/final_commit/install/communication:/opt/ros/humble /usr/bin/cmake --build /home/jo/final_commit/build/communication_msgs -- -j12 -l12
[1.144s] Invoking command in '/home/jo/final_commit/build/communication_msgs': CMAKE_PREFIX_PATH=${CMAKE_PREFIX_PATH}:/home/jo/final_commit/install/auto_drive_control:/home/jo/final_commit/install/communication:/opt/ros/humble /usr/bin/cmake --install /home/jo/final_commit/build/communication_msgs
[1.151s] -- Install configuration: ""
[1.152s] -- Up-to-date: /home/jo/final_commit/install/communication_msgs/share/ament_index/resource_index/rosidl_interfaces/communication_msgs
[1.152s] -- Up-to-date: /home/jo/final_commit/install/communication_msgs/include/communication_msgs/communication_msgs
[1.152s] -- Up-to-date: /home/jo/final_commit/install/communication_msgs/include/communication_msgs/communication_msgs/msg
[1.152s] -- Up-to-date: /home/jo/final_commit/install/communication_msgs/include/communication_msgs/communication_msgs/msg/talker.h
[1.152s] -- Up-to-date: /home/jo/final_commit/install/communication_msgs/include/communication_msgs/communication_msgs/msg/detail
[1.152s] -- Up-to-date: /home/jo/final_commit/install/communication_msgs/include/communication_msgs/communication_msgs/msg/detail/talker__functions.c
[1.152s] -- Up-to-date: /home/jo/final_commit/install/communication_msgs/include/communication_msgs/communication_msgs/msg/detail/talker__struct.h
[1.152s] -- Up-to-date: /home/jo/final_commit/install/communication_msgs/include/communication_msgs/communication_msgs/msg/detail/talker__type_support.h
[1.152s] -- Up-to-date: /home/jo/final_commit/install/communication_msgs/include/communication_msgs/communication_msgs/msg/detail/talker__functions.h
[1.152s] -- Up-to-date: /home/jo/final_commit/install/communication_msgs/include/communication_msgs/communication_msgs/msg/rosidl_generator_c__visibility_control.h
[1.152s] -- Up-to-date: /home/jo/final_commit/install/communication_msgs/share/communication_msgs/environment/library_path.sh
[1.152s] -- Installing: /home/jo/final_commit/install/communication_msgs/share/communication_msgs/environment/library_path.dsv
[1.152s] -- Up-to-date: /home/jo/final_commit/install/communication_msgs/lib/libcommunication_msgs__rosidl_generator_c.so
[1.152s] -- Up-to-date: /home/jo/final_commit/install/communication_msgs/include/communication_msgs/communication_msgs
[1.152s] -- Up-to-date: /home/jo/final_commit/install/communication_msgs/include/communication_msgs/communication_msgs/msg
[1.152s] -- Up-to-date: /home/jo/final_commit/install/communication_msgs/include/communication_msgs/communication_msgs/msg/rosidl_typesupport_fastrtps_c__visibility_control.h
[1.153s] -- Up-to-date: /home/jo/final_commit/install/communication_msgs/include/communication_msgs/communication_msgs/msg/detail
[1.153s] -- Up-to-date: /home/jo/final_commit/install/communication_msgs/include/communication_msgs/communication_msgs/msg/detail/talker__rosidl_typesupport_fastrtps_c.h
[1.153s] -- Up-to-date: /home/jo/final_commit/install/communication_msgs/lib/libcommunication_msgs__rosidl_typesupport_fastrtps_c.so
[1.153s] -- Up-to-date: /home/jo/final_commit/install/communication_msgs/include/communication_msgs/communication_msgs
[1.153s] -- Up-to-date: /home/jo/final_commit/install/communication_msgs/include/communication_msgs/communication_msgs/msg
[1.153s] -- Up-to-date: /home/jo/final_commit/install/communication_msgs/include/communication_msgs/communication_msgs/msg/rosidl_typesupport_introspection_c__visibility_control.h
[1.153s] -- Up-to-date: /home/jo/final_commit/install/communication_msgs/include/communication_msgs/communication_msgs/msg/detail
[1.153s] -- Up-to-date: /home/jo/final_commit/install/communication_msgs/include/communication_msgs/communication_msgs/msg/detail/talker__type_support.c
[1.153s] -- Up-to-date: /home/jo/final_commit/install/communication_msgs/include/communication_msgs/communication_msgs/msg/detail/talker__rosidl_typesupport_introspection_c.h
[1.154s] -- Up-to-date: /home/jo/final_commit/install/communication_msgs/lib/libcommunication_msgs__rosidl_typesupport_introspection_c.so
[1.154s] -- Up-to-date: /home/jo/final_commit/install/communication_msgs/lib/libcommunication_msgs__rosidl_typesupport_c.so
[1.154s] -- Up-to-date: /home/jo/final_commit/install/communication_msgs/include/communication_msgs/communication_msgs
[1.154s] -- Up-to-date: /home/jo/final_commit/install/communication_msgs/include/communication_msgs/communication_msgs/msg
[1.154s] -- Up-to-date: /home/jo/final_commit/install/communication_msgs/include/communication_msgs/communication_msgs/msg/talker.hpp
[1.154s] -- Up-to-date: /home/jo/final_commit/install/communication_msgs/include/communication_msgs/communication_msgs/msg/detail
[1.154s] -- Up-to-date: /home/jo/final_commit/install/communication_msgs/include/communication_msgs/communication_msgs/msg/detail/talker__builder.hpp
[1.154s] -- Up-to-date: /home/jo/final_commit/install/communication_msgs/include/communication_msgs/communication_msgs/msg/detail/talker__struct.hpp
[1.154s] -- Up-to-date: /home/jo/final_commit/install/communication_msgs/include/communication_msgs/communication_msgs/msg/detail/talker__traits.hpp
[1.154s] -- Up-to-date: /home/jo/final_commit/install/communication_msgs/include/communication_msgs/communication_msgs
[1.154s] -- Up-to-date: /home/jo/final_commit/install/communication_msgs/include/communication_msgs/communication_msgs/msg
[1.154s] -- Up-to-date: /home/jo/final_commit/install/communication_msgs/include/communication_msgs/communication_msgs/msg/rosidl_typesupport_fastrtps_cpp__visibility_control.h
[1.154s] -- Up-to-date: /home/jo/final_commit/install/communication_msgs/include/communication_msgs/communication_msgs/msg/detail
[1.155s] -- Up-to-date: /home/jo/final_commit/install/communication_msgs/include/communication_msgs/communication_msgs/msg/detail/talker__rosidl_typesupport_fastrtps_cpp.hpp
[1.155s] -- Up-to-date: /home/jo/final_commit/install/communication_msgs/include/communication_msgs/communication_msgs/msg/detail/dds_fastrtps
[1.155s] -- Up-to-date: /home/jo/final_commit/install/communication_msgs/lib/libcommunication_msgs__rosidl_typesupport_fastrtps_cpp.so
[1.155s] -- Up-to-date: /home/jo/final_commit/install/communication_msgs/include/communication_msgs/communication_msgs
[1.155s] -- Up-to-date: /home/jo/final_commit/install/communication_msgs/include/communication_msgs/communication_msgs/msg
[1.155s] -- Up-to-date: /home/jo/final_commit/install/communication_msgs/include/communication_msgs/communication_msgs/msg/detail
[1.155s] -- Up-to-date: /home/jo/final_commit/install/communication_msgs/include/communication_msgs/communication_msgs/msg/detail/talker__type_support.cpp
[1.155s] -- Up-to-date: /home/jo/final_commit/install/communication_msgs/include/communication_msgs/communication_msgs/msg/detail/talker__rosidl_typesupport_introspection_cpp.hpp
[1.155s] -- Up-to-date: /home/jo/final_commit/install/communication_msgs/lib/libcommunication_msgs__rosidl_typesupport_introspection_cpp.so
[1.155s] -- Up-to-date: /home/jo/final_commit/install/communication_msgs/lib/libcommunication_msgs__rosidl_typesupport_cpp.so
[1.155s] -- Up-to-date: /home/jo/final_commit/install/communication_msgs/share/communication_msgs/environment/pythonpath.sh
[1.155s] -- Installing: /home/jo/final_commit/install/communication_msgs/share/communication_msgs/environment/pythonpath.dsv
[1.155s] -- Up-to-date: /home/jo/final_commit/install/communication_msgs/local/lib/python3.10/dist-packages/communication_msgs-0.0.0-py3.10.egg-info
[1.155s] -- Installing: /home/jo/final_commit/install/communication_msgs/local/lib/python3.10/dist-packages/communication_msgs-0.0.0-py3.10.egg-info/dependency_links.txt
[1.155s] -- Installing: /home/jo/final_commit/install/communication_msgs/local/lib/python3.10/dist-packages/communication_msgs-0.0.0-py3.10.egg-info/PKG-INFO
[1.155s] -- Installing: /home/jo/final_commit/install/communication_msgs/local/lib/python3.10/dist-packages/communication_msgs-0.0.0-py3.10.egg-info/top_level.txt
[1.155s] -- Installing: /home/jo/final_commit/install/communication_msgs/local/lib/python3.10/dist-packages/communication_msgs-0.0.0-py3.10.egg-info/SOURCES.txt
[1.156s] -- Up-to-date: /home/jo/final_commit/install/communication_msgs/local/lib/python3.10/dist-packages/communication_msgs
[1.156s] -- Up-to-date: /home/jo/final_commit/install/communication_msgs/local/lib/python3.10/dist-packages/communication_msgs/libcommunication_msgs__rosidl_generator_py.so
[1.156s] -- Up-to-date: /home/jo/final_commit/install/communication_msgs/local/lib/python3.10/dist-packages/communication_msgs/communication_msgs_s__rosidl_typesupport_fastrtps_c.cpython-310-x86_64-linux-gnu.so
[1.156s] -- Up-to-date: /home/jo/final_commit/install/communication_msgs/local/lib/python3.10/dist-packages/communication_msgs/_communication_msgs_s.ep.rosidl_typesupport_fastrtps_c.c
[1.156s] -- Up-to-date: /home/jo/final_commit/install/communication_msgs/local/lib/python3.10/dist-packages/communication_msgs/msg
[1.156s] -- Up-to-date: /home/jo/final_commit/install/communication_msgs/local/lib/python3.10/dist-packages/communication_msgs/msg/_talker_s.c
[1.156s] -- Up-to-date: /home/jo/final_commit/install/communication_msgs/local/lib/python3.10/dist-packages/communication_msgs/msg/__init__.py
[1.156s] -- Up-to-date: /home/jo/final_commit/install/communication_msgs/local/lib/python3.10/dist-packages/communication_msgs/msg/_talker.py
[1.156s] -- Installing: /home/jo/final_commit/install/communication_msgs/local/lib/python3.10/dist-packages/communication_msgs/__init__.py
[1.156s] -- Up-to-date: /home/jo/final_commit/install/communication_msgs/local/lib/python3.10/dist-packages/communication_msgs/_communication_msgs_s.ep.rosidl_typesupport_introspection_c.c
[1.156s] -- Up-to-date: /home/jo/final_commit/install/communication_msgs/local/lib/python3.10/dist-packages/communication_msgs/_communication_msgs_s.ep.rosidl_typesupport_c.c
[1.156s] -- Up-to-date: /home/jo/final_commit/install/communication_msgs/local/lib/python3.10/dist-packages/communication_msgs/communication_msgs_s__rosidl_typesupport_introspection_c.cpython-310-x86_64-linux-gnu.so
[1.156s] -- Up-to-date: /home/jo/final_commit/install/communication_msgs/local/lib/python3.10/dist-packages/communication_msgs/communication_msgs_s__rosidl_typesupport_c.cpython-310-x86_64-linux-gnu.so
[1.180s] Listing '/home/jo/final_commit/install/communication_msgs/local/lib/python3.10/dist-packages/communication_msgs'...
[1.180s] Compiling '/home/jo/final_commit/install/communication_msgs/local/lib/python3.10/dist-packages/communication_msgs/__init__.py'...
[1.180s] Listing '/home/jo/final_commit/install/communication_msgs/local/lib/python3.10/dist-packages/communication_msgs/msg'...
[1.183s] -- Up-to-date: /home/jo/final_commit/install/communication_msgs/local/lib/python3.10/dist-packages/communication_msgs/communication_msgs_s__rosidl_typesupport_fastrtps_c.cpython-310-x86_64-linux-gnu.so
[1.183s] -- Up-to-date: /home/jo/final_commit/install/communication_msgs/local/lib/python3.10/dist-packages/communication_msgs/communication_msgs_s__rosidl_typesupport_introspection_c.cpython-310-x86_64-linux-gnu.so
[1.183s] -- Up-to-date: /home/jo/final_commit/install/communication_msgs/local/lib/python3.10/dist-packages/communication_msgs/communication_msgs_s__rosidl_typesupport_c.cpython-310-x86_64-linux-gnu.so
[1.183s] -- Up-to-date: /home/jo/final_commit/install/communication_msgs/lib/libcommunication_msgs__rosidl_generator_py.so
[1.184s] -- Up-to-date: /home/jo/final_commit/install/communication_msgs/share/communication_msgs/msg/Talker.idl
[1.184s] -- Up-to-date: /home/jo/final_commit/install/communication_msgs/share/communication_msgs/msg/Talker.msg
[1.184s] -- Up-to-date: /home/jo/final_commit/install/communication_msgs/share/ament_index/resource_index/package_run_dependencies/communication_msgs
[1.184s] -- Up-to-date: /home/jo/final_commit/install/communication_msgs/share/ament_index/resource_index/parent_prefix_path/communication_msgs
[1.184s] -- Up-to-date: /home/jo/final_commit/install/communication_msgs/share/communication_msgs/environment/ament_prefix_path.sh
[1.184s] -- Installing: /home/jo/final_commit/install/communication_msgs/share/communication_msgs/environment/ament_prefix_path.dsv
[1.184s] -- Up-to-date: /home/jo/final_commit/install/communication_msgs/share/communication_msgs/environment/path.sh
[1.184s] -- Installing: /home/jo/final_commit/install/communication_msgs/share/communication_msgs/environment/path.dsv
[1.184s] -- Up-to-date: /home/jo/final_commit/install/communication_msgs/share/communication_msgs/local_setup.bash
[1.184s] -- Up-to-date: /home/jo/final_commit/install/communication_msgs/share/communication_msgs/local_setup.sh
[1.184s] -- Up-to-date: /home/jo/final_commit/install/communication_msgs/share/communication_msgs/local_setup.zsh
[1.184s] -- Installing: /home/jo/final_commit/install/communication_msgs/share/communication_msgs/local_setup.dsv
[1.184s] -- Installing: /home/jo/final_commit/install/communication_msgs/share/communication_msgs/package.dsv
[1.184s] -- Up-to-date: /home/jo/final_commit/install/communication_msgs/share/ament_index/resource_index/packages/communication_msgs
[1.184s] -- Up-to-date: /home/jo/final_commit/install/communication_msgs/share/communication_msgs/cmake/export_communication_msgs__rosidl_generator_cExport.cmake
[1.185s] -- Up-to-date: /home/jo/final_commit/install/communication_msgs/share/communication_msgs/cmake/export_communication_msgs__rosidl_generator_cExport-noconfig.cmake
[1.185s] -- Up-to-date: /home/jo/final_commit/install/communication_msgs/share/communication_msgs/cmake/export_communication_msgs__rosidl_typesupport_fastrtps_cExport.cmake
[1.185s] -- Up-to-date: /home/jo/final_commit/install/communication_msgs/share/communication_msgs/cmake/export_communication_msgs__rosidl_typesupport_fastrtps_cExport-noconfig.cmake
[1.185s] -- Up-to-date: /home/jo/final_commit/install/communication_msgs/share/communication_msgs/cmake/communication_msgs__rosidl_typesupport_introspection_cExport.cmake
[1.185s] -- Up-to-date: /home/jo/final_commit/install/communication_msgs/share/communication_msgs/cmake/communication_msgs__rosidl_typesupport_introspection_cExport-noconfig.cmake
[1.185s] -- Up-to-date: /home/jo/final_commit/install/communication_msgs/share/communication_msgs/cmake/communication_msgs__rosidl_typesupport_cExport.cmake
[1.185s] -- Up-to-date: /home/jo/final_commit/install/communication_msgs/share/communication_msgs/cmake/communication_msgs__rosidl_typesupport_cExport-noconfig.cmake
[1.185s] -- Up-to-date: /home/jo/final_commit/install/communication_msgs/share/communication_msgs/cmake/export_communication_msgs__rosidl_generator_cppExport.cmake
[1.185s] -- Up-to-date: /home/jo/final_commit/install/communication_msgs/share/communication_msgs/cmake/export_communication_msgs__rosidl_typesupport_fastrtps_cppExport.cmake
[1.185s] -- Up-to-date: /home/jo/final_commit/install/communication_msgs/share/communication_msgs/cmake/export_communication_msgs__rosidl_typesupport_fastrtps_cppExport-noconfig.cmake
[1.185s] -- Up-to-date: /home/jo/final_commit/install/communication_msgs/share/communication_msgs/cmake/communication_msgs__rosidl_typesupport_introspection_cppExport.cmake
[1.185s] -- Up-to-date: /home/jo/final_commit/install/communication_msgs/share/communication_msgs/cmake/communication_msgs__rosidl_typesupport_introspection_cppExport-noconfig.cmake
[1.185s] -- Up-to-date: /home/jo/final_commit/install/communication_msgs/share/communication_msgs/cmake/communication_msgs__rosidl_typesupport_cppExport.cmake
[1.185s] -- Up-to-date: /home/jo/final_commit/install/communication_msgs/share/communication_msgs/cmake/communication_msgs__rosidl_typesupport_cppExport-noconfig.cmake
[1.185s] -- Up-to-date: /home/jo/final_commit/install/communication_msgs/share/communication_msgs/cmake/export_communication_msgs__rosidl_generator_pyExport.cmake
[1.186s] -- Up-to-date: /home/jo/final_commit/install/communication_msgs/share/communication_msgs/cmake/export_communication_msgs__rosidl_generator_pyExport-noconfig.cmake
[1.186s] -- Up-to-date: /home/jo/final_commit/install/communication_msgs/share/communication_msgs/cmake/rosidl_cmake-extras.cmake
[1.186s] -- Up-to-date: /home/jo/final_commit/install/communication_msgs/share/communication_msgs/cmake/ament_cmake_export_include_directories-extras.cmake
[1.186s] -- Up-to-date: /home/jo/final_commit/install/communication_msgs/share/communication_msgs/cmake/ament_cmake_export_libraries-extras.cmake
[1.186s] -- Up-to-date: /home/jo/final_commit/install/communication_msgs/share/communication_msgs/cmake/ament_cmake_export_targets-extras.cmake
[1.186s] -- Up-to-date: /home/jo/final_commit/install/communication_msgs/share/communication_msgs/cmake/rosidl_cmake_export_typesupport_targets-extras.cmake
[1.186s] -- Up-to-date: /home/jo/final_commit/install/communication_msgs/share/communication_msgs/cmake/ament_cmake_export_dependencies-extras.cmake
[1.186s] -- Up-to-date: /home/jo/final_commit/install/communication_msgs/share/communication_msgs/cmake/rosidl_cmake_export_typesupport_libraries-extras.cmake
[1.186s] -- Up-to-date: /home/jo/final_commit/install/communication_msgs/share/communication_msgs/cmake/communication_msgsConfig.cmake
[1.186s] -- Up-to-date: /home/jo/final_commit/install/communication_msgs/share/communication_msgs/cmake/communication_msgsConfig-version.cmake
[1.186s] -- Up-to-date: /home/jo/final_commit/install/communication_msgs/share/communication_msgs/package.xml
[1.187s] Invoked command in '/home/jo/final_commit/build/communication_msgs' returned '0': CMAKE_PREFIX_PATH=${CMAKE_PREFIX_PATH}:/home/jo/final_commit/install/auto_drive_control:/home/jo/final_commit/install/communication:/opt/ros/humble /usr/bin/cmake --install /home/jo/final_commit/build/communication_msgs
