running egg_info
creating ../../build/gui_package/gui_package.egg-info
writing ../../build/gui_package/gui_package.egg-info/PKG-INFO
writing dependency_links to ../../build/gui_package/gui_package.egg-info/dependency_links.txt
writing entry points to ../../build/gui_package/gui_package.egg-info/entry_points.txt
writing requirements to ../../build/gui_package/gui_package.egg-info/requires.txt
writing top-level names to ../../build/gui_package/gui_package.egg-info/top_level.txt
writing manifest file '../../build/gui_package/gui_package.egg-info/SOURCES.txt'
reading manifest file '../../build/gui_package/gui_package.egg-info/SOURCES.txt'
writing manifest file '../../build/gui_package/gui_package.egg-info/SOURCES.txt'
running build
running build_py
creating /home/jo/final_commit/build/gui_package/build
creating /home/jo/final_commit/build/gui_package/build/lib
creating /home/jo/final_commit/build/gui_package/build/lib/gui_package
copying gui_package/__init__.py -> /home/jo/final_commit/build/gui_package/build/lib/gui_package
copying gui_package/solution.py -> /home/jo/final_commit/build/gui_package/build/lib/gui_package
copying gui_package/gui_node.py -> /home/jo/final_commit/build/gui_package/build/lib/gui_package
copying gui_package/cam_listener.py -> /home/jo/final_commit/build/gui_package/build/lib/gui_package
copying gui_package/camera_test.py -> /home/jo/final_commit/build/gui_package/build/lib/gui_package
running install
running install_lib
creating /home/jo/final_commit/install/gui_package/lib/python3.10/site-packages/gui_package
copying /home/jo/final_commit/build/gui_package/build/lib/gui_package/__init__.py -> /home/jo/final_commit/install/gui_package/lib/python3.10/site-packages/gui_package
copying /home/jo/final_commit/build/gui_package/build/lib/gui_package/solution.py -> /home/jo/final_commit/install/gui_package/lib/python3.10/site-packages/gui_package
copying /home/jo/final_commit/build/gui_package/build/lib/gui_package/gui_node.py -> /home/jo/final_commit/install/gui_package/lib/python3.10/site-packages/gui_package
copying /home/jo/final_commit/build/gui_package/build/lib/gui_package/cam_listener.py -> /home/jo/final_commit/install/gui_package/lib/python3.10/site-packages/gui_package
copying /home/jo/final_commit/build/gui_package/build/lib/gui_package/camera_test.py -> /home/jo/final_commit/install/gui_package/lib/python3.10/site-packages/gui_package
byte-compiling /home/jo/final_commit/install/gui_package/lib/python3.10/site-packages/gui_package/__init__.py to __init__.cpython-310.pyc
byte-compiling /home/jo/final_commit/install/gui_package/lib/python3.10/site-packages/gui_package/solution.py to solution.cpython-310.pyc
byte-compiling /home/jo/final_commit/install/gui_package/lib/python3.10/site-packages/gui_package/gui_node.py to gui_node.cpython-310.pyc
byte-compiling /home/jo/final_commit/install/gui_package/lib/python3.10/site-packages/gui_package/cam_listener.py to cam_listener.cpython-310.pyc
byte-compiling /home/jo/final_commit/install/gui_package/lib/python3.10/site-packages/gui_package/camera_test.py to camera_test.cpython-310.pyc
running install_data
creating /home/jo/final_commit/install/gui_package/share/ament_index
creating /home/jo/final_commit/install/gui_package/share/ament_index/resource_index
creating /home/jo/final_commit/install/gui_package/share/ament_index/resource_index/packages
copying resource/gui_package -> /home/jo/final_commit/install/gui_package/share/ament_index/resource_index/packages
copying package.xml -> /home/jo/final_commit/install/gui_package/share/gui_package
running install_egg_info
Copying ../../build/gui_package/gui_package.egg-info to /home/jo/final_commit/install/gui_package/lib/python3.10/site-packages/gui_package-0.0.0-py3.10.egg-info
running install_scripts
Installing cam_listener script to /home/jo/final_commit/install/gui_package/lib/gui_package
Installing camera_test script to /home/jo/final_commit/install/gui_package/lib/gui_package
Installing gui_node script to /home/jo/final_commit/install/gui_package/lib/gui_package
writing list of installed files to '/home/jo/final_commit/build/gui_package/install.log'
