[0.684s] Invoking command in '/home/jo/final_commit/src/communication': LD_LIBRARY_PATH=/home/jo/final_commit/install/communication_msgs/lib:/usr/lib/x86_64-linux-gnu/gazebo-11/plugins:/opt/ros/humble/opt/rviz_ogre_vendor/lib:/opt/ros/humble/lib/x86_64-linux-gnu:/opt/ros/humble/lib:/usr/local/cuda-12.0/lib64 PYTHONPATH=/home/jo/final_commit/build/communication/prefix_override:/home/jo/final_commit/install/communication/lib/python3.10/site-packages:${PYTHONPATH} /usr/bin/python3 setup.py egg_info --egg-base ../../build/communication build --build-base /home/jo/final_commit/build/communication/build install --record /home/jo/final_commit/build/communication/install.log --single-version-externally-managed
[0.942s] running egg_info
[0.945s] writing ../../build/communication/communication.egg-info/PKG-INFO
[0.946s] writing dependency_links to ../../build/communication/communication.egg-info/dependency_links.txt
[0.946s] writing entry points to ../../build/communication/communication.egg-info/entry_points.txt
[0.947s] writing requirements to ../../build/communication/communication.egg-info/requires.txt
[0.947s] writing top-level names to ../../build/communication/communication.egg-info/top_level.txt
[0.952s] reading manifest file '../../build/communication/communication.egg-info/SOURCES.txt'
[0.952s] writing manifest file '../../build/communication/communication.egg-info/SOURCES.txt'
[0.953s] running build
[0.953s] running build_py
[0.953s] copying communication/controller_listener.py -> /home/jo/final_commit/build/communication/build/lib/communication
[0.953s] copying communication/__init__.py -> /home/jo/final_commit/build/communication/build/lib/communication
[0.953s] copying communication/minibot_talker.py -> /home/jo/final_commit/build/communication/build/lib/communication
[0.953s] copying communication/controller_talker.py -> /home/jo/final_commit/build/communication/build/lib/communication
[0.953s] copying communication/minibot_listener.py -> /home/jo/final_commit/build/communication/build/lib/communication
[0.953s] copying communication/connect.py -> /home/jo/final_commit/build/communication/build/lib/communication
[0.953s] running install
[0.954s] /usr/lib/python3/dist-packages/setuptools/command/install.py:34: SetuptoolsDeprecationWarning: setup.py install is deprecated. Use build and pip and other standards-based tools.
[0.954s]   warnings.warn(
[0.954s] running install_lib
[0.955s] copying /home/jo/final_commit/build/communication/build/lib/communication/controller_listener.py -> /home/jo/final_commit/install/communication/lib/python3.10/site-packages/communication
[0.955s] copying /home/jo/final_commit/build/communication/build/lib/communication/__init__.py -> /home/jo/final_commit/install/communication/lib/python3.10/site-packages/communication
[0.955s] copying /home/jo/final_commit/build/communication/build/lib/communication/minibot_talker.py -> /home/jo/final_commit/install/communication/lib/python3.10/site-packages/communication
[0.955s] copying /home/jo/final_commit/build/communication/build/lib/communication/controller_talker.py -> /home/jo/final_commit/install/communication/lib/python3.10/site-packages/communication
[0.955s] copying /home/jo/final_commit/build/communication/build/lib/communication/minibot_listener.py -> /home/jo/final_commit/install/communication/lib/python3.10/site-packages/communication
[0.955s] copying /home/jo/final_commit/build/communication/build/lib/communication/connect.py -> /home/jo/final_commit/install/communication/lib/python3.10/site-packages/communication
[0.955s] byte-compiling /home/jo/final_commit/install/communication/lib/python3.10/site-packages/communication/controller_listener.py to controller_listener.cpython-310.pyc
[0.956s] byte-compiling /home/jo/final_commit/install/communication/lib/python3.10/site-packages/communication/__init__.py to __init__.cpython-310.pyc
[0.956s] byte-compiling /home/jo/final_commit/install/communication/lib/python3.10/site-packages/communication/minibot_talker.py to minibot_talker.cpython-310.pyc
[0.957s] byte-compiling /home/jo/final_commit/install/communication/lib/python3.10/site-packages/communication/controller_talker.py to controller_talker.cpython-310.pyc
[0.959s] byte-compiling /home/jo/final_commit/install/communication/lib/python3.10/site-packages/communication/minibot_listener.py to minibot_listener.cpython-310.pyc
[0.961s] byte-compiling /home/jo/final_commit/install/communication/lib/python3.10/site-packages/communication/connect.py to connect.cpython-310.pyc
[0.962s] running install_data
[0.964s] copying resource/communication -> /home/jo/final_commit/install/communication/share/ament_index/resource_index/packages
[0.964s] copying package.xml -> /home/jo/final_commit/install/communication/share/communication
[0.964s] copying launch/controller.launch.py -> /home/jo/final_commit/install/communication/share/communication/launch
[0.964s] copying launch/minibot.launch.py -> /home/jo/final_commit/install/communication/share/communication/launch
[0.964s] running install_egg_info
[0.969s] removing '/home/jo/final_commit/install/communication/lib/python3.10/site-packages/communication-0.0.0-py3.10.egg-info' (and everything under it)
[0.969s] Copying ../../build/communication/communication.egg-info to /home/jo/final_commit/install/communication/lib/python3.10/site-packages/communication-0.0.0-py3.10.egg-info
[0.970s] running install_scripts
[1.007s] Installing controller_listener script to /home/jo/final_commit/install/communication/lib/communication
[1.007s] Installing controller_talker script to /home/jo/final_commit/install/communication/lib/communication
[1.007s] Installing minibot_listener script to /home/jo/final_commit/install/communication/lib/communication
[1.008s] Installing minibot_talker script to /home/jo/final_commit/install/communication/lib/communication
[1.008s] writing list of installed files to '/home/jo/final_commit/build/communication/install.log'
[1.058s] Invoked command in '/home/jo/final_commit/src/communication' returned '0': LD_LIBRARY_PATH=/home/jo/final_commit/install/communication_msgs/lib:/usr/lib/x86_64-linux-gnu/gazebo-11/plugins:/opt/ros/humble/opt/rviz_ogre_vendor/lib:/opt/ros/humble/lib/x86_64-linux-gnu:/opt/ros/humble/lib:/usr/local/cuda-12.0/lib64 PYTHONPATH=/home/jo/final_commit/build/communication/prefix_override:/home/jo/final_commit/install/communication/lib/python3.10/site-packages:${PYTHONPATH} /usr/bin/python3 setup.py egg_info --egg-base ../../build/communication build --build-base /home/jo/final_commit/build/communication/build install --record /home/jo/final_commit/build/communication/install.log --single-version-externally-managed
