[1.146s] Invoking command in '/home/jo/final_commit/src/call_gazebo': PYTHONPATH=/home/jo/final_commit/build/call_gazebo/prefix_override:/home/jo/final_commit/install/call_gazebo/lib/python3.10/site-packages:${PYTHONPATH} /usr/bin/python3 setup.py egg_info --egg-base ../../build/call_gazebo build --build-base /home/jo/final_commit/build/call_gazebo/build install --record /home/jo/final_commit/build/call_gazebo/install.log --single-version-externally-managed
[1.374s] running egg_info
[1.375s] writing ../../build/call_gazebo/call_gazebo.egg-info/PKG-INFO
[1.375s] writing dependency_links to ../../build/call_gazebo/call_gazebo.egg-info/dependency_links.txt
[1.375s] writing entry points to ../../build/call_gazebo/call_gazebo.egg-info/entry_points.txt
[1.375s] writing requirements to ../../build/call_gazebo/call_gazebo.egg-info/requires.txt
[1.375s] writing top-level names to ../../build/call_gazebo/call_gazebo.egg-info/top_level.txt
[1.377s] reading manifest file '../../build/call_gazebo/call_gazebo.egg-info/SOURCES.txt'
[1.378s] writing manifest file '../../build/call_gazebo/call_gazebo.egg-info/SOURCES.txt'
[1.378s] running build
[1.378s] running build_py
[1.378s] running install
[1.378s] /usr/lib/python3/dist-packages/setuptools/command/install.py:34: SetuptoolsDeprecationWarning: setup.py install is deprecated. Use build and pip and other standards-based tools.
[1.378s]   warnings.warn(
[1.378s] running install_lib
[1.379s] running install_data
[1.380s] running install_egg_info
[1.381s] removing '/home/jo/final_commit/install/call_gazebo/lib/python3.10/site-packages/call_gazebo-0.0.0-py3.10.egg-info' (and everything under it)
[1.381s] Copying ../../build/call_gazebo/call_gazebo.egg-info to /home/jo/final_commit/install/call_gazebo/lib/python3.10/site-packages/call_gazebo-0.0.0-py3.10.egg-info
[1.382s] running install_scripts
[1.401s] writing list of installed files to '/home/jo/final_commit/build/call_gazebo/install.log'
[1.465s] Invoked command in '/home/jo/final_commit/src/call_gazebo' returned '0': PYTHONPATH=/home/jo/final_commit/build/call_gazebo/prefix_override:/home/jo/final_commit/install/call_gazebo/lib/python3.10/site-packages:${PYTHONPATH} /usr/bin/python3 setup.py egg_info --egg-base ../../build/call_gazebo build --build-base /home/jo/final_commit/build/call_gazebo/build install --record /home/jo/final_commit/build/call_gazebo/install.log --single-version-externally-managed
