[0.672s] Invoking command in '/home/jo/final_commit/src/communication': AMENT_PREFIX_PATH=/home/jo/final_commit/install/communication_msgs:${AMENT_PREFIX_PATH} CMAKE_PREFIX_PATH=/home/jo/final_commit/install/communication_msgs LD_LIBRARY_PATH=/home/jo/final_commit/install/communication_msgs/lib:/usr/lib/x86_64-linux-gnu/gazebo-11/plugins:/opt/ros/humble/opt/rviz_ogre_vendor/lib:/opt/ros/humble/lib/x86_64-linux-gnu:/opt/ros/humble/lib:/usr/local/cuda-12.0/lib64 PYTHONPATH=/home/jo/final_commit/build/communication/prefix_override:/home/jo/final_commit/install/communication/lib/python3.10/site-packages:/home/jo/final_commit/install/communication_msgs/local/lib/python3.10/dist-packages:${PYTHONPATH} /usr/bin/python3 setup.py egg_info --egg-base ../../build/communication build --build-base /home/jo/final_commit/build/communication/build install --record /home/jo/final_commit/build/communication/install.log --single-version-externally-managed
[0.874s] running egg_info
[0.875s] writing ../../build/communication/communication.egg-info/PKG-INFO
[0.875s] writing dependency_links to ../../build/communication/communication.egg-info/dependency_links.txt
[0.875s] writing entry points to ../../build/communication/communication.egg-info/entry_points.txt
[0.875s] writing requirements to ../../build/communication/communication.egg-info/requires.txt
[0.875s] writing top-level names to ../../build/communication/communication.egg-info/top_level.txt
[0.876s] reading manifest file '../../build/communication/communication.egg-info/SOURCES.txt'
[0.877s] writing manifest file '../../build/communication/communication.egg-info/SOURCES.txt'
[0.877s] running build
[0.877s] running build_py
[0.877s] copying communication/controller_listener.py -> /home/jo/final_commit/build/communication/build/lib/communication
[0.877s] copying communication/__init__.py -> /home/jo/final_commit/build/communication/build/lib/communication
[0.877s] copying communication/minibot_talker.py -> /home/jo/final_commit/build/communication/build/lib/communication
[0.877s] copying communication/controller_talker.py -> /home/jo/final_commit/build/communication/build/lib/communication
[0.878s] copying communication/minibot_listener.py -> /home/jo/final_commit/build/communication/build/lib/communication
[0.878s] copying communication/connect.py -> /home/jo/final_commit/build/communication/build/lib/communication
[0.878s] running install
[0.878s] /usr/lib/python3/dist-packages/setuptools/command/install.py:34: SetuptoolsDeprecationWarning: setup.py install is deprecated. Use build and pip and other standards-based tools.
[0.878s]   warnings.warn(
[0.878s] running install_lib
[0.879s] copying /home/jo/final_commit/build/communication/build/lib/communication/controller_listener.py -> /home/jo/final_commit/install/communication/lib/python3.10/site-packages/communication
[0.880s] copying /home/jo/final_commit/build/communication/build/lib/communication/__init__.py -> /home/jo/final_commit/install/communication/lib/python3.10/site-packages/communication
[0.880s] copying /home/jo/final_commit/build/communication/build/lib/communication/minibot_talker.py -> /home/jo/final_commit/install/communication/lib/python3.10/site-packages/communication
[0.880s] copying /home/jo/final_commit/build/communication/build/lib/communication/controller_talker.py -> /home/jo/final_commit/install/communication/lib/python3.10/site-packages/communication
[0.880s] copying /home/jo/final_commit/build/communication/build/lib/communication/minibot_listener.py -> /home/jo/final_commit/install/communication/lib/python3.10/site-packages/communication
[0.880s] copying /home/jo/final_commit/build/communication/build/lib/communication/connect.py -> /home/jo/final_commit/install/communication/lib/python3.10/site-packages/communication
[0.880s] byte-compiling /home/jo/final_commit/install/communication/lib/python3.10/site-packages/communication/controller_listener.py to controller_listener.cpython-310.pyc
[0.880s] byte-compiling /home/jo/final_commit/install/communication/lib/python3.10/site-packages/communication/__init__.py to __init__.cpython-310.pyc
[0.880s] byte-compiling /home/jo/final_commit/install/communication/lib/python3.10/site-packages/communication/minibot_talker.py to minibot_talker.cpython-310.pyc
[0.880s] byte-compiling /home/jo/final_commit/install/communication/lib/python3.10/site-packages/communication/controller_talker.py to controller_talker.cpython-310.pyc
[0.881s] byte-compiling /home/jo/final_commit/install/communication/lib/python3.10/site-packages/communication/minibot_listener.py to minibot_listener.cpython-310.pyc
[0.881s] byte-compiling /home/jo/final_commit/install/communication/lib/python3.10/site-packages/communication/connect.py to connect.cpython-310.pyc
[0.881s] running install_data
[0.882s] copying resource/communication -> /home/jo/final_commit/install/communication/share/ament_index/resource_index/packages
[0.882s] copying package.xml -> /home/jo/final_commit/install/communication/share/communication
[0.882s] copying launch/controller.launch.py -> /home/jo/final_commit/install/communication/share/communication/launch
[0.882s] copying launch/minibot.launch.py -> /home/jo/final_commit/install/communication/share/communication/launch
[0.882s] running install_egg_info
[0.883s] removing '/home/jo/final_commit/install/communication/lib/python3.10/site-packages/communication-0.0.0-py3.10.egg-info' (and everything under it)
[0.883s] Copying ../../build/communication/communication.egg-info to /home/jo/final_commit/install/communication/lib/python3.10/site-packages/communication-0.0.0-py3.10.egg-info
[0.884s] running install_scripts
[0.900s] Installing connect_ros script to /home/jo/final_commit/install/communication/lib/communication
[0.900s] Installing controller_listener script to /home/jo/final_commit/install/communication/lib/communication
[0.900s] Installing controller_talker script to /home/jo/final_commit/install/communication/lib/communication
[0.900s] Installing minibot_listener script to /home/jo/final_commit/install/communication/lib/communication
[0.900s] Installing minibot_talker script to /home/jo/final_commit/install/communication/lib/communication
[0.901s] writing list of installed files to '/home/jo/final_commit/build/communication/install.log'
[0.918s] Invoked command in '/home/jo/final_commit/src/communication' returned '0': AMENT_PREFIX_PATH=/home/jo/final_commit/install/communication_msgs:${AMENT_PREFIX_PATH} CMAKE_PREFIX_PATH=/home/jo/final_commit/install/communication_msgs LD_LIBRARY_PATH=/home/jo/final_commit/install/communication_msgs/lib:/usr/lib/x86_64-linux-gnu/gazebo-11/plugins:/opt/ros/humble/opt/rviz_ogre_vendor/lib:/opt/ros/humble/lib/x86_64-linux-gnu:/opt/ros/humble/lib:/usr/local/cuda-12.0/lib64 PYTHONPATH=/home/jo/final_commit/build/communication/prefix_override:/home/jo/final_commit/install/communication/lib/python3.10/site-packages:/home/jo/final_commit/install/communication_msgs/local/lib/python3.10/dist-packages:${PYTHONPATH} /usr/bin/python3 setup.py egg_info --egg-base ../../build/communication build --build-base /home/jo/final_commit/build/communication/build install --record /home/jo/final_commit/build/communication/install.log --single-version-externally-managed
