running egg_info
creating ../../build/multy_spawn/multy_spawn.egg-info
writing ../../build/multy_spawn/multy_spawn.egg-info/PKG-INFO
writing dependency_links to ../../build/multy_spawn/multy_spawn.egg-info/dependency_links.txt
writing entry points to ../../build/multy_spawn/multy_spawn.egg-info/entry_points.txt
writing requirements to ../../build/multy_spawn/multy_spawn.egg-info/requires.txt
writing top-level names to ../../build/multy_spawn/multy_spawn.egg-info/top_level.txt
writing manifest file '../../build/multy_spawn/multy_spawn.egg-info/SOURCES.txt'
reading manifest file '../../build/multy_spawn/multy_spawn.egg-info/SOURCES.txt'
writing manifest file '../../build/multy_spawn/multy_spawn.egg-info/SOURCES.txt'
running build
running build_py
creating /home/jo/final_commit/build/multy_spawn/build
creating /home/jo/final_commit/build/multy_spawn/build/lib
creating /home/jo/final_commit/build/multy_spawn/build/lib/multy_spawn
copying multy_spawn/__init__.py -> /home/jo/final_commit/build/multy_spawn/build/lib/multy_spawn
running install
running install_lib
creating /home/jo/final_commit/install/multy_spawn/lib/python3.10/site-packages/multy_spawn
copying /home/jo/final_commit/build/multy_spawn/build/lib/multy_spawn/__init__.py -> /home/jo/final_commit/install/multy_spawn/lib/python3.10/site-packages/multy_spawn
byte-compiling /home/jo/final_commit/install/multy_spawn/lib/python3.10/site-packages/multy_spawn/__init__.py to __init__.cpython-310.pyc
running install_data
creating /home/jo/final_commit/install/multy_spawn/share/ament_index
creating /home/jo/final_commit/install/multy_spawn/share/ament_index/resource_index
creating /home/jo/final_commit/install/multy_spawn/share/ament_index/resource_index/packages
copying resource/multy_spawn -> /home/jo/final_commit/install/multy_spawn/share/ament_index/resource_index/packages
copying package.xml -> /home/jo/final_commit/install/multy_spawn/share/multy_spawn
running install_egg_info
Copying ../../build/multy_spawn/multy_spawn.egg-info to /home/jo/final_commit/install/multy_spawn/lib/python3.10/site-packages/multy_spawn-0.0.0-py3.10.egg-info
running install_scripts
writing list of installed files to '/home/jo/final_commit/build/multy_spawn/install.log'
