[1.526s] Invoking command in '/home/jo/final_commit/src/multy_spawn': PYTHONPATH=/home/jo/final_commit/build/multy_spawn/prefix_override:/home/jo/final_commit/install/multy_spawn/lib/python3.10/site-packages:${PYTHONPATH} /usr/bin/python3 setup.py egg_info --egg-base ../../build/multy_spawn build --build-base /home/jo/final_commit/build/multy_spawn/build install --record /home/jo/final_commit/build/multy_spawn/install.log --single-version-externally-managed
[1.740s] running egg_info
[1.741s] creating ../../build/multy_spawn/multy_spawn.egg-info
[1.741s] writing ../../build/multy_spawn/multy_spawn.egg-info/PKG-INFO
[1.741s] writing dependency_links to ../../build/multy_spawn/multy_spawn.egg-info/dependency_links.txt
[1.741s] writing entry points to ../../build/multy_spawn/multy_spawn.egg-info/entry_points.txt
[1.742s] writing requirements to ../../build/multy_spawn/multy_spawn.egg-info/requires.txt
[1.742s] writing top-level names to ../../build/multy_spawn/multy_spawn.egg-info/top_level.txt
[1.742s] writing manifest file '../../build/multy_spawn/multy_spawn.egg-info/SOURCES.txt'
[1.743s] reading manifest file '../../build/multy_spawn/multy_spawn.egg-info/SOURCES.txt'
[1.743s] writing manifest file '../../build/multy_spawn/multy_spawn.egg-info/SOURCES.txt'
[1.744s] running build
[1.744s] running build_py
[1.744s] creating /home/jo/final_commit/build/multy_spawn/build
[1.744s] creating /home/jo/final_commit/build/multy_spawn/build/lib
[1.744s] creating /home/jo/final_commit/build/multy_spawn/build/lib/multy_spawn
[1.744s] copying multy_spawn/__init__.py -> /home/jo/final_commit/build/multy_spawn/build/lib/multy_spawn
[1.744s] running install
[1.744s] /usr/lib/python3/dist-packages/setuptools/command/install.py:34: SetuptoolsDeprecationWarning: setup.py install is deprecated. Use build and pip and other standards-based tools.
[1.744s]   warnings.warn(
[1.744s] running install_lib
[1.745s] creating /home/jo/final_commit/install/multy_spawn/lib/python3.10/site-packages/multy_spawn
[1.745s] copying /home/jo/final_commit/build/multy_spawn/build/lib/multy_spawn/__init__.py -> /home/jo/final_commit/install/multy_spawn/lib/python3.10/site-packages/multy_spawn
[1.745s] byte-compiling /home/jo/final_commit/install/multy_spawn/lib/python3.10/site-packages/multy_spawn/__init__.py to __init__.cpython-310.pyc
[1.745s] running install_data
[1.746s] creating /home/jo/final_commit/install/multy_spawn/share/ament_index
[1.746s] creating /home/jo/final_commit/install/multy_spawn/share/ament_index/resource_index
[1.746s] creating /home/jo/final_commit/install/multy_spawn/share/ament_index/resource_index/packages
[1.746s] copying resource/multy_spawn -> /home/jo/final_commit/install/multy_spawn/share/ament_index/resource_index/packages
[1.746s] copying package.xml -> /home/jo/final_commit/install/multy_spawn/share/multy_spawn
[1.746s] running install_egg_info
[1.747s] Copying ../../build/multy_spawn/multy_spawn.egg-info to /home/jo/final_commit/install/multy_spawn/lib/python3.10/site-packages/multy_spawn-0.0.0-py3.10.egg-info
[1.748s] running install_scripts
[1.765s] writing list of installed files to '/home/jo/final_commit/build/multy_spawn/install.log'
[1.853s] Invoked command in '/home/jo/final_commit/src/multy_spawn' returned '0': PYTHONPATH=/home/jo/final_commit/build/multy_spawn/prefix_override:/home/jo/final_commit/install/multy_spawn/lib/python3.10/site-packages:${PYTHONPATH} /usr/bin/python3 setup.py egg_info --egg-base ../../build/multy_spawn build --build-base /home/jo/final_commit/build/multy_spawn/build install --record /home/jo/final_commit/build/multy_spawn/install.log --single-version-externally-managed
