[0.653s] Invoking command in '/home/jo/ros-repo-2/src/minibot_network': PYTHONPATH=/home/jo/ros-repo-2/build/minibot_network/prefix_override:/home/jo/ros-repo-2/install/minibot_network/lib/python3.10/site-packages:${PYTHONPATH} /usr/bin/python3 setup.py egg_info --egg-base ../../build/minibot_network build --build-base /home/jo/ros-repo-2/build/minibot_network/build install --record /home/jo/ros-repo-2/build/minibot_network/install.log --single-version-externally-managed
[0.859s] running egg_info
[0.859s] creating ../../build/minibot_network/minibot_network.egg-info
[0.859s] writing ../../build/minibot_network/minibot_network.egg-info/PKG-INFO
[0.860s] writing dependency_links to ../../build/minibot_network/minibot_network.egg-info/dependency_links.txt
[0.860s] writing entry points to ../../build/minibot_network/minibot_network.egg-info/entry_points.txt
[0.860s] writing requirements to ../../build/minibot_network/minibot_network.egg-info/requires.txt
[0.860s] writing top-level names to ../../build/minibot_network/minibot_network.egg-info/top_level.txt
[0.860s] writing manifest file '../../build/minibot_network/minibot_network.egg-info/SOURCES.txt'
[0.861s] reading manifest file '../../build/minibot_network/minibot_network.egg-info/SOURCES.txt'
[0.862s] writing manifest file '../../build/minibot_network/minibot_network.egg-info/SOURCES.txt'
[0.862s] running build
[0.862s] running build_py
[0.862s] creating /home/jo/ros-repo-2/build/minibot_network/build
[0.863s] creating /home/jo/ros-repo-2/build/minibot_network/build/lib
[0.863s] creating /home/jo/ros-repo-2/build/minibot_network/build/lib/minibot_network
[0.863s] copying minibot_network/__init__.py -> /home/jo/ros-repo-2/build/minibot_network/build/lib/minibot_network
[0.863s] copying minibot_network/minibot_cam_subscriber.py -> /home/jo/ros-repo-2/build/minibot_network/build/lib/minibot_network
[0.863s] copying minibot_network/minibot_cam_publish.py -> /home/jo/ros-repo-2/build/minibot_network/build/lib/minibot_network
[0.863s] running install
[0.863s] /usr/lib/python3/dist-packages/setuptools/command/install.py:34: SetuptoolsDeprecationWarning: setup.py install is deprecated. Use build and pip and other standards-based tools.
[0.863s]   warnings.warn(
[0.863s] running install_lib
[0.864s] creating /home/jo/ros-repo-2/install/minibot_network/lib/python3.10/site-packages/minibot_network
[0.864s] copying /home/jo/ros-repo-2/build/minibot_network/build/lib/minibot_network/__init__.py -> /home/jo/ros-repo-2/install/minibot_network/lib/python3.10/site-packages/minibot_network
[0.864s] copying /home/jo/ros-repo-2/build/minibot_network/build/lib/minibot_network/minibot_cam_subscriber.py -> /home/jo/ros-repo-2/install/minibot_network/lib/python3.10/site-packages/minibot_network
[0.864s] copying /home/jo/ros-repo-2/build/minibot_network/build/lib/minibot_network/minibot_cam_publish.py -> /home/jo/ros-repo-2/install/minibot_network/lib/python3.10/site-packages/minibot_network
[0.864s] byte-compiling /home/jo/ros-repo-2/install/minibot_network/lib/python3.10/site-packages/minibot_network/__init__.py to __init__.cpython-310.pyc
[0.864s] byte-compiling /home/jo/ros-repo-2/install/minibot_network/lib/python3.10/site-packages/minibot_network/minibot_cam_subscriber.py to minibot_cam_subscriber.cpython-310.pyc
[0.865s] byte-compiling /home/jo/ros-repo-2/install/minibot_network/lib/python3.10/site-packages/minibot_network/minibot_cam_publish.py to minibot_cam_publish.cpython-310.pyc
[0.865s] running install_data
[0.866s] creating /home/jo/ros-repo-2/install/minibot_network/share/ament_index
[0.866s] creating /home/jo/ros-repo-2/install/minibot_network/share/ament_index/resource_index
[0.866s] creating /home/jo/ros-repo-2/install/minibot_network/share/ament_index/resource_index/packages
[0.866s] copying resource/minibot_network -> /home/jo/ros-repo-2/install/minibot_network/share/ament_index/resource_index/packages
[0.866s] copying package.xml -> /home/jo/ros-repo-2/install/minibot_network/share/minibot_network
[0.866s] running install_egg_info
[0.867s] Copying ../../build/minibot_network/minibot_network.egg-info to /home/jo/ros-repo-2/install/minibot_network/lib/python3.10/site-packages/minibot_network-0.0.0-py3.10.egg-info
[0.867s] running install_scripts
[0.882s] Installing minibot_cam_publish script to /home/jo/ros-repo-2/install/minibot_network/lib/minibot_network
[0.882s] Installing minibot_cam_subscriber script to /home/jo/ros-repo-2/install/minibot_network/lib/minibot_network
[0.882s] writing list of installed files to '/home/jo/ros-repo-2/build/minibot_network/install.log'
[0.897s] Invoked command in '/home/jo/ros-repo-2/src/minibot_network' returned '0': PYTHONPATH=/home/jo/ros-repo-2/build/minibot_network/prefix_override:/home/jo/ros-repo-2/install/minibot_network/lib/python3.10/site-packages:${PYTHONPATH} /usr/bin/python3 setup.py egg_info --egg-base ../../build/minibot_network build --build-base /home/jo/ros-repo-2/build/minibot_network/build install --record /home/jo/ros-repo-2/build/minibot_network/install.log --single-version-externally-managed
