[0.776s] Invoking command in '/home/jo/final_commit/src/communication': PYTHONPATH=/home/jo/final_commit/build/communication/prefix_override:/home/jo/final_commit/install/communication/lib/python3.10/site-packages:${PYTHONPATH} /usr/bin/python3 setup.py egg_info --egg-base ../../build/communication build --build-base /home/jo/final_commit/build/communication/build install --record /home/jo/final_commit/build/communication/install.log --single-version-externally-managed
[0.977s] running egg_info
[0.977s] writing ../../build/communication/communication.egg-info/PKG-INFO
[0.977s] writing dependency_links to ../../build/communication/communication.egg-info/dependency_links.txt
[0.978s] writing entry points to ../../build/communication/communication.egg-info/entry_points.txt
[0.978s] writing requirements to ../../build/communication/communication.egg-info/requires.txt
[0.978s] writing top-level names to ../../build/communication/communication.egg-info/top_level.txt
[0.979s] reading manifest file '../../build/communication/communication.egg-info/SOURCES.txt'
[0.980s] writing manifest file '../../build/communication/communication.egg-info/SOURCES.txt'
[0.980s] running build
[0.980s] running build_py
[0.980s] running install
[0.981s] /usr/lib/python3/dist-packages/setuptools/command/install.py:34: SetuptoolsDeprecationWarning: setup.py install is deprecated. Use build and pip and other standards-based tools.
[0.981s]   warnings.warn(
[0.981s] running install_lib
[0.982s] running install_data
[0.982s] running install_egg_info
[0.984s] removing '/home/jo/final_commit/install/communication/lib/python3.10/site-packages/communication-0.0.0-py3.10.egg-info' (and everything under it)
[0.984s] Copying ../../build/communication/communication.egg-info to /home/jo/final_commit/install/communication/lib/python3.10/site-packages/communication-0.0.0-py3.10.egg-info
[0.984s] running install_scripts
[0.999s] Installing controller_listener script to /home/jo/final_commit/install/communication/lib/communication
[1.000s] Installing controller_talker script to /home/jo/final_commit/install/communication/lib/communication
[1.000s] Installing minibot_listener script to /home/jo/final_commit/install/communication/lib/communication
[1.000s] Installing minibot_talker script to /home/jo/final_commit/install/communication/lib/communication
[1.000s] writing list of installed files to '/home/jo/final_commit/build/communication/install.log'
[1.016s] Invoked command in '/home/jo/final_commit/src/communication' returned '0': PYTHONPATH=/home/jo/final_commit/build/communication/prefix_override:/home/jo/final_commit/install/communication/lib/python3.10/site-packages:${PYTHONPATH} /usr/bin/python3 setup.py egg_info --egg-base ../../build/communication build --build-base /home/jo/final_commit/build/communication/build install --record /home/jo/final_commit/build/communication/install.log --single-version-externally-managed
