running egg_info
writing ../../build/communication/communication.connect_robot.egg-info/PKG-INFO
writing dependency_links to ../../build/communication/communication.connect_robot.egg-info/dependency_links.txt
writing entry points to ../../build/communication/communication.connect_robot.egg-info/entry_points.txt
writing requirements to ../../build/communication/communication.connect_robot.egg-info/requires.txt
writing top-level names to ../../build/communication/communication.connect_robot.egg-info/top_level.txt
reading manifest file '../../build/communication/communication.connect_robot.egg-info/SOURCES.txt'
writing manifest file '../../build/communication/communication.connect_robot.egg-info/SOURCES.txt'
running build
running build_py
copying communication/talker.py -> /home/jo/final_commit/build/communication/build/lib/communication
copying communication/listener.py -> /home/jo/final_commit/build/communication/build/lib/communication
copying communication/connect.py -> /home/jo/final_commit/build/communication/build/lib/communication
running install
running install_lib
copying /home/jo/final_commit/build/communication/build/lib/communication/talker.py -> /home/jo/final_commit/install/communication/lib/python3.10/site-packages/communication
copying /home/jo/final_commit/build/communication/build/lib/communication/listener.py -> /home/jo/final_commit/install/communication/lib/python3.10/site-packages/communication
copying /home/jo/final_commit/build/communication/build/lib/communication/connect.py -> /home/jo/final_commit/install/communication/lib/python3.10/site-packages/communication
byte-compiling /home/jo/final_commit/install/communication/lib/python3.10/site-packages/communication/talker.py to talker.cpython-310.pyc
byte-compiling /home/jo/final_commit/install/communication/lib/python3.10/site-packages/communication/listener.py to listener.cpython-310.pyc
byte-compiling /home/jo/final_commit/install/communication/lib/python3.10/site-packages/communication/connect.py to connect.cpython-310.pyc
running install_data
