[0.598s] Invoking command in '/home/jo/final_commit/src/communication': PYTHONPATH=/home/jo/final_commit/build/communication/prefix_override:/home/jo/final_commit/install/communication/lib/python3.10/site-packages:${PYTHONPATH} /usr/bin/python3 setup.py egg_info --egg-base ../../build/communication build --build-base /home/jo/final_commit/build/communication/build install --record /home/jo/final_commit/build/communication/install.log --single-version-externally-managed
[0.789s] running egg_info
[0.789s] writing ../../build/communication/communication.connect_robot.egg-info/PKG-INFO
[0.789s] writing dependency_links to ../../build/communication/communication.connect_robot.egg-info/dependency_links.txt
[0.789s] writing entry points to ../../build/communication/communication.connect_robot.egg-info/entry_points.txt
[0.790s] writing requirements to ../../build/communication/communication.connect_robot.egg-info/requires.txt
[0.790s] writing top-level names to ../../build/communication/communication.connect_robot.egg-info/top_level.txt
[0.791s] reading manifest file '../../build/communication/communication.connect_robot.egg-info/SOURCES.txt'
[0.792s] writing manifest file '../../build/communication/communication.connect_robot.egg-info/SOURCES.txt'
[0.792s] running build
[0.792s] running build_py
[0.792s] copying communication/talker.py -> /home/jo/final_commit/build/communication/build/lib/communication
[0.792s] copying communication/listener.py -> /home/jo/final_commit/build/communication/build/lib/communication
[0.792s] copying communication/connect.py -> /home/jo/final_commit/build/communication/build/lib/communication
[0.792s] running install
[0.792s] /usr/lib/python3/dist-packages/setuptools/command/install.py:34: SetuptoolsDeprecationWarning: setup.py install is deprecated. Use build and pip and other standards-based tools.
[0.793s]   warnings.warn(
[0.793s] running install_lib
[0.793s] copying /home/jo/final_commit/build/communication/build/lib/communication/talker.py -> /home/jo/final_commit/install/communication/lib/python3.10/site-packages/communication
[0.793s] copying /home/jo/final_commit/build/communication/build/lib/communication/listener.py -> /home/jo/final_commit/install/communication/lib/python3.10/site-packages/communication
[0.793s] copying /home/jo/final_commit/build/communication/build/lib/communication/connect.py -> /home/jo/final_commit/install/communication/lib/python3.10/site-packages/communication
[0.793s] byte-compiling /home/jo/final_commit/install/communication/lib/python3.10/site-packages/communication/talker.py to talker.cpython-310.pyc
[0.794s] byte-compiling /home/jo/final_commit/install/communication/lib/python3.10/site-packages/communication/listener.py to listener.cpython-310.pyc
[0.794s] byte-compiling /home/jo/final_commit/install/communication/lib/python3.10/site-packages/communication/connect.py to connect.cpython-310.pyc
[0.794s] running install_data
[0.795s] error: can't copy 'resource/communication.connect_robot': doesn't exist or not a regular file
[0.807s] Invoked command in '/home/jo/final_commit/src/communication' returned '1': PYTHONPATH=/home/jo/final_commit/build/communication/prefix_override:/home/jo/final_commit/install/communication/lib/python3.10/site-packages:${PYTHONPATH} /usr/bin/python3 setup.py egg_info --egg-base ../../build/communication build --build-base /home/jo/final_commit/build/communication/build install --record /home/jo/final_commit/build/communication/install.log --single-version-externally-managed
