running egg_info
writing ../build/auto_drive_control/auto_drive_control.egg-info/PKG-INFO
writing dependency_links to ../build/auto_drive_control/auto_drive_control.egg-info/dependency_links.txt
writing entry points to ../build/auto_drive_control/auto_drive_control.egg-info/entry_points.txt
writing requirements to ../build/auto_drive_control/auto_drive_control.egg-info/requires.txt
writing top-level names to ../build/auto_drive_control/auto_drive_control.egg-info/top_level.txt
reading manifest file '../build/auto_drive_control/auto_drive_control.egg-info/SOURCES.txt'
writing manifest file '../build/auto_drive_control/auto_drive_control.egg-info/SOURCES.txt'
running build
running build_py
copying auto_drive_control/connect_arduino.py -> /home/jo/final_commit/build/auto_drive_control/build/lib/auto_drive_control
running install
running install_lib
copying /home/jo/final_commit/build/auto_drive_control/build/lib/auto_drive_control/connect_arduino.py -> /home/jo/final_commit/install/auto_drive_control/lib/python3.10/site-packages/auto_drive_control
byte-compiling /home/jo/final_commit/install/auto_drive_control/lib/python3.10/site-packages/auto_drive_control/connect_arduino.py to connect_arduino.cpython-310.pyc
running install_data
running install_egg_info
removing '/home/jo/final_commit/install/auto_drive_control/lib/python3.10/site-packages/auto_drive_control-0.0.0-py3.10.egg-info' (and everything under it)
Copying ../build/auto_drive_control/auto_drive_control.egg-info to /home/jo/final_commit/install/auto_drive_control/lib/python3.10/site-packages/auto_drive_control-0.0.0-py3.10.egg-info
running install_scripts
Installing arduino_protocol_sender = auto_drive_control.arduino_protocol_sender:mainconnect_arduino script to /home/jo/final_commit/install/auto_drive_control/lib/auto_drive_control
Installing ultrasonic_dist_publisher script to /home/jo/final_commit/install/auto_drive_control/lib/auto_drive_control
Installing ultrasonic_dist_subscliber script to /home/jo/final_commit/install/auto_drive_control/lib/auto_drive_control
writing list of installed files to '/home/jo/final_commit/build/auto_drive_control/install.log'
