[0.797s] Invoking command in '/home/jo/ros-repo-2/src/minibot_network': PYTHONPATH=/home/jo/ros-repo-2/build/minibot_network/prefix_override:/home/jo/ros-repo-2/install/minibot_network/lib/python3.10/site-packages:${PYTHONPATH} /usr/bin/python3 setup.py egg_info --egg-base ../../build/minibot_network build --build-base /home/jo/ros-repo-2/build/minibot_network/build install --record /home/jo/ros-repo-2/build/minibot_network/install.log --single-version-externally-managed
[1.032s] running egg_info
[1.033s] writing ../../build/minibot_network/minibot_network.egg-info/PKG-INFO
[1.033s] writing dependency_links to ../../build/minibot_network/minibot_network.egg-info/dependency_links.txt
[1.033s] writing entry points to ../../build/minibot_network/minibot_network.egg-info/entry_points.txt
[1.033s] writing requirements to ../../build/minibot_network/minibot_network.egg-info/requires.txt
[1.033s] writing top-level names to ../../build/minibot_network/minibot_network.egg-info/top_level.txt
[1.035s] reading manifest file '../../build/minibot_network/minibot_network.egg-info/SOURCES.txt'
[1.036s] writing manifest file '../../build/minibot_network/minibot_network.egg-info/SOURCES.txt'
[1.036s] running build
[1.036s] running build_py
[1.036s] copying minibot_network/multi_thread_test.py -> /home/jo/ros-repo-2/build/minibot_network/build/lib/minibot_network
[1.037s] copying minibot_network/minibot_cam_publish.py -> /home/jo/ros-repo-2/build/minibot_network/build/lib/minibot_network
[1.037s] copying minibot_network/minibot_tcp_client.py -> /home/jo/ros-repo-2/build/minibot_network/build/lib/minibot_network
[1.037s] copying minibot_network/main_server.py -> /home/jo/ros-repo-2/build/minibot_network/build/lib/minibot_network
[1.037s] copying minibot_network/multi_thread_cam_test.py -> /home/jo/ros-repo-2/build/minibot_network/build/lib/minibot_network
[1.037s] running install
[1.037s] /usr/lib/python3/dist-packages/setuptools/command/install.py:34: SetuptoolsDeprecationWarning: setup.py install is deprecated. Use build and pip and other standards-based tools.
[1.038s]   warnings.warn(
[1.038s] running install_lib
[1.038s] copying /home/jo/ros-repo-2/build/minibot_network/build/lib/minibot_network/multi_thread_test.py -> /home/jo/ros-repo-2/install/minibot_network/lib/python3.10/site-packages/minibot_network
[1.038s] copying /home/jo/ros-repo-2/build/minibot_network/build/lib/minibot_network/minibot_cam_publish.py -> /home/jo/ros-repo-2/install/minibot_network/lib/python3.10/site-packages/minibot_network
[1.038s] copying /home/jo/ros-repo-2/build/minibot_network/build/lib/minibot_network/minibot_tcp_client.py -> /home/jo/ros-repo-2/install/minibot_network/lib/python3.10/site-packages/minibot_network
[1.038s] copying /home/jo/ros-repo-2/build/minibot_network/build/lib/minibot_network/main_server.py -> /home/jo/ros-repo-2/install/minibot_network/lib/python3.10/site-packages/minibot_network
[1.039s] copying /home/jo/ros-repo-2/build/minibot_network/build/lib/minibot_network/multi_thread_cam_test.py -> /home/jo/ros-repo-2/install/minibot_network/lib/python3.10/site-packages/minibot_network
[1.039s] byte-compiling /home/jo/ros-repo-2/install/minibot_network/lib/python3.10/site-packages/minibot_network/multi_thread_test.py to multi_thread_test.cpython-310.pyc
[1.039s] byte-compiling /home/jo/ros-repo-2/install/minibot_network/lib/python3.10/site-packages/minibot_network/minibot_cam_publish.py to minibot_cam_publish.cpython-310.pyc
[1.040s] byte-compiling /home/jo/ros-repo-2/install/minibot_network/lib/python3.10/site-packages/minibot_network/minibot_tcp_client.py to minibot_tcp_client.cpython-310.pyc
[1.040s] byte-compiling /home/jo/ros-repo-2/install/minibot_network/lib/python3.10/site-packages/minibot_network/main_server.py to main_server.cpython-310.pyc
[1.041s] byte-compiling /home/jo/ros-repo-2/install/minibot_network/lib/python3.10/site-packages/minibot_network/multi_thread_cam_test.py to multi_thread_cam_test.cpython-310.pyc
[1.041s] running install_data
[1.042s] running install_egg_info
[1.043s] removing '/home/jo/ros-repo-2/install/minibot_network/lib/python3.10/site-packages/minibot_network-0.0.0-py3.10.egg-info' (and everything under it)
[1.044s] Copying ../../build/minibot_network/minibot_network.egg-info to /home/jo/ros-repo-2/install/minibot_network/lib/python3.10/site-packages/minibot_network-0.0.0-py3.10.egg-info
[1.044s] running install_scripts
[1.061s] Installing main_client script to /home/jo/ros-repo-2/install/minibot_network/lib/minibot_network
[1.061s] Installing main_server script to /home/jo/ros-repo-2/install/minibot_network/lib/minibot_network
[1.061s] Installing minibot_cam_publish script to /home/jo/ros-repo-2/install/minibot_network/lib/minibot_network
[1.062s] Installing minibot_cam_subscriber script to /home/jo/ros-repo-2/install/minibot_network/lib/minibot_network
[1.062s] writing list of installed files to '/home/jo/ros-repo-2/build/minibot_network/install.log'
[1.081s] Invoked command in '/home/jo/ros-repo-2/src/minibot_network' returned '0': PYTHONPATH=/home/jo/ros-repo-2/build/minibot_network/prefix_override:/home/jo/ros-repo-2/install/minibot_network/lib/python3.10/site-packages:${PYTHONPATH} /usr/bin/python3 setup.py egg_info --egg-base ../../build/minibot_network build --build-base /home/jo/ros-repo-2/build/minibot_network/build install --record /home/jo/ros-repo-2/build/minibot_network/install.log --single-version-externally-managed
