[1.834s] DEBUG:colcon:Command line arguments: ['/usr/bin/colcon', 'build']
[1.834s] DEBUG:colcon:Parsed command line arguments: Namespace(log_base=None, log_level=None, verb_name='build', build_base='build', install_base='install', merge_install=False, symlink_install=False, test_result_base=None, continue_on_error=False, executor='parallel', parallel_workers=12, event_handlers=None, ignore_user_meta=False, metas=['./colcon.meta'], base_paths=['.'], packages_ignore=None, packages_ignore_regex=None, paths=None, packages_up_to=None, packages_up_to_regex=None, packages_above=None, packages_above_and_dependencies=None, packages_above_depth=None, packages_select_by_dep=None, packages_skip_by_dep=None, packages_skip_up_to=None, packages_select_build_failed=False, packages_skip_build_finished=False, packages_select_test_failures=False, packages_skip_test_passed=False, packages_select=None, packages_skip=None, packages_select_regex=None, packages_skip_regex=None, packages_start=None, packages_end=None, allow_overriding=[], cmake_args=None, cmake_target=None, cmake_target_skip_unavailable=False, cmake_clean_cache=False, cmake_clean_first=False, cmake_force_configure=False, ament_cmake_args=None, catkin_cmake_args=None, catkin_skip_building_tests=False, verb_parser=<colcon_defaults.argument_parser.defaults.DefaultArgumentsDecorator object at 0x7f0dde495cf0>, verb_extension=<colcon_core.verb.build.BuildVerb object at 0x7f0dde8f3be0>, main=<bound method BuildVerb.main of <colcon_core.verb.build.BuildVerb object at 0x7f0dde8f3be0>>)
[1.923s] Level 1:colcon.colcon_core.package_discovery:discover_packages(colcon_meta) check parameters
[1.924s] Level 1:colcon.colcon_core.package_discovery:discover_packages(recursive) check parameters
[1.925s] Level 1:colcon.colcon_core.package_discovery:discover_packages(ignore) check parameters
[1.925s] Level 1:colcon.colcon_core.package_discovery:discover_packages(path) check parameters
[1.925s] Level 1:colcon.colcon_core.package_discovery:discover_packages(colcon_meta) discover
[1.925s] Level 1:colcon.colcon_core.package_discovery:discover_packages(recursive) discover
[1.925s] INFO:colcon.colcon_core.package_discovery:Crawling recursively for packages in '/home/jo/ros-repo-2'
[1.925s] Level 1:colcon.colcon_core.package_identification:_identify(.) by extensions ['ignore', 'ignore_ament_install']
[1.925s] Level 1:colcon.colcon_core.package_identification:_identify(.) by extension 'ignore'
[1.925s] Level 1:colcon.colcon_core.package_identification:_identify(.) by extension 'ignore_ament_install'
[1.925s] Level 1:colcon.colcon_core.package_identification:_identify(.) by extensions ['colcon_pkg']
[1.925s] Level 1:colcon.colcon_core.package_identification:_identify(.) by extension 'colcon_pkg'
[1.925s] Level 1:colcon.colcon_core.package_identification:_identify(.) by extensions ['colcon_meta']
[1.925s] Level 1:colcon.colcon_core.package_identification:_identify(.) by extension 'colcon_meta'
[1.925s] Level 1:colcon.colcon_core.package_identification:_identify(.) by extensions ['ros']
[1.925s] Level 1:colcon.colcon_core.package_identification:_identify(.) by extension 'ros'
[1.942s] Level 1:colcon.colcon_core.package_identification:_identify(.) by extensions ['cmake', 'python']
[1.943s] Level 1:colcon.colcon_core.package_identification:_identify(.) by extension 'cmake'
[1.943s] Level 1:colcon.colcon_core.package_identification:_identify(.) by extension 'python'
[1.943s] Level 1:colcon.colcon_core.package_identification:_identify(.) by extensions ['python_setup_py']
[1.943s] Level 1:colcon.colcon_core.package_identification:_identify(.) by extension 'python_setup_py'
[1.943s] Level 1:colcon.colcon_core.package_identification:_identify(build) by extensions ['ignore', 'ignore_ament_install']
[1.943s] Level 1:colcon.colcon_core.package_identification:_identify(build) by extension 'ignore'
[1.943s] Level 1:colcon.colcon_core.package_identification:_identify(build) ignored
[1.944s] Level 1:colcon.colcon_core.package_identification:_identify(install) by extensions ['ignore', 'ignore_ament_install']
[1.944s] Level 1:colcon.colcon_core.package_identification:_identify(install) by extension 'ignore'
[1.944s] Level 1:colcon.colcon_core.package_identification:_identify(install) ignored
[1.944s] Level 1:colcon.colcon_core.package_identification:_identify(log) by extensions ['ignore', 'ignore_ament_install']
[1.944s] Level 1:colcon.colcon_core.package_identification:_identify(log) by extension 'ignore'
[1.944s] Level 1:colcon.colcon_core.package_identification:_identify(log) ignored
[1.944s] Level 1:colcon.colcon_core.package_identification:_identify(src) by extensions ['ignore', 'ignore_ament_install']
[1.944s] Level 1:colcon.colcon_core.package_identification:_identify(src) by extension 'ignore'
[1.944s] Level 1:colcon.colcon_core.package_identification:_identify(src) by extension 'ignore_ament_install'
[1.944s] Level 1:colcon.colcon_core.package_identification:_identify(src) by extensions ['colcon_pkg']
[1.944s] Level 1:colcon.colcon_core.package_identification:_identify(src) by extension 'colcon_pkg'
[1.944s] Level 1:colcon.colcon_core.package_identification:_identify(src) by extensions ['colcon_meta']
[1.944s] Level 1:colcon.colcon_core.package_identification:_identify(src) by extension 'colcon_meta'
[1.944s] Level 1:colcon.colcon_core.package_identification:_identify(src) by extensions ['ros']
[1.944s] Level 1:colcon.colcon_core.package_identification:_identify(src) by extension 'ros'
[1.944s] Level 1:colcon.colcon_core.package_identification:_identify(src) by extensions ['cmake', 'python']
[1.945s] Level 1:colcon.colcon_core.package_identification:_identify(src) by extension 'cmake'
[1.945s] Level 1:colcon.colcon_core.package_identification:_identify(src) by extension 'python'
[1.945s] Level 1:colcon.colcon_core.package_identification:_identify(src) by extensions ['python_setup_py']
[1.945s] Level 1:colcon.colcon_core.package_identification:_identify(src) by extension 'python_setup_py'
[1.945s] Level 1:colcon.colcon_core.package_identification:_identify(src/minibot_network) by extensions ['ignore', 'ignore_ament_install']
[1.945s] Level 1:colcon.colcon_core.package_identification:_identify(src/minibot_network) by extension 'ignore'
[1.945s] Level 1:colcon.colcon_core.package_identification:_identify(src/minibot_network) by extension 'ignore_ament_install'
[1.945s] Level 1:colcon.colcon_core.package_identification:_identify(src/minibot_network) by extensions ['colcon_pkg']
[1.945s] Level 1:colcon.colcon_core.package_identification:_identify(src/minibot_network) by extension 'colcon_pkg'
[1.945s] Level 1:colcon.colcon_core.package_identification:_identify(src/minibot_network) by extensions ['colcon_meta']
[1.945s] Level 1:colcon.colcon_core.package_identification:_identify(src/minibot_network) by extension 'colcon_meta'
[1.945s] Level 1:colcon.colcon_core.package_identification:_identify(src/minibot_network) by extensions ['ros']
[1.945s] Level 1:colcon.colcon_core.package_identification:_identify(src/minibot_network) by extension 'ros'
[1.950s] DEBUG:colcon.colcon_core.package_identification:Package 'src/minibot_network' with type 'ros.ament_python' and name 'minibot_network'
[1.950s] Level 1:colcon.colcon_core.package_discovery:discover_packages(recursive) using defaults
[1.950s] Level 1:colcon.colcon_core.package_discovery:discover_packages(ignore) discover
[1.950s] Level 1:colcon.colcon_core.package_discovery:discover_packages(ignore) using defaults
[1.950s] Level 1:colcon.colcon_core.package_discovery:discover_packages(path) discover
[1.951s] Level 1:colcon.colcon_core.package_discovery:discover_packages(path) using defaults
[2.149s] Level 1:colcon.colcon_core.package_discovery:discover_packages(prefix_path) check parameters
[2.149s] Level 1:colcon.colcon_core.package_discovery:discover_packages(prefix_path) discover
[2.205s] DEBUG:colcon.colcon_installed_package_information.package_discovery:Found 406 installed packages in /opt/ros/humble
[2.207s] Level 1:colcon.colcon_core.package_discovery:discover_packages(prefix_path) using defaults
[2.363s] Level 5:colcon.colcon_core.verb:set package 'minibot_network' build argument 'cmake_args' from command line to 'None'
[2.363s] Level 5:colcon.colcon_core.verb:set package 'minibot_network' build argument 'cmake_target' from command line to 'None'
[2.363s] Level 5:colcon.colcon_core.verb:set package 'minibot_network' build argument 'cmake_target_skip_unavailable' from command line to 'False'
[2.363s] Level 5:colcon.colcon_core.verb:set package 'minibot_network' build argument 'cmake_clean_cache' from command line to 'False'
[2.363s] Level 5:colcon.colcon_core.verb:set package 'minibot_network' build argument 'cmake_clean_first' from command line to 'False'
[2.363s] Level 5:colcon.colcon_core.verb:set package 'minibot_network' build argument 'cmake_force_configure' from command line to 'False'
[2.363s] Level 5:colcon.colcon_core.verb:set package 'minibot_network' build argument 'ament_cmake_args' from command line to 'None'
[2.363s] Level 5:colcon.colcon_core.verb:set package 'minibot_network' build argument 'catkin_cmake_args' from command line to 'None'
[2.363s] Level 5:colcon.colcon_core.verb:set package 'minibot_network' build argument 'catkin_skip_building_tests' from command line to 'False'
[2.363s] DEBUG:colcon.colcon_core.verb:Building package 'minibot_network' with the following arguments: {'ament_cmake_args': None, 'build_base': '/home/jo/ros-repo-2/build/minibot_network', 'catkin_cmake_args': None, 'catkin_skip_building_tests': False, 'cmake_args': None, 'cmake_clean_cache': False, 'cmake_clean_first': False, 'cmake_force_configure': False, 'cmake_target': None, 'cmake_target_skip_unavailable': False, 'install_base': '/home/jo/ros-repo-2/install/minibot_network', 'merge_install': False, 'path': '/home/jo/ros-repo-2/src/minibot_network', 'symlink_install': False, 'test_result_base': None}
[2.389s] INFO:colcon.colcon_core.executor:Executing jobs using 'parallel' executor
[2.420s] DEBUG:colcon.colcon_parallel_executor.executor.parallel:run_until_complete
[2.420s] INFO:colcon.colcon_ros.task.ament_python.build:Building ROS package in '/home/jo/ros-repo-2/src/minibot_network' with build type 'ament_python'
[2.421s] Level 1:colcon.colcon_core.shell:create_environment_hook('minibot_network', 'ament_prefix_path')
[2.458s] INFO:colcon.colcon_core.plugin_system:Skipping extension 'colcon_core.shell.bat': Not used on non-Windows systems
[2.459s] INFO:colcon.colcon_core.shell:Creating environment hook '/home/jo/ros-repo-2/install/minibot_network/share/minibot_network/hook/ament_prefix_path.ps1'
[2.461s] INFO:colcon.colcon_core.shell:Creating environment descriptor '/home/jo/ros-repo-2/install/minibot_network/share/minibot_network/hook/ament_prefix_path.dsv'
[2.464s] INFO:colcon.colcon_core.shell:Creating environment hook '/home/jo/ros-repo-2/install/minibot_network/share/minibot_network/hook/ament_prefix_path.sh'
[2.500s] INFO:colcon.colcon_core.shell:Skip shell extension 'powershell' for command environment: Not usable outside of PowerShell
[2.502s] DEBUG:colcon.colcon_core.shell:Skip shell extension 'dsv' for command environment
[3.021s] INFO:colcon.colcon_core.task.python.build:Building Python package in '/home/jo/ros-repo-2/src/minibot_network'
[3.046s] INFO:colcon.colcon_core.shell:Skip shell extension 'powershell' for command environment: Not usable outside of PowerShell
[3.046s] DEBUG:colcon.colcon_core.shell:Skip shell extension 'dsv' for command environment
[3.746s] DEBUG:colcon.colcon_core.event_handler.log_command:Invoking command in '/home/jo/ros-repo-2/src/minibot_network': PYTHONPATH=/home/jo/ros-repo-2/build/minibot_network/prefix_override:/home/jo/ros-repo-2/install/minibot_network/lib/python3.10/site-packages:${PYTHONPATH} /usr/bin/python3 setup.py egg_info --egg-base ../../build/minibot_network build --build-base /home/jo/ros-repo-2/build/minibot_network/build install --record /home/jo/ros-repo-2/build/minibot_network/install.log --single-version-externally-managed
[4.254s] DEBUG:colcon.colcon_core.event_handler.log_command:Invoked command in '/home/jo/ros-repo-2/src/minibot_network' returned '0': PYTHONPATH=/home/jo/ros-repo-2/build/minibot_network/prefix_override:/home/jo/ros-repo-2/install/minibot_network/lib/python3.10/site-packages:${PYTHONPATH} /usr/bin/python3 setup.py egg_info --egg-base ../../build/minibot_network build --build-base /home/jo/ros-repo-2/build/minibot_network/build install --record /home/jo/ros-repo-2/build/minibot_network/install.log --single-version-externally-managed
[4.287s] Level 1:colcon.colcon_core.environment:checking '/home/jo/ros-repo-2/install/minibot_network' for CMake module files
[4.288s] Level 1:colcon.colcon_core.environment:checking '/home/jo/ros-repo-2/install/minibot_network' for CMake config files
[4.288s] Level 1:colcon.colcon_core.environment:checking '/home/jo/ros-repo-2/install/minibot_network/lib'
[4.289s] Level 1:colcon.colcon_core.environment:checking '/home/jo/ros-repo-2/install/minibot_network/bin'
[4.289s] Level 1:colcon.colcon_core.environment:checking '/home/jo/ros-repo-2/install/minibot_network/lib/pkgconfig/minibot_network.pc'
[4.289s] Level 1:colcon.colcon_core.environment:checking '/home/jo/ros-repo-2/install/minibot_network/lib/python3.10/site-packages'
[4.289s] Level 1:colcon.colcon_core.shell:create_environment_hook('minibot_network', 'pythonpath')
[4.318s] INFO:colcon.colcon_core.shell:Creating environment hook '/home/jo/ros-repo-2/install/minibot_network/share/minibot_network/hook/pythonpath.ps1'
[4.318s] INFO:colcon.colcon_core.shell:Creating environment descriptor '/home/jo/ros-repo-2/install/minibot_network/share/minibot_network/hook/pythonpath.dsv'
[4.318s] INFO:colcon.colcon_core.shell:Creating environment hook '/home/jo/ros-repo-2/install/minibot_network/share/minibot_network/hook/pythonpath.sh'
[4.319s] Level 1:colcon.colcon_core.environment:checking '/home/jo/ros-repo-2/install/minibot_network/bin'
[4.319s] Level 1:colcon.colcon_core.environment:create_environment_scripts_only(minibot_network)
[4.347s] INFO:colcon.colcon_core.shell:Creating package script '/home/jo/ros-repo-2/install/minibot_network/share/minibot_network/package.ps1'
[4.349s] INFO:colcon.colcon_core.shell:Creating package descriptor '/home/jo/ros-repo-2/install/minibot_network/share/minibot_network/package.dsv'
[4.349s] INFO:colcon.colcon_core.shell:Creating package script '/home/jo/ros-repo-2/install/minibot_network/share/minibot_network/package.sh'
[4.351s] INFO:colcon.colcon_core.shell:Creating package script '/home/jo/ros-repo-2/install/minibot_network/share/minibot_network/package.bash'
[4.351s] INFO:colcon.colcon_core.shell:Creating package script '/home/jo/ros-repo-2/install/minibot_network/share/minibot_network/package.zsh'
[4.352s] Level 1:colcon.colcon_core.environment:create_file_with_runtime_dependencies(/home/jo/ros-repo-2/install/minibot_network/share/colcon-core/packages/minibot_network)
[4.352s] DEBUG:colcon.colcon_parallel_executor.executor.parallel:closing loop
[4.353s] DEBUG:colcon.colcon_parallel_executor.executor.parallel:loop closed
[4.353s] DEBUG:colcon.colcon_parallel_executor.executor.parallel:run_until_complete finished with '0'
[4.353s] DEBUG:colcon.colcon_core.event_reactor:joining thread
[4.392s] INFO:colcon.colcon_core.plugin_system:Skipping extension 'colcon_notification.desktop_notification.terminal_notifier': Not used on non-Darwin systems
[4.392s] INFO:colcon.colcon_core.plugin_system:Skipping extension 'colcon_notification.desktop_notification.win32': Not used on non-Windows systems
[4.392s] INFO:colcon.colcon_notification.desktop_notification:Sending desktop notification using 'notify2'
[4.412s] DEBUG:colcon.colcon_core.event_reactor:joined thread
[4.440s] INFO:colcon.colcon_core.shell:Creating prefix script '/home/jo/ros-repo-2/install/local_setup.ps1'
[4.441s] INFO:colcon.colcon_core.shell:Creating prefix util module '/home/jo/ros-repo-2/install/_local_setup_util_ps1.py'
[4.442s] INFO:colcon.colcon_core.shell:Creating prefix chain script '/home/jo/ros-repo-2/install/setup.ps1'
[4.472s] INFO:colcon.colcon_core.shell:Creating prefix script '/home/jo/ros-repo-2/install/local_setup.sh'
[4.473s] INFO:colcon.colcon_core.shell:Creating prefix util module '/home/jo/ros-repo-2/install/_local_setup_util_sh.py'
[4.474s] INFO:colcon.colcon_core.shell:Creating prefix chain script '/home/jo/ros-repo-2/install/setup.sh'
[4.504s] INFO:colcon.colcon_core.shell:Creating prefix script '/home/jo/ros-repo-2/install/local_setup.bash'
[4.506s] INFO:colcon.colcon_core.shell:Creating prefix chain script '/home/jo/ros-repo-2/install/setup.bash'
[4.534s] INFO:colcon.colcon_core.shell:Creating prefix script '/home/jo/ros-repo-2/install/local_setup.zsh'
[4.535s] INFO:colcon.colcon_core.shell:Creating prefix chain script '/home/jo/ros-repo-2/install/setup.zsh'
