[1.230s] DEBUG:colcon:Command line arguments: ['/usr/bin/colcon', 'build', '--packages-select', 'my_minibot_aruco_package']
[1.230s] DEBUG:colcon:Parsed command line arguments: Namespace(log_base=None, log_level=None, verb_name='build', build_base='build', install_base='install', merge_install=False, symlink_install=False, test_result_base=None, continue_on_error=False, executor='parallel', parallel_workers=12, event_handlers=None, ignore_user_meta=False, metas=['./colcon.meta'], base_paths=['.'], packages_ignore=None, packages_ignore_regex=None, paths=None, packages_up_to=None, packages_up_to_regex=None, packages_above=None, packages_above_and_dependencies=None, packages_above_depth=None, packages_select_by_dep=None, packages_skip_by_dep=None, packages_skip_up_to=None, packages_select_build_failed=False, packages_skip_build_finished=False, packages_select_test_failures=False, packages_skip_test_passed=False, packages_select=['my_minibot_aruco_package'], packages_skip=None, packages_select_regex=None, packages_skip_regex=None, packages_start=None, packages_end=None, allow_overriding=[], cmake_args=None, cmake_target=None, cmake_target_skip_unavailable=False, cmake_clean_cache=False, cmake_clean_first=False, cmake_force_configure=False, ament_cmake_args=None, catkin_cmake_args=None, catkin_skip_building_tests=False, verb_parser=<colcon_defaults.argument_parser.defaults.DefaultArgumentsDecorator object at 0x7f3dd3a9e020>, verb_extension=<colcon_core.verb.build.BuildVerb object at 0x7f3dd3d7af80>, main=<bound method BuildVerb.main of <colcon_core.verb.build.BuildVerb object at 0x7f3dd3d7af80>>)
[1.282s] Level 1:colcon.colcon_core.package_discovery:discover_packages(colcon_meta) check parameters
[1.282s] Level 1:colcon.colcon_core.package_discovery:discover_packages(recursive) check parameters
[1.282s] Level 1:colcon.colcon_core.package_discovery:discover_packages(ignore) check parameters
[1.282s] Level 1:colcon.colcon_core.package_discovery:discover_packages(path) check parameters
[1.282s] Level 1:colcon.colcon_core.package_discovery:discover_packages(colcon_meta) discover
[1.282s] Level 1:colcon.colcon_core.package_discovery:discover_packages(recursive) discover
[1.282s] INFO:colcon.colcon_core.package_discovery:Crawling recursively for packages in '/home/kang/minibot_aruco/src/my_minibot_aruco_package'
[1.282s] Level 1:colcon.colcon_core.package_identification:_identify(.) by extensions ['ignore', 'ignore_ament_install']
[1.282s] Level 1:colcon.colcon_core.package_identification:_identify(.) by extension 'ignore'
[1.282s] Level 1:colcon.colcon_core.package_identification:_identify(.) by extension 'ignore_ament_install'
[1.282s] Level 1:colcon.colcon_core.package_identification:_identify(.) by extensions ['colcon_pkg']
[1.282s] Level 1:colcon.colcon_core.package_identification:_identify(.) by extension 'colcon_pkg'
[1.282s] Level 1:colcon.colcon_core.package_identification:_identify(.) by extensions ['colcon_meta']
[1.282s] Level 1:colcon.colcon_core.package_identification:_identify(.) by extension 'colcon_meta'
[1.282s] Level 1:colcon.colcon_core.package_identification:_identify(.) by extensions ['ros']
[1.282s] Level 1:colcon.colcon_core.package_identification:_identify(.) by extension 'ros'
[1.299s] DEBUG:colcon.colcon_core.package_identification:Package '.' with type 'ros.ament_python' and name 'my_minibot_aruco_package'
[1.299s] Level 1:colcon.colcon_core.package_discovery:discover_packages(recursive) using defaults
[1.299s] Level 1:colcon.colcon_core.package_discovery:discover_packages(ignore) discover
[1.299s] Level 1:colcon.colcon_core.package_discovery:discover_packages(ignore) using defaults
[1.299s] Level 1:colcon.colcon_core.package_discovery:discover_packages(path) discover
[1.299s] Level 1:colcon.colcon_core.package_discovery:discover_packages(path) using defaults
[1.406s] Level 1:colcon.colcon_core.package_discovery:discover_packages(prefix_path) check parameters
[1.406s] Level 1:colcon.colcon_core.package_discovery:discover_packages(prefix_path) discover
[1.444s] DEBUG:colcon.colcon_installed_package_information.package_discovery:Found 1 installed packages in /home/kang/minibot_aruco/src/my_minibot_aruco_package/install
[1.463s] DEBUG:colcon.colcon_installed_package_information.package_discovery:Found 3 installed packages in /home/kang/minibot_aruco/install
[1.482s] DEBUG:colcon.colcon_installed_package_information.package_discovery:Found 2 installed packages in /home/kang/ros2_study/install
[1.501s] DEBUG:colcon.colcon_installed_package_information.package_discovery:Found 408 installed packages in /opt/ros/humble
[1.503s] Level 1:colcon.colcon_core.package_discovery:discover_packages(prefix_path) using defaults
[1.604s] Level 5:colcon.colcon_core.verb:set package 'my_minibot_aruco_package' build argument 'cmake_args' from command line to 'None'
[1.604s] Level 5:colcon.colcon_core.verb:set package 'my_minibot_aruco_package' build argument 'cmake_target' from command line to 'None'
[1.604s] Level 5:colcon.colcon_core.verb:set package 'my_minibot_aruco_package' build argument 'cmake_target_skip_unavailable' from command line to 'False'
[1.604s] Level 5:colcon.colcon_core.verb:set package 'my_minibot_aruco_package' build argument 'cmake_clean_cache' from command line to 'False'
[1.604s] Level 5:colcon.colcon_core.verb:set package 'my_minibot_aruco_package' build argument 'cmake_clean_first' from command line to 'False'
[1.604s] Level 5:colcon.colcon_core.verb:set package 'my_minibot_aruco_package' build argument 'cmake_force_configure' from command line to 'False'
[1.604s] Level 5:colcon.colcon_core.verb:set package 'my_minibot_aruco_package' build argument 'ament_cmake_args' from command line to 'None'
[1.604s] Level 5:colcon.colcon_core.verb:set package 'my_minibot_aruco_package' build argument 'catkin_cmake_args' from command line to 'None'
[1.604s] Level 5:colcon.colcon_core.verb:set package 'my_minibot_aruco_package' build argument 'catkin_skip_building_tests' from command line to 'False'
[1.604s] DEBUG:colcon.colcon_core.verb:Building package 'my_minibot_aruco_package' with the following arguments: {'ament_cmake_args': None, 'build_base': '/home/kang/minibot_aruco/src/my_minibot_aruco_package/build/my_minibot_aruco_package', 'catkin_cmake_args': None, 'catkin_skip_building_tests': False, 'cmake_args': None, 'cmake_clean_cache': False, 'cmake_clean_first': False, 'cmake_force_configure': False, 'cmake_target': None, 'cmake_target_skip_unavailable': False, 'install_base': '/home/kang/minibot_aruco/src/my_minibot_aruco_package/install/my_minibot_aruco_package', 'merge_install': False, 'path': '/home/kang/minibot_aruco/src/my_minibot_aruco_package', 'symlink_install': False, 'test_result_base': None}
[1.622s] INFO:colcon.colcon_core.executor:Executing jobs using 'parallel' executor
[1.641s] DEBUG:colcon.colcon_parallel_executor.executor.parallel:run_until_complete
[1.641s] INFO:colcon.colcon_ros.task.ament_python.build:Building ROS package in '/home/kang/minibot_aruco/src/my_minibot_aruco_package' with build type 'ament_python'
[1.642s] Level 1:colcon.colcon_core.shell:create_environment_hook('my_minibot_aruco_package', 'ament_prefix_path')
[1.663s] INFO:colcon.colcon_core.plugin_system:Skipping extension 'colcon_core.shell.bat': Not used on non-Windows systems
[1.663s] INFO:colcon.colcon_core.shell:Creating environment hook '/home/kang/minibot_aruco/src/my_minibot_aruco_package/install/my_minibot_aruco_package/share/my_minibot_aruco_package/hook/ament_prefix_path.ps1'
[1.663s] INFO:colcon.colcon_core.shell:Creating environment descriptor '/home/kang/minibot_aruco/src/my_minibot_aruco_package/install/my_minibot_aruco_package/share/my_minibot_aruco_package/hook/ament_prefix_path.dsv'
[1.664s] INFO:colcon.colcon_core.shell:Creating environment hook '/home/kang/minibot_aruco/src/my_minibot_aruco_package/install/my_minibot_aruco_package/share/my_minibot_aruco_package/hook/ament_prefix_path.sh'
[1.683s] INFO:colcon.colcon_core.shell:Skip shell extension 'powershell' for command environment: Not usable outside of PowerShell
[1.683s] DEBUG:colcon.colcon_core.shell:Skip shell extension 'dsv' for command environment
[2.061s] INFO:colcon.colcon_core.task.python.build:Building Python package in '/home/kang/minibot_aruco/src/my_minibot_aruco_package'
[2.079s] INFO:colcon.colcon_core.shell:Skip shell extension 'powershell' for command environment: Not usable outside of PowerShell
[2.079s] DEBUG:colcon.colcon_core.shell:Skip shell extension 'dsv' for command environment
[2.527s] DEBUG:colcon.colcon_core.event_handler.log_command:Invoking command in '/home/kang/minibot_aruco/src/my_minibot_aruco_package': PS1=\[\e]0;\u@\h: \w\a\]${debian_chroot:+($debian_chroot)}\[\033[01;32m\]\u@\h\[\033[00m\]:\[\033[01;34m\]\w\[\033[00m\]\$ PYTHONPATH=/home/kang/minibot_aruco/src/my_minibot_aruco_package/build/my_minibot_aruco_package/prefix_override:/home/kang/minibot_aruco/src/my_minibot_aruco_package/install/my_minibot_aruco_package/lib/python3.10/site-packages:${PYTHONPATH} /usr/bin/python3 setup.py egg_info --egg-base build/my_minibot_aruco_package build --build-base /home/kang/minibot_aruco/src/my_minibot_aruco_package/build/my_minibot_aruco_package/build install --record /home/kang/minibot_aruco/src/my_minibot_aruco_package/build/my_minibot_aruco_package/install.log --single-version-externally-managed
[2.830s] DEBUG:colcon.colcon_core.event_handler.log_command:Invoked command in '/home/kang/minibot_aruco/src/my_minibot_aruco_package' returned '0': PS1=\[\e]0;\u@\h: \w\a\]${debian_chroot:+($debian_chroot)}\[\033[01;32m\]\u@\h\[\033[00m\]:\[\033[01;34m\]\w\[\033[00m\]\$ PYTHONPATH=/home/kang/minibot_aruco/src/my_minibot_aruco_package/build/my_minibot_aruco_package/prefix_override:/home/kang/minibot_aruco/src/my_minibot_aruco_package/install/my_minibot_aruco_package/lib/python3.10/site-packages:${PYTHONPATH} /usr/bin/python3 setup.py egg_info --egg-base build/my_minibot_aruco_package build --build-base /home/kang/minibot_aruco/src/my_minibot_aruco_package/build/my_minibot_aruco_package/build install --record /home/kang/minibot_aruco/src/my_minibot_aruco_package/build/my_minibot_aruco_package/install.log --single-version-externally-managed
[2.851s] Level 1:colcon.colcon_core.environment:checking '/home/kang/minibot_aruco/src/my_minibot_aruco_package/install/my_minibot_aruco_package' for CMake module files
[2.851s] Level 1:colcon.colcon_core.environment:checking '/home/kang/minibot_aruco/src/my_minibot_aruco_package/install/my_minibot_aruco_package' for CMake config files
[2.852s] Level 1:colcon.colcon_core.environment:checking '/home/kang/minibot_aruco/src/my_minibot_aruco_package/install/my_minibot_aruco_package/lib'
[2.852s] Level 1:colcon.colcon_core.environment:checking '/home/kang/minibot_aruco/src/my_minibot_aruco_package/install/my_minibot_aruco_package/bin'
[2.852s] Level 1:colcon.colcon_core.environment:checking '/home/kang/minibot_aruco/src/my_minibot_aruco_package/install/my_minibot_aruco_package/lib/pkgconfig/my_minibot_aruco_package.pc'
[2.852s] Level 1:colcon.colcon_core.environment:checking '/home/kang/minibot_aruco/src/my_minibot_aruco_package/install/my_minibot_aruco_package/lib/python3.10/site-packages'
[2.852s] Level 1:colcon.colcon_core.shell:create_environment_hook('my_minibot_aruco_package', 'pythonpath')
[2.871s] INFO:colcon.colcon_core.shell:Creating environment hook '/home/kang/minibot_aruco/src/my_minibot_aruco_package/install/my_minibot_aruco_package/share/my_minibot_aruco_package/hook/pythonpath.ps1'
[2.871s] INFO:colcon.colcon_core.shell:Creating environment descriptor '/home/kang/minibot_aruco/src/my_minibot_aruco_package/install/my_minibot_aruco_package/share/my_minibot_aruco_package/hook/pythonpath.dsv'
[2.871s] INFO:colcon.colcon_core.shell:Creating environment hook '/home/kang/minibot_aruco/src/my_minibot_aruco_package/install/my_minibot_aruco_package/share/my_minibot_aruco_package/hook/pythonpath.sh'
[2.872s] Level 1:colcon.colcon_core.environment:checking '/home/kang/minibot_aruco/src/my_minibot_aruco_package/install/my_minibot_aruco_package/bin'
[2.872s] Level 1:colcon.colcon_core.environment:create_environment_scripts_only(my_minibot_aruco_package)
[2.891s] INFO:colcon.colcon_core.shell:Creating package script '/home/kang/minibot_aruco/src/my_minibot_aruco_package/install/my_minibot_aruco_package/share/my_minibot_aruco_package/package.ps1'
[2.892s] INFO:colcon.colcon_core.shell:Creating package descriptor '/home/kang/minibot_aruco/src/my_minibot_aruco_package/install/my_minibot_aruco_package/share/my_minibot_aruco_package/package.dsv'
[2.892s] INFO:colcon.colcon_core.shell:Creating package script '/home/kang/minibot_aruco/src/my_minibot_aruco_package/install/my_minibot_aruco_package/share/my_minibot_aruco_package/package.sh'
[2.893s] INFO:colcon.colcon_core.shell:Creating package script '/home/kang/minibot_aruco/src/my_minibot_aruco_package/install/my_minibot_aruco_package/share/my_minibot_aruco_package/package.bash'
[2.893s] INFO:colcon.colcon_core.shell:Creating package script '/home/kang/minibot_aruco/src/my_minibot_aruco_package/install/my_minibot_aruco_package/share/my_minibot_aruco_package/package.zsh'
[2.893s] Level 1:colcon.colcon_core.environment:create_file_with_runtime_dependencies(/home/kang/minibot_aruco/src/my_minibot_aruco_package/install/my_minibot_aruco_package/share/colcon-core/packages/my_minibot_aruco_package)
[2.894s] DEBUG:colcon.colcon_parallel_executor.executor.parallel:closing loop
[2.894s] DEBUG:colcon.colcon_parallel_executor.executor.parallel:loop closed
[2.894s] DEBUG:colcon.colcon_parallel_executor.executor.parallel:run_until_complete finished with '0'
[2.894s] DEBUG:colcon.colcon_core.event_reactor:joining thread
[2.917s] INFO:colcon.colcon_core.plugin_system:Skipping extension 'colcon_notification.desktop_notification.terminal_notifier': Not used on non-Darwin systems
[2.918s] INFO:colcon.colcon_core.plugin_system:Skipping extension 'colcon_notification.desktop_notification.win32': Not used on non-Windows systems
[2.918s] INFO:colcon.colcon_notification.desktop_notification:Sending desktop notification using 'notify2'
[2.926s] DEBUG:colcon.colcon_core.event_reactor:joined thread
[2.946s] INFO:colcon.colcon_core.shell:Creating prefix script '/home/kang/minibot_aruco/src/my_minibot_aruco_package/install/local_setup.ps1'
[2.947s] INFO:colcon.colcon_core.shell:Creating prefix util module '/home/kang/minibot_aruco/src/my_minibot_aruco_package/install/_local_setup_util_ps1.py'
[2.948s] INFO:colcon.colcon_core.shell:Creating prefix chain script '/home/kang/minibot_aruco/src/my_minibot_aruco_package/install/setup.ps1'
[2.969s] INFO:colcon.colcon_core.shell:Creating prefix script '/home/kang/minibot_aruco/src/my_minibot_aruco_package/install/local_setup.sh'
[2.970s] INFO:colcon.colcon_core.shell:Creating prefix util module '/home/kang/minibot_aruco/src/my_minibot_aruco_package/install/_local_setup_util_sh.py'
[2.970s] INFO:colcon.colcon_core.shell:Creating prefix chain script '/home/kang/minibot_aruco/src/my_minibot_aruco_package/install/setup.sh'
[2.989s] INFO:colcon.colcon_core.shell:Creating prefix script '/home/kang/minibot_aruco/src/my_minibot_aruco_package/install/local_setup.bash'
[2.989s] INFO:colcon.colcon_core.shell:Creating prefix chain script '/home/kang/minibot_aruco/src/my_minibot_aruco_package/install/setup.bash'
[3.009s] INFO:colcon.colcon_core.shell:Creating prefix script '/home/kang/minibot_aruco/src/my_minibot_aruco_package/install/local_setup.zsh'
[3.009s] INFO:colcon.colcon_core.shell:Creating prefix chain script '/home/kang/minibot_aruco/src/my_minibot_aruco_package/install/setup.zsh'
