[0.075s] Invoking command in '/home/jo/final_commit/build/communication_msgs': CMAKE_PREFIX_PATH=${CMAKE_PREFIX_PATH}:/home/jo/final_commit/install/communication:/opt/ros/humble /usr/bin/cmake --build /home/jo/final_commit/build/communication_msgs -- -j12 -l12
[0.088s] [33mCMake Warning (dev) at CMakeLists.txt:17:
[0.088s]   Syntax Warning in cmake code at column 20
[0.088s] 
[0.088s]   Argument not separated from preceding token by whitespace.
[0.088s] This warning is for project developers.  Use -Wno-dev to suppress it.
[0.088s] [0m
[0.091s] -- Found ament_cmake: 1.3.6 (/opt/ros/humble/share/ament_cmake/cmake)
[0.197s] -- Found rosidl_default_generators: 1.2.0 (/opt/ros/humble/share/rosidl_default_generators/cmake)
[0.200s] -- Using all available rosidl_typesupport_c: rosidl_typesupport_fastrtps_c;rosidl_typesupport_introspection_c
[0.207s] -- Found rosidl_adapter: 3.1.5 (/opt/ros/humble/share/rosidl_adapter/cmake)
[0.251s] -- Using all available rosidl_typesupport_cpp: rosidl_typesupport_fastrtps_cpp;rosidl_typesupport_introspection_cpp
[0.293s] [31mCMake Error at /opt/ros/humble/share/rosidl_cmake/cmake/rosidl_generate_interfaces.cmake:93 (message):
[0.294s]   rosidl_generate_interfaces() the passed file ',' doesn't exist relative to
[0.294s]   the CMAKE_CURRENT_SOURCE_DIR '/home/jo/final_commit/src/communication_msgs'
[0.294s] Call Stack (most recent call first):
[0.294s]   CMakeLists.txt:15 (rosidl_generate_interfaces)
[0.294s] 
[0.294s] [0m
[0.294s] -- Configuring incomplete, errors occurred!
[0.294s] See also "/home/jo/final_commit/build/communication_msgs/CMakeFiles/CMakeOutput.log".
[0.303s] gmake: *** [Makefile:226: cmake_check_build_system] Error 1
[0.305s] Invoked command in '/home/jo/final_commit/build/communication_msgs' returned '2': CMAKE_PREFIX_PATH=${CMAKE_PREFIX_PATH}:/home/jo/final_commit/install/communication:/opt/ros/humble /usr/bin/cmake --build /home/jo/final_commit/build/communication_msgs -- -j12 -l12
