running egg_info
writing ../../build/minibot_network/minibot_network.egg-info/PKG-INFO
writing dependency_links to ../../build/minibot_network/minibot_network.egg-info/dependency_links.txt
writing entry points to ../../build/minibot_network/minibot_network.egg-info/entry_points.txt
writing requirements to ../../build/minibot_network/minibot_network.egg-info/requires.txt
writing top-level names to ../../build/minibot_network/minibot_network.egg-info/top_level.txt
reading manifest file '../../build/minibot_network/minibot_network.egg-info/SOURCES.txt'
writing manifest file '../../build/minibot_network/minibot_network.egg-info/SOURCES.txt'
running build
running build_py
running install
running install_lib
running install_data
running install_egg_info
removing '/home/jo/final_commit/install/minibot_network/lib/python3.10/site-packages/minibot_network-0.0.0-py3.10.egg-info' (and everything under it)
Copying ../../build/minibot_network/minibot_network.egg-info to /home/jo/final_commit/install/minibot_network/lib/python3.10/site-packages/minibot_network-0.0.0-py3.10.egg-info
running install_scripts
Installing client script to /home/jo/final_commit/install/minibot_network/lib/minibot_network
Installing server script to /home/jo/final_commit/install/minibot_network/lib/minibot_network
writing list of installed files to '/home/jo/final_commit/build/minibot_network/install.log'
