[1.014s] DEBUG:colcon:Command line arguments: ['/usr/bin/colcon', 'build']
[1.014s] DEBUG:colcon:Parsed command line arguments: Namespace(log_base=None, log_level=None, verb_name='build', build_base='build', install_base='install', merge_install=False, symlink_install=False, test_result_base=None, continue_on_error=False, executor='parallel', parallel_workers=12, event_handlers=None, ignore_user_meta=False, metas=['./colcon.meta'], base_paths=['.'], packages_ignore=None, packages_ignore_regex=None, paths=None, packages_up_to=None, packages_up_to_regex=None, packages_above=None, packages_above_and_dependencies=None, packages_above_depth=None, packages_select_by_dep=None, packages_skip_by_dep=None, packages_skip_up_to=None, packages_select_build_failed=False, packages_skip_build_finished=False, packages_select_test_failures=False, packages_skip_test_passed=False, packages_select=None, packages_skip=None, packages_select_regex=None, packages_skip_regex=None, packages_start=None, packages_end=None, allow_overriding=[], cmake_args=None, cmake_target=None, cmake_target_skip_unavailable=False, cmake_clean_cache=False, cmake_clean_first=False, cmake_force_configure=False, ament_cmake_args=None, catkin_cmake_args=None, catkin_skip_building_tests=False, verb_parser=<colcon_defaults.argument_parser.defaults.DefaultArgumentsDecorator object at 0x7f644fc3dfc0>, verb_extension=<colcon_core.verb.build.BuildVerb object at 0x7f64501e51e0>, main=<bound method BuildVerb.main of <colcon_core.verb.build.BuildVerb object at 0x7f64501e51e0>>)
[1.057s] Level 1:colcon.colcon_core.package_discovery:discover_packages(colcon_meta) check parameters
[1.057s] Level 1:colcon.colcon_core.package_discovery:discover_packages(recursive) check parameters
[1.057s] Level 1:colcon.colcon_core.package_discovery:discover_packages(ignore) check parameters
[1.057s] Level 1:colcon.colcon_core.package_discovery:discover_packages(path) check parameters
[1.057s] Level 1:colcon.colcon_core.package_discovery:discover_packages(colcon_meta) discover
[1.057s] Level 1:colcon.colcon_core.package_discovery:discover_packages(recursive) discover
[1.058s] INFO:colcon.colcon_core.package_discovery:Crawling recursively for packages in '/home/jo/final_commit'
[1.058s] Level 1:colcon.colcon_core.package_identification:_identify(.) by extensions ['ignore', 'ignore_ament_install']
[1.058s] Level 1:colcon.colcon_core.package_identification:_identify(.) by extension 'ignore'
[1.058s] Level 1:colcon.colcon_core.package_identification:_identify(.) by extension 'ignore_ament_install'
[1.058s] Level 1:colcon.colcon_core.package_identification:_identify(.) by extensions ['colcon_pkg']
[1.058s] Level 1:colcon.colcon_core.package_identification:_identify(.) by extension 'colcon_pkg'
[1.058s] Level 1:colcon.colcon_core.package_identification:_identify(.) by extensions ['colcon_meta']
[1.058s] Level 1:colcon.colcon_core.package_identification:_identify(.) by extension 'colcon_meta'
[1.058s] Level 1:colcon.colcon_core.package_identification:_identify(.) by extensions ['ros']
[1.058s] Level 1:colcon.colcon_core.package_identification:_identify(.) by extension 'ros'
[1.066s] Level 1:colcon.colcon_core.package_identification:_identify(.) by extensions ['cmake', 'python']
[1.066s] Level 1:colcon.colcon_core.package_identification:_identify(.) by extension 'cmake'
[1.066s] Level 1:colcon.colcon_core.package_identification:_identify(.) by extension 'python'
[1.066s] Level 1:colcon.colcon_core.package_identification:_identify(.) by extensions ['python_setup_py']
[1.066s] Level 1:colcon.colcon_core.package_identification:_identify(.) by extension 'python_setup_py'
[1.066s] Level 1:colcon.colcon_core.package_identification:_identify(build) by extensions ['ignore', 'ignore_ament_install']
[1.066s] Level 1:colcon.colcon_core.package_identification:_identify(build) by extension 'ignore'
[1.066s] Level 1:colcon.colcon_core.package_identification:_identify(build) ignored
[1.066s] Level 1:colcon.colcon_core.package_identification:_identify(install) by extensions ['ignore', 'ignore_ament_install']
[1.066s] Level 1:colcon.colcon_core.package_identification:_identify(install) by extension 'ignore'
[1.066s] Level 1:colcon.colcon_core.package_identification:_identify(install) ignored
[1.066s] Level 1:colcon.colcon_core.package_identification:_identify(log) by extensions ['ignore', 'ignore_ament_install']
[1.067s] Level 1:colcon.colcon_core.package_identification:_identify(log) by extension 'ignore'
[1.067s] Level 1:colcon.colcon_core.package_identification:_identify(log) ignored
[1.067s] Level 1:colcon.colcon_core.package_identification:_identify(src) by extensions ['ignore', 'ignore_ament_install']
[1.067s] Level 1:colcon.colcon_core.package_identification:_identify(src) by extension 'ignore'
[1.067s] Level 1:colcon.colcon_core.package_identification:_identify(src) by extension 'ignore_ament_install'
[1.067s] Level 1:colcon.colcon_core.package_identification:_identify(src) by extensions ['colcon_pkg']
[1.067s] Level 1:colcon.colcon_core.package_identification:_identify(src) by extension 'colcon_pkg'
[1.067s] Level 1:colcon.colcon_core.package_identification:_identify(src) by extensions ['colcon_meta']
[1.067s] Level 1:colcon.colcon_core.package_identification:_identify(src) by extension 'colcon_meta'
[1.067s] Level 1:colcon.colcon_core.package_identification:_identify(src) by extensions ['ros']
[1.067s] Level 1:colcon.colcon_core.package_identification:_identify(src) by extension 'ros'
[1.067s] Level 1:colcon.colcon_core.package_identification:_identify(src) by extensions ['cmake', 'python']
[1.067s] Level 1:colcon.colcon_core.package_identification:_identify(src) by extension 'cmake'
[1.067s] Level 1:colcon.colcon_core.package_identification:_identify(src) by extension 'python'
[1.067s] Level 1:colcon.colcon_core.package_identification:_identify(src) by extensions ['python_setup_py']
[1.067s] Level 1:colcon.colcon_core.package_identification:_identify(src) by extension 'python_setup_py'
[1.067s] Level 1:colcon.colcon_core.package_identification:_identify(src/gui_package) by extensions ['ignore', 'ignore_ament_install']
[1.067s] Level 1:colcon.colcon_core.package_identification:_identify(src/gui_package) by extension 'ignore'
[1.067s] Level 1:colcon.colcon_core.package_identification:_identify(src/gui_package) by extension 'ignore_ament_install'
[1.068s] Level 1:colcon.colcon_core.package_identification:_identify(src/gui_package) by extensions ['colcon_pkg']
[1.068s] Level 1:colcon.colcon_core.package_identification:_identify(src/gui_package) by extension 'colcon_pkg'
[1.068s] Level 1:colcon.colcon_core.package_identification:_identify(src/gui_package) by extensions ['colcon_meta']
[1.068s] Level 1:colcon.colcon_core.package_identification:_identify(src/gui_package) by extension 'colcon_meta'
[1.068s] Level 1:colcon.colcon_core.package_identification:_identify(src/gui_package) by extensions ['ros']
[1.068s] Level 1:colcon.colcon_core.package_identification:_identify(src/gui_package) by extension 'ros'
[1.069s] DEBUG:colcon.colcon_core.package_identification:Package 'src/gui_package' with type 'ros.ament_python' and name 'gui_package'
[1.069s] Level 1:colcon.colcon_core.package_identification:_identify(src/minibot_network) by extensions ['ignore', 'ignore_ament_install']
[1.069s] Level 1:colcon.colcon_core.package_identification:_identify(src/minibot_network) by extension 'ignore'
[1.069s] Level 1:colcon.colcon_core.package_identification:_identify(src/minibot_network) by extension 'ignore_ament_install'
[1.070s] Level 1:colcon.colcon_core.package_identification:_identify(src/minibot_network) by extensions ['colcon_pkg']
[1.070s] Level 1:colcon.colcon_core.package_identification:_identify(src/minibot_network) by extension 'colcon_pkg'
[1.070s] Level 1:colcon.colcon_core.package_identification:_identify(src/minibot_network) by extensions ['colcon_meta']
[1.070s] Level 1:colcon.colcon_core.package_identification:_identify(src/minibot_network) by extension 'colcon_meta'
[1.070s] Level 1:colcon.colcon_core.package_identification:_identify(src/minibot_network) by extensions ['ros']
[1.070s] Level 1:colcon.colcon_core.package_identification:_identify(src/minibot_network) by extension 'ros'
[1.070s] DEBUG:colcon.colcon_core.package_identification:Failed to parse potential ROS package manifest in'src/minibot_network': Error(s) in package 'src/minibot_network/package.xml':
The manifest contains invalid XML:
mismatched tag: line 21, column 2
[1.070s] Level 1:colcon.colcon_core.package_identification:_identify(src/minibot_network) by extensions ['cmake', 'python']
[1.070s] Level 1:colcon.colcon_core.package_identification:_identify(src/minibot_network) by extension 'cmake'
[1.070s] Level 1:colcon.colcon_core.package_identification:_identify(src/minibot_network) by extension 'python'
[1.070s] DEBUG:colcon.colcon_core.package_identification:Python package in 'src/minibot_network' passes arguments to the setup() function which requires a different identification extension than 'python'
[1.070s] Level 1:colcon.colcon_core.package_identification:_identify(src/minibot_network) by extensions ['python_setup_py']
[1.070s] Level 1:colcon.colcon_core.package_identification:_identify(src/minibot_network) by extension 'python_setup_py'
[1.282s] DEBUG:colcon.colcon_core.package_identification:Package 'src/minibot_network' with type 'python' and name 'minibot_network'
[1.283s] Level 1:colcon.colcon_core.package_discovery:discover_packages(recursive) using defaults
[1.283s] Level 1:colcon.colcon_core.package_discovery:discover_packages(ignore) discover
[1.283s] Level 1:colcon.colcon_core.package_discovery:discover_packages(ignore) using defaults
[1.283s] Level 1:colcon.colcon_core.package_discovery:discover_packages(path) discover
[1.283s] Level 1:colcon.colcon_core.package_discovery:discover_packages(path) using defaults
[1.381s] Level 1:colcon.colcon_core.package_discovery:discover_packages(prefix_path) check parameters
[1.381s] Level 1:colcon.colcon_core.package_discovery:discover_packages(prefix_path) discover
[1.413s] DEBUG:colcon.colcon_installed_package_information.package_discovery:Found 2 installed packages in /home/jo/final_commit/install
[1.429s] DEBUG:colcon.colcon_installed_package_information.package_discovery:Found 406 installed packages in /opt/ros/humble
[1.431s] Level 1:colcon.colcon_core.package_discovery:discover_packages(prefix_path) using defaults
[1.522s] Level 5:colcon.colcon_core.verb:set package 'gui_package' build argument 'cmake_args' from command line to 'None'
[1.522s] Level 5:colcon.colcon_core.verb:set package 'gui_package' build argument 'cmake_target' from command line to 'None'
[1.522s] Level 5:colcon.colcon_core.verb:set package 'gui_package' build argument 'cmake_target_skip_unavailable' from command line to 'False'
[1.522s] Level 5:colcon.colcon_core.verb:set package 'gui_package' build argument 'cmake_clean_cache' from command line to 'False'
[1.522s] Level 5:colcon.colcon_core.verb:set package 'gui_package' build argument 'cmake_clean_first' from command line to 'False'
[1.522s] Level 5:colcon.colcon_core.verb:set package 'gui_package' build argument 'cmake_force_configure' from command line to 'False'
[1.522s] Level 5:colcon.colcon_core.verb:set package 'gui_package' build argument 'ament_cmake_args' from command line to 'None'
[1.522s] Level 5:colcon.colcon_core.verb:set package 'gui_package' build argument 'catkin_cmake_args' from command line to 'None'
[1.522s] Level 5:colcon.colcon_core.verb:set package 'gui_package' build argument 'catkin_skip_building_tests' from command line to 'False'
[1.522s] DEBUG:colcon.colcon_core.verb:Building package 'gui_package' with the following arguments: {'ament_cmake_args': None, 'build_base': '/home/jo/final_commit/build/gui_package', 'catkin_cmake_args': None, 'catkin_skip_building_tests': False, 'cmake_args': None, 'cmake_clean_cache': False, 'cmake_clean_first': False, 'cmake_force_configure': False, 'cmake_target': None, 'cmake_target_skip_unavailable': False, 'install_base': '/home/jo/final_commit/install/gui_package', 'merge_install': False, 'path': '/home/jo/final_commit/src/gui_package', 'symlink_install': False, 'test_result_base': None}
[1.537s] Level 5:colcon.colcon_core.verb:set package 'minibot_network' build argument 'cmake_args' from command line to 'None'
[1.537s] Level 5:colcon.colcon_core.verb:set package 'minibot_network' build argument 'cmake_target' from command line to 'None'
[1.537s] Level 5:colcon.colcon_core.verb:set package 'minibot_network' build argument 'cmake_target_skip_unavailable' from command line to 'False'
[1.537s] Level 5:colcon.colcon_core.verb:set package 'minibot_network' build argument 'cmake_clean_cache' from command line to 'False'
[1.537s] Level 5:colcon.colcon_core.verb:set package 'minibot_network' build argument 'cmake_clean_first' from command line to 'False'
[1.537s] Level 5:colcon.colcon_core.verb:set package 'minibot_network' build argument 'cmake_force_configure' from command line to 'False'
[1.537s] Level 5:colcon.colcon_core.verb:set package 'minibot_network' build argument 'ament_cmake_args' from command line to 'None'
[1.537s] Level 5:colcon.colcon_core.verb:set package 'minibot_network' build argument 'catkin_cmake_args' from command line to 'None'
[1.538s] Level 5:colcon.colcon_core.verb:set package 'minibot_network' build argument 'catkin_skip_building_tests' from command line to 'False'
[1.538s] DEBUG:colcon.colcon_core.verb:Building package 'minibot_network' with the following arguments: {'ament_cmake_args': None, 'build_base': '/home/jo/final_commit/build/minibot_network', 'catkin_cmake_args': None, 'catkin_skip_building_tests': False, 'cmake_args': None, 'cmake_clean_cache': False, 'cmake_clean_first': False, 'cmake_force_configure': False, 'cmake_target': None, 'cmake_target_skip_unavailable': False, 'install_base': '/home/jo/final_commit/install/minibot_network', 'merge_install': False, 'path': '/home/jo/final_commit/src/minibot_network', 'symlink_install': False, 'test_result_base': None}
[1.553s] INFO:colcon.colcon_core.executor:Executing jobs using 'parallel' executor
[1.569s] DEBUG:colcon.colcon_parallel_executor.executor.parallel:run_until_complete
[1.570s] INFO:colcon.colcon_ros.task.ament_python.build:Building ROS package in '/home/jo/final_commit/src/gui_package' with build type 'ament_python'
[1.570s] Level 1:colcon.colcon_core.shell:create_environment_hook('gui_package', 'ament_prefix_path')
[1.587s] INFO:colcon.colcon_core.plugin_system:Skipping extension 'colcon_core.shell.bat': Not used on non-Windows systems
[1.587s] INFO:colcon.colcon_core.shell:Creating environment hook '/home/jo/final_commit/install/gui_package/share/gui_package/hook/ament_prefix_path.ps1'
[1.588s] INFO:colcon.colcon_core.shell:Creating environment descriptor '/home/jo/final_commit/install/gui_package/share/gui_package/hook/ament_prefix_path.dsv'
[1.588s] INFO:colcon.colcon_core.shell:Creating environment hook '/home/jo/final_commit/install/gui_package/share/gui_package/hook/ament_prefix_path.sh'
[1.610s] INFO:colcon.colcon_core.shell:Skip shell extension 'powershell' for command environment: Not usable outside of PowerShell
[1.610s] DEBUG:colcon.colcon_core.shell:Skip shell extension 'dsv' for command environment
[1.676s] INFO:colcon.colcon_core.task.python.build:Building Python package in '/home/jo/final_commit/src/minibot_network'
[1.699s] INFO:colcon.colcon_core.shell:Skip shell extension 'powershell' for command environment: Not usable outside of PowerShell
[1.700s] DEBUG:colcon.colcon_core.shell:Skip shell extension 'dsv' for command environment
[1.970s] INFO:colcon.colcon_core.task.python.build:Building Python package in '/home/jo/final_commit/src/gui_package'
[1.986s] INFO:colcon.colcon_core.shell:Skip shell extension 'powershell' for command environment: Not usable outside of PowerShell
[1.986s] DEBUG:colcon.colcon_core.shell:Skip shell extension 'dsv' for command environment
[2.549s] DEBUG:colcon.colcon_core.event_handler.log_command:Invoking command in '/home/jo/final_commit/src/minibot_network': PYTHONPATH=/home/jo/final_commit/build/minibot_network/prefix_override:/home/jo/final_commit/install/minibot_network/lib/python3.10/site-packages:${PYTHONPATH} /usr/bin/python3 setup.py egg_info --egg-base ../../build/minibot_network build --build-base /home/jo/final_commit/build/minibot_network/build install --record /home/jo/final_commit/build/minibot_network/install.log --single-version-externally-managed
[2.551s] DEBUG:colcon.colcon_core.event_handler.log_command:Invoking command in '/home/jo/final_commit/src/gui_package': PYTHONPATH=/home/jo/final_commit/build/gui_package/prefix_override:/home/jo/final_commit/install/gui_package/lib/python3.10/site-packages:${PYTHONPATH} /usr/bin/python3 setup.py egg_info --egg-base ../../build/gui_package build --build-base /home/jo/final_commit/build/gui_package/build install --record /home/jo/final_commit/build/gui_package/install.log --single-version-externally-managed
[2.804s] DEBUG:colcon.colcon_core.event_handler.log_command:Invoked command in '/home/jo/final_commit/src/minibot_network' returned '0': PYTHONPATH=/home/jo/final_commit/build/minibot_network/prefix_override:/home/jo/final_commit/install/minibot_network/lib/python3.10/site-packages:${PYTHONPATH} /usr/bin/python3 setup.py egg_info --egg-base ../../build/minibot_network build --build-base /home/jo/final_commit/build/minibot_network/build install --record /home/jo/final_commit/build/minibot_network/install.log --single-version-externally-managed
[2.822s] Level 1:colcon.colcon_core.environment:checking '/home/jo/final_commit/install/minibot_network' for CMake module files
[2.823s] Level 1:colcon.colcon_core.environment:checking '/home/jo/final_commit/install/minibot_network' for CMake config files
[2.823s] Level 1:colcon.colcon_core.environment:checking '/home/jo/final_commit/install/minibot_network/lib'
[2.823s] Level 1:colcon.colcon_core.environment:checking '/home/jo/final_commit/install/minibot_network/bin'
[2.823s] Level 1:colcon.colcon_core.environment:checking '/home/jo/final_commit/install/minibot_network/lib/pkgconfig/minibot_network.pc'
[2.823s] Level 1:colcon.colcon_core.environment:checking '/home/jo/final_commit/install/minibot_network/lib/python3.10/site-packages'
[2.824s] Level 1:colcon.colcon_core.shell:create_environment_hook('minibot_network', 'pythonpath')
[2.840s] INFO:colcon.colcon_core.shell:Creating environment hook '/home/jo/final_commit/install/minibot_network/share/minibot_network/hook/pythonpath.ps1'
[2.840s] INFO:colcon.colcon_core.shell:Creating environment descriptor '/home/jo/final_commit/install/minibot_network/share/minibot_network/hook/pythonpath.dsv'
[2.840s] INFO:colcon.colcon_core.shell:Creating environment hook '/home/jo/final_commit/install/minibot_network/share/minibot_network/hook/pythonpath.sh'
[2.841s] Level 1:colcon.colcon_core.environment:checking '/home/jo/final_commit/install/minibot_network/bin'
[2.841s] Level 1:colcon.colcon_core.environment:create_environment_scripts_only(minibot_network)
[2.857s] INFO:colcon.colcon_core.shell:Creating package script '/home/jo/final_commit/install/minibot_network/share/minibot_network/package.ps1'
[2.857s] INFO:colcon.colcon_core.shell:Creating package descriptor '/home/jo/final_commit/install/minibot_network/share/minibot_network/package.dsv'
[2.858s] INFO:colcon.colcon_core.shell:Creating package script '/home/jo/final_commit/install/minibot_network/share/minibot_network/package.sh'
[2.858s] INFO:colcon.colcon_core.shell:Creating package script '/home/jo/final_commit/install/minibot_network/share/minibot_network/package.bash'
[2.859s] INFO:colcon.colcon_core.shell:Creating package script '/home/jo/final_commit/install/minibot_network/share/minibot_network/package.zsh'
[2.859s] Level 1:colcon.colcon_core.environment:create_file_with_runtime_dependencies(/home/jo/final_commit/install/minibot_network/share/colcon-core/packages/minibot_network)
[2.861s] DEBUG:colcon.colcon_core.event_handler.log_command:Invoked command in '/home/jo/final_commit/src/gui_package' returned '0': PYTHONPATH=/home/jo/final_commit/build/gui_package/prefix_override:/home/jo/final_commit/install/gui_package/lib/python3.10/site-packages:${PYTHONPATH} /usr/bin/python3 setup.py egg_info --egg-base ../../build/gui_package build --build-base /home/jo/final_commit/build/gui_package/build install --record /home/jo/final_commit/build/gui_package/install.log --single-version-externally-managed
[2.877s] Level 1:colcon.colcon_core.environment:checking '/home/jo/final_commit/install/gui_package' for CMake module files
[2.877s] Level 1:colcon.colcon_core.environment:checking '/home/jo/final_commit/install/gui_package' for CMake config files
[2.877s] Level 1:colcon.colcon_core.environment:checking '/home/jo/final_commit/install/gui_package/lib'
[2.878s] Level 1:colcon.colcon_core.environment:checking '/home/jo/final_commit/install/gui_package/bin'
[2.878s] Level 1:colcon.colcon_core.environment:checking '/home/jo/final_commit/install/gui_package/lib/pkgconfig/gui_package.pc'
[2.878s] Level 1:colcon.colcon_core.environment:checking '/home/jo/final_commit/install/gui_package/lib/python3.10/site-packages'
[2.878s] Level 1:colcon.colcon_core.shell:create_environment_hook('gui_package', 'pythonpath')
[2.894s] INFO:colcon.colcon_core.shell:Creating environment hook '/home/jo/final_commit/install/gui_package/share/gui_package/hook/pythonpath.ps1'
[2.895s] INFO:colcon.colcon_core.shell:Creating environment descriptor '/home/jo/final_commit/install/gui_package/share/gui_package/hook/pythonpath.dsv'
[2.895s] INFO:colcon.colcon_core.shell:Creating environment hook '/home/jo/final_commit/install/gui_package/share/gui_package/hook/pythonpath.sh'
[2.895s] Level 1:colcon.colcon_core.environment:checking '/home/jo/final_commit/install/gui_package/bin'
[2.895s] Level 1:colcon.colcon_core.environment:create_environment_scripts_only(gui_package)
[2.911s] INFO:colcon.colcon_core.shell:Creating package script '/home/jo/final_commit/install/gui_package/share/gui_package/package.ps1'
[2.912s] INFO:colcon.colcon_core.shell:Creating package descriptor '/home/jo/final_commit/install/gui_package/share/gui_package/package.dsv'
[2.912s] INFO:colcon.colcon_core.shell:Creating package script '/home/jo/final_commit/install/gui_package/share/gui_package/package.sh'
[2.912s] INFO:colcon.colcon_core.shell:Creating package script '/home/jo/final_commit/install/gui_package/share/gui_package/package.bash'
[2.913s] INFO:colcon.colcon_core.shell:Creating package script '/home/jo/final_commit/install/gui_package/share/gui_package/package.zsh'
[2.913s] Level 1:colcon.colcon_core.environment:create_file_with_runtime_dependencies(/home/jo/final_commit/install/gui_package/share/colcon-core/packages/gui_package)
[2.913s] DEBUG:colcon.colcon_parallel_executor.executor.parallel:closing loop
[2.913s] DEBUG:colcon.colcon_parallel_executor.executor.parallel:loop closed
[2.913s] DEBUG:colcon.colcon_parallel_executor.executor.parallel:run_until_complete finished with '0'
[2.913s] DEBUG:colcon.colcon_core.event_reactor:joining thread
[2.934s] INFO:colcon.colcon_core.plugin_system:Skipping extension 'colcon_notification.desktop_notification.terminal_notifier': Not used on non-Darwin systems
[2.934s] INFO:colcon.colcon_core.plugin_system:Skipping extension 'colcon_notification.desktop_notification.win32': Not used on non-Windows systems
[2.934s] INFO:colcon.colcon_notification.desktop_notification:Sending desktop notification using 'notify2'
[2.942s] DEBUG:colcon.colcon_core.event_reactor:joined thread
[2.959s] INFO:colcon.colcon_core.shell:Creating prefix script '/home/jo/final_commit/install/local_setup.ps1'
[2.959s] INFO:colcon.colcon_core.shell:Creating prefix util module '/home/jo/final_commit/install/_local_setup_util_ps1.py'
[2.960s] INFO:colcon.colcon_core.shell:Creating prefix chain script '/home/jo/final_commit/install/setup.ps1'
[2.978s] INFO:colcon.colcon_core.shell:Creating prefix script '/home/jo/final_commit/install/local_setup.sh'
[2.978s] INFO:colcon.colcon_core.shell:Creating prefix util module '/home/jo/final_commit/install/_local_setup_util_sh.py'
[2.978s] INFO:colcon.colcon_core.shell:Creating prefix chain script '/home/jo/final_commit/install/setup.sh'
[2.995s] INFO:colcon.colcon_core.shell:Creating prefix script '/home/jo/final_commit/install/local_setup.bash'
[2.995s] INFO:colcon.colcon_core.shell:Creating prefix chain script '/home/jo/final_commit/install/setup.bash'
[3.012s] INFO:colcon.colcon_core.shell:Creating prefix script '/home/jo/final_commit/install/local_setup.zsh'
[3.012s] INFO:colcon.colcon_core.shell:Creating prefix chain script '/home/jo/final_commit/install/setup.zsh'
