[1.075s] DEBUG:colcon:Command line arguments: ['/usr/bin/colcon', 'build']
[1.075s] DEBUG:colcon:Parsed command line arguments: Namespace(log_base=None, log_level=None, verb_name='build', build_base='build', install_base='install', merge_install=False, symlink_install=False, test_result_base=None, continue_on_error=False, executor='parallel', parallel_workers=12, event_handlers=None, ignore_user_meta=False, metas=['./colcon.meta'], base_paths=['.'], packages_ignore=None, packages_ignore_regex=None, paths=None, packages_up_to=None, packages_up_to_regex=None, packages_above=None, packages_above_and_dependencies=None, packages_above_depth=None, packages_select_by_dep=None, packages_skip_by_dep=None, packages_skip_up_to=None, packages_select_build_failed=False, packages_skip_build_finished=False, packages_select_test_failures=False, packages_skip_test_passed=False, packages_select=None, packages_skip=None, packages_select_regex=None, packages_skip_regex=None, packages_start=None, packages_end=None, allow_overriding=[], cmake_args=None, cmake_target=None, cmake_target_skip_unavailable=False, cmake_clean_cache=False, cmake_clean_first=False, cmake_force_configure=False, ament_cmake_args=None, catkin_cmake_args=None, catkin_skip_building_tests=False, verb_parser=<colcon_defaults.argument_parser.defaults.DefaultArgumentsDecorator object at 0x7fe01d2724d0>, verb_extension=<colcon_core.verb.build.BuildVerb object at 0x7fe01d6cd2a0>, main=<bound method BuildVerb.main of <colcon_core.verb.build.BuildVerb object at 0x7fe01d6cd2a0>>)
[1.118s] Level 1:colcon.colcon_core.package_discovery:discover_packages(colcon_meta) check parameters
[1.118s] Level 1:colcon.colcon_core.package_discovery:discover_packages(recursive) check parameters
[1.118s] Level 1:colcon.colcon_core.package_discovery:discover_packages(ignore) check parameters
[1.118s] Level 1:colcon.colcon_core.package_discovery:discover_packages(path) check parameters
[1.118s] Level 1:colcon.colcon_core.package_discovery:discover_packages(colcon_meta) discover
[1.118s] Level 1:colcon.colcon_core.package_discovery:discover_packages(recursive) discover
[1.118s] INFO:colcon.colcon_core.package_discovery:Crawling recursively for packages in '/home/jo/final_commit'
[1.118s] Level 1:colcon.colcon_core.package_identification:_identify(.) by extensions ['ignore', 'ignore_ament_install']
[1.118s] Level 1:colcon.colcon_core.package_identification:_identify(.) by extension 'ignore'
[1.118s] Level 1:colcon.colcon_core.package_identification:_identify(.) by extension 'ignore_ament_install'
[1.118s] Level 1:colcon.colcon_core.package_identification:_identify(.) by extensions ['colcon_pkg']
[1.118s] Level 1:colcon.colcon_core.package_identification:_identify(.) by extension 'colcon_pkg'
[1.118s] Level 1:colcon.colcon_core.package_identification:_identify(.) by extensions ['colcon_meta']
[1.118s] Level 1:colcon.colcon_core.package_identification:_identify(.) by extension 'colcon_meta'
[1.119s] Level 1:colcon.colcon_core.package_identification:_identify(.) by extensions ['ros']
[1.119s] Level 1:colcon.colcon_core.package_identification:_identify(.) by extension 'ros'
[1.127s] Level 1:colcon.colcon_core.package_identification:_identify(.) by extensions ['cmake', 'python']
[1.127s] Level 1:colcon.colcon_core.package_identification:_identify(.) by extension 'cmake'
[1.127s] Level 1:colcon.colcon_core.package_identification:_identify(.) by extension 'python'
[1.127s] Level 1:colcon.colcon_core.package_identification:_identify(.) by extensions ['python_setup_py']
[1.127s] Level 1:colcon.colcon_core.package_identification:_identify(.) by extension 'python_setup_py'
[1.127s] Level 1:colcon.colcon_core.package_identification:_identify(build) by extensions ['ignore', 'ignore_ament_install']
[1.128s] Level 1:colcon.colcon_core.package_identification:_identify(build) by extension 'ignore'
[1.128s] Level 1:colcon.colcon_core.package_identification:_identify(build) ignored
[1.128s] Level 1:colcon.colcon_core.package_identification:_identify(install) by extensions ['ignore', 'ignore_ament_install']
[1.128s] Level 1:colcon.colcon_core.package_identification:_identify(install) by extension 'ignore'
[1.128s] Level 1:colcon.colcon_core.package_identification:_identify(install) ignored
[1.128s] Level 1:colcon.colcon_core.package_identification:_identify(log) by extensions ['ignore', 'ignore_ament_install']
[1.128s] Level 1:colcon.colcon_core.package_identification:_identify(log) by extension 'ignore'
[1.128s] Level 1:colcon.colcon_core.package_identification:_identify(log) ignored
[1.128s] Level 1:colcon.colcon_core.package_identification:_identify(src) by extensions ['ignore', 'ignore_ament_install']
[1.128s] Level 1:colcon.colcon_core.package_identification:_identify(src) by extension 'ignore'
[1.128s] Level 1:colcon.colcon_core.package_identification:_identify(src) by extension 'ignore_ament_install'
[1.128s] Level 1:colcon.colcon_core.package_identification:_identify(src) by extensions ['colcon_pkg']
[1.128s] Level 1:colcon.colcon_core.package_identification:_identify(src) by extension 'colcon_pkg'
[1.128s] Level 1:colcon.colcon_core.package_identification:_identify(src) by extensions ['colcon_meta']
[1.129s] Level 1:colcon.colcon_core.package_identification:_identify(src) by extension 'colcon_meta'
[1.129s] Level 1:colcon.colcon_core.package_identification:_identify(src) by extensions ['ros']
[1.129s] Level 1:colcon.colcon_core.package_identification:_identify(src) by extension 'ros'
[1.129s] Level 1:colcon.colcon_core.package_identification:_identify(src) by extensions ['cmake', 'python']
[1.129s] Level 1:colcon.colcon_core.package_identification:_identify(src) by extension 'cmake'
[1.129s] Level 1:colcon.colcon_core.package_identification:_identify(src) by extension 'python'
[1.129s] Level 1:colcon.colcon_core.package_identification:_identify(src) by extensions ['python_setup_py']
[1.129s] Level 1:colcon.colcon_core.package_identification:_identify(src) by extension 'python_setup_py'
[1.129s] Level 1:colcon.colcon_core.package_identification:_identify(src/communication) by extensions ['ignore', 'ignore_ament_install']
[1.129s] Level 1:colcon.colcon_core.package_identification:_identify(src/communication) by extension 'ignore'
[1.129s] Level 1:colcon.colcon_core.package_identification:_identify(src/communication) by extension 'ignore_ament_install'
[1.129s] Level 1:colcon.colcon_core.package_identification:_identify(src/communication) by extensions ['colcon_pkg']
[1.129s] Level 1:colcon.colcon_core.package_identification:_identify(src/communication) by extension 'colcon_pkg'
[1.129s] Level 1:colcon.colcon_core.package_identification:_identify(src/communication) by extensions ['colcon_meta']
[1.129s] Level 1:colcon.colcon_core.package_identification:_identify(src/communication) by extension 'colcon_meta'
[1.129s] Level 1:colcon.colcon_core.package_identification:_identify(src/communication) by extensions ['ros']
[1.129s] Level 1:colcon.colcon_core.package_identification:_identify(src/communication) by extension 'ros'
[1.131s] DEBUG:colcon.colcon_core.package_identification:Package 'src/communication' with type 'ros.ament_python' and name 'communication'
[1.131s] Level 1:colcon.colcon_core.package_identification:_identify(src/communication_msgs) by extensions ['ignore', 'ignore_ament_install']
[1.132s] Level 1:colcon.colcon_core.package_identification:_identify(src/communication_msgs) by extension 'ignore'
[1.132s] Level 1:colcon.colcon_core.package_identification:_identify(src/communication_msgs) by extension 'ignore_ament_install'
[1.132s] Level 1:colcon.colcon_core.package_identification:_identify(src/communication_msgs) by extensions ['colcon_pkg']
[1.132s] Level 1:colcon.colcon_core.package_identification:_identify(src/communication_msgs) by extension 'colcon_pkg'
[1.132s] Level 1:colcon.colcon_core.package_identification:_identify(src/communication_msgs) by extensions ['colcon_meta']
[1.132s] Level 1:colcon.colcon_core.package_identification:_identify(src/communication_msgs) by extension 'colcon_meta'
[1.132s] Level 1:colcon.colcon_core.package_identification:_identify(src/communication_msgs) by extensions ['ros']
[1.132s] Level 1:colcon.colcon_core.package_identification:_identify(src/communication_msgs) by extension 'ros'
[1.133s] DEBUG:colcon.colcon_core.package_identification:Package 'src/communication_msgs' with type 'ros.ament_cmake' and name 'communication_msgs'
[1.133s] Level 1:colcon.colcon_core.package_discovery:discover_packages(recursive) using defaults
[1.133s] Level 1:colcon.colcon_core.package_discovery:discover_packages(ignore) discover
[1.133s] Level 1:colcon.colcon_core.package_discovery:discover_packages(ignore) using defaults
[1.133s] Level 1:colcon.colcon_core.package_discovery:discover_packages(path) discover
[1.133s] Level 1:colcon.colcon_core.package_discovery:discover_packages(path) using defaults
[1.227s] Level 1:colcon.colcon_core.package_discovery:discover_packages(prefix_path) check parameters
[1.227s] Level 1:colcon.colcon_core.package_discovery:discover_packages(prefix_path) discover
[1.266s] DEBUG:colcon.colcon_installed_package_information.package_discovery:Found 3 installed packages in /home/jo/final_commit/install
[1.284s] DEBUG:colcon.colcon_installed_package_information.package_discovery:Found 400 installed packages in /opt/ros/humble
[1.285s] Level 1:colcon.colcon_core.package_discovery:discover_packages(prefix_path) using defaults
[1.384s] Level 5:colcon.colcon_core.verb:set package 'communication_msgs' build argument 'cmake_args' from command line to 'None'
[1.384s] Level 5:colcon.colcon_core.verb:set package 'communication_msgs' build argument 'cmake_target' from command line to 'None'
[1.384s] Level 5:colcon.colcon_core.verb:set package 'communication_msgs' build argument 'cmake_target_skip_unavailable' from command line to 'False'
[1.384s] Level 5:colcon.colcon_core.verb:set package 'communication_msgs' build argument 'cmake_clean_cache' from command line to 'False'
[1.384s] Level 5:colcon.colcon_core.verb:set package 'communication_msgs' build argument 'cmake_clean_first' from command line to 'False'
[1.384s] Level 5:colcon.colcon_core.verb:set package 'communication_msgs' build argument 'cmake_force_configure' from command line to 'False'
[1.384s] Level 5:colcon.colcon_core.verb:set package 'communication_msgs' build argument 'ament_cmake_args' from command line to 'None'
[1.384s] Level 5:colcon.colcon_core.verb:set package 'communication_msgs' build argument 'catkin_cmake_args' from command line to 'None'
[1.384s] Level 5:colcon.colcon_core.verb:set package 'communication_msgs' build argument 'catkin_skip_building_tests' from command line to 'False'
[1.384s] DEBUG:colcon.colcon_core.verb:Building package 'communication_msgs' with the following arguments: {'ament_cmake_args': None, 'build_base': '/home/jo/final_commit/build/communication_msgs', 'catkin_cmake_args': None, 'catkin_skip_building_tests': False, 'cmake_args': None, 'cmake_clean_cache': False, 'cmake_clean_first': False, 'cmake_force_configure': False, 'cmake_target': None, 'cmake_target_skip_unavailable': False, 'install_base': '/home/jo/final_commit/install/communication_msgs', 'merge_install': False, 'path': '/home/jo/final_commit/src/communication_msgs', 'symlink_install': False, 'test_result_base': None}
[1.400s] Level 5:colcon.colcon_core.verb:set package 'communication' build argument 'cmake_args' from command line to 'None'
[1.400s] Level 5:colcon.colcon_core.verb:set package 'communication' build argument 'cmake_target' from command line to 'None'
[1.400s] Level 5:colcon.colcon_core.verb:set package 'communication' build argument 'cmake_target_skip_unavailable' from command line to 'False'
[1.400s] Level 5:colcon.colcon_core.verb:set package 'communication' build argument 'cmake_clean_cache' from command line to 'False'
[1.400s] Level 5:colcon.colcon_core.verb:set package 'communication' build argument 'cmake_clean_first' from command line to 'False'
[1.400s] Level 5:colcon.colcon_core.verb:set package 'communication' build argument 'cmake_force_configure' from command line to 'False'
[1.400s] Level 5:colcon.colcon_core.verb:set package 'communication' build argument 'ament_cmake_args' from command line to 'None'
[1.400s] Level 5:colcon.colcon_core.verb:set package 'communication' build argument 'catkin_cmake_args' from command line to 'None'
[1.400s] Level 5:colcon.colcon_core.verb:set package 'communication' build argument 'catkin_skip_building_tests' from command line to 'False'
[1.400s] DEBUG:colcon.colcon_core.verb:Building package 'communication' with the following arguments: {'ament_cmake_args': None, 'build_base': '/home/jo/final_commit/build/communication', 'catkin_cmake_args': None, 'catkin_skip_building_tests': False, 'cmake_args': None, 'cmake_clean_cache': False, 'cmake_clean_first': False, 'cmake_force_configure': False, 'cmake_target': None, 'cmake_target_skip_unavailable': False, 'install_base': '/home/jo/final_commit/install/communication', 'merge_install': False, 'path': '/home/jo/final_commit/src/communication', 'symlink_install': False, 'test_result_base': None}
[1.416s] INFO:colcon.colcon_core.executor:Executing jobs using 'parallel' executor
[1.432s] DEBUG:colcon.colcon_parallel_executor.executor.parallel:run_until_complete
[1.433s] INFO:colcon.colcon_ros.task.ament_cmake.build:Building ROS package in '/home/jo/final_commit/src/communication_msgs' with build type 'ament_cmake'
[1.433s] INFO:colcon.colcon_cmake.task.cmake.build:Building CMake package in '/home/jo/final_commit/src/communication_msgs'
[1.451s] INFO:colcon.colcon_core.plugin_system:Skipping extension 'colcon_core.shell.bat': Not used on non-Windows systems
[1.452s] INFO:colcon.colcon_core.shell:Skip shell extension 'powershell' for command environment: Not usable outside of PowerShell
[1.452s] DEBUG:colcon.colcon_core.shell:Skip shell extension 'dsv' for command environment
[1.509s] DEBUG:colcon.colcon_core.event_handler.log_command:Invoking command in '/home/jo/final_commit/build/communication_msgs': CMAKE_PREFIX_PATH=${CMAKE_PREFIX_PATH}:/home/jo/final_commit/install/auto_drive_control:/home/jo/final_commit/install/communication:/opt/ros/humble /usr/bin/cmake --build /home/jo/final_commit/build/communication_msgs -- -j12 -l12
[1.859s] DEBUG:colcon.colcon_core.event_handler.log_command:Invoked command in '/home/jo/final_commit/build/communication_msgs' returned '0': CMAKE_PREFIX_PATH=${CMAKE_PREFIX_PATH}:/home/jo/final_commit/install/auto_drive_control:/home/jo/final_commit/install/communication:/opt/ros/humble /usr/bin/cmake --build /home/jo/final_commit/build/communication_msgs -- -j12 -l12
[1.900s] DEBUG:colcon.colcon_core.event_handler.log_command:Invoking command in '/home/jo/final_commit/build/communication_msgs': CMAKE_PREFIX_PATH=${CMAKE_PREFIX_PATH}:/home/jo/final_commit/install/auto_drive_control:/home/jo/final_commit/install/communication:/opt/ros/humble /usr/bin/cmake --install /home/jo/final_commit/build/communication_msgs
[1.939s] Level 1:colcon.colcon_core.environment:create_environment_scripts_only(communication_msgs)
[1.939s] DEBUG:colcon.colcon_core.event_handler.log_command:Invoked command in '/home/jo/final_commit/build/communication_msgs' returned '0': CMAKE_PREFIX_PATH=${CMAKE_PREFIX_PATH}:/home/jo/final_commit/install/auto_drive_control:/home/jo/final_commit/install/communication:/opt/ros/humble /usr/bin/cmake --install /home/jo/final_commit/build/communication_msgs
[1.955s] Level 1:colcon.colcon_core.environment:checking '/home/jo/final_commit/install/communication_msgs' for CMake module files
[1.956s] Level 1:colcon.colcon_core.environment:checking '/home/jo/final_commit/install/communication_msgs' for CMake config files
[1.956s] Level 1:colcon.colcon_core.shell:create_environment_hook('communication_msgs', 'cmake_prefix_path')
[1.971s] INFO:colcon.colcon_core.shell:Creating environment hook '/home/jo/final_commit/install/communication_msgs/share/communication_msgs/hook/cmake_prefix_path.ps1'
[1.971s] INFO:colcon.colcon_core.shell:Creating environment descriptor '/home/jo/final_commit/install/communication_msgs/share/communication_msgs/hook/cmake_prefix_path.dsv'
[1.972s] INFO:colcon.colcon_core.shell:Creating environment hook '/home/jo/final_commit/install/communication_msgs/share/communication_msgs/hook/cmake_prefix_path.sh'
[1.972s] Level 1:colcon.colcon_core.environment:checking '/home/jo/final_commit/install/communication_msgs/lib'
[1.972s] Level 1:colcon.colcon_core.shell:create_environment_hook('communication_msgs', 'ld_library_path_lib')
[1.987s] INFO:colcon.colcon_core.shell:Creating environment hook '/home/jo/final_commit/install/communication_msgs/share/communication_msgs/hook/ld_library_path_lib.ps1'
[1.987s] INFO:colcon.colcon_core.shell:Creating environment descriptor '/home/jo/final_commit/install/communication_msgs/share/communication_msgs/hook/ld_library_path_lib.dsv'
[1.988s] INFO:colcon.colcon_core.shell:Creating environment hook '/home/jo/final_commit/install/communication_msgs/share/communication_msgs/hook/ld_library_path_lib.sh'
[1.988s] Level 1:colcon.colcon_core.environment:checking '/home/jo/final_commit/install/communication_msgs/bin'
[1.988s] Level 1:colcon.colcon_core.environment:checking '/home/jo/final_commit/install/communication_msgs/lib/pkgconfig/communication_msgs.pc'
[1.988s] Level 1:colcon.colcon_core.environment:checking '/home/jo/final_commit/install/communication_msgs/lib/python3.10/site-packages'
[1.988s] Level 1:colcon.colcon_core.environment:checking '/home/jo/final_commit/install/communication_msgs/bin'
[2.003s] INFO:colcon.colcon_core.shell:Creating package script '/home/jo/final_commit/install/communication_msgs/share/communication_msgs/package.ps1'
[2.003s] INFO:colcon.colcon_core.shell:Creating package descriptor '/home/jo/final_commit/install/communication_msgs/share/communication_msgs/package.dsv'
[2.004s] INFO:colcon.colcon_core.shell:Creating package script '/home/jo/final_commit/install/communication_msgs/share/communication_msgs/package.sh'
[2.004s] INFO:colcon.colcon_core.shell:Creating package script '/home/jo/final_commit/install/communication_msgs/share/communication_msgs/package.bash'
[2.005s] INFO:colcon.colcon_core.shell:Creating package script '/home/jo/final_commit/install/communication_msgs/share/communication_msgs/package.zsh'
[2.005s] Level 1:colcon.colcon_core.environment:create_file_with_runtime_dependencies(/home/jo/final_commit/install/communication_msgs/share/colcon-core/packages/communication_msgs)
[2.059s] Level 1:colcon.colcon_core.environment:create_environment_scripts_only(communication_msgs)
[2.074s] Level 1:colcon.colcon_core.environment:checking '/home/jo/final_commit/install/communication_msgs' for CMake module files
[2.074s] Level 1:colcon.colcon_core.environment:checking '/home/jo/final_commit/install/communication_msgs' for CMake config files
[2.074s] Level 1:colcon.colcon_core.shell:create_environment_hook('communication_msgs', 'cmake_prefix_path')
[2.089s] INFO:colcon.colcon_core.shell:Creating environment hook '/home/jo/final_commit/install/communication_msgs/share/communication_msgs/hook/cmake_prefix_path.ps1'
[2.090s] INFO:colcon.colcon_core.shell:Creating environment descriptor '/home/jo/final_commit/install/communication_msgs/share/communication_msgs/hook/cmake_prefix_path.dsv'
[2.090s] INFO:colcon.colcon_core.shell:Creating environment hook '/home/jo/final_commit/install/communication_msgs/share/communication_msgs/hook/cmake_prefix_path.sh'
[2.091s] Level 1:colcon.colcon_core.environment:checking '/home/jo/final_commit/install/communication_msgs/lib'
[2.091s] Level 1:colcon.colcon_core.shell:create_environment_hook('communication_msgs', 'ld_library_path_lib')
[2.105s] INFO:colcon.colcon_core.shell:Creating environment hook '/home/jo/final_commit/install/communication_msgs/share/communication_msgs/hook/ld_library_path_lib.ps1'
[2.106s] INFO:colcon.colcon_core.shell:Creating environment descriptor '/home/jo/final_commit/install/communication_msgs/share/communication_msgs/hook/ld_library_path_lib.dsv'
[2.106s] INFO:colcon.colcon_core.shell:Creating environment hook '/home/jo/final_commit/install/communication_msgs/share/communication_msgs/hook/ld_library_path_lib.sh'
[2.106s] Level 1:colcon.colcon_core.environment:checking '/home/jo/final_commit/install/communication_msgs/bin'
[2.106s] Level 1:colcon.colcon_core.environment:checking '/home/jo/final_commit/install/communication_msgs/lib/pkgconfig/communication_msgs.pc'
[2.107s] Level 1:colcon.colcon_core.environment:checking '/home/jo/final_commit/install/communication_msgs/lib/python3.10/site-packages'
[2.107s] Level 1:colcon.colcon_core.environment:checking '/home/jo/final_commit/install/communication_msgs/bin'
[2.122s] INFO:colcon.colcon_core.shell:Creating package script '/home/jo/final_commit/install/communication_msgs/share/communication_msgs/package.ps1'
[2.123s] INFO:colcon.colcon_core.shell:Creating package descriptor '/home/jo/final_commit/install/communication_msgs/share/communication_msgs/package.dsv'
[2.123s] INFO:colcon.colcon_core.shell:Creating package script '/home/jo/final_commit/install/communication_msgs/share/communication_msgs/package.sh'
[2.123s] INFO:colcon.colcon_core.shell:Creating package script '/home/jo/final_commit/install/communication_msgs/share/communication_msgs/package.bash'
[2.124s] INFO:colcon.colcon_core.shell:Creating package script '/home/jo/final_commit/install/communication_msgs/share/communication_msgs/package.zsh'
[2.124s] Level 1:colcon.colcon_core.environment:create_file_with_runtime_dependencies(/home/jo/final_commit/install/communication_msgs/share/colcon-core/packages/communication_msgs)
[2.124s] INFO:colcon.colcon_ros.task.ament_python.build:Building ROS package in '/home/jo/final_commit/src/communication' with build type 'ament_python'
[2.124s] Level 1:colcon.colcon_core.shell:create_environment_hook('communication', 'ament_prefix_path')
[2.141s] INFO:colcon.colcon_core.shell:Creating environment hook '/home/jo/final_commit/install/communication/share/communication/hook/ament_prefix_path.ps1'
[2.141s] INFO:colcon.colcon_core.shell:Creating environment descriptor '/home/jo/final_commit/install/communication/share/communication/hook/ament_prefix_path.dsv'
[2.141s] INFO:colcon.colcon_core.shell:Creating environment hook '/home/jo/final_commit/install/communication/share/communication/hook/ament_prefix_path.sh'
[2.158s] INFO:colcon.colcon_core.shell:Skip shell extension 'powershell' for command environment: Not usable outside of PowerShell
[2.159s] DEBUG:colcon.colcon_core.shell:Skip shell extension 'dsv' for command environment
[2.437s] INFO:colcon.colcon_core.task.python.build:Building Python package in '/home/jo/final_commit/src/communication'
[2.452s] INFO:colcon.colcon_core.shell:Skip shell extension 'powershell' for command environment: Not usable outside of PowerShell
[2.452s] DEBUG:colcon.colcon_core.shell:Skip shell extension 'dsv' for command environment
[2.812s] DEBUG:colcon.colcon_core.event_handler.log_command:Invoking command in '/home/jo/final_commit/src/communication': LD_LIBRARY_PATH=/home/jo/final_commit/install/communication_msgs/lib:/usr/lib/x86_64-linux-gnu/gazebo-11/plugins:/opt/ros/humble/opt/rviz_ogre_vendor/lib:/opt/ros/humble/lib/x86_64-linux-gnu:/opt/ros/humble/lib:/usr/local/cuda-12.0/lib64 PYTHONPATH=/home/jo/final_commit/build/communication/prefix_override:/home/jo/final_commit/install/communication/lib/python3.10/site-packages:${PYTHONPATH} /usr/bin/python3 setup.py egg_info --egg-base ../../build/communication build --build-base /home/jo/final_commit/build/communication/build install --record /home/jo/final_commit/build/communication/install.log --single-version-externally-managed
[3.080s] DEBUG:colcon.colcon_core.event_handler.log_command:Invoked command in '/home/jo/final_commit/src/communication' returned '0': LD_LIBRARY_PATH=/home/jo/final_commit/install/communication_msgs/lib:/usr/lib/x86_64-linux-gnu/gazebo-11/plugins:/opt/ros/humble/opt/rviz_ogre_vendor/lib:/opt/ros/humble/lib/x86_64-linux-gnu:/opt/ros/humble/lib:/usr/local/cuda-12.0/lib64 PYTHONPATH=/home/jo/final_commit/build/communication/prefix_override:/home/jo/final_commit/install/communication/lib/python3.10/site-packages:${PYTHONPATH} /usr/bin/python3 setup.py egg_info --egg-base ../../build/communication build --build-base /home/jo/final_commit/build/communication/build install --record /home/jo/final_commit/build/communication/install.log --single-version-externally-managed
[3.095s] Level 1:colcon.colcon_core.environment:checking '/home/jo/final_commit/install/communication' for CMake module files
[3.095s] Level 1:colcon.colcon_core.environment:checking '/home/jo/final_commit/install/communication' for CMake config files
[3.095s] Level 1:colcon.colcon_core.environment:checking '/home/jo/final_commit/install/communication/lib'
[3.095s] Level 1:colcon.colcon_core.environment:checking '/home/jo/final_commit/install/communication/bin'
[3.095s] Level 1:colcon.colcon_core.environment:checking '/home/jo/final_commit/install/communication/lib/pkgconfig/communication.pc'
[3.096s] Level 1:colcon.colcon_core.environment:checking '/home/jo/final_commit/install/communication/lib/python3.10/site-packages'
[3.096s] Level 1:colcon.colcon_core.shell:create_environment_hook('communication', 'pythonpath')
[3.110s] INFO:colcon.colcon_core.shell:Creating environment hook '/home/jo/final_commit/install/communication/share/communication/hook/pythonpath.ps1'
[3.111s] INFO:colcon.colcon_core.shell:Creating environment descriptor '/home/jo/final_commit/install/communication/share/communication/hook/pythonpath.dsv'
[3.111s] INFO:colcon.colcon_core.shell:Creating environment hook '/home/jo/final_commit/install/communication/share/communication/hook/pythonpath.sh'
[3.111s] Level 1:colcon.colcon_core.environment:checking '/home/jo/final_commit/install/communication/bin'
[3.111s] Level 1:colcon.colcon_core.environment:create_environment_scripts_only(communication)
[3.126s] INFO:colcon.colcon_core.shell:Creating package script '/home/jo/final_commit/install/communication/share/communication/package.ps1'
[3.126s] INFO:colcon.colcon_core.shell:Creating package descriptor '/home/jo/final_commit/install/communication/share/communication/package.dsv'
[3.127s] INFO:colcon.colcon_core.shell:Creating package script '/home/jo/final_commit/install/communication/share/communication/package.sh'
[3.127s] INFO:colcon.colcon_core.shell:Creating package script '/home/jo/final_commit/install/communication/share/communication/package.bash'
[3.127s] INFO:colcon.colcon_core.shell:Creating package script '/home/jo/final_commit/install/communication/share/communication/package.zsh'
[3.128s] Level 1:colcon.colcon_core.environment:create_file_with_runtime_dependencies(/home/jo/final_commit/install/communication/share/colcon-core/packages/communication)
[3.128s] DEBUG:colcon.colcon_parallel_executor.executor.parallel:closing loop
[3.128s] DEBUG:colcon.colcon_parallel_executor.executor.parallel:loop closed
[3.128s] DEBUG:colcon.colcon_parallel_executor.executor.parallel:run_until_complete finished with '0'
[3.128s] DEBUG:colcon.colcon_core.event_reactor:joining thread
[3.150s] INFO:colcon.colcon_core.plugin_system:Skipping extension 'colcon_notification.desktop_notification.terminal_notifier': Not used on non-Darwin systems
[3.150s] INFO:colcon.colcon_core.plugin_system:Skipping extension 'colcon_notification.desktop_notification.win32': Not used on non-Windows systems
[3.150s] INFO:colcon.colcon_notification.desktop_notification:Sending desktop notification using 'notify2'
[3.160s] DEBUG:colcon.colcon_core.event_reactor:joined thread
[3.176s] INFO:colcon.colcon_core.shell:Creating prefix script '/home/jo/final_commit/install/local_setup.ps1'
[3.177s] INFO:colcon.colcon_core.shell:Creating prefix util module '/home/jo/final_commit/install/_local_setup_util_ps1.py'
[3.178s] INFO:colcon.colcon_core.shell:Creating prefix chain script '/home/jo/final_commit/install/setup.ps1'
[3.196s] INFO:colcon.colcon_core.shell:Creating prefix script '/home/jo/final_commit/install/local_setup.sh'
[3.197s] INFO:colcon.colcon_core.shell:Creating prefix util module '/home/jo/final_commit/install/_local_setup_util_sh.py'
[3.197s] INFO:colcon.colcon_core.shell:Creating prefix chain script '/home/jo/final_commit/install/setup.sh'
[3.213s] INFO:colcon.colcon_core.shell:Creating prefix script '/home/jo/final_commit/install/local_setup.bash'
[3.214s] INFO:colcon.colcon_core.shell:Creating prefix chain script '/home/jo/final_commit/install/setup.bash'
[3.229s] INFO:colcon.colcon_core.shell:Creating prefix script '/home/jo/final_commit/install/local_setup.zsh'
[3.230s] INFO:colcon.colcon_core.shell:Creating prefix chain script '/home/jo/final_commit/install/setup.zsh'
