running egg_info
writing ../../build/call_gazebo/call_gazebo.egg-info/PKG-INFO
writing dependency_links to ../../build/call_gazebo/call_gazebo.egg-info/dependency_links.txt
writing entry points to ../../build/call_gazebo/call_gazebo.egg-info/entry_points.txt
writing requirements to ../../build/call_gazebo/call_gazebo.egg-info/requires.txt
writing top-level names to ../../build/call_gazebo/call_gazebo.egg-info/top_level.txt
reading manifest file '../../build/call_gazebo/call_gazebo.egg-info/SOURCES.txt'
writing manifest file '../../build/call_gazebo/call_gazebo.egg-info/SOURCES.txt'
running build
running build_py
/usr/lib/python3/dist-packages/setuptools/command/install.py:34: SetuptoolsDeprecationWarning: setup.py install is deprecated. Use build and pip and other standards-based tools.
  warnings.warn(
running install
running install_lib
running install_data
copying launch/call_description.launch.py -> /home/jo/final_commit/install/call_gazebo/share/call_gazebo/launch
running install_egg_info
removing '/home/jo/final_commit/install/call_gazebo/lib/python3.10/site-packages/call_gazebo-0.0.0-py3.10.egg-info' (and everything under it)
Copying ../../build/call_gazebo/call_gazebo.egg-info to /home/jo/final_commit/install/call_gazebo/lib/python3.10/site-packages/call_gazebo-0.0.0-py3.10.egg-info
running install_scripts
writing list of installed files to '/home/jo/final_commit/build/call_gazebo/install.log'
