running egg_info
creating ../../build/description/description.egg-info
writing ../../build/description/description.egg-info/PKG-INFO
writing dependency_links to ../../build/description/description.egg-info/dependency_links.txt
writing entry points to ../../build/description/description.egg-info/entry_points.txt
writing requirements to ../../build/description/description.egg-info/requires.txt
writing top-level names to ../../build/description/description.egg-info/top_level.txt
writing manifest file '../../build/description/description.egg-info/SOURCES.txt'
reading manifest file '../../build/description/description.egg-info/SOURCES.txt'
writing manifest file '../../build/description/description.egg-info/SOURCES.txt'
running build
running build_py
creating /home/jo/final_commit/build/description/build
creating /home/jo/final_commit/build/description/build/lib
creating /home/jo/final_commit/build/description/build/lib/description
copying description/__init__.py -> /home/jo/final_commit/build/description/build/lib/description
running install
/usr/lib/python3/dist-packages/setuptools/command/install.py:34: SetuptoolsDeprecationWarning: setup.py install is deprecated. Use build and pip and other standards-based tools.
  warnings.warn(
running install_lib
creating /home/jo/final_commit/install/description/lib/python3.10/site-packages/description
copying /home/jo/final_commit/build/description/build/lib/description/__init__.py -> /home/jo/final_commit/install/description/lib/python3.10/site-packages/description
byte-compiling /home/jo/final_commit/install/description/lib/python3.10/site-packages/description/__init__.py to __init__.cpython-310.pyc
running install_data
creating /home/jo/final_commit/install/description/share/ament_index
creating /home/jo/final_commit/install/description/share/ament_index/resource_index
creating /home/jo/final_commit/install/description/share/ament_index/resource_index/packages
copying resource/description -> /home/jo/final_commit/install/description/share/ament_index/resource_index/packages
copying package.xml -> /home/jo/final_commit/install/description/share/description
creating /home/jo/final_commit/install/description/share/description/launch
copying launch/spawn.launch.py -> /home/jo/final_commit/install/description/share/description/launch
creating /home/jo/final_commit/install/description/share/description/urdf
copying urdf/minibot.urdf.xacro -> /home/jo/final_commit/install/description/share/description/urdf
copying urdf/minibot_gazebo.urdf.xacro -> /home/jo/final_commit/install/description/share/description/urdf
copying urdf/minibot_ros2_control.urdf.xacro -> /home/jo/final_commit/install/description/share/description/urdf
copying urdf/robot.urdf.xacro -> /home/jo/final_commit/install/description/share/description/urdf
creating /home/jo/final_commit/install/description/share/description/urdf/common
running install_egg_info
Copying ../../build/description/description.egg-info to /home/jo/final_commit/install/description/lib/python3.10/site-packages/description-0.0.0-py3.10.egg-info
running install_scripts
writing list of installed files to '/home/jo/final_commit/build/description/install.log'
