[0.628s] Invoking command in '/home/jo/final_commit/lidar_package': PYTHONPATH=/home/jo/final_commit/build/lidar_package/prefix_override:/home/jo/final_commit/install/lidar_package/lib/python3.10/site-packages:${PYTHONPATH} /usr/bin/python3 setup.py egg_info --egg-base ../build/lidar_package build --build-base /home/jo/final_commit/build/lidar_package/build install --record /home/jo/final_commit/build/lidar_package/install.log --single-version-externally-managed
[0.836s] running egg_info
[0.836s] writing ../build/lidar_package/lidar_package.egg-info/PKG-INFO
[0.837s] writing dependency_links to ../build/lidar_package/lidar_package.egg-info/dependency_links.txt
[0.837s] writing entry points to ../build/lidar_package/lidar_package.egg-info/entry_points.txt
[0.837s] writing requirements to ../build/lidar_package/lidar_package.egg-info/requires.txt
[0.837s] writing top-level names to ../build/lidar_package/lidar_package.egg-info/top_level.txt
[0.839s] reading manifest file '../build/lidar_package/lidar_package.egg-info/SOURCES.txt'
[0.839s] writing manifest file '../build/lidar_package/lidar_package.egg-info/SOURCES.txt'
[0.839s] running build
[0.839s] running build_py
[0.840s] running install
[0.840s] /usr/lib/python3/dist-packages/setuptools/command/install.py:34: SetuptoolsDeprecationWarning: setup.py install is deprecated. Use build and pip and other standards-based tools.
[0.840s]   warnings.warn(
[0.840s] running install_lib
[0.841s] running install_data
[0.841s] running install_egg_info
[0.843s] removing '/home/jo/final_commit/install/lidar_package/lib/python3.10/site-packages/lidar_package-0.0.0-py3.10.egg-info' (and everything under it)
[0.843s] Copying ../build/lidar_package/lidar_package.egg-info to /home/jo/final_commit/install/lidar_package/lib/python3.10/site-packages/lidar_package-0.0.0-py3.10.egg-info
[0.844s] running install_scripts
[0.860s] Installing auto_navigation script to /home/jo/final_commit/install/lidar_package/lib/lidar_package
[0.860s] Installing sec_auto_navigation script to /home/jo/final_commit/install/lidar_package/lib/lidar_package
[0.860s] Installing sensor_node script to /home/jo/final_commit/install/lidar_package/lib/lidar_package
[0.860s] writing list of installed files to '/home/jo/final_commit/build/lidar_package/install.log'
[0.878s] Invoked command in '/home/jo/final_commit/lidar_package' returned '0': PYTHONPATH=/home/jo/final_commit/build/lidar_package/prefix_override:/home/jo/final_commit/install/lidar_package/lib/python3.10/site-packages:${PYTHONPATH} /usr/bin/python3 setup.py egg_info --egg-base ../build/lidar_package build --build-base /home/jo/final_commit/build/lidar_package/build install --record /home/jo/final_commit/build/lidar_package/install.log --single-version-externally-managed
