[0.574s] Invoking command in '/home/jo/final_commit/src/minibot_network': PYTHONPATH=/home/jo/final_commit/build/minibot_network/prefix_override:/home/jo/final_commit/install/minibot_network/lib/python3.10/site-packages:${PYTHONPATH} /usr/bin/python3 setup.py egg_info --egg-base ../../build/minibot_network build --build-base /home/jo/final_commit/build/minibot_network/build install --record /home/jo/final_commit/build/minibot_network/install.log --single-version-externally-managed
[0.778s] running egg_info
[0.778s] writing ../../build/minibot_network/minibot_network.egg-info/PKG-INFO
[0.779s] writing dependency_links to ../../build/minibot_network/minibot_network.egg-info/dependency_links.txt
[0.779s] writing entry points to ../../build/minibot_network/minibot_network.egg-info/entry_points.txt
[0.779s] writing requirements to ../../build/minibot_network/minibot_network.egg-info/requires.txt
[0.779s] writing top-level names to ../../build/minibot_network/minibot_network.egg-info/top_level.txt
[0.780s] reading manifest file '../../build/minibot_network/minibot_network.egg-info/SOURCES.txt'
[0.781s] writing manifest file '../../build/minibot_network/minibot_network.egg-info/SOURCES.txt'
[0.781s] running build
[0.781s] running build_py
[0.782s] running install
[0.782s] /usr/lib/python3/dist-packages/setuptools/command/install.py:34: SetuptoolsDeprecationWarning: setup.py install is deprecated. Use build and pip and other standards-based tools.
[0.782s]   warnings.warn(
[0.782s] running install_lib
[0.783s] running install_data
[0.783s] running install_egg_info
[0.785s] removing '/home/jo/final_commit/install/minibot_network/lib/python3.10/site-packages/minibot_network-0.0.0-py3.10.egg-info' (and everything under it)
[0.785s] Copying ../../build/minibot_network/minibot_network.egg-info to /home/jo/final_commit/install/minibot_network/lib/python3.10/site-packages/minibot_network-0.0.0-py3.10.egg-info
[0.786s] running install_scripts
[0.800s] Installing client script to /home/jo/final_commit/install/minibot_network/lib/minibot_network
[0.800s] Installing server script to /home/jo/final_commit/install/minibot_network/lib/minibot_network
[0.800s] writing list of installed files to '/home/jo/final_commit/build/minibot_network/install.log'
[0.815s] Invoked command in '/home/jo/final_commit/src/minibot_network' returned '0': PYTHONPATH=/home/jo/final_commit/build/minibot_network/prefix_override:/home/jo/final_commit/install/minibot_network/lib/python3.10/site-packages:${PYTHONPATH} /usr/bin/python3 setup.py egg_info --egg-base ../../build/minibot_network build --build-base /home/jo/final_commit/build/minibot_network/build install --record /home/jo/final_commit/build/minibot_network/install.log --single-version-externally-managed
