[0.983s] DEBUG:colcon:Command line arguments: ['/usr/bin/colcon', 'build']
[0.983s] DEBUG:colcon:Parsed command line arguments: Namespace(log_base=None, log_level=None, verb_name='build', build_base='build', install_base='install', merge_install=False, symlink_install=False, test_result_base=None, continue_on_error=False, executor='parallel', parallel_workers=12, event_handlers=None, ignore_user_meta=False, metas=['./colcon.meta'], base_paths=['.'], packages_ignore=None, packages_ignore_regex=None, paths=None, packages_up_to=None, packages_up_to_regex=None, packages_above=None, packages_above_and_dependencies=None, packages_above_depth=None, packages_select_by_dep=None, packages_skip_by_dep=None, packages_skip_up_to=None, packages_select_build_failed=False, packages_skip_build_finished=False, packages_select_test_failures=False, packages_skip_test_passed=False, packages_select=None, packages_skip=None, packages_select_regex=None, packages_skip_regex=None, packages_start=None, packages_end=None, allow_overriding=[], cmake_args=None, cmake_target=None, cmake_target_skip_unavailable=False, cmake_clean_cache=False, cmake_clean_first=False, cmake_force_configure=False, ament_cmake_args=None, catkin_cmake_args=None, catkin_skip_building_tests=False, verb_parser=<colcon_defaults.argument_parser.defaults.DefaultArgumentsDecorator object at 0x7fe7d66b8e50>, verb_extension=<colcon_core.verb.build.BuildVerb object at 0x7fe7d6ad3a60>, main=<bound method BuildVerb.main of <colcon_core.verb.build.BuildVerb object at 0x7fe7d6ad3a60>>)
[1.026s] Level 1:colcon.colcon_core.package_discovery:discover_packages(colcon_meta) check parameters
[1.026s] Level 1:colcon.colcon_core.package_discovery:discover_packages(recursive) check parameters
[1.026s] Level 1:colcon.colcon_core.package_discovery:discover_packages(ignore) check parameters
[1.026s] Level 1:colcon.colcon_core.package_discovery:discover_packages(path) check parameters
[1.026s] Level 1:colcon.colcon_core.package_discovery:discover_packages(colcon_meta) discover
[1.026s] Level 1:colcon.colcon_core.package_discovery:discover_packages(recursive) discover
[1.026s] INFO:colcon.colcon_core.package_discovery:Crawling recursively for packages in '/home/jo/final_commit'
[1.026s] Level 1:colcon.colcon_core.package_identification:_identify(.) by extensions ['ignore', 'ignore_ament_install']
[1.026s] Level 1:colcon.colcon_core.package_identification:_identify(.) by extension 'ignore'
[1.026s] Level 1:colcon.colcon_core.package_identification:_identify(.) by extension 'ignore_ament_install'
[1.026s] Level 1:colcon.colcon_core.package_identification:_identify(.) by extensions ['colcon_pkg']
[1.026s] Level 1:colcon.colcon_core.package_identification:_identify(.) by extension 'colcon_pkg'
[1.027s] Level 1:colcon.colcon_core.package_identification:_identify(.) by extensions ['colcon_meta']
[1.027s] Level 1:colcon.colcon_core.package_identification:_identify(.) by extension 'colcon_meta'
[1.027s] Level 1:colcon.colcon_core.package_identification:_identify(.) by extensions ['ros']
[1.027s] Level 1:colcon.colcon_core.package_identification:_identify(.) by extension 'ros'
[1.035s] Level 1:colcon.colcon_core.package_identification:_identify(.) by extensions ['cmake', 'python']
[1.035s] Level 1:colcon.colcon_core.package_identification:_identify(.) by extension 'cmake'
[1.035s] Level 1:colcon.colcon_core.package_identification:_identify(.) by extension 'python'
[1.035s] Level 1:colcon.colcon_core.package_identification:_identify(.) by extensions ['python_setup_py']
[1.035s] Level 1:colcon.colcon_core.package_identification:_identify(.) by extension 'python_setup_py'
[1.035s] Level 1:colcon.colcon_core.package_identification:_identify(build) by extensions ['ignore', 'ignore_ament_install']
[1.036s] Level 1:colcon.colcon_core.package_identification:_identify(build) by extension 'ignore'
[1.036s] Level 1:colcon.colcon_core.package_identification:_identify(build) ignored
[1.036s] Level 1:colcon.colcon_core.package_identification:_identify(install) by extensions ['ignore', 'ignore_ament_install']
[1.036s] Level 1:colcon.colcon_core.package_identification:_identify(install) by extension 'ignore'
[1.036s] Level 1:colcon.colcon_core.package_identification:_identify(install) ignored
[1.036s] Level 1:colcon.colcon_core.package_identification:_identify(log) by extensions ['ignore', 'ignore_ament_install']
[1.036s] Level 1:colcon.colcon_core.package_identification:_identify(log) by extension 'ignore'
[1.036s] Level 1:colcon.colcon_core.package_identification:_identify(log) ignored
[1.036s] Level 1:colcon.colcon_core.package_identification:_identify(src) by extensions ['ignore', 'ignore_ament_install']
[1.036s] Level 1:colcon.colcon_core.package_identification:_identify(src) by extension 'ignore'
[1.036s] Level 1:colcon.colcon_core.package_identification:_identify(src) by extension 'ignore_ament_install'
[1.036s] Level 1:colcon.colcon_core.package_identification:_identify(src) by extensions ['colcon_pkg']
[1.036s] Level 1:colcon.colcon_core.package_identification:_identify(src) by extension 'colcon_pkg'
[1.036s] Level 1:colcon.colcon_core.package_identification:_identify(src) by extensions ['colcon_meta']
[1.036s] Level 1:colcon.colcon_core.package_identification:_identify(src) by extension 'colcon_meta'
[1.037s] Level 1:colcon.colcon_core.package_identification:_identify(src) by extensions ['ros']
[1.037s] Level 1:colcon.colcon_core.package_identification:_identify(src) by extension 'ros'
[1.037s] Level 1:colcon.colcon_core.package_identification:_identify(src) by extensions ['cmake', 'python']
[1.037s] Level 1:colcon.colcon_core.package_identification:_identify(src) by extension 'cmake'
[1.037s] Level 1:colcon.colcon_core.package_identification:_identify(src) by extension 'python'
[1.037s] Level 1:colcon.colcon_core.package_identification:_identify(src) by extensions ['python_setup_py']
[1.037s] Level 1:colcon.colcon_core.package_identification:_identify(src) by extension 'python_setup_py'
[1.037s] Level 1:colcon.colcon_core.package_identification:_identify(src/communication) by extensions ['ignore', 'ignore_ament_install']
[1.037s] Level 1:colcon.colcon_core.package_identification:_identify(src/communication) by extension 'ignore'
[1.037s] Level 1:colcon.colcon_core.package_identification:_identify(src/communication) by extension 'ignore_ament_install'
[1.037s] Level 1:colcon.colcon_core.package_identification:_identify(src/communication) by extensions ['colcon_pkg']
[1.037s] Level 1:colcon.colcon_core.package_identification:_identify(src/communication) by extension 'colcon_pkg'
[1.037s] Level 1:colcon.colcon_core.package_identification:_identify(src/communication) by extensions ['colcon_meta']
[1.037s] Level 1:colcon.colcon_core.package_identification:_identify(src/communication) by extension 'colcon_meta'
[1.037s] Level 1:colcon.colcon_core.package_identification:_identify(src/communication) by extensions ['ros']
[1.037s] Level 1:colcon.colcon_core.package_identification:_identify(src/communication) by extension 'ros'
[1.039s] DEBUG:colcon.colcon_core.package_identification:Package 'src/communication' with type 'ros.ament_python' and name 'communication'
[1.039s] Level 1:colcon.colcon_core.package_identification:_identify(src/communication_msgs) by extensions ['ignore', 'ignore_ament_install']
[1.039s] Level 1:colcon.colcon_core.package_identification:_identify(src/communication_msgs) by extension 'ignore'
[1.039s] Level 1:colcon.colcon_core.package_identification:_identify(src/communication_msgs) by extension 'ignore_ament_install'
[1.039s] Level 1:colcon.colcon_core.package_identification:_identify(src/communication_msgs) by extensions ['colcon_pkg']
[1.039s] Level 1:colcon.colcon_core.package_identification:_identify(src/communication_msgs) by extension 'colcon_pkg'
[1.039s] Level 1:colcon.colcon_core.package_identification:_identify(src/communication_msgs) by extensions ['colcon_meta']
[1.039s] Level 1:colcon.colcon_core.package_identification:_identify(src/communication_msgs) by extension 'colcon_meta'
[1.039s] Level 1:colcon.colcon_core.package_identification:_identify(src/communication_msgs) by extensions ['ros']
[1.039s] Level 1:colcon.colcon_core.package_identification:_identify(src/communication_msgs) by extension 'ros'
[1.040s] DEBUG:colcon.colcon_core.package_identification:Package 'src/communication_msgs' with type 'ros.ament_cmake' and name 'communication_msgs'
[1.040s] Level 1:colcon.colcon_core.package_discovery:discover_packages(recursive) using defaults
[1.040s] Level 1:colcon.colcon_core.package_discovery:discover_packages(ignore) discover
[1.040s] Level 1:colcon.colcon_core.package_discovery:discover_packages(ignore) using defaults
[1.040s] Level 1:colcon.colcon_core.package_discovery:discover_packages(path) discover
[1.040s] Level 1:colcon.colcon_core.package_discovery:discover_packages(path) using defaults
[1.129s] Level 1:colcon.colcon_core.package_discovery:discover_packages(prefix_path) check parameters
[1.129s] Level 1:colcon.colcon_core.package_discovery:discover_packages(prefix_path) discover
[1.168s] DEBUG:colcon.colcon_installed_package_information.package_discovery:Found 400 installed packages in /opt/ros/humble
[1.169s] Level 1:colcon.colcon_core.package_discovery:discover_packages(prefix_path) using defaults
[1.263s] Level 5:colcon.colcon_core.verb:set package 'communication_msgs' build argument 'cmake_args' from command line to 'None'
[1.264s] Level 5:colcon.colcon_core.verb:set package 'communication_msgs' build argument 'cmake_target' from command line to 'None'
[1.264s] Level 5:colcon.colcon_core.verb:set package 'communication_msgs' build argument 'cmake_target_skip_unavailable' from command line to 'False'
[1.264s] Level 5:colcon.colcon_core.verb:set package 'communication_msgs' build argument 'cmake_clean_cache' from command line to 'False'
[1.264s] Level 5:colcon.colcon_core.verb:set package 'communication_msgs' build argument 'cmake_clean_first' from command line to 'False'
[1.264s] Level 5:colcon.colcon_core.verb:set package 'communication_msgs' build argument 'cmake_force_configure' from command line to 'False'
[1.264s] Level 5:colcon.colcon_core.verb:set package 'communication_msgs' build argument 'ament_cmake_args' from command line to 'None'
[1.264s] Level 5:colcon.colcon_core.verb:set package 'communication_msgs' build argument 'catkin_cmake_args' from command line to 'None'
[1.264s] Level 5:colcon.colcon_core.verb:set package 'communication_msgs' build argument 'catkin_skip_building_tests' from command line to 'False'
[1.264s] DEBUG:colcon.colcon_core.verb:Building package 'communication_msgs' with the following arguments: {'ament_cmake_args': None, 'build_base': '/home/jo/final_commit/build/communication_msgs', 'catkin_cmake_args': None, 'catkin_skip_building_tests': False, 'cmake_args': None, 'cmake_clean_cache': False, 'cmake_clean_first': False, 'cmake_force_configure': False, 'cmake_target': None, 'cmake_target_skip_unavailable': False, 'install_base': '/home/jo/final_commit/install/communication_msgs', 'merge_install': False, 'path': '/home/jo/final_commit/src/communication_msgs', 'symlink_install': False, 'test_result_base': None}
[1.278s] Level 5:colcon.colcon_core.verb:set package 'communication' build argument 'cmake_args' from command line to 'None'
[1.279s] Level 5:colcon.colcon_core.verb:set package 'communication' build argument 'cmake_target' from command line to 'None'
[1.279s] Level 5:colcon.colcon_core.verb:set package 'communication' build argument 'cmake_target_skip_unavailable' from command line to 'False'
[1.279s] Level 5:colcon.colcon_core.verb:set package 'communication' build argument 'cmake_clean_cache' from command line to 'False'
[1.279s] Level 5:colcon.colcon_core.verb:set package 'communication' build argument 'cmake_clean_first' from command line to 'False'
[1.279s] Level 5:colcon.colcon_core.verb:set package 'communication' build argument 'cmake_force_configure' from command line to 'False'
[1.279s] Level 5:colcon.colcon_core.verb:set package 'communication' build argument 'ament_cmake_args' from command line to 'None'
[1.279s] Level 5:colcon.colcon_core.verb:set package 'communication' build argument 'catkin_cmake_args' from command line to 'None'
[1.279s] Level 5:colcon.colcon_core.verb:set package 'communication' build argument 'catkin_skip_building_tests' from command line to 'False'
[1.279s] DEBUG:colcon.colcon_core.verb:Building package 'communication' with the following arguments: {'ament_cmake_args': None, 'build_base': '/home/jo/final_commit/build/communication', 'catkin_cmake_args': None, 'catkin_skip_building_tests': False, 'cmake_args': None, 'cmake_clean_cache': False, 'cmake_clean_first': False, 'cmake_force_configure': False, 'cmake_target': None, 'cmake_target_skip_unavailable': False, 'install_base': '/home/jo/final_commit/install/communication', 'merge_install': False, 'path': '/home/jo/final_commit/src/communication', 'symlink_install': False, 'test_result_base': None}
[1.293s] INFO:colcon.colcon_core.executor:Executing jobs using 'parallel' executor
[1.309s] DEBUG:colcon.colcon_parallel_executor.executor.parallel:run_until_complete
[1.309s] INFO:colcon.colcon_ros.task.ament_cmake.build:Building ROS package in '/home/jo/final_commit/src/communication_msgs' with build type 'ament_cmake'
[1.309s] INFO:colcon.colcon_cmake.task.cmake.build:Building CMake package in '/home/jo/final_commit/src/communication_msgs'
[1.326s] INFO:colcon.colcon_core.plugin_system:Skipping extension 'colcon_core.shell.bat': Not used on non-Windows systems
[1.326s] INFO:colcon.colcon_core.shell:Skip shell extension 'powershell' for command environment: Not usable outside of PowerShell
[1.326s] DEBUG:colcon.colcon_core.shell:Skip shell extension 'dsv' for command environment
[1.364s] DEBUG:colcon.colcon_core.event_handler.log_command:Invoking command in '/home/jo/final_commit/build/communication_msgs': CMAKE_PREFIX_PATH=/opt/ros/humble /usr/bin/cmake --build /home/jo/final_commit/build/communication_msgs -- -j12 -l12
[1.721s] DEBUG:colcon.colcon_core.event_handler.log_command:Invoked command in '/home/jo/final_commit/build/communication_msgs' returned '0': CMAKE_PREFIX_PATH=/opt/ros/humble /usr/bin/cmake --build /home/jo/final_commit/build/communication_msgs -- -j12 -l12
[1.764s] DEBUG:colcon.colcon_core.event_handler.log_command:Invoking command in '/home/jo/final_commit/build/communication_msgs': CMAKE_PREFIX_PATH=/opt/ros/humble /usr/bin/cmake --install /home/jo/final_commit/build/communication_msgs
[1.805s] Level 1:colcon.colcon_core.environment:create_environment_scripts_only(communication_msgs)
[1.806s] DEBUG:colcon.colcon_core.event_handler.log_command:Invoked command in '/home/jo/final_commit/build/communication_msgs' returned '0': CMAKE_PREFIX_PATH=/opt/ros/humble /usr/bin/cmake --install /home/jo/final_commit/build/communication_msgs
[1.823s] Level 1:colcon.colcon_core.environment:checking '/home/jo/final_commit/install/communication_msgs' for CMake module files
[1.823s] Level 1:colcon.colcon_core.environment:checking '/home/jo/final_commit/install/communication_msgs' for CMake config files
[1.824s] Level 1:colcon.colcon_core.shell:create_environment_hook('communication_msgs', 'cmake_prefix_path')
[1.839s] INFO:colcon.colcon_core.shell:Creating environment hook '/home/jo/final_commit/install/communication_msgs/share/communication_msgs/hook/cmake_prefix_path.ps1'
[1.840s] INFO:colcon.colcon_core.shell:Creating environment descriptor '/home/jo/final_commit/install/communication_msgs/share/communication_msgs/hook/cmake_prefix_path.dsv'
[1.840s] INFO:colcon.colcon_core.shell:Creating environment hook '/home/jo/final_commit/install/communication_msgs/share/communication_msgs/hook/cmake_prefix_path.sh'
[1.841s] Level 1:colcon.colcon_core.environment:checking '/home/jo/final_commit/install/communication_msgs/lib'
[1.841s] Level 1:colcon.colcon_core.shell:create_environment_hook('communication_msgs', 'ld_library_path_lib')
[1.856s] INFO:colcon.colcon_core.shell:Creating environment hook '/home/jo/final_commit/install/communication_msgs/share/communication_msgs/hook/ld_library_path_lib.ps1'
[1.856s] INFO:colcon.colcon_core.shell:Creating environment descriptor '/home/jo/final_commit/install/communication_msgs/share/communication_msgs/hook/ld_library_path_lib.dsv'
[1.856s] INFO:colcon.colcon_core.shell:Creating environment hook '/home/jo/final_commit/install/communication_msgs/share/communication_msgs/hook/ld_library_path_lib.sh'
[1.856s] Level 1:colcon.colcon_core.environment:checking '/home/jo/final_commit/install/communication_msgs/bin'
[1.856s] Level 1:colcon.colcon_core.environment:checking '/home/jo/final_commit/install/communication_msgs/lib/pkgconfig/communication_msgs.pc'
[1.857s] Level 1:colcon.colcon_core.environment:checking '/home/jo/final_commit/install/communication_msgs/lib/python3.10/site-packages'
[1.857s] Level 1:colcon.colcon_core.environment:checking '/home/jo/final_commit/install/communication_msgs/bin'
[1.872s] INFO:colcon.colcon_core.shell:Creating package script '/home/jo/final_commit/install/communication_msgs/share/communication_msgs/package.ps1'
[1.872s] INFO:colcon.colcon_core.shell:Creating package descriptor '/home/jo/final_commit/install/communication_msgs/share/communication_msgs/package.dsv'
[1.873s] INFO:colcon.colcon_core.shell:Creating package script '/home/jo/final_commit/install/communication_msgs/share/communication_msgs/package.sh'
[1.873s] INFO:colcon.colcon_core.shell:Creating package script '/home/jo/final_commit/install/communication_msgs/share/communication_msgs/package.bash'
[1.874s] INFO:colcon.colcon_core.shell:Creating package script '/home/jo/final_commit/install/communication_msgs/share/communication_msgs/package.zsh'
[1.874s] Level 1:colcon.colcon_core.environment:create_file_with_runtime_dependencies(/home/jo/final_commit/install/communication_msgs/share/colcon-core/packages/communication_msgs)
[1.924s] Level 1:colcon.colcon_core.environment:create_environment_scripts_only(communication_msgs)
[1.939s] Level 1:colcon.colcon_core.environment:checking '/home/jo/final_commit/install/communication_msgs' for CMake module files
[1.939s] Level 1:colcon.colcon_core.environment:checking '/home/jo/final_commit/install/communication_msgs' for CMake config files
[1.939s] Level 1:colcon.colcon_core.shell:create_environment_hook('communication_msgs', 'cmake_prefix_path')
[1.955s] INFO:colcon.colcon_core.shell:Creating environment hook '/home/jo/final_commit/install/communication_msgs/share/communication_msgs/hook/cmake_prefix_path.ps1'
[1.955s] INFO:colcon.colcon_core.shell:Creating environment descriptor '/home/jo/final_commit/install/communication_msgs/share/communication_msgs/hook/cmake_prefix_path.dsv'
[1.955s] INFO:colcon.colcon_core.shell:Creating environment hook '/home/jo/final_commit/install/communication_msgs/share/communication_msgs/hook/cmake_prefix_path.sh'
[1.956s] Level 1:colcon.colcon_core.environment:checking '/home/jo/final_commit/install/communication_msgs/lib'
[1.956s] Level 1:colcon.colcon_core.shell:create_environment_hook('communication_msgs', 'ld_library_path_lib')
[1.971s] INFO:colcon.colcon_core.shell:Creating environment hook '/home/jo/final_commit/install/communication_msgs/share/communication_msgs/hook/ld_library_path_lib.ps1'
[1.971s] INFO:colcon.colcon_core.shell:Creating environment descriptor '/home/jo/final_commit/install/communication_msgs/share/communication_msgs/hook/ld_library_path_lib.dsv'
[1.971s] INFO:colcon.colcon_core.shell:Creating environment hook '/home/jo/final_commit/install/communication_msgs/share/communication_msgs/hook/ld_library_path_lib.sh'
[1.972s] Level 1:colcon.colcon_core.environment:checking '/home/jo/final_commit/install/communication_msgs/bin'
[1.972s] Level 1:colcon.colcon_core.environment:checking '/home/jo/final_commit/install/communication_msgs/lib/pkgconfig/communication_msgs.pc'
[1.972s] Level 1:colcon.colcon_core.environment:checking '/home/jo/final_commit/install/communication_msgs/lib/python3.10/site-packages'
[1.972s] Level 1:colcon.colcon_core.environment:checking '/home/jo/final_commit/install/communication_msgs/bin'
[1.987s] INFO:colcon.colcon_core.shell:Creating package script '/home/jo/final_commit/install/communication_msgs/share/communication_msgs/package.ps1'
[1.987s] INFO:colcon.colcon_core.shell:Creating package descriptor '/home/jo/final_commit/install/communication_msgs/share/communication_msgs/package.dsv'
[1.988s] INFO:colcon.colcon_core.shell:Creating package script '/home/jo/final_commit/install/communication_msgs/share/communication_msgs/package.sh'
[1.988s] INFO:colcon.colcon_core.shell:Creating package script '/home/jo/final_commit/install/communication_msgs/share/communication_msgs/package.bash'
[1.988s] INFO:colcon.colcon_core.shell:Creating package script '/home/jo/final_commit/install/communication_msgs/share/communication_msgs/package.zsh'
[1.988s] Level 1:colcon.colcon_core.environment:create_file_with_runtime_dependencies(/home/jo/final_commit/install/communication_msgs/share/colcon-core/packages/communication_msgs)
[1.989s] INFO:colcon.colcon_ros.task.ament_python.build:Building ROS package in '/home/jo/final_commit/src/communication' with build type 'ament_python'
[1.989s] Level 1:colcon.colcon_core.shell:create_environment_hook('communication', 'ament_prefix_path')
[2.005s] INFO:colcon.colcon_core.shell:Creating environment hook '/home/jo/final_commit/install/communication/share/communication/hook/ament_prefix_path.ps1'
[2.005s] INFO:colcon.colcon_core.shell:Creating environment descriptor '/home/jo/final_commit/install/communication/share/communication/hook/ament_prefix_path.dsv'
[2.006s] INFO:colcon.colcon_core.shell:Creating environment hook '/home/jo/final_commit/install/communication/share/communication/hook/ament_prefix_path.sh'
[2.023s] INFO:colcon.colcon_core.shell:Skip shell extension 'powershell' for command environment: Not usable outside of PowerShell
[2.023s] DEBUG:colcon.colcon_core.shell:Skip shell extension 'dsv' for command environment
[2.293s] INFO:colcon.colcon_core.task.python.build:Building Python package in '/home/jo/final_commit/src/communication'
[2.308s] INFO:colcon.colcon_core.shell:Skip shell extension 'powershell' for command environment: Not usable outside of PowerShell
[2.308s] DEBUG:colcon.colcon_core.shell:Skip shell extension 'dsv' for command environment
[2.630s] DEBUG:colcon.colcon_core.event_handler.log_command:Invoking command in '/home/jo/final_commit/src/communication': AMENT_PREFIX_PATH=/home/jo/final_commit/install/communication_msgs:${AMENT_PREFIX_PATH} CMAKE_PREFIX_PATH=/home/jo/final_commit/install/communication_msgs LD_LIBRARY_PATH=/home/jo/final_commit/install/communication_msgs/lib:/usr/lib/x86_64-linux-gnu/gazebo-11/plugins:/opt/ros/humble/opt/rviz_ogre_vendor/lib:/opt/ros/humble/lib/x86_64-linux-gnu:/opt/ros/humble/lib:/usr/local/cuda-12.0/lib64 PYTHONPATH=/home/jo/final_commit/build/communication/prefix_override:/home/jo/final_commit/install/communication/lib/python3.10/site-packages:/home/jo/final_commit/install/communication_msgs/local/lib/python3.10/dist-packages:${PYTHONPATH} /usr/bin/python3 setup.py egg_info --egg-base ../../build/communication build --build-base /home/jo/final_commit/build/communication/build install --record /home/jo/final_commit/build/communication/install.log --single-version-externally-managed
[2.881s] DEBUG:colcon.colcon_core.event_handler.log_command:Invoked command in '/home/jo/final_commit/src/communication' returned '0': AMENT_PREFIX_PATH=/home/jo/final_commit/install/communication_msgs:${AMENT_PREFIX_PATH} CMAKE_PREFIX_PATH=/home/jo/final_commit/install/communication_msgs LD_LIBRARY_PATH=/home/jo/final_commit/install/communication_msgs/lib:/usr/lib/x86_64-linux-gnu/gazebo-11/plugins:/opt/ros/humble/opt/rviz_ogre_vendor/lib:/opt/ros/humble/lib/x86_64-linux-gnu:/opt/ros/humble/lib:/usr/local/cuda-12.0/lib64 PYTHONPATH=/home/jo/final_commit/build/communication/prefix_override:/home/jo/final_commit/install/communication/lib/python3.10/site-packages:/home/jo/final_commit/install/communication_msgs/local/lib/python3.10/dist-packages:${PYTHONPATH} /usr/bin/python3 setup.py egg_info --egg-base ../../build/communication build --build-base /home/jo/final_commit/build/communication/build install --record /home/jo/final_commit/build/communication/install.log --single-version-externally-managed
[2.896s] Level 1:colcon.colcon_core.environment:checking '/home/jo/final_commit/install/communication' for CMake module files
[2.896s] Level 1:colcon.colcon_core.environment:checking '/home/jo/final_commit/install/communication' for CMake config files
[2.897s] Level 1:colcon.colcon_core.environment:checking '/home/jo/final_commit/install/communication/lib'
[2.897s] Level 1:colcon.colcon_core.environment:checking '/home/jo/final_commit/install/communication/bin'
[2.897s] Level 1:colcon.colcon_core.environment:checking '/home/jo/final_commit/install/communication/lib/pkgconfig/communication.pc'
[2.897s] Level 1:colcon.colcon_core.environment:checking '/home/jo/final_commit/install/communication/lib/python3.10/site-packages'
[2.897s] Level 1:colcon.colcon_core.shell:create_environment_hook('communication', 'pythonpath')
[2.911s] INFO:colcon.colcon_core.shell:Creating environment hook '/home/jo/final_commit/install/communication/share/communication/hook/pythonpath.ps1'
[2.912s] INFO:colcon.colcon_core.shell:Creating environment descriptor '/home/jo/final_commit/install/communication/share/communication/hook/pythonpath.dsv'
[2.912s] INFO:colcon.colcon_core.shell:Creating environment hook '/home/jo/final_commit/install/communication/share/communication/hook/pythonpath.sh'
[2.912s] Level 1:colcon.colcon_core.environment:checking '/home/jo/final_commit/install/communication/bin'
[2.912s] Level 1:colcon.colcon_core.environment:create_environment_scripts_only(communication)
[2.927s] INFO:colcon.colcon_core.shell:Creating package script '/home/jo/final_commit/install/communication/share/communication/package.ps1'
[2.928s] INFO:colcon.colcon_core.shell:Creating package descriptor '/home/jo/final_commit/install/communication/share/communication/package.dsv'
[2.928s] INFO:colcon.colcon_core.shell:Creating package script '/home/jo/final_commit/install/communication/share/communication/package.sh'
[2.929s] INFO:colcon.colcon_core.shell:Creating package script '/home/jo/final_commit/install/communication/share/communication/package.bash'
[2.929s] INFO:colcon.colcon_core.shell:Creating package script '/home/jo/final_commit/install/communication/share/communication/package.zsh'
[2.930s] Level 1:colcon.colcon_core.environment:create_file_with_runtime_dependencies(/home/jo/final_commit/install/communication/share/colcon-core/packages/communication)
[2.930s] DEBUG:colcon.colcon_parallel_executor.executor.parallel:closing loop
[2.930s] DEBUG:colcon.colcon_parallel_executor.executor.parallel:loop closed
[2.930s] DEBUG:colcon.colcon_parallel_executor.executor.parallel:run_until_complete finished with '0'
[2.930s] DEBUG:colcon.colcon_core.event_reactor:joining thread
[2.951s] INFO:colcon.colcon_core.plugin_system:Skipping extension 'colcon_notification.desktop_notification.terminal_notifier': Not used on non-Darwin systems
[2.951s] INFO:colcon.colcon_core.plugin_system:Skipping extension 'colcon_notification.desktop_notification.win32': Not used on non-Windows systems
[2.951s] INFO:colcon.colcon_notification.desktop_notification:Sending desktop notification using 'notify2'
[2.960s] DEBUG:colcon.colcon_core.event_reactor:joined thread
[2.976s] INFO:colcon.colcon_core.shell:Creating prefix script '/home/jo/final_commit/install/local_setup.ps1'
[2.977s] INFO:colcon.colcon_core.shell:Creating prefix util module '/home/jo/final_commit/install/_local_setup_util_ps1.py'
[2.978s] INFO:colcon.colcon_core.shell:Creating prefix chain script '/home/jo/final_commit/install/setup.ps1'
[2.994s] INFO:colcon.colcon_core.shell:Creating prefix script '/home/jo/final_commit/install/local_setup.sh'
[2.995s] INFO:colcon.colcon_core.shell:Creating prefix util module '/home/jo/final_commit/install/_local_setup_util_sh.py'
[2.995s] INFO:colcon.colcon_core.shell:Creating prefix chain script '/home/jo/final_commit/install/setup.sh'
[3.011s] INFO:colcon.colcon_core.shell:Creating prefix script '/home/jo/final_commit/install/local_setup.bash'
[3.012s] INFO:colcon.colcon_core.shell:Creating prefix chain script '/home/jo/final_commit/install/setup.bash'
[3.028s] INFO:colcon.colcon_core.shell:Creating prefix script '/home/jo/final_commit/install/local_setup.zsh'
[3.028s] INFO:colcon.colcon_core.shell:Creating prefix chain script '/home/jo/final_commit/install/setup.zsh'
