running egg_info
creating ../../build/communication/communication.egg-info
writing ../../build/communication/communication.egg-info/PKG-INFO
writing dependency_links to ../../build/communication/communication.egg-info/dependency_links.txt
writing entry points to ../../build/communication/communication.egg-info/entry_points.txt
writing requirements to ../../build/communication/communication.egg-info/requires.txt
writing top-level names to ../../build/communication/communication.egg-info/top_level.txt
writing manifest file '../../build/communication/communication.egg-info/SOURCES.txt'
reading manifest file '../../build/communication/communication.egg-info/SOURCES.txt'
writing manifest file '../../build/communication/communication.egg-info/SOURCES.txt'
running build
running build_py
creating /home/jo/final_commit/build/communication/build
creating /home/jo/final_commit/build/communication/build/lib
creating /home/jo/final_commit/build/communication/build/lib/communication
copying communication/__init__.py -> /home/jo/final_commit/build/communication/build/lib/communication
running install
running install_lib
creating /home/jo/final_commit/install/communication/lib/python3.10/site-packages/communication
copying /home/jo/final_commit/build/communication/build/lib/communication/__init__.py -> /home/jo/final_commit/install/communication/lib/python3.10/site-packages/communication
byte-compiling /home/jo/final_commit/install/communication/lib/python3.10/site-packages/communication/__init__.py to __init__.cpython-310.pyc
running install_data
creating /home/jo/final_commit/install/communication/share/ament_index
creating /home/jo/final_commit/install/communication/share/ament_index/resource_index
creating /home/jo/final_commit/install/communication/share/ament_index/resource_index/packages
copying resource/communication -> /home/jo/final_commit/install/communication/share/ament_index/resource_index/packages
copying package.xml -> /home/jo/final_commit/install/communication/share/communication
running install_egg_info
Copying ../../build/communication/communication.egg-info to /home/jo/final_commit/install/communication/lib/python3.10/site-packages/communication-0.0.0-py3.10.egg-info
running install_scripts
Installing listener script to /home/jo/final_commit/install/communication/lib/communication
Installing talker script to /home/jo/final_commit/install/communication/lib/communication
writing list of installed files to '/home/jo/final_commit/build/communication/install.log'
