[0.728s] Invoking command in '/home/jo/final_commit/src/communication': PYTHONPATH=/home/jo/final_commit/build/communication/prefix_override:/home/jo/final_commit/install/communication/lib/python3.10/site-packages:${PYTHONPATH} /usr/bin/python3 setup.py egg_info --egg-base ../../build/communication build --build-base /home/jo/final_commit/build/communication/build install --record /home/jo/final_commit/build/communication/install.log --single-version-externally-managed
[0.949s] running egg_info
[0.949s] creating ../../build/communication/communication.egg-info
[0.949s] writing ../../build/communication/communication.egg-info/PKG-INFO
[0.949s] writing dependency_links to ../../build/communication/communication.egg-info/dependency_links.txt
[0.950s] writing entry points to ../../build/communication/communication.egg-info/entry_points.txt
[0.950s] writing requirements to ../../build/communication/communication.egg-info/requires.txt
[0.950s] writing top-level names to ../../build/communication/communication.egg-info/top_level.txt
[0.950s] writing manifest file '../../build/communication/communication.egg-info/SOURCES.txt'
[0.951s] reading manifest file '../../build/communication/communication.egg-info/SOURCES.txt'
[0.952s] writing manifest file '../../build/communication/communication.egg-info/SOURCES.txt'
[0.952s] running build
[0.952s] running build_py
[0.952s] creating /home/jo/final_commit/build/communication/build
[0.952s] creating /home/jo/final_commit/build/communication/build/lib
[0.952s] creating /home/jo/final_commit/build/communication/build/lib/communication
[0.952s] copying communication/__init__.py -> /home/jo/final_commit/build/communication/build/lib/communication
[0.952s] running install
[0.953s] /usr/lib/python3/dist-packages/setuptools/command/install.py:34: SetuptoolsDeprecationWarning: setup.py install is deprecated. Use build and pip and other standards-based tools.
[0.953s]   warnings.warn(
[0.953s] running install_lib
[0.954s] creating /home/jo/final_commit/install/communication/lib/python3.10/site-packages/communication
[0.954s] copying /home/jo/final_commit/build/communication/build/lib/communication/__init__.py -> /home/jo/final_commit/install/communication/lib/python3.10/site-packages/communication
[0.954s] byte-compiling /home/jo/final_commit/install/communication/lib/python3.10/site-packages/communication/__init__.py to __init__.cpython-310.pyc
[0.955s] running install_data
[0.956s] creating /home/jo/final_commit/install/communication/share/ament_index
[0.956s] creating /home/jo/final_commit/install/communication/share/ament_index/resource_index
[0.956s] creating /home/jo/final_commit/install/communication/share/ament_index/resource_index/packages
[0.956s] copying resource/communication -> /home/jo/final_commit/install/communication/share/ament_index/resource_index/packages
[0.956s] copying package.xml -> /home/jo/final_commit/install/communication/share/communication
[0.956s] running install_egg_info
[0.957s] Copying ../../build/communication/communication.egg-info to /home/jo/final_commit/install/communication/lib/python3.10/site-packages/communication-0.0.0-py3.10.egg-info
[0.957s] running install_scripts
[0.976s] Installing listener script to /home/jo/final_commit/install/communication/lib/communication
[0.976s] Installing talker script to /home/jo/final_commit/install/communication/lib/communication
[0.976s] writing list of installed files to '/home/jo/final_commit/build/communication/install.log'
[0.999s] Invoked command in '/home/jo/final_commit/src/communication' returned '0': PYTHONPATH=/home/jo/final_commit/build/communication/prefix_override:/home/jo/final_commit/install/communication/lib/python3.10/site-packages:${PYTHONPATH} /usr/bin/python3 setup.py egg_info --egg-base ../../build/communication build --build-base /home/jo/final_commit/build/communication/build install --record /home/jo/final_commit/build/communication/install.log --single-version-externally-managed
