[0.771s] Invoking command in '/home/jo/final_commit/src/communication': LD_LIBRARY_PATH=/home/jo/final_commit/install/communication_msgs/lib:/usr/lib/x86_64-linux-gnu/gazebo-11/plugins:/opt/ros/humble/opt/rviz_ogre_vendor/lib:/opt/ros/humble/lib/x86_64-linux-gnu:/opt/ros/humble/lib:/usr/local/cuda-12.0/lib64 PYTHONPATH=/home/jo/final_commit/build/communication/prefix_override:/home/jo/final_commit/install/communication/lib/python3.10/site-packages:${PYTHONPATH} /usr/bin/python3 setup.py egg_info --egg-base ../../build/communication build --build-base /home/jo/final_commit/build/communication/build install --record /home/jo/final_commit/build/communication/install.log --single-version-externally-managed
[0.997s] running egg_info
[0.998s] creating ../../build/communication/communication.egg-info
[0.998s] writing ../../build/communication/communication.egg-info/PKG-INFO
[0.999s] writing dependency_links to ../../build/communication/communication.egg-info/dependency_links.txt
[0.999s] writing entry points to ../../build/communication/communication.egg-info/entry_points.txt
[0.999s] writing requirements to ../../build/communication/communication.egg-info/requires.txt
[0.999s] writing top-level names to ../../build/communication/communication.egg-info/top_level.txt
[0.999s] writing manifest file '../../build/communication/communication.egg-info/SOURCES.txt'
[1.001s] reading manifest file '../../build/communication/communication.egg-info/SOURCES.txt'
[1.002s] writing manifest file '../../build/communication/communication.egg-info/SOURCES.txt'
[1.002s] running build
[1.002s] running build_py
[1.002s] creating /home/jo/final_commit/build/communication/build
[1.002s] creating /home/jo/final_commit/build/communication/build/lib
[1.002s] creating /home/jo/final_commit/build/communication/build/lib/communication
[1.002s] copying communication/controller_listener.py -> /home/jo/final_commit/build/communication/build/lib/communication
[1.002s] copying communication/__init__.py -> /home/jo/final_commit/build/communication/build/lib/communication
[1.002s] copying communication/minibot_talker.py -> /home/jo/final_commit/build/communication/build/lib/communication
[1.003s] copying communication/controller_talker.py -> /home/jo/final_commit/build/communication/build/lib/communication
[1.003s] copying communication/minibot_listener.py -> /home/jo/final_commit/build/communication/build/lib/communication
[1.003s] copying communication/connect.py -> /home/jo/final_commit/build/communication/build/lib/communication
[1.003s] running install
[1.003s] /usr/lib/python3/dist-packages/setuptools/command/install.py:34: SetuptoolsDeprecationWarning: setup.py install is deprecated. Use build and pip and other standards-based tools.
[1.003s]   warnings.warn(
[1.004s] running install_lib
[1.005s] creating /home/jo/final_commit/install/communication/lib/python3.10/site-packages/communication
[1.005s] copying /home/jo/final_commit/build/communication/build/lib/communication/controller_listener.py -> /home/jo/final_commit/install/communication/lib/python3.10/site-packages/communication
[1.005s] copying /home/jo/final_commit/build/communication/build/lib/communication/__init__.py -> /home/jo/final_commit/install/communication/lib/python3.10/site-packages/communication
[1.005s] copying /home/jo/final_commit/build/communication/build/lib/communication/minibot_talker.py -> /home/jo/final_commit/install/communication/lib/python3.10/site-packages/communication
[1.005s] copying /home/jo/final_commit/build/communication/build/lib/communication/controller_talker.py -> /home/jo/final_commit/install/communication/lib/python3.10/site-packages/communication
[1.005s] copying /home/jo/final_commit/build/communication/build/lib/communication/minibot_listener.py -> /home/jo/final_commit/install/communication/lib/python3.10/site-packages/communication
[1.005s] copying /home/jo/final_commit/build/communication/build/lib/communication/connect.py -> /home/jo/final_commit/install/communication/lib/python3.10/site-packages/communication
[1.005s] byte-compiling /home/jo/final_commit/install/communication/lib/python3.10/site-packages/communication/controller_listener.py to controller_listener.cpython-310.pyc
[1.006s] byte-compiling /home/jo/final_commit/install/communication/lib/python3.10/site-packages/communication/__init__.py to __init__.cpython-310.pyc
[1.006s] byte-compiling /home/jo/final_commit/install/communication/lib/python3.10/site-packages/communication/minibot_talker.py to minibot_talker.cpython-310.pyc
[1.006s] byte-compiling /home/jo/final_commit/install/communication/lib/python3.10/site-packages/communication/controller_talker.py to controller_talker.cpython-310.pyc
[1.006s] byte-compiling /home/jo/final_commit/install/communication/lib/python3.10/site-packages/communication/minibot_listener.py to minibot_listener.cpython-310.pyc
[1.007s] byte-compiling /home/jo/final_commit/install/communication/lib/python3.10/site-packages/communication/connect.py to connect.cpython-310.pyc
[1.007s] running install_data
[1.007s] creating /home/jo/final_commit/install/communication/share/ament_index
[1.007s] creating /home/jo/final_commit/install/communication/share/ament_index/resource_index
[1.007s] creating /home/jo/final_commit/install/communication/share/ament_index/resource_index/packages
[1.007s] copying resource/communication -> /home/jo/final_commit/install/communication/share/ament_index/resource_index/packages
[1.007s] copying package.xml -> /home/jo/final_commit/install/communication/share/communication
[1.007s] creating /home/jo/final_commit/install/communication/share/communication/launch
[1.008s] copying launch/controller.launch.py -> /home/jo/final_commit/install/communication/share/communication/launch
[1.008s] copying launch/minibot.launch.py -> /home/jo/final_commit/install/communication/share/communication/launch
[1.008s] running install_egg_info
[1.009s] Copying ../../build/communication/communication.egg-info to /home/jo/final_commit/install/communication/lib/python3.10/site-packages/communication-0.0.0-py3.10.egg-info
[1.010s] running install_scripts
[1.026s] Installing connect_ros script to /home/jo/final_commit/install/communication/lib/communication
[1.026s] Installing controller_listener script to /home/jo/final_commit/install/communication/lib/communication
[1.026s] Installing controller_talker script to /home/jo/final_commit/install/communication/lib/communication
[1.026s] Installing minibot_listener script to /home/jo/final_commit/install/communication/lib/communication
[1.027s] Installing minibot_talker script to /home/jo/final_commit/install/communication/lib/communication
[1.027s] writing list of installed files to '/home/jo/final_commit/build/communication/install.log'
[1.051s] Invoked command in '/home/jo/final_commit/src/communication' returned '0': LD_LIBRARY_PATH=/home/jo/final_commit/install/communication_msgs/lib:/usr/lib/x86_64-linux-gnu/gazebo-11/plugins:/opt/ros/humble/opt/rviz_ogre_vendor/lib:/opt/ros/humble/lib/x86_64-linux-gnu:/opt/ros/humble/lib:/usr/local/cuda-12.0/lib64 PYTHONPATH=/home/jo/final_commit/build/communication/prefix_override:/home/jo/final_commit/install/communication/lib/python3.10/site-packages:${PYTHONPATH} /usr/bin/python3 setup.py egg_info --egg-base ../../build/communication build --build-base /home/jo/final_commit/build/communication/build install --record /home/jo/final_commit/build/communication/install.log --single-version-externally-managed
