/home/jo/final_commit/install/communication/lib/python3.10/site-packages/communication/controller_listener.py
/home/jo/final_commit/install/communication/lib/python3.10/site-packages/communication/__init__.py
/home/jo/final_commit/install/communication/lib/python3.10/site-packages/communication/minibot_talker.py
/home/jo/final_commit/install/communication/lib/python3.10/site-packages/communication/controller_talker.py
/home/jo/final_commit/install/communication/lib/python3.10/site-packages/communication/minibot_listener.py
/home/jo/final_commit/install/communication/lib/python3.10/site-packages/communication/connect.py
/home/jo/final_commit/install/communication/lib/python3.10/site-packages/communication/__pycache__/controller_listener.cpython-310.pyc
/home/jo/final_commit/install/communication/lib/python3.10/site-packages/communication/__pycache__/__init__.cpython-310.pyc
/home/jo/final_commit/install/communication/lib/python3.10/site-packages/communication/__pycache__/minibot_talker.cpython-310.pyc
/home/jo/final_commit/install/communication/lib/python3.10/site-packages/communication/__pycache__/controller_talker.cpython-310.pyc
/home/jo/final_commit/install/communication/lib/python3.10/site-packages/communication/__pycache__/minibot_listener.cpython-310.pyc
/home/jo/final_commit/install/communication/lib/python3.10/site-packages/communication/__pycache__/connect.cpython-310.pyc
/home/jo/final_commit/install/communication/share/ament_index/resource_index/packages/communication
/home/jo/final_commit/install/communication/share/communication/package.xml
/home/jo/final_commit/install/communication/share/communication/launch/controller.launch.py
/home/jo/final_commit/install/communication/share/communication/launch/minibot.launch.py
/home/jo/final_commit/install/communication/lib/python3.10/site-packages/communication-0.0.0-py3.10.egg-info/zip-safe
/home/jo/final_commit/install/communication/lib/python3.10/site-packages/communication-0.0.0-py3.10.egg-info/requires.txt
/home/jo/final_commit/install/communication/lib/python3.10/site-packages/communication-0.0.0-py3.10.egg-info/dependency_links.txt
/home/jo/final_commit/install/communication/lib/python3.10/site-packages/communication-0.0.0-py3.10.egg-info/PKG-INFO
/home/jo/final_commit/install/communication/lib/python3.10/site-packages/communication-0.0.0-py3.10.egg-info/entry_points.txt
/home/jo/final_commit/install/communication/lib/python3.10/site-packages/communication-0.0.0-py3.10.egg-info/top_level.txt
/home/jo/final_commit/install/communication/lib/python3.10/site-packages/communication-0.0.0-py3.10.egg-info/SOURCES.txt
/home/jo/final_commit/install/communication/lib/communication/connect_ros
/home/jo/final_commit/install/communication/lib/communication/controller_listener
/home/jo/final_commit/install/communication/lib/communication/controller_talker
/home/jo/final_commit/install/communication/lib/communication/minibot_listener
/home/jo/final_commit/install/communication/lib/communication/minibot_talker
