[2.109s] Invoking command in '/home/jo/final_commit/src/description': PYTHONPATH=/home/jo/final_commit/build/description/prefix_override:/home/jo/final_commit/install/description/lib/python3.10/site-packages:${PYTHONPATH} /usr/bin/python3 setup.py egg_info --egg-base ../../build/description build --build-base /home/jo/final_commit/build/description/build install --record /home/jo/final_commit/build/description/install.log --single-version-externally-managed
[2.588s] running egg_info
[2.589s] writing ../../build/description/description.egg-info/PKG-INFO
[2.589s] writing dependency_links to ../../build/description/description.egg-info/dependency_links.txt
[2.590s] writing entry points to ../../build/description/description.egg-info/entry_points.txt
[2.590s] writing requirements to ../../build/description/description.egg-info/requires.txt
[2.590s] writing top-level names to ../../build/description/description.egg-info/top_level.txt
[2.592s] reading manifest file '../../build/description/description.egg-info/SOURCES.txt'
[2.593s] writing manifest file '../../build/description/description.egg-info/SOURCES.txt'
[2.594s] running build
[2.594s] running build_py
[2.595s] running install
[2.596s] /usr/lib/python3/dist-packages/setuptools/command/install.py:34: SetuptoolsDeprecationWarning: setup.py install is deprecated. Use build and pip and other standards-based tools.
[2.597s]   warnings.warn(
[2.599s] running install_lib
[2.602s] running install_data
[2.603s] copying urdf/robot.urdf.xacro -> /home/jo/final_commit/install/description/share/description/urdf
[2.603s] running install_egg_info
[2.606s] removing '/home/jo/final_commit/install/description/lib/python3.10/site-packages/description-0.0.0-py3.10.egg-info' (and everything under it)
[2.606s] Copying ../../build/description/description.egg-info to /home/jo/final_commit/install/description/lib/python3.10/site-packages/description-0.0.0-py3.10.egg-info
[2.607s] running install_scripts
[2.655s] writing list of installed files to '/home/jo/final_commit/build/description/install.log'
[2.768s] Invoked command in '/home/jo/final_commit/src/description' returned '0': PYTHONPATH=/home/jo/final_commit/build/description/prefix_override:/home/jo/final_commit/install/description/lib/python3.10/site-packages:${PYTHONPATH} /usr/bin/python3 setup.py egg_info --egg-base ../../build/description build --build-base /home/jo/final_commit/build/description/build install --record /home/jo/final_commit/build/description/install.log --single-version-externally-managed
