[0.749s] Invoking command in '/home/jo/ros-repo-2/src/minibot_network': PS1=\[\e]0;\u@\h: \w\a\]${debian_chroot:+($debian_chroot)}\[\033[01;32m\]\u@\h\[\033[00m\]:\[\033[01;34m\]\w\[\033[00m\]\$ PYTHONPATH=/home/jo/ros-repo-2/build/minibot_network/prefix_override:/home/jo/ros-repo-2/install/minibot_network/lib/python3.10/site-packages:${PYTHONPATH} /usr/bin/python3 setup.py egg_info --egg-base ../../build/minibot_network build --build-base /home/jo/ros-repo-2/build/minibot_network/build install --record /home/jo/ros-repo-2/build/minibot_network/install.log --single-version-externally-managed
[0.960s] running egg_info
[0.961s] writing ../../build/minibot_network/minibot_network.egg-info/PKG-INFO
[0.961s] writing dependency_links to ../../build/minibot_network/minibot_network.egg-info/dependency_links.txt
[0.961s] writing entry points to ../../build/minibot_network/minibot_network.egg-info/entry_points.txt
[0.962s] writing requirements to ../../build/minibot_network/minibot_network.egg-info/requires.txt
[0.962s] writing top-level names to ../../build/minibot_network/minibot_network.egg-info/top_level.txt
[0.963s] reading manifest file '../../build/minibot_network/minibot_network.egg-info/SOURCES.txt'
[0.964s] writing manifest file '../../build/minibot_network/minibot_network.egg-info/SOURCES.txt'
[0.964s] running build
[0.964s] running build_py
[0.964s] running install
[0.965s] /usr/lib/python3/dist-packages/setuptools/command/install.py:34: SetuptoolsDeprecationWarning: setup.py install is deprecated. Use build and pip and other standards-based tools.
[0.965s]   warnings.warn(
[0.965s] running install_lib
[0.966s] running install_data
[0.966s] running install_egg_info
[0.968s] removing '/home/jo/ros-repo-2/install/minibot_network/lib/python3.10/site-packages/minibot_network-0.0.0-py3.10.egg-info' (and everything under it)
[0.968s] Copying ../../build/minibot_network/minibot_network.egg-info to /home/jo/ros-repo-2/install/minibot_network/lib/python3.10/site-packages/minibot_network-0.0.0-py3.10.egg-info
[0.969s] running install_scripts
[0.984s] Installing main_client script to /home/jo/ros-repo-2/install/minibot_network/lib/minibot_network
[0.984s] Installing main_server script to /home/jo/ros-repo-2/install/minibot_network/lib/minibot_network
[0.984s] Installing minibot_cam_publish script to /home/jo/ros-repo-2/install/minibot_network/lib/minibot_network
[0.984s] Installing minibot_cam_subscriber script to /home/jo/ros-repo-2/install/minibot_network/lib/minibot_network
[0.985s] writing list of installed files to '/home/jo/ros-repo-2/build/minibot_network/install.log'
[1.000s] Invoked command in '/home/jo/ros-repo-2/src/minibot_network' returned '0': PS1=\[\e]0;\u@\h: \w\a\]${debian_chroot:+($debian_chroot)}\[\033[01;32m\]\u@\h\[\033[00m\]:\[\033[01;34m\]\w\[\033[00m\]\$ PYTHONPATH=/home/jo/ros-repo-2/build/minibot_network/prefix_override:/home/jo/ros-repo-2/install/minibot_network/lib/python3.10/site-packages:${PYTHONPATH} /usr/bin/python3 setup.py egg_info --egg-base ../../build/minibot_network build --build-base /home/jo/ros-repo-2/build/minibot_network/build install --record /home/jo/ros-repo-2/build/minibot_network/install.log --single-version-externally-managed
