[1.656s] Invoking command in '/home/jo/final_commit/src/description': PYTHONPATH=/home/jo/final_commit/build/description/prefix_override:/home/jo/final_commit/install/description/lib/python3.10/site-packages:${PYTHONPATH} /usr/bin/python3 setup.py egg_info --egg-base ../../build/description build --build-base /home/jo/final_commit/build/description/build install --record /home/jo/final_commit/build/description/install.log --single-version-externally-managed
[1.873s] running egg_info
[1.874s] writing ../../build/description/description.egg-info/PKG-INFO
[1.874s] writing dependency_links to ../../build/description/description.egg-info/dependency_links.txt
[1.874s] writing entry points to ../../build/description/description.egg-info/entry_points.txt
[1.874s] writing requirements to ../../build/description/description.egg-info/requires.txt
[1.874s] writing top-level names to ../../build/description/description.egg-info/top_level.txt
[1.876s] reading manifest file '../../build/description/description.egg-info/SOURCES.txt'
[1.876s] writing manifest file '../../build/description/description.egg-info/SOURCES.txt'
[1.876s] running build
[1.876s] running build_py
[1.876s] running install
[1.877s] /usr/lib/python3/dist-packages/setuptools/command/install.py:34: SetuptoolsDeprecationWarning: setup.py install is deprecated. Use build and pip and other standards-based tools.
[1.877s]   warnings.warn(
[1.877s] running install_lib
[1.878s] running install_data
[1.878s] creating /home/jo/final_commit/install/description/share/description/urdf
[1.878s] copying urdf/inertial_macros.xacro -> /home/jo/final_commit/install/description/share/description/urdf
[1.878s] copying urdf/gazebo_control.xacro -> /home/jo/final_commit/install/description/share/description/urdf
[1.878s] copying urdf/robot_core.xacro -> /home/jo/final_commit/install/description/share/description/urdf
[1.878s] copying urdf/robot.urdf.xacro -> /home/jo/final_commit/install/description/share/description/urdf
[1.879s] copying urdf/lidar.xacro -> /home/jo/final_commit/install/description/share/description/urdf
[1.879s] copying urdf/ros2_control.xacro -> /home/jo/final_commit/install/description/share/description/urdf
[1.879s] copying urdf/camera.xacro -> /home/jo/final_commit/install/description/share/description/urdf
[1.879s] running install_egg_info
[1.880s] removing '/home/jo/final_commit/install/description/lib/python3.10/site-packages/description-0.0.0-py3.10.egg-info' (and everything under it)
[1.880s] Copying ../../build/description/description.egg-info to /home/jo/final_commit/install/description/lib/python3.10/site-packages/description-0.0.0-py3.10.egg-info
[1.880s] running install_scripts
[1.898s] writing list of installed files to '/home/jo/final_commit/build/description/install.log'
[1.928s] Invoked command in '/home/jo/final_commit/src/description' returned '0': PYTHONPATH=/home/jo/final_commit/build/description/prefix_override:/home/jo/final_commit/install/description/lib/python3.10/site-packages:${PYTHONPATH} /usr/bin/python3 setup.py egg_info --egg-base ../../build/description build --build-base /home/jo/final_commit/build/description/build install --record /home/jo/final_commit/build/description/install.log --single-version-externally-managed
