[0.790s] Invoking command in '/home/jo/ros-repo-2/src/minibot_network': PYTHONPATH=/home/jo/ros-repo-2/build/minibot_network/prefix_override:/home/jo/ros-repo-2/install/minibot_network/lib/python3.10/site-packages:${PYTHONPATH} /usr/bin/python3 setup.py egg_info --egg-base ../../build/minibot_network build --build-base /home/jo/ros-repo-2/build/minibot_network/build install --record /home/jo/ros-repo-2/build/minibot_network/install.log --single-version-externally-managed
[1.026s] running egg_info
[1.026s] writing ../../build/minibot_network/minibot_network.egg-info/PKG-INFO
[1.026s] writing dependency_links to ../../build/minibot_network/minibot_network.egg-info/dependency_links.txt
[1.027s] writing entry points to ../../build/minibot_network/minibot_network.egg-info/entry_points.txt
[1.027s] writing requirements to ../../build/minibot_network/minibot_network.egg-info/requires.txt
[1.027s] writing top-level names to ../../build/minibot_network/minibot_network.egg-info/top_level.txt
[1.028s] reading manifest file '../../build/minibot_network/minibot_network.egg-info/SOURCES.txt'
[1.029s] writing manifest file '../../build/minibot_network/minibot_network.egg-info/SOURCES.txt'
[1.029s] running build
[1.029s] running build_py
[1.030s] copying minibot_network/multi_thread_test.py -> /home/jo/ros-repo-2/build/minibot_network/build/lib/minibot_network
[1.031s] copying minibot_network/main_server.py -> /home/jo/ros-repo-2/build/minibot_network/build/lib/minibot_network
[1.031s] copying minibot_network/multi_thread_cam_test.py -> /home/jo/ros-repo-2/build/minibot_network/build/lib/minibot_network
[1.031s] running install
[1.031s] /usr/lib/python3/dist-packages/setuptools/command/install.py:34: SetuptoolsDeprecationWarning: setup.py install is deprecated. Use build and pip and other standards-based tools.
[1.031s]   warnings.warn(
[1.032s] running install_lib
[1.032s] copying /home/jo/ros-repo-2/build/minibot_network/build/lib/minibot_network/multi_thread_test.py -> /home/jo/ros-repo-2/install/minibot_network/lib/python3.10/site-packages/minibot_network
[1.032s] copying /home/jo/ros-repo-2/build/minibot_network/build/lib/minibot_network/main_server.py -> /home/jo/ros-repo-2/install/minibot_network/lib/python3.10/site-packages/minibot_network
[1.033s] copying /home/jo/ros-repo-2/build/minibot_network/build/lib/minibot_network/multi_thread_cam_test.py -> /home/jo/ros-repo-2/install/minibot_network/lib/python3.10/site-packages/minibot_network
[1.033s] byte-compiling /home/jo/ros-repo-2/install/minibot_network/lib/python3.10/site-packages/minibot_network/multi_thread_test.py to multi_thread_test.cpython-310.pyc
[1.034s] byte-compiling /home/jo/ros-repo-2/install/minibot_network/lib/python3.10/site-packages/minibot_network/main_server.py to main_server.cpython-310.pyc
[1.035s] byte-compiling /home/jo/ros-repo-2/install/minibot_network/lib/python3.10/site-packages/minibot_network/multi_thread_cam_test.py to multi_thread_cam_test.cpython-310.pyc
[1.035s] running install_data
[1.035s] running install_egg_info
[1.037s] removing '/home/jo/ros-repo-2/install/minibot_network/lib/python3.10/site-packages/minibot_network-0.0.0-py3.10.egg-info' (and everything under it)
[1.037s] Copying ../../build/minibot_network/minibot_network.egg-info to /home/jo/ros-repo-2/install/minibot_network/lib/python3.10/site-packages/minibot_network-0.0.0-py3.10.egg-info
[1.038s] running install_scripts
[1.055s] Installing main_client script to /home/jo/ros-repo-2/install/minibot_network/lib/minibot_network
[1.055s] Installing main_server script to /home/jo/ros-repo-2/install/minibot_network/lib/minibot_network
[1.055s] Installing minibot_cam_publish script to /home/jo/ros-repo-2/install/minibot_network/lib/minibot_network
[1.056s] Installing minibot_cam_subscriber script to /home/jo/ros-repo-2/install/minibot_network/lib/minibot_network
[1.056s] writing list of installed files to '/home/jo/ros-repo-2/build/minibot_network/install.log'
[1.074s] Invoked command in '/home/jo/ros-repo-2/src/minibot_network' returned '0': PYTHONPATH=/home/jo/ros-repo-2/build/minibot_network/prefix_override:/home/jo/ros-repo-2/install/minibot_network/lib/python3.10/site-packages:${PYTHONPATH} /usr/bin/python3 setup.py egg_info --egg-base ../../build/minibot_network build --build-base /home/jo/ros-repo-2/build/minibot_network/build install --record /home/jo/ros-repo-2/build/minibot_network/install.log --single-version-externally-managed
