/home/jo/ros-repo-2/install/minibot_network/lib/python3.10/site-packages/minibot_network/other_server.py
/home/jo/ros-repo-2/install/minibot_network/lib/python3.10/site-packages/minibot_network/multi_thread_test.py
/home/jo/ros-repo-2/install/minibot_network/lib/python3.10/site-packages/minibot_network/__init__.py
/home/jo/ros-repo-2/install/minibot_network/lib/python3.10/site-packages/minibot_network/minibot_cam_subscriber.py
/home/jo/ros-repo-2/install/minibot_network/lib/python3.10/site-packages/minibot_network/minibot_cam_publish.py
/home/jo/ros-repo-2/install/minibot_network/lib/python3.10/site-packages/minibot_network/minibot_tcp_client.py
/home/jo/ros-repo-2/install/minibot_network/lib/python3.10/site-packages/minibot_network/main_server.py
/home/jo/ros-repo-2/install/minibot_network/lib/python3.10/site-packages/minibot_network/other_client.py
/home/jo/ros-repo-2/install/minibot_network/lib/python3.10/site-packages/minibot_network/multi_thread_cam_test.py
/home/jo/ros-repo-2/install/minibot_network/lib/python3.10/site-packages/minibot_network/main_client.py
/home/jo/ros-repo-2/install/minibot_network/lib/python3.10/site-packages/minibot_network/__pycache__/other_server.cpython-310.pyc
/home/jo/ros-repo-2/install/minibot_network/lib/python3.10/site-packages/minibot_network/__pycache__/multi_thread_test.cpython-310.pyc
/home/jo/ros-repo-2/install/minibot_network/lib/python3.10/site-packages/minibot_network/__pycache__/__init__.cpython-310.pyc
/home/jo/ros-repo-2/install/minibot_network/lib/python3.10/site-packages/minibot_network/__pycache__/minibot_cam_subscriber.cpython-310.pyc
/home/jo/ros-repo-2/install/minibot_network/lib/python3.10/site-packages/minibot_network/__pycache__/minibot_cam_publish.cpython-310.pyc
/home/jo/ros-repo-2/install/minibot_network/lib/python3.10/site-packages/minibot_network/__pycache__/minibot_tcp_client.cpython-310.pyc
/home/jo/ros-repo-2/install/minibot_network/lib/python3.10/site-packages/minibot_network/__pycache__/main_server.cpython-310.pyc
/home/jo/ros-repo-2/install/minibot_network/lib/python3.10/site-packages/minibot_network/__pycache__/other_client.cpython-310.pyc
/home/jo/ros-repo-2/install/minibot_network/lib/python3.10/site-packages/minibot_network/__pycache__/multi_thread_cam_test.cpython-310.pyc
/home/jo/ros-repo-2/install/minibot_network/lib/python3.10/site-packages/minibot_network/__pycache__/main_client.cpython-310.pyc
/home/jo/ros-repo-2/install/minibot_network/share/ament_index/resource_index/packages/minibot_network
/home/jo/ros-repo-2/install/minibot_network/share/minibot_network/package.xml
/home/jo/ros-repo-2/install/minibot_network/share/minibot_network/launch
/home/jo/ros-repo-2/install/minibot_network/share/minibot_network/param
/home/jo/ros-repo-2/install/minibot_network/lib/python3.10/site-packages/minibot_network-0.0.0-py3.10.egg-info/zip-safe
/home/jo/ros-repo-2/install/minibot_network/lib/python3.10/site-packages/minibot_network-0.0.0-py3.10.egg-info/requires.txt
/home/jo/ros-repo-2/install/minibot_network/lib/python3.10/site-packages/minibot_network-0.0.0-py3.10.egg-info/dependency_links.txt
/home/jo/ros-repo-2/install/minibot_network/lib/python3.10/site-packages/minibot_network-0.0.0-py3.10.egg-info/PKG-INFO
/home/jo/ros-repo-2/install/minibot_network/lib/python3.10/site-packages/minibot_network-0.0.0-py3.10.egg-info/entry_points.txt
/home/jo/ros-repo-2/install/minibot_network/lib/python3.10/site-packages/minibot_network-0.0.0-py3.10.egg-info/top_level.txt
/home/jo/ros-repo-2/install/minibot_network/lib/python3.10/site-packages/minibot_network-0.0.0-py3.10.egg-info/SOURCES.txt
/home/jo/ros-repo-2/install/minibot_network/lib/minibot_network/main_client
/home/jo/ros-repo-2/install/minibot_network/lib/minibot_network/main_server
/home/jo/ros-repo-2/install/minibot_network/lib/minibot_network/minibot_cam_publish
/home/jo/ros-repo-2/install/minibot_network/lib/minibot_network/minibot_cam_subscriber
/home/jo/ros-repo-2/install/minibot_network/lib/minibot_network/minibot_tcp_client
/home/jo/ros-repo-2/install/minibot_network/lib/minibot_network/other_client
