[1.552s] Invoking command in '/home/jo/final_commit/src/multy_spawn': PYTHONPATH=/home/jo/final_commit/build/multy_spawn/prefix_override:/home/jo/final_commit/install/multy_spawn/lib/python3.10/site-packages:${PYTHONPATH} /usr/bin/python3 setup.py egg_info --egg-base ../../build/multy_spawn build --build-base /home/jo/final_commit/build/multy_spawn/build install --record /home/jo/final_commit/build/multy_spawn/install.log --single-version-externally-managed
[1.805s] running egg_info
[1.806s] writing ../../build/multy_spawn/multy_spawn.egg-info/PKG-INFO
[1.806s] writing dependency_links to ../../build/multy_spawn/multy_spawn.egg-info/dependency_links.txt
[1.806s] writing entry points to ../../build/multy_spawn/multy_spawn.egg-info/entry_points.txt
[1.807s] writing requirements to ../../build/multy_spawn/multy_spawn.egg-info/requires.txt
[1.807s] writing top-level names to ../../build/multy_spawn/multy_spawn.egg-info/top_level.txt
[1.810s] reading manifest file '../../build/multy_spawn/multy_spawn.egg-info/SOURCES.txt'
[1.811s] writing manifest file '../../build/multy_spawn/multy_spawn.egg-info/SOURCES.txt'
[1.811s] running build
[1.811s] running build_py
[1.811s] running install
[1.812s] /usr/lib/python3/dist-packages/setuptools/command/install.py:34: SetuptoolsDeprecationWarning: setup.py install is deprecated. Use build and pip and other standards-based tools.
[1.812s]   warnings.warn(
[1.813s] running install_lib
[1.813s] running install_data
[1.814s] running install_egg_info
[1.815s] removing '/home/jo/final_commit/install/multy_spawn/lib/python3.10/site-packages/multy_spawn-0.0.0-py3.10.egg-info' (and everything under it)
[1.815s] Copying ../../build/multy_spawn/multy_spawn.egg-info to /home/jo/final_commit/install/multy_spawn/lib/python3.10/site-packages/multy_spawn-0.0.0-py3.10.egg-info
[1.816s] running install_scripts
[1.835s] writing list of installed files to '/home/jo/final_commit/build/multy_spawn/install.log'
[1.869s] Invoked command in '/home/jo/final_commit/src/multy_spawn' returned '0': PYTHONPATH=/home/jo/final_commit/build/multy_spawn/prefix_override:/home/jo/final_commit/install/multy_spawn/lib/python3.10/site-packages:${PYTHONPATH} /usr/bin/python3 setup.py egg_info --egg-base ../../build/multy_spawn build --build-base /home/jo/final_commit/build/multy_spawn/build install --record /home/jo/final_commit/build/multy_spawn/install.log --single-version-externally-managed
