[0.025s] Invoking command in '/home/jo/final_commit/build/communication_msgs': /usr/bin/cmake --build /home/jo/final_commit/build/communication_msgs -- -j12 -l12
[0.062s] [  9%] Built target communication_msgs__cpp
[0.062s] [ 12%] Built target communication_msgs__rosidl_generator_c
[0.072s] [ 12%] Built target ament_cmake_python_copy_communication_msgs
[0.078s] [ 41%] Built target communication_msgs__rosidl_typesupport_fastrtps_cpp
[0.078s] [ 41%] Built target communication_msgs__rosidl_typesupport_introspection_cpp
[0.078s] [ 41%] Built target communication_msgs__rosidl_typesupport_introspection_c
[0.079s] [ 54%] Built target communication_msgs__rosidl_typesupport_cpp
[0.079s] [ 61%] Built target communication_msgs__rosidl_typesupport_fastrtps_c
[0.081s] [ 70%] Built target communication_msgs__rosidl_typesupport_c
[0.095s] [ 70%] Built target communication_msgs
[0.109s] [ 74%] Built target communication_msgs__py
[0.126s] [ 80%] Built target communication_msgs__rosidl_generator_py
[0.145s] [100%] Built target communication_msgs__rosidl_typesupport_c__pyext
[0.146s] [100%] Built target communication_msgs__rosidl_typesupport_fastrtps_c__pyext
[0.146s] [100%] Built target communication_msgs__rosidl_typesupport_introspection_c__pyext
[0.259s] running egg_info
[0.260s] writing communication_msgs.egg-info/PKG-INFO
[0.260s] writing dependency_links to communication_msgs.egg-info/dependency_links.txt
[0.260s] writing top-level names to communication_msgs.egg-info/top_level.txt
[0.262s] reading manifest file 'communication_msgs.egg-info/SOURCES.txt'
[0.263s] writing manifest file 'communication_msgs.egg-info/SOURCES.txt'
[0.284s] [100%] Built target ament_cmake_python_build_communication_msgs_egg
[0.291s] Invoked command in '/home/jo/final_commit/build/communication_msgs' returned '0': /usr/bin/cmake --build /home/jo/final_commit/build/communication_msgs -- -j12 -l12
[0.331s] Invoking command in '/home/jo/final_commit/build/communication_msgs': /usr/bin/cmake --install /home/jo/final_commit/build/communication_msgs
[0.338s] -- Install configuration: ""
[0.338s] -- Up-to-date: /home/jo/final_commit/install/communication_msgs/share/ament_index/resource_index/rosidl_interfaces/communication_msgs
[0.338s] -- Up-to-date: /home/jo/final_commit/install/communication_msgs/include/communication_msgs/communication_msgs
[0.338s] -- Up-to-date: /home/jo/final_commit/install/communication_msgs/include/communication_msgs/communication_msgs/msg
[0.338s] -- Up-to-date: /home/jo/final_commit/install/communication_msgs/include/communication_msgs/communication_msgs/msg/talker.h
[0.338s] -- Up-to-date: /home/jo/final_commit/install/communication_msgs/include/communication_msgs/communication_msgs/msg/detail
[0.338s] -- Up-to-date: /home/jo/final_commit/install/communication_msgs/include/communication_msgs/communication_msgs/msg/detail/talker__functions.c
[0.338s] -- Up-to-date: /home/jo/final_commit/install/communication_msgs/include/communication_msgs/communication_msgs/msg/detail/talker__struct.h
[0.338s] -- Up-to-date: /home/jo/final_commit/install/communication_msgs/include/communication_msgs/communication_msgs/msg/detail/talker__type_support.h
[0.338s] -- Up-to-date: /home/jo/final_commit/install/communication_msgs/include/communication_msgs/communication_msgs/msg/detail/talker__functions.h
[0.338s] -- Up-to-date: /home/jo/final_commit/install/communication_msgs/include/communication_msgs/communication_msgs/msg/rosidl_generator_c__visibility_control.h
[0.338s] -- Up-to-date: /home/jo/final_commit/install/communication_msgs/share/communication_msgs/environment/library_path.sh
[0.338s] -- Up-to-date: /home/jo/final_commit/install/communication_msgs/share/communication_msgs/environment/library_path.dsv
[0.338s] -- Up-to-date: /home/jo/final_commit/install/communication_msgs/lib/libcommunication_msgs__rosidl_generator_c.so
[0.339s] -- Up-to-date: /home/jo/final_commit/install/communication_msgs/include/communication_msgs/communication_msgs
[0.339s] -- Up-to-date: /home/jo/final_commit/install/communication_msgs/include/communication_msgs/communication_msgs/msg
[0.339s] -- Up-to-date: /home/jo/final_commit/install/communication_msgs/include/communication_msgs/communication_msgs/msg/rosidl_typesupport_fastrtps_c__visibility_control.h
[0.339s] -- Up-to-date: /home/jo/final_commit/install/communication_msgs/include/communication_msgs/communication_msgs/msg/detail
[0.339s] -- Up-to-date: /home/jo/final_commit/install/communication_msgs/include/communication_msgs/communication_msgs/msg/detail/talker__rosidl_typesupport_fastrtps_c.h
[0.339s] -- Up-to-date: /home/jo/final_commit/install/communication_msgs/lib/libcommunication_msgs__rosidl_typesupport_fastrtps_c.so
[0.339s] -- Up-to-date: /home/jo/final_commit/install/communication_msgs/include/communication_msgs/communication_msgs
[0.339s] -- Up-to-date: /home/jo/final_commit/install/communication_msgs/include/communication_msgs/communication_msgs/msg
[0.339s] -- Up-to-date: /home/jo/final_commit/install/communication_msgs/include/communication_msgs/communication_msgs/msg/rosidl_typesupport_introspection_c__visibility_control.h
[0.339s] -- Up-to-date: /home/jo/final_commit/install/communication_msgs/include/communication_msgs/communication_msgs/msg/detail
[0.339s] -- Up-to-date: /home/jo/final_commit/install/communication_msgs/include/communication_msgs/communication_msgs/msg/detail/talker__type_support.c
[0.339s] -- Up-to-date: /home/jo/final_commit/install/communication_msgs/include/communication_msgs/communication_msgs/msg/detail/talker__rosidl_typesupport_introspection_c.h
[0.339s] -- Up-to-date: /home/jo/final_commit/install/communication_msgs/lib/libcommunication_msgs__rosidl_typesupport_introspection_c.so
[0.339s] -- Up-to-date: /home/jo/final_commit/install/communication_msgs/lib/libcommunication_msgs__rosidl_typesupport_c.so
[0.339s] -- Up-to-date: /home/jo/final_commit/install/communication_msgs/include/communication_msgs/communication_msgs
[0.340s] -- Up-to-date: /home/jo/final_commit/install/communication_msgs/include/communication_msgs/communication_msgs/msg
[0.340s] -- Up-to-date: /home/jo/final_commit/install/communication_msgs/include/communication_msgs/communication_msgs/msg/talker.hpp
[0.340s] -- Up-to-date: /home/jo/final_commit/install/communication_msgs/include/communication_msgs/communication_msgs/msg/detail
[0.340s] -- Up-to-date: /home/jo/final_commit/install/communication_msgs/include/communication_msgs/communication_msgs/msg/detail/talker__builder.hpp
[0.340s] -- Up-to-date: /home/jo/final_commit/install/communication_msgs/include/communication_msgs/communication_msgs/msg/detail/talker__struct.hpp
[0.340s] -- Up-to-date: /home/jo/final_commit/install/communication_msgs/include/communication_msgs/communication_msgs/msg/detail/talker__traits.hpp
[0.340s] -- Up-to-date: /home/jo/final_commit/install/communication_msgs/include/communication_msgs/communication_msgs
[0.340s] -- Up-to-date: /home/jo/final_commit/install/communication_msgs/include/communication_msgs/communication_msgs/msg
[0.340s] -- Up-to-date: /home/jo/final_commit/install/communication_msgs/include/communication_msgs/communication_msgs/msg/rosidl_typesupport_fastrtps_cpp__visibility_control.h
[0.340s] -- Up-to-date: /home/jo/final_commit/install/communication_msgs/include/communication_msgs/communication_msgs/msg/detail
[0.340s] -- Up-to-date: /home/jo/final_commit/install/communication_msgs/include/communication_msgs/communication_msgs/msg/detail/talker__rosidl_typesupport_fastrtps_cpp.hpp
[0.340s] -- Up-to-date: /home/jo/final_commit/install/communication_msgs/include/communication_msgs/communication_msgs/msg/detail/dds_fastrtps
[0.340s] -- Up-to-date: /home/jo/final_commit/install/communication_msgs/lib/libcommunication_msgs__rosidl_typesupport_fastrtps_cpp.so
[0.340s] -- Up-to-date: /home/jo/final_commit/install/communication_msgs/include/communication_msgs/communication_msgs
[0.341s] -- Up-to-date: /home/jo/final_commit/install/communication_msgs/include/communication_msgs/communication_msgs/msg
[0.341s] -- Up-to-date: /home/jo/final_commit/install/communication_msgs/include/communication_msgs/communication_msgs/msg/detail
[0.341s] -- Up-to-date: /home/jo/final_commit/install/communication_msgs/include/communication_msgs/communication_msgs/msg/detail/talker__type_support.cpp
[0.341s] -- Up-to-date: /home/jo/final_commit/install/communication_msgs/include/communication_msgs/communication_msgs/msg/detail/talker__rosidl_typesupport_introspection_cpp.hpp
[0.341s] -- Up-to-date: /home/jo/final_commit/install/communication_msgs/lib/libcommunication_msgs__rosidl_typesupport_introspection_cpp.so
[0.341s] -- Up-to-date: /home/jo/final_commit/install/communication_msgs/lib/libcommunication_msgs__rosidl_typesupport_cpp.so
[0.341s] -- Up-to-date: /home/jo/final_commit/install/communication_msgs/share/communication_msgs/environment/pythonpath.sh
[0.341s] -- Up-to-date: /home/jo/final_commit/install/communication_msgs/share/communication_msgs/environment/pythonpath.dsv
[0.341s] -- Up-to-date: /home/jo/final_commit/install/communication_msgs/local/lib/python3.10/dist-packages/communication_msgs-0.0.0-py3.10.egg-info
[0.341s] -- Installing: /home/jo/final_commit/install/communication_msgs/local/lib/python3.10/dist-packages/communication_msgs-0.0.0-py3.10.egg-info/dependency_links.txt
[0.341s] -- Installing: /home/jo/final_commit/install/communication_msgs/local/lib/python3.10/dist-packages/communication_msgs-0.0.0-py3.10.egg-info/PKG-INFO
[0.341s] -- Installing: /home/jo/final_commit/install/communication_msgs/local/lib/python3.10/dist-packages/communication_msgs-0.0.0-py3.10.egg-info/top_level.txt
[0.341s] -- Installing: /home/jo/final_commit/install/communication_msgs/local/lib/python3.10/dist-packages/communication_msgs-0.0.0-py3.10.egg-info/SOURCES.txt
[0.341s] -- Up-to-date: /home/jo/final_commit/install/communication_msgs/local/lib/python3.10/dist-packages/communication_msgs
[0.341s] -- Up-to-date: /home/jo/final_commit/install/communication_msgs/local/lib/python3.10/dist-packages/communication_msgs/libcommunication_msgs__rosidl_generator_py.so
[0.342s] -- Up-to-date: /home/jo/final_commit/install/communication_msgs/local/lib/python3.10/dist-packages/communication_msgs/communication_msgs_s__rosidl_typesupport_fastrtps_c.cpython-310-x86_64-linux-gnu.so
[0.342s] -- Up-to-date: /home/jo/final_commit/install/communication_msgs/local/lib/python3.10/dist-packages/communication_msgs/_communication_msgs_s.ep.rosidl_typesupport_fastrtps_c.c
[0.342s] -- Up-to-date: /home/jo/final_commit/install/communication_msgs/local/lib/python3.10/dist-packages/communication_msgs/msg
[0.342s] -- Up-to-date: /home/jo/final_commit/install/communication_msgs/local/lib/python3.10/dist-packages/communication_msgs/msg/_talker_s.c
[0.342s] -- Up-to-date: /home/jo/final_commit/install/communication_msgs/local/lib/python3.10/dist-packages/communication_msgs/msg/__init__.py
[0.342s] -- Up-to-date: /home/jo/final_commit/install/communication_msgs/local/lib/python3.10/dist-packages/communication_msgs/msg/_talker.py
[0.342s] -- Up-to-date: /home/jo/final_commit/install/communication_msgs/local/lib/python3.10/dist-packages/communication_msgs/__init__.py
[0.342s] -- Up-to-date: /home/jo/final_commit/install/communication_msgs/local/lib/python3.10/dist-packages/communication_msgs/_communication_msgs_s.ep.rosidl_typesupport_introspection_c.c
[0.342s] -- Up-to-date: /home/jo/final_commit/install/communication_msgs/local/lib/python3.10/dist-packages/communication_msgs/_communication_msgs_s.ep.rosidl_typesupport_c.c
[0.343s] -- Up-to-date: /home/jo/final_commit/install/communication_msgs/local/lib/python3.10/dist-packages/communication_msgs/communication_msgs_s__rosidl_typesupport_introspection_c.cpython-310-x86_64-linux-gnu.so
[0.343s] -- Up-to-date: /home/jo/final_commit/install/communication_msgs/local/lib/python3.10/dist-packages/communication_msgs/communication_msgs_s__rosidl_typesupport_c.cpython-310-x86_64-linux-gnu.so
[0.362s] Listing '/home/jo/final_commit/install/communication_msgs/local/lib/python3.10/dist-packages/communication_msgs'...
[0.362s] Listing '/home/jo/final_commit/install/communication_msgs/local/lib/python3.10/dist-packages/communication_msgs/msg'...
[0.365s] -- Up-to-date: /home/jo/final_commit/install/communication_msgs/local/lib/python3.10/dist-packages/communication_msgs/communication_msgs_s__rosidl_typesupport_fastrtps_c.cpython-310-x86_64-linux-gnu.so
[0.365s] -- Up-to-date: /home/jo/final_commit/install/communication_msgs/local/lib/python3.10/dist-packages/communication_msgs/communication_msgs_s__rosidl_typesupport_introspection_c.cpython-310-x86_64-linux-gnu.so
[0.365s] -- Up-to-date: /home/jo/final_commit/install/communication_msgs/local/lib/python3.10/dist-packages/communication_msgs/communication_msgs_s__rosidl_typesupport_c.cpython-310-x86_64-linux-gnu.so
[0.365s] -- Up-to-date: /home/jo/final_commit/install/communication_msgs/lib/libcommunication_msgs__rosidl_generator_py.so
[0.365s] -- Up-to-date: /home/jo/final_commit/install/communication_msgs/share/communication_msgs/msg/Talker.idl
[0.365s] -- Up-to-date: /home/jo/final_commit/install/communication_msgs/share/communication_msgs/msg/Talker.msg
[0.365s] -- Up-to-date: /home/jo/final_commit/install/communication_msgs/share/ament_index/resource_index/package_run_dependencies/communication_msgs
[0.366s] -- Up-to-date: /home/jo/final_commit/install/communication_msgs/share/ament_index/resource_index/parent_prefix_path/communication_msgs
[0.366s] -- Up-to-date: /home/jo/final_commit/install/communication_msgs/share/communication_msgs/environment/ament_prefix_path.sh
[0.366s] -- Up-to-date: /home/jo/final_commit/install/communication_msgs/share/communication_msgs/environment/ament_prefix_path.dsv
[0.366s] -- Up-to-date: /home/jo/final_commit/install/communication_msgs/share/communication_msgs/environment/path.sh
[0.366s] -- Up-to-date: /home/jo/final_commit/install/communication_msgs/share/communication_msgs/environment/path.dsv
[0.366s] -- Up-to-date: /home/jo/final_commit/install/communication_msgs/share/communication_msgs/local_setup.bash
[0.366s] -- Up-to-date: /home/jo/final_commit/install/communication_msgs/share/communication_msgs/local_setup.sh
[0.366s] -- Up-to-date: /home/jo/final_commit/install/communication_msgs/share/communication_msgs/local_setup.zsh
[0.366s] -- Up-to-date: /home/jo/final_commit/install/communication_msgs/share/communication_msgs/local_setup.dsv
[0.366s] -- Installing: /home/jo/final_commit/install/communication_msgs/share/communication_msgs/package.dsv
[0.367s] -- Up-to-date: /home/jo/final_commit/install/communication_msgs/share/ament_index/resource_index/packages/communication_msgs
[0.367s] -- Up-to-date: /home/jo/final_commit/install/communication_msgs/share/communication_msgs/cmake/export_communication_msgs__rosidl_generator_cExport.cmake
[0.367s] -- Up-to-date: /home/jo/final_commit/install/communication_msgs/share/communication_msgs/cmake/export_communication_msgs__rosidl_generator_cExport-noconfig.cmake
[0.367s] -- Up-to-date: /home/jo/final_commit/install/communication_msgs/share/communication_msgs/cmake/export_communication_msgs__rosidl_typesupport_fastrtps_cExport.cmake
[0.367s] -- Up-to-date: /home/jo/final_commit/install/communication_msgs/share/communication_msgs/cmake/export_communication_msgs__rosidl_typesupport_fastrtps_cExport-noconfig.cmake
[0.367s] -- Up-to-date: /home/jo/final_commit/install/communication_msgs/share/communication_msgs/cmake/communication_msgs__rosidl_typesupport_introspection_cExport.cmake
[0.367s] -- Up-to-date: /home/jo/final_commit/install/communication_msgs/share/communication_msgs/cmake/communication_msgs__rosidl_typesupport_introspection_cExport-noconfig.cmake
[0.367s] -- Up-to-date: /home/jo/final_commit/install/communication_msgs/share/communication_msgs/cmake/communication_msgs__rosidl_typesupport_cExport.cmake
[0.367s] -- Up-to-date: /home/jo/final_commit/install/communication_msgs/share/communication_msgs/cmake/communication_msgs__rosidl_typesupport_cExport-noconfig.cmake
[0.367s] -- Up-to-date: /home/jo/final_commit/install/communication_msgs/share/communication_msgs/cmake/export_communication_msgs__rosidl_generator_cppExport.cmake
[0.367s] -- Up-to-date: /home/jo/final_commit/install/communication_msgs/share/communication_msgs/cmake/export_communication_msgs__rosidl_typesupport_fastrtps_cppExport.cmake
[0.367s] -- Up-to-date: /home/jo/final_commit/install/communication_msgs/share/communication_msgs/cmake/export_communication_msgs__rosidl_typesupport_fastrtps_cppExport-noconfig.cmake
[0.367s] -- Up-to-date: /home/jo/final_commit/install/communication_msgs/share/communication_msgs/cmake/communication_msgs__rosidl_typesupport_introspection_cppExport.cmake
[0.368s] -- Up-to-date: /home/jo/final_commit/install/communication_msgs/share/communication_msgs/cmake/communication_msgs__rosidl_typesupport_introspection_cppExport-noconfig.cmake
[0.368s] -- Up-to-date: /home/jo/final_commit/install/communication_msgs/share/communication_msgs/cmake/communication_msgs__rosidl_typesupport_cppExport.cmake
[0.368s] -- Up-to-date: /home/jo/final_commit/install/communication_msgs/share/communication_msgs/cmake/communication_msgs__rosidl_typesupport_cppExport-noconfig.cmake
[0.368s] -- Up-to-date: /home/jo/final_commit/install/communication_msgs/share/communication_msgs/cmake/export_communication_msgs__rosidl_generator_pyExport.cmake
[0.369s] -- Up-to-date: /home/jo/final_commit/install/communication_msgs/share/communication_msgs/cmake/export_communication_msgs__rosidl_generator_pyExport-noconfig.cmake
[0.369s] -- Up-to-date: /home/jo/final_commit/install/communication_msgs/share/communication_msgs/cmake/rosidl_cmake-extras.cmake
[0.369s] -- Up-to-date: /home/jo/final_commit/install/communication_msgs/share/communication_msgs/cmake/ament_cmake_export_include_directories-extras.cmake
[0.369s] -- Up-to-date: /home/jo/final_commit/install/communication_msgs/share/communication_msgs/cmake/ament_cmake_export_libraries-extras.cmake
[0.370s] -- Up-to-date: /home/jo/final_commit/install/communication_msgs/share/communication_msgs/cmake/ament_cmake_export_targets-extras.cmake
[0.370s] -- Up-to-date: /home/jo/final_commit/install/communication_msgs/share/communication_msgs/cmake/rosidl_cmake_export_typesupport_targets-extras.cmake
[0.370s] -- Up-to-date: /home/jo/final_commit/install/communication_msgs/share/communication_msgs/cmake/ament_cmake_export_dependencies-extras.cmake
[0.370s] -- Up-to-date: /home/jo/final_commit/install/communication_msgs/share/communication_msgs/cmake/rosidl_cmake_export_typesupport_libraries-extras.cmake
[0.371s] -- Up-to-date: /home/jo/final_commit/install/communication_msgs/share/communication_msgs/cmake/communication_msgsConfig.cmake
[0.371s] -- Up-to-date: /home/jo/final_commit/install/communication_msgs/share/communication_msgs/cmake/communication_msgsConfig-version.cmake
[0.371s] -- Up-to-date: /home/jo/final_commit/install/communication_msgs/share/communication_msgs/package.xml
[0.372s] Invoked command in '/home/jo/final_commit/build/communication_msgs' returned '0': /usr/bin/cmake --install /home/jo/final_commit/build/communication_msgs
