[1.217s] Invoking command in '/home/jo/ros-repo-2/src/domain_bridge': PYTHONPATH=/home/jo/ros-repo-2/build/domain_bridge/prefix_override:/home/jo/ros-repo-2/install/domain_bridge/lib/python3.10/site-packages:${PYTHONPATH} /usr/bin/python3 setup.py egg_info --egg-base ../../build/domain_bridge build --build-base /home/jo/ros-repo-2/build/domain_bridge/build install --record /home/jo/ros-repo-2/build/domain_bridge/install.log --single-version-externally-managed
[1.456s] running egg_info
[1.457s] creating ../../build/domain_bridge/domain_bridge.egg-info
[1.457s] writing ../../build/domain_bridge/domain_bridge.egg-info/PKG-INFO
[1.458s] writing dependency_links to ../../build/domain_bridge/domain_bridge.egg-info/dependency_links.txt
[1.458s] writing entry points to ../../build/domain_bridge/domain_bridge.egg-info/entry_points.txt
[1.458s] writing requirements to ../../build/domain_bridge/domain_bridge.egg-info/requires.txt
[1.458s] writing top-level names to ../../build/domain_bridge/domain_bridge.egg-info/top_level.txt
[1.459s] writing manifest file '../../build/domain_bridge/domain_bridge.egg-info/SOURCES.txt'
[1.461s] reading manifest file '../../build/domain_bridge/domain_bridge.egg-info/SOURCES.txt'
[1.462s] writing manifest file '../../build/domain_bridge/domain_bridge.egg-info/SOURCES.txt'
[1.462s] running build
[1.462s] running build_py
[1.462s] creating /home/jo/ros-repo-2/build/domain_bridge/build
[1.462s] creating /home/jo/ros-repo-2/build/domain_bridge/build/lib
[1.462s] creating /home/jo/ros-repo-2/build/domain_bridge/build/lib/domain_bridge
[1.463s] copying domain_bridge/__init__.py -> /home/jo/ros-repo-2/build/domain_bridge/build/lib/domain_bridge
[1.463s] running install
[1.463s] /usr/lib/python3/dist-packages/setuptools/command/install.py:34: SetuptoolsDeprecationWarning: setup.py install is deprecated. Use build and pip and other standards-based tools.
[1.463s]   warnings.warn(
[1.463s] running install_lib
[1.464s] creating /home/jo/ros-repo-2/install/domain_bridge/lib/python3.10/site-packages/domain_bridge
[1.464s] copying /home/jo/ros-repo-2/build/domain_bridge/build/lib/domain_bridge/__init__.py -> /home/jo/ros-repo-2/install/domain_bridge/lib/python3.10/site-packages/domain_bridge
[1.465s] byte-compiling /home/jo/ros-repo-2/install/domain_bridge/lib/python3.10/site-packages/domain_bridge/__init__.py to __init__.cpython-310.pyc
[1.465s] running install_data
[1.466s] creating /home/jo/ros-repo-2/install/domain_bridge/share/ament_index
[1.466s] creating /home/jo/ros-repo-2/install/domain_bridge/share/ament_index/resource_index
[1.466s] creating /home/jo/ros-repo-2/install/domain_bridge/share/ament_index/resource_index/packages
[1.466s] copying resource/domain_bridge -> /home/jo/ros-repo-2/install/domain_bridge/share/ament_index/resource_index/packages
[1.466s] copying package.xml -> /home/jo/ros-repo-2/install/domain_bridge/share/domain_bridge
[1.466s] creating /home/jo/ros-repo-2/install/domain_bridge/share/domain_bridge/launch
[1.466s] copying launch/domain_bridge.launch.xml -> /home/jo/ros-repo-2/install/domain_bridge/share/domain_bridge/launch
[1.466s] running install_egg_info
[1.468s] Copying ../../build/domain_bridge/domain_bridge.egg-info to /home/jo/ros-repo-2/install/domain_bridge/lib/python3.10/site-packages/domain_bridge-0.0.0-py3.10.egg-info
[1.469s] running install_scripts
[1.493s] writing list of installed files to '/home/jo/ros-repo-2/build/domain_bridge/install.log'
[1.523s] Invoked command in '/home/jo/ros-repo-2/src/domain_bridge' returned '0': PYTHONPATH=/home/jo/ros-repo-2/build/domain_bridge/prefix_override:/home/jo/ros-repo-2/install/domain_bridge/lib/python3.10/site-packages:${PYTHONPATH} /usr/bin/python3 setup.py egg_info --egg-base ../../build/domain_bridge build --build-base /home/jo/ros-repo-2/build/domain_bridge/build install --record /home/jo/ros-repo-2/build/domain_bridge/install.log --single-version-externally-managed
