[0.882s] Invoking command in '/home/jo/ros-repo-2/src/minibot_network': PS1=\[\e]0;\u@\h: \w\a\]${debian_chroot:+($debian_chroot)}\[\033[01;32m\]\u@\h\[\033[00m\]:\[\033[01;34m\]\w\[\033[00m\]\$ PYTHONPATH=/home/jo/ros-repo-2/build/minibot_network/prefix_override:/home/jo/ros-repo-2/install/minibot_network/lib/python3.10/site-packages:${PYTHONPATH} /usr/bin/python3 setup.py egg_info --egg-base ../../build/minibot_network build --build-base /home/jo/ros-repo-2/build/minibot_network/build install --record /home/jo/ros-repo-2/build/minibot_network/install.log --single-version-externally-managed
[1.105s] running egg_info
[1.106s] writing ../../build/minibot_network/minibot_network.egg-info/PKG-INFO
[1.106s] writing dependency_links to ../../build/minibot_network/minibot_network.egg-info/dependency_links.txt
[1.106s] writing entry points to ../../build/minibot_network/minibot_network.egg-info/entry_points.txt
[1.106s] writing requirements to ../../build/minibot_network/minibot_network.egg-info/requires.txt
[1.106s] writing top-level names to ../../build/minibot_network/minibot_network.egg-info/top_level.txt
[1.108s] reading manifest file '../../build/minibot_network/minibot_network.egg-info/SOURCES.txt'
[1.109s] writing manifest file '../../build/minibot_network/minibot_network.egg-info/SOURCES.txt'
[1.109s] running build
[1.109s] running build_py
[1.109s] copying minibot_network/main_client.py -> /home/jo/ros-repo-2/build/minibot_network/build/lib/minibot_network
[1.109s] running install
[1.110s] /usr/lib/python3/dist-packages/setuptools/command/install.py:34: SetuptoolsDeprecationWarning: setup.py install is deprecated. Use build and pip and other standards-based tools.
[1.110s]   warnings.warn(
[1.110s] running install_lib
[1.111s] copying /home/jo/ros-repo-2/build/minibot_network/build/lib/minibot_network/main_client.py -> /home/jo/ros-repo-2/install/minibot_network/lib/python3.10/site-packages/minibot_network
[1.111s] byte-compiling /home/jo/ros-repo-2/install/minibot_network/lib/python3.10/site-packages/minibot_network/main_client.py to main_client.cpython-310.pyc
[1.112s] running install_data
[1.112s] running install_egg_info
[1.113s] removing '/home/jo/ros-repo-2/install/minibot_network/lib/python3.10/site-packages/minibot_network-0.0.0-py3.10.egg-info' (and everything under it)
[1.114s] Copying ../../build/minibot_network/minibot_network.egg-info to /home/jo/ros-repo-2/install/minibot_network/lib/python3.10/site-packages/minibot_network-0.0.0-py3.10.egg-info
[1.114s] running install_scripts
[1.131s] Installing main_client script to /home/jo/ros-repo-2/install/minibot_network/lib/minibot_network
[1.131s] Installing main_server script to /home/jo/ros-repo-2/install/minibot_network/lib/minibot_network
[1.131s] Installing minibot_cam_publish script to /home/jo/ros-repo-2/install/minibot_network/lib/minibot_network
[1.131s] Installing minibot_cam_subscriber script to /home/jo/ros-repo-2/install/minibot_network/lib/minibot_network
[1.131s] writing list of installed files to '/home/jo/ros-repo-2/build/minibot_network/install.log'
[1.151s] Invoked command in '/home/jo/ros-repo-2/src/minibot_network' returned '0': PS1=\[\e]0;\u@\h: \w\a\]${debian_chroot:+($debian_chroot)}\[\033[01;32m\]\u@\h\[\033[00m\]:\[\033[01;34m\]\w\[\033[00m\]\$ PYTHONPATH=/home/jo/ros-repo-2/build/minibot_network/prefix_override:/home/jo/ros-repo-2/install/minibot_network/lib/python3.10/site-packages:${PYTHONPATH} /usr/bin/python3 setup.py egg_info --egg-base ../../build/minibot_network build --build-base /home/jo/ros-repo-2/build/minibot_network/build install --record /home/jo/ros-repo-2/build/minibot_network/install.log --single-version-externally-managed
