[1.018s] DEBUG:colcon:Command line arguments: ['/usr/bin/colcon', 'build']
[1.018s] DEBUG:colcon:Parsed command line arguments: Namespace(log_base=None, log_level=None, verb_name='build', build_base='build', install_base='install', merge_install=False, symlink_install=False, test_result_base=None, continue_on_error=False, executor='parallel', parallel_workers=12, event_handlers=None, ignore_user_meta=False, metas=['./colcon.meta'], base_paths=['.'], packages_ignore=None, packages_ignore_regex=None, paths=None, packages_up_to=None, packages_up_to_regex=None, packages_above=None, packages_above_and_dependencies=None, packages_above_depth=None, packages_select_by_dep=None, packages_skip_by_dep=None, packages_skip_up_to=None, packages_select_build_failed=False, packages_skip_build_finished=False, packages_select_test_failures=False, packages_skip_test_passed=False, packages_select=None, packages_skip=None, packages_select_regex=None, packages_skip_regex=None, packages_start=None, packages_end=None, allow_overriding=[], cmake_args=None, cmake_target=None, cmake_target_skip_unavailable=False, cmake_clean_cache=False, cmake_clean_first=False, cmake_force_configure=False, ament_cmake_args=None, catkin_cmake_args=None, catkin_skip_building_tests=False, verb_parser=<colcon_defaults.argument_parser.defaults.DefaultArgumentsDecorator object at 0x7f134ef0c670>, verb_extension=<colcon_core.verb.build.BuildVerb object at 0x7f134f3a1de0>, main=<bound method BuildVerb.main of <colcon_core.verb.build.BuildVerb object at 0x7f134f3a1de0>>)
[1.062s] Level 1:colcon.colcon_core.package_discovery:discover_packages(colcon_meta) check parameters
[1.062s] Level 1:colcon.colcon_core.package_discovery:discover_packages(recursive) check parameters
[1.062s] Level 1:colcon.colcon_core.package_discovery:discover_packages(ignore) check parameters
[1.062s] Level 1:colcon.colcon_core.package_discovery:discover_packages(path) check parameters
[1.062s] Level 1:colcon.colcon_core.package_discovery:discover_packages(colcon_meta) discover
[1.062s] Level 1:colcon.colcon_core.package_discovery:discover_packages(recursive) discover
[1.062s] INFO:colcon.colcon_core.package_discovery:Crawling recursively for packages in '/home/jo/final_commit'
[1.062s] Level 1:colcon.colcon_core.package_identification:_identify(.) by extensions ['ignore', 'ignore_ament_install']
[1.062s] Level 1:colcon.colcon_core.package_identification:_identify(.) by extension 'ignore'
[1.062s] Level 1:colcon.colcon_core.package_identification:_identify(.) by extension 'ignore_ament_install'
[1.062s] Level 1:colcon.colcon_core.package_identification:_identify(.) by extensions ['colcon_pkg']
[1.062s] Level 1:colcon.colcon_core.package_identification:_identify(.) by extension 'colcon_pkg'
[1.062s] Level 1:colcon.colcon_core.package_identification:_identify(.) by extensions ['colcon_meta']
[1.063s] Level 1:colcon.colcon_core.package_identification:_identify(.) by extension 'colcon_meta'
[1.063s] Level 1:colcon.colcon_core.package_identification:_identify(.) by extensions ['ros']
[1.063s] Level 1:colcon.colcon_core.package_identification:_identify(.) by extension 'ros'
[1.071s] Level 1:colcon.colcon_core.package_identification:_identify(.) by extensions ['cmake', 'python']
[1.071s] Level 1:colcon.colcon_core.package_identification:_identify(.) by extension 'cmake'
[1.071s] Level 1:colcon.colcon_core.package_identification:_identify(.) by extension 'python'
[1.071s] Level 1:colcon.colcon_core.package_identification:_identify(.) by extensions ['python_setup_py']
[1.071s] Level 1:colcon.colcon_core.package_identification:_identify(.) by extension 'python_setup_py'
[1.071s] Level 1:colcon.colcon_core.package_identification:_identify(build) by extensions ['ignore', 'ignore_ament_install']
[1.071s] Level 1:colcon.colcon_core.package_identification:_identify(build) by extension 'ignore'
[1.071s] Level 1:colcon.colcon_core.package_identification:_identify(build) ignored
[1.071s] Level 1:colcon.colcon_core.package_identification:_identify(install) by extensions ['ignore', 'ignore_ament_install']
[1.071s] Level 1:colcon.colcon_core.package_identification:_identify(install) by extension 'ignore'
[1.071s] Level 1:colcon.colcon_core.package_identification:_identify(install) ignored
[1.072s] Level 1:colcon.colcon_core.package_identification:_identify(log) by extensions ['ignore', 'ignore_ament_install']
[1.072s] Level 1:colcon.colcon_core.package_identification:_identify(log) by extension 'ignore'
[1.072s] Level 1:colcon.colcon_core.package_identification:_identify(log) ignored
[1.072s] Level 1:colcon.colcon_core.package_identification:_identify(src) by extensions ['ignore', 'ignore_ament_install']
[1.072s] Level 1:colcon.colcon_core.package_identification:_identify(src) by extension 'ignore'
[1.072s] Level 1:colcon.colcon_core.package_identification:_identify(src) by extension 'ignore_ament_install'
[1.072s] Level 1:colcon.colcon_core.package_identification:_identify(src) by extensions ['colcon_pkg']
[1.072s] Level 1:colcon.colcon_core.package_identification:_identify(src) by extension 'colcon_pkg'
[1.072s] Level 1:colcon.colcon_core.package_identification:_identify(src) by extensions ['colcon_meta']
[1.072s] Level 1:colcon.colcon_core.package_identification:_identify(src) by extension 'colcon_meta'
[1.072s] Level 1:colcon.colcon_core.package_identification:_identify(src) by extensions ['ros']
[1.072s] Level 1:colcon.colcon_core.package_identification:_identify(src) by extension 'ros'
[1.072s] Level 1:colcon.colcon_core.package_identification:_identify(src) by extensions ['cmake', 'python']
[1.072s] Level 1:colcon.colcon_core.package_identification:_identify(src) by extension 'cmake'
[1.072s] Level 1:colcon.colcon_core.package_identification:_identify(src) by extension 'python'
[1.072s] Level 1:colcon.colcon_core.package_identification:_identify(src) by extensions ['python_setup_py']
[1.072s] Level 1:colcon.colcon_core.package_identification:_identify(src) by extension 'python_setup_py'
[1.072s] Level 1:colcon.colcon_core.package_identification:_identify(src/call_gazebo) by extensions ['ignore', 'ignore_ament_install']
[1.072s] Level 1:colcon.colcon_core.package_identification:_identify(src/call_gazebo) by extension 'ignore'
[1.072s] Level 1:colcon.colcon_core.package_identification:_identify(src/call_gazebo) by extension 'ignore_ament_install'
[1.073s] Level 1:colcon.colcon_core.package_identification:_identify(src/call_gazebo) by extensions ['colcon_pkg']
[1.073s] Level 1:colcon.colcon_core.package_identification:_identify(src/call_gazebo) by extension 'colcon_pkg'
[1.073s] Level 1:colcon.colcon_core.package_identification:_identify(src/call_gazebo) by extensions ['colcon_meta']
[1.073s] Level 1:colcon.colcon_core.package_identification:_identify(src/call_gazebo) by extension 'colcon_meta'
[1.073s] Level 1:colcon.colcon_core.package_identification:_identify(src/call_gazebo) by extensions ['ros']
[1.073s] Level 1:colcon.colcon_core.package_identification:_identify(src/call_gazebo) by extension 'ros'
[1.075s] DEBUG:colcon.colcon_core.package_identification:Package 'src/call_gazebo' with type 'ros.ament_python' and name 'call_gazebo'
[1.075s] Level 1:colcon.colcon_core.package_identification:_identify(src/communication_msgs) by extensions ['ignore', 'ignore_ament_install']
[1.075s] Level 1:colcon.colcon_core.package_identification:_identify(src/communication_msgs) by extension 'ignore'
[1.075s] Level 1:colcon.colcon_core.package_identification:_identify(src/communication_msgs) by extension 'ignore_ament_install'
[1.075s] Level 1:colcon.colcon_core.package_identification:_identify(src/communication_msgs) by extensions ['colcon_pkg']
[1.075s] Level 1:colcon.colcon_core.package_identification:_identify(src/communication_msgs) by extension 'colcon_pkg'
[1.075s] Level 1:colcon.colcon_core.package_identification:_identify(src/communication_msgs) by extensions ['colcon_meta']
[1.075s] Level 1:colcon.colcon_core.package_identification:_identify(src/communication_msgs) by extension 'colcon_meta'
[1.075s] Level 1:colcon.colcon_core.package_identification:_identify(src/communication_msgs) by extensions ['ros']
[1.075s] Level 1:colcon.colcon_core.package_identification:_identify(src/communication_msgs) by extension 'ros'
[1.075s] Level 1:colcon.colcon_core.package_identification:_identify(src/communication_msgs) by extensions ['cmake', 'python']
[1.075s] Level 1:colcon.colcon_core.package_identification:_identify(src/communication_msgs) by extension 'cmake'
[1.075s] Level 1:colcon.colcon_core.package_identification:_identify(src/communication_msgs) by extension 'python'
[1.075s] Level 1:colcon.colcon_core.package_identification:_identify(src/communication_msgs) by extensions ['python_setup_py']
[1.075s] Level 1:colcon.colcon_core.package_identification:_identify(src/communication_msgs) by extension 'python_setup_py'
[1.075s] Level 1:colcon.colcon_core.package_identification:_identify(src/communication_msgs/include) by extensions ['ignore', 'ignore_ament_install']
[1.075s] Level 1:colcon.colcon_core.package_identification:_identify(src/communication_msgs/include) by extension 'ignore'
[1.075s] Level 1:colcon.colcon_core.package_identification:_identify(src/communication_msgs/include) by extension 'ignore_ament_install'
[1.075s] Level 1:colcon.colcon_core.package_identification:_identify(src/communication_msgs/include) by extensions ['colcon_pkg']
[1.075s] Level 1:colcon.colcon_core.package_identification:_identify(src/communication_msgs/include) by extension 'colcon_pkg'
[1.076s] Level 1:colcon.colcon_core.package_identification:_identify(src/communication_msgs/include) by extensions ['colcon_meta']
[1.076s] Level 1:colcon.colcon_core.package_identification:_identify(src/communication_msgs/include) by extension 'colcon_meta'
[1.076s] Level 1:colcon.colcon_core.package_identification:_identify(src/communication_msgs/include) by extensions ['ros']
[1.076s] Level 1:colcon.colcon_core.package_identification:_identify(src/communication_msgs/include) by extension 'ros'
[1.076s] Level 1:colcon.colcon_core.package_identification:_identify(src/communication_msgs/include) by extensions ['cmake', 'python']
[1.076s] Level 1:colcon.colcon_core.package_identification:_identify(src/communication_msgs/include) by extension 'cmake'
[1.076s] Level 1:colcon.colcon_core.package_identification:_identify(src/communication_msgs/include) by extension 'python'
[1.076s] Level 1:colcon.colcon_core.package_identification:_identify(src/communication_msgs/include) by extensions ['python_setup_py']
[1.076s] Level 1:colcon.colcon_core.package_identification:_identify(src/communication_msgs/include) by extension 'python_setup_py'
[1.076s] Level 1:colcon.colcon_core.package_identification:_identify(src/communication_msgs/include/communication_msgs) by extensions ['ignore', 'ignore_ament_install']
[1.076s] Level 1:colcon.colcon_core.package_identification:_identify(src/communication_msgs/include/communication_msgs) by extension 'ignore'
[1.076s] Level 1:colcon.colcon_core.package_identification:_identify(src/communication_msgs/include/communication_msgs) by extension 'ignore_ament_install'
[1.076s] Level 1:colcon.colcon_core.package_identification:_identify(src/communication_msgs/include/communication_msgs) by extensions ['colcon_pkg']
[1.076s] Level 1:colcon.colcon_core.package_identification:_identify(src/communication_msgs/include/communication_msgs) by extension 'colcon_pkg'
[1.076s] Level 1:colcon.colcon_core.package_identification:_identify(src/communication_msgs/include/communication_msgs) by extensions ['colcon_meta']
[1.076s] Level 1:colcon.colcon_core.package_identification:_identify(src/communication_msgs/include/communication_msgs) by extension 'colcon_meta'
[1.076s] Level 1:colcon.colcon_core.package_identification:_identify(src/communication_msgs/include/communication_msgs) by extensions ['ros']
[1.076s] Level 1:colcon.colcon_core.package_identification:_identify(src/communication_msgs/include/communication_msgs) by extension 'ros'
[1.076s] Level 1:colcon.colcon_core.package_identification:_identify(src/communication_msgs/include/communication_msgs) by extensions ['cmake', 'python']
[1.076s] Level 1:colcon.colcon_core.package_identification:_identify(src/communication_msgs/include/communication_msgs) by extension 'cmake'
[1.076s] Level 1:colcon.colcon_core.package_identification:_identify(src/communication_msgs/include/communication_msgs) by extension 'python'
[1.076s] Level 1:colcon.colcon_core.package_identification:_identify(src/communication_msgs/include/communication_msgs) by extensions ['python_setup_py']
[1.076s] Level 1:colcon.colcon_core.package_identification:_identify(src/communication_msgs/include/communication_msgs) by extension 'python_setup_py'
[1.077s] Level 1:colcon.colcon_core.package_identification:_identify(src/communication_msgs/src) by extensions ['ignore', 'ignore_ament_install']
[1.077s] Level 1:colcon.colcon_core.package_identification:_identify(src/communication_msgs/src) by extension 'ignore'
[1.077s] Level 1:colcon.colcon_core.package_identification:_identify(src/communication_msgs/src) by extension 'ignore_ament_install'
[1.077s] Level 1:colcon.colcon_core.package_identification:_identify(src/communication_msgs/src) by extensions ['colcon_pkg']
[1.077s] Level 1:colcon.colcon_core.package_identification:_identify(src/communication_msgs/src) by extension 'colcon_pkg'
[1.077s] Level 1:colcon.colcon_core.package_identification:_identify(src/communication_msgs/src) by extensions ['colcon_meta']
[1.077s] Level 1:colcon.colcon_core.package_identification:_identify(src/communication_msgs/src) by extension 'colcon_meta'
[1.077s] Level 1:colcon.colcon_core.package_identification:_identify(src/communication_msgs/src) by extensions ['ros']
[1.077s] Level 1:colcon.colcon_core.package_identification:_identify(src/communication_msgs/src) by extension 'ros'
[1.077s] Level 1:colcon.colcon_core.package_identification:_identify(src/communication_msgs/src) by extensions ['cmake', 'python']
[1.077s] Level 1:colcon.colcon_core.package_identification:_identify(src/communication_msgs/src) by extension 'cmake'
[1.077s] Level 1:colcon.colcon_core.package_identification:_identify(src/communication_msgs/src) by extension 'python'
[1.077s] Level 1:colcon.colcon_core.package_identification:_identify(src/communication_msgs/src) by extensions ['python_setup_py']
[1.077s] Level 1:colcon.colcon_core.package_identification:_identify(src/communication_msgs/src) by extension 'python_setup_py'
[1.077s] Level 1:colcon.colcon_core.package_identification:_identify(src/communication_msgs/srv) by extensions ['ignore', 'ignore_ament_install']
[1.077s] Level 1:colcon.colcon_core.package_identification:_identify(src/communication_msgs/srv) by extension 'ignore'
[1.077s] Level 1:colcon.colcon_core.package_identification:_identify(src/communication_msgs/srv) by extension 'ignore_ament_install'
[1.077s] Level 1:colcon.colcon_core.package_identification:_identify(src/communication_msgs/srv) by extensions ['colcon_pkg']
[1.077s] Level 1:colcon.colcon_core.package_identification:_identify(src/communication_msgs/srv) by extension 'colcon_pkg'
[1.077s] Level 1:colcon.colcon_core.package_identification:_identify(src/communication_msgs/srv) by extensions ['colcon_meta']
[1.078s] Level 1:colcon.colcon_core.package_identification:_identify(src/communication_msgs/srv) by extension 'colcon_meta'
[1.078s] Level 1:colcon.colcon_core.package_identification:_identify(src/communication_msgs/srv) by extensions ['ros']
[1.078s] Level 1:colcon.colcon_core.package_identification:_identify(src/communication_msgs/srv) by extension 'ros'
[1.078s] Level 1:colcon.colcon_core.package_identification:_identify(src/communication_msgs/srv) by extensions ['cmake', 'python']
[1.078s] Level 1:colcon.colcon_core.package_identification:_identify(src/communication_msgs/srv) by extension 'cmake'
[1.078s] Level 1:colcon.colcon_core.package_identification:_identify(src/communication_msgs/srv) by extension 'python'
[1.078s] Level 1:colcon.colcon_core.package_identification:_identify(src/communication_msgs/srv) by extensions ['python_setup_py']
[1.078s] Level 1:colcon.colcon_core.package_identification:_identify(src/communication_msgs/srv) by extension 'python_setup_py'
[1.078s] Level 1:colcon.colcon_core.package_identification:_identify(src/description) by extensions ['ignore', 'ignore_ament_install']
[1.078s] Level 1:colcon.colcon_core.package_identification:_identify(src/description) by extension 'ignore'
[1.078s] Level 1:colcon.colcon_core.package_identification:_identify(src/description) by extension 'ignore_ament_install'
[1.078s] Level 1:colcon.colcon_core.package_identification:_identify(src/description) by extensions ['colcon_pkg']
[1.078s] Level 1:colcon.colcon_core.package_identification:_identify(src/description) by extension 'colcon_pkg'
[1.078s] Level 1:colcon.colcon_core.package_identification:_identify(src/description) by extensions ['colcon_meta']
[1.078s] Level 1:colcon.colcon_core.package_identification:_identify(src/description) by extension 'colcon_meta'
[1.078s] Level 1:colcon.colcon_core.package_identification:_identify(src/description) by extensions ['ros']
[1.078s] Level 1:colcon.colcon_core.package_identification:_identify(src/description) by extension 'ros'
[1.079s] DEBUG:colcon.colcon_core.package_identification:Package 'src/description' with type 'ros.ament_python' and name 'description'
[1.079s] Level 1:colcon.colcon_core.package_identification:_identify(src/multy_spawn) by extensions ['ignore', 'ignore_ament_install']
[1.079s] Level 1:colcon.colcon_core.package_identification:_identify(src/multy_spawn) by extension 'ignore'
[1.079s] Level 1:colcon.colcon_core.package_identification:_identify(src/multy_spawn) by extension 'ignore_ament_install'
[1.079s] Level 1:colcon.colcon_core.package_identification:_identify(src/multy_spawn) by extensions ['colcon_pkg']
[1.079s] Level 1:colcon.colcon_core.package_identification:_identify(src/multy_spawn) by extension 'colcon_pkg'
[1.079s] Level 1:colcon.colcon_core.package_identification:_identify(src/multy_spawn) by extensions ['colcon_meta']
[1.079s] Level 1:colcon.colcon_core.package_identification:_identify(src/multy_spawn) by extension 'colcon_meta'
[1.079s] Level 1:colcon.colcon_core.package_identification:_identify(src/multy_spawn) by extensions ['ros']
[1.079s] Level 1:colcon.colcon_core.package_identification:_identify(src/multy_spawn) by extension 'ros'
[1.079s] DEBUG:colcon.colcon_core.package_identification:Package 'src/multy_spawn' with type 'ros.ament_python' and name 'multy_spawn'
[1.079s] Level 1:colcon.colcon_core.package_discovery:discover_packages(recursive) using defaults
[1.079s] Level 1:colcon.colcon_core.package_discovery:discover_packages(ignore) discover
[1.079s] Level 1:colcon.colcon_core.package_discovery:discover_packages(ignore) using defaults
[1.079s] Level 1:colcon.colcon_core.package_discovery:discover_packages(path) discover
[1.079s] Level 1:colcon.colcon_core.package_discovery:discover_packages(path) using defaults
[1.171s] Level 1:colcon.colcon_core.package_discovery:discover_packages(prefix_path) check parameters
[1.171s] Level 1:colcon.colcon_core.package_discovery:discover_packages(prefix_path) discover
[1.212s] DEBUG:colcon.colcon_installed_package_information.package_discovery:Found 7 installed packages in /home/jo/final_commit/install
[1.227s] DEBUG:colcon.colcon_installed_package_information.package_discovery:Found 1 installed packages in /home/jo/dev_ws/oneday_study/ROS/my_mobile/install
[1.243s] DEBUG:colcon.colcon_installed_package_information.package_discovery:Found 1 installed packages in /home/jo/my_mobile/install
[1.258s] DEBUG:colcon.colcon_installed_package_information.package_discovery:Found 7 installed packages in /home/jo/dev_ws/oneday_study/ROS/pinkbot/install
[1.274s] DEBUG:colcon.colcon_installed_package_information.package_discovery:Found 400 installed packages in /opt/ros/humble
[1.275s] Level 1:colcon.colcon_core.package_discovery:discover_packages(prefix_path) using defaults
[1.369s] Level 5:colcon.colcon_core.verb:set package 'call_gazebo' build argument 'cmake_args' from command line to 'None'
[1.369s] Level 5:colcon.colcon_core.verb:set package 'call_gazebo' build argument 'cmake_target' from command line to 'None'
[1.369s] Level 5:colcon.colcon_core.verb:set package 'call_gazebo' build argument 'cmake_target_skip_unavailable' from command line to 'False'
[1.369s] Level 5:colcon.colcon_core.verb:set package 'call_gazebo' build argument 'cmake_clean_cache' from command line to 'False'
[1.369s] Level 5:colcon.colcon_core.verb:set package 'call_gazebo' build argument 'cmake_clean_first' from command line to 'False'
[1.369s] Level 5:colcon.colcon_core.verb:set package 'call_gazebo' build argument 'cmake_force_configure' from command line to 'False'
[1.369s] Level 5:colcon.colcon_core.verb:set package 'call_gazebo' build argument 'ament_cmake_args' from command line to 'None'
[1.369s] Level 5:colcon.colcon_core.verb:set package 'call_gazebo' build argument 'catkin_cmake_args' from command line to 'None'
[1.369s] Level 5:colcon.colcon_core.verb:set package 'call_gazebo' build argument 'catkin_skip_building_tests' from command line to 'False'
[1.369s] DEBUG:colcon.colcon_core.verb:Building package 'call_gazebo' with the following arguments: {'ament_cmake_args': None, 'build_base': '/home/jo/final_commit/build/call_gazebo', 'catkin_cmake_args': None, 'catkin_skip_building_tests': False, 'cmake_args': None, 'cmake_clean_cache': False, 'cmake_clean_first': False, 'cmake_force_configure': False, 'cmake_target': None, 'cmake_target_skip_unavailable': False, 'install_base': '/home/jo/final_commit/install/call_gazebo', 'merge_install': False, 'path': '/home/jo/final_commit/src/call_gazebo', 'symlink_install': False, 'test_result_base': None}
[1.384s] Level 5:colcon.colcon_core.verb:set package 'description' build argument 'cmake_args' from command line to 'None'
[1.384s] Level 5:colcon.colcon_core.verb:set package 'description' build argument 'cmake_target' from command line to 'None'
[1.384s] Level 5:colcon.colcon_core.verb:set package 'description' build argument 'cmake_target_skip_unavailable' from command line to 'False'
[1.384s] Level 5:colcon.colcon_core.verb:set package 'description' build argument 'cmake_clean_cache' from command line to 'False'
[1.384s] Level 5:colcon.colcon_core.verb:set package 'description' build argument 'cmake_clean_first' from command line to 'False'
[1.384s] Level 5:colcon.colcon_core.verb:set package 'description' build argument 'cmake_force_configure' from command line to 'False'
[1.384s] Level 5:colcon.colcon_core.verb:set package 'description' build argument 'ament_cmake_args' from command line to 'None'
[1.384s] Level 5:colcon.colcon_core.verb:set package 'description' build argument 'catkin_cmake_args' from command line to 'None'
[1.384s] Level 5:colcon.colcon_core.verb:set package 'description' build argument 'catkin_skip_building_tests' from command line to 'False'
[1.384s] DEBUG:colcon.colcon_core.verb:Building package 'description' with the following arguments: {'ament_cmake_args': None, 'build_base': '/home/jo/final_commit/build/description', 'catkin_cmake_args': None, 'catkin_skip_building_tests': False, 'cmake_args': None, 'cmake_clean_cache': False, 'cmake_clean_first': False, 'cmake_force_configure': False, 'cmake_target': None, 'cmake_target_skip_unavailable': False, 'install_base': '/home/jo/final_commit/install/description', 'merge_install': False, 'path': '/home/jo/final_commit/src/description', 'symlink_install': False, 'test_result_base': None}
[1.399s] Level 5:colcon.colcon_core.verb:set package 'multy_spawn' build argument 'cmake_args' from command line to 'None'
[1.399s] Level 5:colcon.colcon_core.verb:set package 'multy_spawn' build argument 'cmake_target' from command line to 'None'
[1.399s] Level 5:colcon.colcon_core.verb:set package 'multy_spawn' build argument 'cmake_target_skip_unavailable' from command line to 'False'
[1.399s] Level 5:colcon.colcon_core.verb:set package 'multy_spawn' build argument 'cmake_clean_cache' from command line to 'False'
[1.399s] Level 5:colcon.colcon_core.verb:set package 'multy_spawn' build argument 'cmake_clean_first' from command line to 'False'
[1.399s] Level 5:colcon.colcon_core.verb:set package 'multy_spawn' build argument 'cmake_force_configure' from command line to 'False'
[1.399s] Level 5:colcon.colcon_core.verb:set package 'multy_spawn' build argument 'ament_cmake_args' from command line to 'None'
[1.399s] Level 5:colcon.colcon_core.verb:set package 'multy_spawn' build argument 'catkin_cmake_args' from command line to 'None'
[1.399s] Level 5:colcon.colcon_core.verb:set package 'multy_spawn' build argument 'catkin_skip_building_tests' from command line to 'False'
[1.399s] DEBUG:colcon.colcon_core.verb:Building package 'multy_spawn' with the following arguments: {'ament_cmake_args': None, 'build_base': '/home/jo/final_commit/build/multy_spawn', 'catkin_cmake_args': None, 'catkin_skip_building_tests': False, 'cmake_args': None, 'cmake_clean_cache': False, 'cmake_clean_first': False, 'cmake_force_configure': False, 'cmake_target': None, 'cmake_target_skip_unavailable': False, 'install_base': '/home/jo/final_commit/install/multy_spawn', 'merge_install': False, 'path': '/home/jo/final_commit/src/multy_spawn', 'symlink_install': False, 'test_result_base': None}
[1.415s] INFO:colcon.colcon_core.executor:Executing jobs using 'parallel' executor
[1.430s] DEBUG:colcon.colcon_parallel_executor.executor.parallel:run_until_complete
[1.431s] INFO:colcon.colcon_ros.task.ament_python.build:Building ROS package in '/home/jo/final_commit/src/call_gazebo' with build type 'ament_python'
[1.431s] Level 1:colcon.colcon_core.shell:create_environment_hook('call_gazebo', 'ament_prefix_path')
[1.448s] INFO:colcon.colcon_core.plugin_system:Skipping extension 'colcon_core.shell.bat': Not used on non-Windows systems
[1.448s] INFO:colcon.colcon_core.shell:Creating environment hook '/home/jo/final_commit/install/call_gazebo/share/call_gazebo/hook/ament_prefix_path.ps1'
[1.448s] INFO:colcon.colcon_core.shell:Creating environment descriptor '/home/jo/final_commit/install/call_gazebo/share/call_gazebo/hook/ament_prefix_path.dsv'
[1.449s] INFO:colcon.colcon_core.shell:Creating environment hook '/home/jo/final_commit/install/call_gazebo/share/call_gazebo/hook/ament_prefix_path.sh'
[1.466s] INFO:colcon.colcon_core.shell:Skip shell extension 'powershell' for command environment: Not usable outside of PowerShell
[1.466s] DEBUG:colcon.colcon_core.shell:Skip shell extension 'dsv' for command environment
[1.566s] INFO:colcon.colcon_ros.task.ament_python.build:Building ROS package in '/home/jo/final_commit/src/description' with build type 'ament_python'
[1.567s] Level 1:colcon.colcon_core.shell:create_environment_hook('description', 'ament_prefix_path')
[1.584s] INFO:colcon.colcon_core.shell:Creating environment hook '/home/jo/final_commit/install/description/share/description/hook/ament_prefix_path.ps1'
[1.584s] INFO:colcon.colcon_core.shell:Creating environment descriptor '/home/jo/final_commit/install/description/share/description/hook/ament_prefix_path.dsv'
[1.585s] INFO:colcon.colcon_core.shell:Creating environment hook '/home/jo/final_commit/install/description/share/description/hook/ament_prefix_path.sh'
[1.604s] INFO:colcon.colcon_core.shell:Skip shell extension 'powershell' for command environment: Not usable outside of PowerShell
[1.604s] DEBUG:colcon.colcon_core.shell:Skip shell extension 'dsv' for command environment
[1.755s] INFO:colcon.colcon_ros.task.ament_python.build:Building ROS package in '/home/jo/final_commit/src/multy_spawn' with build type 'ament_python'
[1.755s] Level 1:colcon.colcon_core.shell:create_environment_hook('multy_spawn', 'ament_prefix_path')
[1.771s] INFO:colcon.colcon_core.shell:Creating environment hook '/home/jo/final_commit/install/multy_spawn/share/multy_spawn/hook/ament_prefix_path.ps1'
[1.772s] INFO:colcon.colcon_core.shell:Creating environment descriptor '/home/jo/final_commit/install/multy_spawn/share/multy_spawn/hook/ament_prefix_path.dsv'
[1.772s] INFO:colcon.colcon_core.shell:Creating environment hook '/home/jo/final_commit/install/multy_spawn/share/multy_spawn/hook/ament_prefix_path.sh'
[1.788s] INFO:colcon.colcon_core.shell:Skip shell extension 'powershell' for command environment: Not usable outside of PowerShell
[1.788s] DEBUG:colcon.colcon_core.shell:Skip shell extension 'dsv' for command environment
[2.108s] INFO:colcon.colcon_core.task.python.build:Building Python package in '/home/jo/final_commit/src/call_gazebo'
[2.124s] INFO:colcon.colcon_core.shell:Skip shell extension 'powershell' for command environment: Not usable outside of PowerShell
[2.124s] DEBUG:colcon.colcon_core.shell:Skip shell extension 'dsv' for command environment
[2.438s] INFO:colcon.colcon_core.task.python.build:Building Python package in '/home/jo/final_commit/src/description'
[2.454s] INFO:colcon.colcon_core.shell:Skip shell extension 'powershell' for command environment: Not usable outside of PowerShell
[2.454s] DEBUG:colcon.colcon_core.shell:Skip shell extension 'dsv' for command environment
[2.809s] INFO:colcon.colcon_core.task.python.build:Building Python package in '/home/jo/final_commit/src/multy_spawn'
[2.824s] INFO:colcon.colcon_core.shell:Skip shell extension 'powershell' for command environment: Not usable outside of PowerShell
[2.824s] DEBUG:colcon.colcon_core.shell:Skip shell extension 'dsv' for command environment
[3.242s] DEBUG:colcon.colcon_core.event_handler.log_command:Invoking command in '/home/jo/final_commit/src/description': PYTHONPATH=/home/jo/final_commit/build/description/prefix_override:/home/jo/final_commit/install/description/lib/python3.10/site-packages:${PYTHONPATH} /usr/bin/python3 setup.py egg_info --egg-base ../../build/description build --build-base /home/jo/final_commit/build/description/build install --record /home/jo/final_commit/build/description/install.log --single-version-externally-managed
[3.249s] DEBUG:colcon.colcon_core.event_handler.log_command:Invoking command in '/home/jo/final_commit/src/call_gazebo': PYTHONPATH=/home/jo/final_commit/build/call_gazebo/prefix_override:/home/jo/final_commit/install/call_gazebo/lib/python3.10/site-packages:${PYTHONPATH} /usr/bin/python3 setup.py egg_info --egg-base ../../build/call_gazebo build --build-base /home/jo/final_commit/build/call_gazebo/build install --record /home/jo/final_commit/build/call_gazebo/install.log --single-version-externally-managed
[3.267s] DEBUG:colcon.colcon_core.event_handler.log_command:Invoking command in '/home/jo/final_commit/src/multy_spawn': PYTHONPATH=/home/jo/final_commit/build/multy_spawn/prefix_override:/home/jo/final_commit/install/multy_spawn/lib/python3.10/site-packages:${PYTHONPATH} /usr/bin/python3 setup.py egg_info --egg-base ../../build/multy_spawn build --build-base /home/jo/final_commit/build/multy_spawn/build install --record /home/jo/final_commit/build/multy_spawn/install.log --single-version-externally-managed
[3.522s] DEBUG:colcon.colcon_core.event_handler.log_command:Invoked command in '/home/jo/final_commit/src/description' returned '0': PYTHONPATH=/home/jo/final_commit/build/description/prefix_override:/home/jo/final_commit/install/description/lib/python3.10/site-packages:${PYTHONPATH} /usr/bin/python3 setup.py egg_info --egg-base ../../build/description build --build-base /home/jo/final_commit/build/description/build install --record /home/jo/final_commit/build/description/install.log --single-version-externally-managed
[3.539s] Level 1:colcon.colcon_core.environment:checking '/home/jo/final_commit/install/description' for CMake module files
[3.539s] Level 1:colcon.colcon_core.environment:checking '/home/jo/final_commit/install/description' for CMake config files
[3.540s] Level 1:colcon.colcon_core.environment:checking '/home/jo/final_commit/install/description/lib'
[3.540s] Level 1:colcon.colcon_core.environment:checking '/home/jo/final_commit/install/description/bin'
[3.540s] Level 1:colcon.colcon_core.environment:checking '/home/jo/final_commit/install/description/lib/pkgconfig/description.pc'
[3.540s] Level 1:colcon.colcon_core.environment:checking '/home/jo/final_commit/install/description/lib/python3.10/site-packages'
[3.540s] Level 1:colcon.colcon_core.shell:create_environment_hook('description', 'pythonpath')
[3.556s] INFO:colcon.colcon_core.shell:Creating environment hook '/home/jo/final_commit/install/description/share/description/hook/pythonpath.ps1'
[3.556s] INFO:colcon.colcon_core.shell:Creating environment descriptor '/home/jo/final_commit/install/description/share/description/hook/pythonpath.dsv'
[3.556s] INFO:colcon.colcon_core.shell:Creating environment hook '/home/jo/final_commit/install/description/share/description/hook/pythonpath.sh'
[3.556s] Level 1:colcon.colcon_core.environment:checking '/home/jo/final_commit/install/description/bin'
[3.557s] Level 1:colcon.colcon_core.environment:create_environment_scripts_only(description)
[3.571s] INFO:colcon.colcon_core.shell:Creating package script '/home/jo/final_commit/install/description/share/description/package.ps1'
[3.572s] INFO:colcon.colcon_core.shell:Creating package descriptor '/home/jo/final_commit/install/description/share/description/package.dsv'
[3.572s] INFO:colcon.colcon_core.shell:Creating package script '/home/jo/final_commit/install/description/share/description/package.sh'
[3.573s] INFO:colcon.colcon_core.shell:Creating package script '/home/jo/final_commit/install/description/share/description/package.bash'
[3.573s] INFO:colcon.colcon_core.shell:Creating package script '/home/jo/final_commit/install/description/share/description/package.zsh'
[3.574s] Level 1:colcon.colcon_core.environment:create_file_with_runtime_dependencies(/home/jo/final_commit/install/description/share/colcon-core/packages/description)
[3.576s] DEBUG:colcon.colcon_core.event_handler.log_command:Invoked command in '/home/jo/final_commit/src/call_gazebo' returned '0': PYTHONPATH=/home/jo/final_commit/build/call_gazebo/prefix_override:/home/jo/final_commit/install/call_gazebo/lib/python3.10/site-packages:${PYTHONPATH} /usr/bin/python3 setup.py egg_info --egg-base ../../build/call_gazebo build --build-base /home/jo/final_commit/build/call_gazebo/build install --record /home/jo/final_commit/build/call_gazebo/install.log --single-version-externally-managed
[3.591s] Level 1:colcon.colcon_core.environment:checking '/home/jo/final_commit/install/call_gazebo' for CMake module files
[3.591s] Level 1:colcon.colcon_core.environment:checking '/home/jo/final_commit/install/call_gazebo' for CMake config files
[3.591s] Level 1:colcon.colcon_core.environment:checking '/home/jo/final_commit/install/call_gazebo/lib'
[3.591s] Level 1:colcon.colcon_core.environment:checking '/home/jo/final_commit/install/call_gazebo/bin'
[3.591s] Level 1:colcon.colcon_core.environment:checking '/home/jo/final_commit/install/call_gazebo/lib/pkgconfig/call_gazebo.pc'
[3.591s] Level 1:colcon.colcon_core.environment:checking '/home/jo/final_commit/install/call_gazebo/lib/python3.10/site-packages'
[3.592s] Level 1:colcon.colcon_core.shell:create_environment_hook('call_gazebo', 'pythonpath')
[3.606s] INFO:colcon.colcon_core.shell:Creating environment hook '/home/jo/final_commit/install/call_gazebo/share/call_gazebo/hook/pythonpath.ps1'
[3.607s] INFO:colcon.colcon_core.shell:Creating environment descriptor '/home/jo/final_commit/install/call_gazebo/share/call_gazebo/hook/pythonpath.dsv'
[3.607s] INFO:colcon.colcon_core.shell:Creating environment hook '/home/jo/final_commit/install/call_gazebo/share/call_gazebo/hook/pythonpath.sh'
[3.607s] Level 1:colcon.colcon_core.environment:checking '/home/jo/final_commit/install/call_gazebo/bin'
[3.607s] Level 1:colcon.colcon_core.environment:create_environment_scripts_only(call_gazebo)
[3.622s] INFO:colcon.colcon_core.shell:Creating package script '/home/jo/final_commit/install/call_gazebo/share/call_gazebo/package.ps1'
[3.623s] INFO:colcon.colcon_core.shell:Creating package descriptor '/home/jo/final_commit/install/call_gazebo/share/call_gazebo/package.dsv'
[3.623s] INFO:colcon.colcon_core.shell:Creating package script '/home/jo/final_commit/install/call_gazebo/share/call_gazebo/package.sh'
[3.623s] INFO:colcon.colcon_core.shell:Creating package script '/home/jo/final_commit/install/call_gazebo/share/call_gazebo/package.bash'
[3.623s] INFO:colcon.colcon_core.shell:Creating package script '/home/jo/final_commit/install/call_gazebo/share/call_gazebo/package.zsh'
[3.624s] Level 1:colcon.colcon_core.environment:create_file_with_runtime_dependencies(/home/jo/final_commit/install/call_gazebo/share/colcon-core/packages/call_gazebo)
[3.625s] DEBUG:colcon.colcon_core.event_handler.log_command:Invoked command in '/home/jo/final_commit/src/multy_spawn' returned '0': PYTHONPATH=/home/jo/final_commit/build/multy_spawn/prefix_override:/home/jo/final_commit/install/multy_spawn/lib/python3.10/site-packages:${PYTHONPATH} /usr/bin/python3 setup.py egg_info --egg-base ../../build/multy_spawn build --build-base /home/jo/final_commit/build/multy_spawn/build install --record /home/jo/final_commit/build/multy_spawn/install.log --single-version-externally-managed
[3.640s] Level 1:colcon.colcon_core.environment:checking '/home/jo/final_commit/install/multy_spawn' for CMake module files
[3.640s] Level 1:colcon.colcon_core.environment:checking '/home/jo/final_commit/install/multy_spawn' for CMake config files
[3.640s] Level 1:colcon.colcon_core.environment:checking '/home/jo/final_commit/install/multy_spawn/lib'
[3.640s] Level 1:colcon.colcon_core.environment:checking '/home/jo/final_commit/install/multy_spawn/bin'
[3.640s] Level 1:colcon.colcon_core.environment:checking '/home/jo/final_commit/install/multy_spawn/lib/pkgconfig/multy_spawn.pc'
[3.641s] Level 1:colcon.colcon_core.environment:checking '/home/jo/final_commit/install/multy_spawn/lib/python3.10/site-packages'
[3.641s] Level 1:colcon.colcon_core.shell:create_environment_hook('multy_spawn', 'pythonpath')
[3.657s] INFO:colcon.colcon_core.shell:Creating environment hook '/home/jo/final_commit/install/multy_spawn/share/multy_spawn/hook/pythonpath.ps1'
[3.657s] INFO:colcon.colcon_core.shell:Creating environment descriptor '/home/jo/final_commit/install/multy_spawn/share/multy_spawn/hook/pythonpath.dsv'
[3.657s] INFO:colcon.colcon_core.shell:Creating environment hook '/home/jo/final_commit/install/multy_spawn/share/multy_spawn/hook/pythonpath.sh'
[3.658s] Level 1:colcon.colcon_core.environment:checking '/home/jo/final_commit/install/multy_spawn/bin'
[3.658s] Level 1:colcon.colcon_core.environment:create_environment_scripts_only(multy_spawn)
[3.674s] INFO:colcon.colcon_core.shell:Creating package script '/home/jo/final_commit/install/multy_spawn/share/multy_spawn/package.ps1'
[3.675s] INFO:colcon.colcon_core.shell:Creating package descriptor '/home/jo/final_commit/install/multy_spawn/share/multy_spawn/package.dsv'
[3.675s] INFO:colcon.colcon_core.shell:Creating package script '/home/jo/final_commit/install/multy_spawn/share/multy_spawn/package.sh'
[3.675s] INFO:colcon.colcon_core.shell:Creating package script '/home/jo/final_commit/install/multy_spawn/share/multy_spawn/package.bash'
[3.675s] INFO:colcon.colcon_core.shell:Creating package script '/home/jo/final_commit/install/multy_spawn/share/multy_spawn/package.zsh'
[3.676s] Level 1:colcon.colcon_core.environment:create_file_with_runtime_dependencies(/home/jo/final_commit/install/multy_spawn/share/colcon-core/packages/multy_spawn)
[3.676s] DEBUG:colcon.colcon_parallel_executor.executor.parallel:closing loop
[3.676s] DEBUG:colcon.colcon_parallel_executor.executor.parallel:loop closed
[3.676s] DEBUG:colcon.colcon_parallel_executor.executor.parallel:run_until_complete finished with '0'
[3.676s] DEBUG:colcon.colcon_core.event_reactor:joining thread
[3.699s] INFO:colcon.colcon_core.plugin_system:Skipping extension 'colcon_notification.desktop_notification.terminal_notifier': Not used on non-Darwin systems
[3.699s] INFO:colcon.colcon_core.plugin_system:Skipping extension 'colcon_notification.desktop_notification.win32': Not used on non-Windows systems
[3.699s] INFO:colcon.colcon_notification.desktop_notification:Sending desktop notification using 'notify2'
[3.717s] DEBUG:colcon.colcon_core.event_reactor:joined thread
[3.738s] INFO:colcon.colcon_core.shell:Creating prefix script '/home/jo/final_commit/install/local_setup.ps1'
[3.739s] INFO:colcon.colcon_core.shell:Creating prefix util module '/home/jo/final_commit/install/_local_setup_util_ps1.py'
[3.740s] INFO:colcon.colcon_core.shell:Creating prefix chain script '/home/jo/final_commit/install/setup.ps1'
[3.757s] INFO:colcon.colcon_core.shell:Creating prefix script '/home/jo/final_commit/install/local_setup.sh'
[3.757s] INFO:colcon.colcon_core.shell:Creating prefix util module '/home/jo/final_commit/install/_local_setup_util_sh.py'
[3.758s] INFO:colcon.colcon_core.shell:Creating prefix chain script '/home/jo/final_commit/install/setup.sh'
[3.775s] INFO:colcon.colcon_core.shell:Creating prefix script '/home/jo/final_commit/install/local_setup.bash'
[3.776s] INFO:colcon.colcon_core.shell:Creating prefix chain script '/home/jo/final_commit/install/setup.bash'
[3.793s] INFO:colcon.colcon_core.shell:Creating prefix script '/home/jo/final_commit/install/local_setup.zsh'
[3.793s] INFO:colcon.colcon_core.shell:Creating prefix chain script '/home/jo/final_commit/install/setup.zsh'
