[0.794s] Invoking command in '/home/jo/final_commit/src/communication': PYTHONPATH=/home/jo/final_commit/build/communication/prefix_override:/home/jo/final_commit/install/communication/lib/python3.10/site-packages:${PYTHONPATH} /usr/bin/python3 setup.py egg_info --egg-base ../../build/communication build --build-base /home/jo/final_commit/build/communication/build install --record /home/jo/final_commit/build/communication/install.log --single-version-externally-managed
[1.008s] running egg_info
[1.008s] writing ../../build/communication/communication.egg-info/PKG-INFO
[1.008s] writing dependency_links to ../../build/communication/communication.egg-info/dependency_links.txt
[1.009s] writing entry points to ../../build/communication/communication.egg-info/entry_points.txt
[1.009s] writing requirements to ../../build/communication/communication.egg-info/requires.txt
[1.009s] writing top-level names to ../../build/communication/communication.egg-info/top_level.txt
[1.010s] reading manifest file '../../build/communication/communication.egg-info/SOURCES.txt'
[1.011s] writing manifest file '../../build/communication/communication.egg-info/SOURCES.txt'
[1.011s] running build
[1.011s] running build_py
[1.011s] copying communication/minibot_talker.py -> /home/jo/final_commit/build/communication/build/lib/communication
[1.012s] running install
[1.012s] /usr/lib/python3/dist-packages/setuptools/command/install.py:34: SetuptoolsDeprecationWarning: setup.py install is deprecated. Use build and pip and other standards-based tools.
[1.012s]   warnings.warn(
[1.012s] running install_lib
[1.013s] copying /home/jo/final_commit/build/communication/build/lib/communication/minibot_talker.py -> /home/jo/final_commit/install/communication/lib/python3.10/site-packages/communication
[1.013s] byte-compiling /home/jo/final_commit/install/communication/lib/python3.10/site-packages/communication/minibot_talker.py to minibot_talker.cpython-310.pyc
[1.014s] running install_data
[1.014s] running install_egg_info
[1.015s] removing '/home/jo/final_commit/install/communication/lib/python3.10/site-packages/communication-0.0.0-py3.10.egg-info' (and everything under it)
[1.016s] Copying ../../build/communication/communication.egg-info to /home/jo/final_commit/install/communication/lib/python3.10/site-packages/communication-0.0.0-py3.10.egg-info
[1.016s] running install_scripts
[1.032s] Installing controller_listener script to /home/jo/final_commit/install/communication/lib/communication
[1.032s] Installing controller_talker script to /home/jo/final_commit/install/communication/lib/communication
[1.032s] Installing minibot_listener script to /home/jo/final_commit/install/communication/lib/communication
[1.032s] Installing minibot_talker script to /home/jo/final_commit/install/communication/lib/communication
[1.033s] writing list of installed files to '/home/jo/final_commit/build/communication/install.log'
[1.052s] Invoked command in '/home/jo/final_commit/src/communication' returned '0': PYTHONPATH=/home/jo/final_commit/build/communication/prefix_override:/home/jo/final_commit/install/communication/lib/python3.10/site-packages:${PYTHONPATH} /usr/bin/python3 setup.py egg_info --egg-base ../../build/communication build --build-base /home/jo/final_commit/build/communication/build install --record /home/jo/final_commit/build/communication/install.log --single-version-externally-managed
