[1.068s] Invoking command in '/home/jo/final_commit/src/description': PYTHONPATH=/home/jo/final_commit/build/description/prefix_override:/home/jo/final_commit/install/description/lib/python3.10/site-packages:${PYTHONPATH} /usr/bin/python3 setup.py egg_info --egg-base ../../build/description build --build-base /home/jo/final_commit/build/description/build install --record /home/jo/final_commit/build/description/install.log --single-version-externally-managed
[1.298s] running egg_info
[1.299s] writing ../../build/description/description.egg-info/PKG-INFO
[1.299s] writing dependency_links to ../../build/description/description.egg-info/dependency_links.txt
[1.299s] writing entry points to ../../build/description/description.egg-info/entry_points.txt
[1.299s] writing requirements to ../../build/description/description.egg-info/requires.txt
[1.299s] writing top-level names to ../../build/description/description.egg-info/top_level.txt
[1.301s] reading manifest file '../../build/description/description.egg-info/SOURCES.txt'
[1.301s] writing manifest file '../../build/description/description.egg-info/SOURCES.txt'
[1.301s] running build
[1.301s] running build_py
[1.301s] running install
[1.302s] /usr/lib/python3/dist-packages/setuptools/command/install.py:34: SetuptoolsDeprecationWarning: setup.py install is deprecated. Use build and pip and other standards-based tools.
[1.302s]   warnings.warn(
[1.302s] running install_lib
[1.303s] running install_data
[1.303s] running install_egg_info
[1.305s] removing '/home/jo/final_commit/install/description/lib/python3.10/site-packages/description-0.0.0-py3.10.egg-info' (and everything under it)
[1.305s] Copying ../../build/description/description.egg-info to /home/jo/final_commit/install/description/lib/python3.10/site-packages/description-0.0.0-py3.10.egg-info
[1.306s] running install_scripts
[1.323s] writing list of installed files to '/home/jo/final_commit/build/description/install.log'
[1.397s] Invoked command in '/home/jo/final_commit/src/description' returned '0': PYTHONPATH=/home/jo/final_commit/build/description/prefix_override:/home/jo/final_commit/install/description/lib/python3.10/site-packages:${PYTHONPATH} /usr/bin/python3 setup.py egg_info --egg-base ../../build/description build --build-base /home/jo/final_commit/build/description/build install --record /home/jo/final_commit/build/description/install.log --single-version-externally-managed
