[0.785s] Invoking command in '/home/jo/final_commit/src/communication': PYTHONPATH=/home/jo/final_commit/build/communication/prefix_override:/home/jo/final_commit/install/communication/lib/python3.10/site-packages:${PYTHONPATH} /usr/bin/python3 setup.py egg_info --egg-base ../../build/communication build --build-base /home/jo/final_commit/build/communication/build install --record /home/jo/final_commit/build/communication/install.log --single-version-externally-managed
[0.984s] running egg_info
[0.984s] writing ../../build/communication/communication.egg-info/PKG-INFO
[0.984s] writing dependency_links to ../../build/communication/communication.egg-info/dependency_links.txt
[0.985s] writing entry points to ../../build/communication/communication.egg-info/entry_points.txt
[0.985s] writing requirements to ../../build/communication/communication.egg-info/requires.txt
[0.985s] writing top-level names to ../../build/communication/communication.egg-info/top_level.txt
[0.986s] reading manifest file '../../build/communication/communication.egg-info/SOURCES.txt'
[0.987s] writing manifest file '../../build/communication/communication.egg-info/SOURCES.txt'
[0.987s] running build
[0.987s] running build_py
[0.987s] copying communication/minibot_talker.py -> /home/jo/final_commit/build/communication/build/lib/communication
[0.987s] running install
[0.988s] /usr/lib/python3/dist-packages/setuptools/command/install.py:34: SetuptoolsDeprecationWarning: setup.py install is deprecated. Use build and pip and other standards-based tools.
[0.988s]   warnings.warn(
[0.988s] running install_lib
[0.988s] copying /home/jo/final_commit/build/communication/build/lib/communication/minibot_talker.py -> /home/jo/final_commit/install/communication/lib/python3.10/site-packages/communication
[0.989s] byte-compiling /home/jo/final_commit/install/communication/lib/python3.10/site-packages/communication/minibot_talker.py to minibot_talker.cpython-310.pyc
[0.989s] running install_data
[0.989s] running install_egg_info
[0.991s] removing '/home/jo/final_commit/install/communication/lib/python3.10/site-packages/communication-0.0.0-py3.10.egg-info' (and everything under it)
[0.991s] Copying ../../build/communication/communication.egg-info to /home/jo/final_commit/install/communication/lib/python3.10/site-packages/communication-0.0.0-py3.10.egg-info
[0.991s] running install_scripts
[1.006s] Installing controller_listener script to /home/jo/final_commit/install/communication/lib/communication
[1.007s] Installing controller_talker script to /home/jo/final_commit/install/communication/lib/communication
[1.007s] Installing minibot_listener script to /home/jo/final_commit/install/communication/lib/communication
[1.007s] Installing minibot_talker script to /home/jo/final_commit/install/communication/lib/communication
[1.007s] writing list of installed files to '/home/jo/final_commit/build/communication/install.log'
[1.022s] Invoked command in '/home/jo/final_commit/src/communication' returned '0': PYTHONPATH=/home/jo/final_commit/build/communication/prefix_override:/home/jo/final_commit/install/communication/lib/python3.10/site-packages:${PYTHONPATH} /usr/bin/python3 setup.py egg_info --egg-base ../../build/communication build --build-base /home/jo/final_commit/build/communication/build install --record /home/jo/final_commit/build/communication/install.log --single-version-externally-managed
