[0.689s] Invoking command in '/home/jo/final_commit/auto_drive_control': PYTHONPATH=/home/jo/final_commit/build/auto_drive_control/prefix_override:/home/jo/final_commit/install/auto_drive_control/lib/python3.10/site-packages:${PYTHONPATH} /usr/bin/python3 setup.py egg_info --egg-base ../build/auto_drive_control build --build-base /home/jo/final_commit/build/auto_drive_control/build install --record /home/jo/final_commit/build/auto_drive_control/install.log --single-version-externally-managed
[0.887s] running egg_info
[0.887s] writing ../build/auto_drive_control/auto_drive_control.egg-info/PKG-INFO
[0.887s] writing dependency_links to ../build/auto_drive_control/auto_drive_control.egg-info/dependency_links.txt
[0.888s] writing entry points to ../build/auto_drive_control/auto_drive_control.egg-info/entry_points.txt
[0.888s] writing requirements to ../build/auto_drive_control/auto_drive_control.egg-info/requires.txt
[0.889s] writing top-level names to ../build/auto_drive_control/auto_drive_control.egg-info/top_level.txt
[0.889s] reading manifest file '../build/auto_drive_control/auto_drive_control.egg-info/SOURCES.txt'
[0.890s] writing manifest file '../build/auto_drive_control/auto_drive_control.egg-info/SOURCES.txt'
[0.890s] running build
[0.890s] running build_py
[0.891s] copying auto_drive_control/connect_arduino.py -> /home/jo/final_commit/build/auto_drive_control/build/lib/auto_drive_control
[0.891s] copying auto_drive_control/ultrasonic_dist_subscliber.py -> /home/jo/final_commit/build/auto_drive_control/build/lib/auto_drive_control
[0.891s] running install
[0.891s] /usr/lib/python3/dist-packages/setuptools/command/install.py:34: SetuptoolsDeprecationWarning: setup.py install is deprecated. Use build and pip and other standards-based tools.
[0.891s]   warnings.warn(
[0.891s] running install_lib
[0.892s] copying /home/jo/final_commit/build/auto_drive_control/build/lib/auto_drive_control/connect_arduino.py -> /home/jo/final_commit/install/auto_drive_control/lib/python3.10/site-packages/auto_drive_control
[0.892s] copying /home/jo/final_commit/build/auto_drive_control/build/lib/auto_drive_control/ultrasonic_dist_subscliber.py -> /home/jo/final_commit/install/auto_drive_control/lib/python3.10/site-packages/auto_drive_control
[0.892s] byte-compiling /home/jo/final_commit/install/auto_drive_control/lib/python3.10/site-packages/auto_drive_control/connect_arduino.py to connect_arduino.cpython-310.pyc
[0.892s]   File "/home/jo/final_commit/install/auto_drive_control/lib/python3.10/site-packages/auto_drive_control/connect_arduino.py", line 4
[0.892s]     from 
[0.892s]          ^
[0.892s] SyntaxError: invalid syntax
[0.892s] 
[0.892s] byte-compiling /home/jo/final_commit/install/auto_drive_control/lib/python3.10/site-packages/auto_drive_control/ultrasonic_dist_subscliber.py to ultrasonic_dist_subscliber.cpython-310.pyc
[0.893s] running install_data
[0.893s] running install_egg_info
[0.894s] removing '/home/jo/final_commit/install/auto_drive_control/lib/python3.10/site-packages/auto_drive_control-0.0.0-py3.10.egg-info' (and everything under it)
[0.894s] Copying ../build/auto_drive_control/auto_drive_control.egg-info to /home/jo/final_commit/install/auto_drive_control/lib/python3.10/site-packages/auto_drive_control-0.0.0-py3.10.egg-info
[0.895s] running install_scripts
[0.910s] Installing arduino_protocol_sender = auto_drive_control.arduino_protocol_sender:mainconnect_arduino script to /home/jo/final_commit/install/auto_drive_control/lib/auto_drive_control
[0.910s] Installing ultrasonic_dist_publisher script to /home/jo/final_commit/install/auto_drive_control/lib/auto_drive_control
[0.910s] Installing ultrasonic_dist_subscliber script to /home/jo/final_commit/install/auto_drive_control/lib/auto_drive_control
[0.910s] writing list of installed files to '/home/jo/final_commit/build/auto_drive_control/install.log'
[0.925s] Invoked command in '/home/jo/final_commit/auto_drive_control' returned '0': PYTHONPATH=/home/jo/final_commit/build/auto_drive_control/prefix_override:/home/jo/final_commit/install/auto_drive_control/lib/python3.10/site-packages:${PYTHONPATH} /usr/bin/python3 setup.py egg_info --egg-base ../build/auto_drive_control build --build-base /home/jo/final_commit/build/auto_drive_control/build install --record /home/jo/final_commit/build/auto_drive_control/install.log --single-version-externally-managed
