[0.722s] Invoking command in '/home/jo/ros-repo-2/src/minibot_network': PYTHONPATH=/home/jo/ros-repo-2/build/minibot_network/prefix_override:/home/jo/ros-repo-2/install/minibot_network/lib/python3.10/site-packages:${PYTHONPATH} /usr/bin/python3 setup.py egg_info --egg-base ../../build/minibot_network build --build-base /home/jo/ros-repo-2/build/minibot_network/build install --record /home/jo/ros-repo-2/build/minibot_network/install.log --single-version-externally-managed
[0.936s] running egg_info
[0.937s] writing ../../build/minibot_network/minibot_network.egg-info/PKG-INFO
[0.937s] writing dependency_links to ../../build/minibot_network/minibot_network.egg-info/dependency_links.txt
[0.937s] writing entry points to ../../build/minibot_network/minibot_network.egg-info/entry_points.txt
[0.937s] writing requirements to ../../build/minibot_network/minibot_network.egg-info/requires.txt
[0.938s] writing top-level names to ../../build/minibot_network/minibot_network.egg-info/top_level.txt
[0.939s] reading manifest file '../../build/minibot_network/minibot_network.egg-info/SOURCES.txt'
[0.940s] writing manifest file '../../build/minibot_network/minibot_network.egg-info/SOURCES.txt'
[0.940s] running build
[0.940s] running build_py
[0.940s] running install
[0.940s] /usr/lib/python3/dist-packages/setuptools/command/install.py:34: SetuptoolsDeprecationWarning: setup.py install is deprecated. Use build and pip and other standards-based tools.
[0.940s]   warnings.warn(
[0.940s] running install_lib
[0.941s] running install_data
[0.942s] running install_egg_info
[0.943s] removing '/home/jo/ros-repo-2/install/minibot_network/lib/python3.10/site-packages/minibot_network-0.0.0-py3.10.egg-info' (and everything under it)
[0.943s] Copying ../../build/minibot_network/minibot_network.egg-info to /home/jo/ros-repo-2/install/minibot_network/lib/python3.10/site-packages/minibot_network-0.0.0-py3.10.egg-info
[0.944s] running install_scripts
[0.959s] Installing main_client script to /home/jo/ros-repo-2/install/minibot_network/lib/minibot_network
[0.959s] Installing main_server script to /home/jo/ros-repo-2/install/minibot_network/lib/minibot_network
[0.959s] Installing minibot_cam_publish script to /home/jo/ros-repo-2/install/minibot_network/lib/minibot_network
[0.959s] Installing minibot_cam_subscriber script to /home/jo/ros-repo-2/install/minibot_network/lib/minibot_network
[0.959s] writing list of installed files to '/home/jo/ros-repo-2/build/minibot_network/install.log'
[0.974s] Invoked command in '/home/jo/ros-repo-2/src/minibot_network' returned '0': PYTHONPATH=/home/jo/ros-repo-2/build/minibot_network/prefix_override:/home/jo/ros-repo-2/install/minibot_network/lib/python3.10/site-packages:${PYTHONPATH} /usr/bin/python3 setup.py egg_info --egg-base ../../build/minibot_network build --build-base /home/jo/ros-repo-2/build/minibot_network/build install --record /home/jo/ros-repo-2/build/minibot_network/install.log --single-version-externally-managed
