running egg_info
creating ../../build/call_gazebo/call_gazebo.egg-info
writing ../../build/call_gazebo/call_gazebo.egg-info/PKG-INFO
writing dependency_links to ../../build/call_gazebo/call_gazebo.egg-info/dependency_links.txt
writing entry points to ../../build/call_gazebo/call_gazebo.egg-info/entry_points.txt
writing requirements to ../../build/call_gazebo/call_gazebo.egg-info/requires.txt
writing top-level names to ../../build/call_gazebo/call_gazebo.egg-info/top_level.txt
writing manifest file '../../build/call_gazebo/call_gazebo.egg-info/SOURCES.txt'
reading manifest file '../../build/call_gazebo/call_gazebo.egg-info/SOURCES.txt'
writing manifest file '../../build/call_gazebo/call_gazebo.egg-info/SOURCES.txt'
running build
running build_py
creating /home/jo/final_commit/build/call_gazebo/build
creating /home/jo/final_commit/build/call_gazebo/build/lib
creating /home/jo/final_commit/build/call_gazebo/build/lib/call_gazebo
copying call_gazebo/__init__.py -> /home/jo/final_commit/build/call_gazebo/build/lib/call_gazebo
running install
running install_lib
creating /home/jo/final_commit/install/call_gazebo/lib/python3.10/site-packages/call_gazebo
copying /home/jo/final_commit/build/call_gazebo/build/lib/call_gazebo/__init__.py -> /home/jo/final_commit/install/call_gazebo/lib/python3.10/site-packages/call_gazebo
byte-compiling /home/jo/final_commit/install/call_gazebo/lib/python3.10/site-packages/call_gazebo/__init__.py to __init__.cpython-310.pyc
running install_data
creating /home/jo/final_commit/install/call_gazebo/share/ament_index
creating /home/jo/final_commit/install/call_gazebo/share/ament_index/resource_index
creating /home/jo/final_commit/install/call_gazebo/share/ament_index/resource_index/packages
copying resource/call_gazebo -> /home/jo/final_commit/install/call_gazebo/share/ament_index/resource_index/packages
copying package.xml -> /home/jo/final_commit/install/call_gazebo/share/call_gazebo
creating /home/jo/final_commit/install/call_gazebo/share/call_gazebo/launch
copying launch/world.launch.py -> /home/jo/final_commit/install/call_gazebo/share/call_gazebo/launch
copying launch/call_description.launch.py -> /home/jo/final_commit/install/call_gazebo/share/call_gazebo/launch
running install_egg_info
Copying ../../build/call_gazebo/call_gazebo.egg-info to /home/jo/final_commit/install/call_gazebo/lib/python3.10/site-packages/call_gazebo-0.0.0-py3.10.egg-info
running install_scripts
writing list of installed files to '/home/jo/final_commit/build/call_gazebo/install.log'
