[1.699s] Invoking command in '/home/jo/final_commit/src/call_gazebo': PYTHONPATH=/home/jo/final_commit/build/call_gazebo/prefix_override:/home/jo/final_commit/install/call_gazebo/lib/python3.10/site-packages:${PYTHONPATH} /usr/bin/python3 setup.py egg_info --egg-base ../../build/call_gazebo build --build-base /home/jo/final_commit/build/call_gazebo/build install --record /home/jo/final_commit/build/call_gazebo/install.log --single-version-externally-managed
[1.915s] running egg_info
[1.915s] creating ../../build/call_gazebo/call_gazebo.egg-info
[1.915s] writing ../../build/call_gazebo/call_gazebo.egg-info/PKG-INFO
[1.916s] writing dependency_links to ../../build/call_gazebo/call_gazebo.egg-info/dependency_links.txt
[1.916s] writing entry points to ../../build/call_gazebo/call_gazebo.egg-info/entry_points.txt
[1.916s] writing requirements to ../../build/call_gazebo/call_gazebo.egg-info/requires.txt
[1.916s] writing top-level names to ../../build/call_gazebo/call_gazebo.egg-info/top_level.txt
[1.916s] writing manifest file '../../build/call_gazebo/call_gazebo.egg-info/SOURCES.txt'
[1.918s] reading manifest file '../../build/call_gazebo/call_gazebo.egg-info/SOURCES.txt'
[1.918s] writing manifest file '../../build/call_gazebo/call_gazebo.egg-info/SOURCES.txt'
[1.918s] running build
[1.918s] running build_py
[1.919s] creating /home/jo/final_commit/build/call_gazebo/build
[1.919s] creating /home/jo/final_commit/build/call_gazebo/build/lib
[1.919s] creating /home/jo/final_commit/build/call_gazebo/build/lib/call_gazebo
[1.919s] copying call_gazebo/__init__.py -> /home/jo/final_commit/build/call_gazebo/build/lib/call_gazebo
[1.919s] running install
[1.919s] /usr/lib/python3/dist-packages/setuptools/command/install.py:34: SetuptoolsDeprecationWarning: setup.py install is deprecated. Use build and pip and other standards-based tools.
[1.919s]   warnings.warn(
[1.919s] running install_lib
[1.920s] creating /home/jo/final_commit/install/call_gazebo/lib/python3.10/site-packages/call_gazebo
[1.920s] copying /home/jo/final_commit/build/call_gazebo/build/lib/call_gazebo/__init__.py -> /home/jo/final_commit/install/call_gazebo/lib/python3.10/site-packages/call_gazebo
[1.920s] byte-compiling /home/jo/final_commit/install/call_gazebo/lib/python3.10/site-packages/call_gazebo/__init__.py to __init__.cpython-310.pyc
[1.920s] running install_data
[1.921s] creating /home/jo/final_commit/install/call_gazebo/share/ament_index
[1.921s] creating /home/jo/final_commit/install/call_gazebo/share/ament_index/resource_index
[1.921s] creating /home/jo/final_commit/install/call_gazebo/share/ament_index/resource_index/packages
[1.921s] copying resource/call_gazebo -> /home/jo/final_commit/install/call_gazebo/share/ament_index/resource_index/packages
[1.921s] copying package.xml -> /home/jo/final_commit/install/call_gazebo/share/call_gazebo
[1.921s] creating /home/jo/final_commit/install/call_gazebo/share/call_gazebo/launch
[1.921s] copying launch/world.launch.py -> /home/jo/final_commit/install/call_gazebo/share/call_gazebo/launch
[1.921s] copying launch/call_description.launch.py -> /home/jo/final_commit/install/call_gazebo/share/call_gazebo/launch
[1.921s] running install_egg_info
[1.922s] Copying ../../build/call_gazebo/call_gazebo.egg-info to /home/jo/final_commit/install/call_gazebo/lib/python3.10/site-packages/call_gazebo-0.0.0-py3.10.egg-info
[1.923s] running install_scripts
[1.940s] writing list of installed files to '/home/jo/final_commit/build/call_gazebo/install.log'
[1.966s] Invoked command in '/home/jo/final_commit/src/call_gazebo' returned '0': PYTHONPATH=/home/jo/final_commit/build/call_gazebo/prefix_override:/home/jo/final_commit/install/call_gazebo/lib/python3.10/site-packages:${PYTHONPATH} /usr/bin/python3 setup.py egg_info --egg-base ../../build/call_gazebo build --build-base /home/jo/final_commit/build/call_gazebo/build install --record /home/jo/final_commit/build/call_gazebo/install.log --single-version-externally-managed
