running egg_info
writing ../../build/description/description.egg-info/PKG-INFO
writing dependency_links to ../../build/description/description.egg-info/dependency_links.txt
writing entry points to ../../build/description/description.egg-info/entry_points.txt
writing requirements to ../../build/description/description.egg-info/requires.txt
writing top-level names to ../../build/description/description.egg-info/top_level.txt
reading manifest file '../../build/description/description.egg-info/SOURCES.txt'
writing manifest file '../../build/description/description.egg-info/SOURCES.txt'
running build
running build_py
copying description/__init__.py -> /home/jo/final_commit/build/description/build/lib/description
running install
running install_lib
copying /home/jo/final_commit/build/description/build/lib/description/__init__.py -> /home/jo/final_commit/install/description/lib/python3.10/site-packages/description
byte-compiling /home/jo/final_commit/install/description/lib/python3.10/site-packages/description/__init__.py to __init__.cpython-310.pyc
running install_data
copying resource/description -> /home/jo/final_commit/install/description/share/ament_index/resource_index/packages
copying package.xml -> /home/jo/final_commit/install/description/share/description
copying launch/spawn.launch.py -> /home/jo/final_commit/install/description/share/description/launch
copying urdf/inertial_macros.xacro -> /home/jo/final_commit/install/description/share/description/urdf
copying urdf/gazebo_control.xacro -> /home/jo/final_commit/install/description/share/description/urdf
copying urdf/robot_core.xacro -> /home/jo/final_commit/install/description/share/description/urdf
copying urdf/robot.urdf.xacro -> /home/jo/final_commit/install/description/share/description/urdf
copying urdf/lidar.xacro -> /home/jo/final_commit/install/description/share/description/urdf
copying urdf/ros2_control.xacro -> /home/jo/final_commit/install/description/share/description/urdf
copying urdf/camera.xacro -> /home/jo/final_commit/install/description/share/description/urdf
running install_egg_info
removing '/home/jo/final_commit/install/description/lib/python3.10/site-packages/description-0.0.0-py3.10.egg-info' (and everything under it)
Copying ../../build/description/description.egg-info to /home/jo/final_commit/install/description/lib/python3.10/site-packages/description-0.0.0-py3.10.egg-info
running install_scripts
writing list of installed files to '/home/jo/final_commit/build/description/install.log'
