[1.731s] Invoking command in '/home/jo/final_commit/src/description': PYTHONPATH=/home/jo/final_commit/build/description/prefix_override:/home/jo/final_commit/install/description/lib/python3.10/site-packages:${PYTHONPATH} /usr/bin/python3 setup.py egg_info --egg-base ../../build/description build --build-base /home/jo/final_commit/build/description/build install --record /home/jo/final_commit/build/description/install.log --single-version-externally-managed
[1.945s] running egg_info
[1.945s] creating ../../build/description/description.egg-info
[1.945s] writing ../../build/description/description.egg-info/PKG-INFO
[1.945s] writing dependency_links to ../../build/description/description.egg-info/dependency_links.txt
[1.945s] writing entry points to ../../build/description/description.egg-info/entry_points.txt
[1.946s] writing requirements to ../../build/description/description.egg-info/requires.txt
[1.946s] writing top-level names to ../../build/description/description.egg-info/top_level.txt
[1.946s] writing manifest file '../../build/description/description.egg-info/SOURCES.txt'
[1.947s] reading manifest file '../../build/description/description.egg-info/SOURCES.txt'
[1.948s] writing manifest file '../../build/description/description.egg-info/SOURCES.txt'
[1.948s] running build
[1.948s] running build_py
[1.948s] creating /home/jo/final_commit/build/description/build
[1.948s] creating /home/jo/final_commit/build/description/build/lib
[1.948s] creating /home/jo/final_commit/build/description/build/lib/description
[1.948s] copying description/__init__.py -> /home/jo/final_commit/build/description/build/lib/description
[1.949s] running install
[1.949s] /usr/lib/python3/dist-packages/setuptools/command/install.py:34: SetuptoolsDeprecationWarning: setup.py install is deprecated. Use build and pip and other standards-based tools.
[1.949s]   warnings.warn(
[1.949s] running install_lib
[1.949s] creating /home/jo/final_commit/install/description/lib/python3.10/site-packages/description
[1.950s] copying /home/jo/final_commit/build/description/build/lib/description/__init__.py -> /home/jo/final_commit/install/description/lib/python3.10/site-packages/description
[1.950s] byte-compiling /home/jo/final_commit/install/description/lib/python3.10/site-packages/description/__init__.py to __init__.cpython-310.pyc
[1.950s] running install_data
[1.950s] creating /home/jo/final_commit/install/description/share/ament_index
[1.951s] creating /home/jo/final_commit/install/description/share/ament_index/resource_index
[1.951s] creating /home/jo/final_commit/install/description/share/ament_index/resource_index/packages
[1.951s] copying resource/description -> /home/jo/final_commit/install/description/share/ament_index/resource_index/packages
[1.951s] copying package.xml -> /home/jo/final_commit/install/description/share/description
[1.951s] running install_egg_info
[1.952s] Copying ../../build/description/description.egg-info to /home/jo/final_commit/install/description/lib/python3.10/site-packages/description-0.0.0-py3.10.egg-info
[1.952s] running install_scripts
[1.970s] writing list of installed files to '/home/jo/final_commit/build/description/install.log'
[2.001s] Invoked command in '/home/jo/final_commit/src/description' returned '0': PYTHONPATH=/home/jo/final_commit/build/description/prefix_override:/home/jo/final_commit/install/description/lib/python3.10/site-packages:${PYTHONPATH} /usr/bin/python3 setup.py egg_info --egg-base ../../build/description build --build-base /home/jo/final_commit/build/description/build install --record /home/jo/final_commit/build/description/install.log --single-version-externally-managed
