running egg_info
creating ../../build/domain_bridge/domain_bridge.egg-info
writing ../../build/domain_bridge/domain_bridge.egg-info/PKG-INFO
writing dependency_links to ../../build/domain_bridge/domain_bridge.egg-info/dependency_links.txt
writing entry points to ../../build/domain_bridge/domain_bridge.egg-info/entry_points.txt
writing requirements to ../../build/domain_bridge/domain_bridge.egg-info/requires.txt
writing top-level names to ../../build/domain_bridge/domain_bridge.egg-info/top_level.txt
writing manifest file '../../build/domain_bridge/domain_bridge.egg-info/SOURCES.txt'
reading manifest file '../../build/domain_bridge/domain_bridge.egg-info/SOURCES.txt'
writing manifest file '../../build/domain_bridge/domain_bridge.egg-info/SOURCES.txt'
running build
running build_py
creating /home/jo/final_commit/build/domain_bridge/build
creating /home/jo/final_commit/build/domain_bridge/build/lib
creating /home/jo/final_commit/build/domain_bridge/build/lib/domain_bridge
copying domain_bridge/__init__.py -> /home/jo/final_commit/build/domain_bridge/build/lib/domain_bridge
running install
running install_lib
creating /home/jo/final_commit/install/domain_bridge/lib/python3.10/site-packages/domain_bridge
copying /home/jo/final_commit/build/domain_bridge/build/lib/domain_bridge/__init__.py -> /home/jo/final_commit/install/domain_bridge/lib/python3.10/site-packages/domain_bridge
byte-compiling /home/jo/final_commit/install/domain_bridge/lib/python3.10/site-packages/domain_bridge/__init__.py to __init__.cpython-310.pyc
running install_data
creating /home/jo/final_commit/install/domain_bridge/share/ament_index
creating /home/jo/final_commit/install/domain_bridge/share/ament_index/resource_index
creating /home/jo/final_commit/install/domain_bridge/share/ament_index/resource_index/packages
copying resource/domain_bridge -> /home/jo/final_commit/install/domain_bridge/share/ament_index/resource_index/packages
copying package.xml -> /home/jo/final_commit/install/domain_bridge/share/domain_bridge
running install_egg_info
Copying ../../build/domain_bridge/domain_bridge.egg-info to /home/jo/final_commit/install/domain_bridge/lib/python3.10/site-packages/domain_bridge-0.0.0-py3.10.egg-info
running install_scripts
writing list of installed files to '/home/jo/final_commit/build/domain_bridge/install.log'
