[0.969s] Invoking command in '/home/jo/final_commit/src/domain_bridge': PYTHONPATH=/home/jo/final_commit/build/domain_bridge/prefix_override:/home/jo/final_commit/install/domain_bridge/lib/python3.10/site-packages:${PYTHONPATH} /usr/bin/python3 setup.py egg_info --egg-base ../../build/domain_bridge build --build-base /home/jo/final_commit/build/domain_bridge/build install --record /home/jo/final_commit/build/domain_bridge/install.log --single-version-externally-managed
[1.189s] running egg_info
[1.189s] creating ../../build/domain_bridge/domain_bridge.egg-info
[1.190s] writing ../../build/domain_bridge/domain_bridge.egg-info/PKG-INFO
[1.190s] writing dependency_links to ../../build/domain_bridge/domain_bridge.egg-info/dependency_links.txt
[1.190s] writing entry points to ../../build/domain_bridge/domain_bridge.egg-info/entry_points.txt
[1.190s] writing requirements to ../../build/domain_bridge/domain_bridge.egg-info/requires.txt
[1.190s] writing top-level names to ../../build/domain_bridge/domain_bridge.egg-info/top_level.txt
[1.191s] writing manifest file '../../build/domain_bridge/domain_bridge.egg-info/SOURCES.txt'
[1.195s] reading manifest file '../../build/domain_bridge/domain_bridge.egg-info/SOURCES.txt'
[1.196s] writing manifest file '../../build/domain_bridge/domain_bridge.egg-info/SOURCES.txt'
[1.196s] running build
[1.196s] running build_py
[1.197s] creating /home/jo/final_commit/build/domain_bridge/build
[1.197s] creating /home/jo/final_commit/build/domain_bridge/build/lib
[1.197s] creating /home/jo/final_commit/build/domain_bridge/build/lib/domain_bridge
[1.197s] copying domain_bridge/__init__.py -> /home/jo/final_commit/build/domain_bridge/build/lib/domain_bridge
[1.197s] running install
[1.197s] /usr/lib/python3/dist-packages/setuptools/command/install.py:34: SetuptoolsDeprecationWarning: setup.py install is deprecated. Use build and pip and other standards-based tools.
[1.197s]   warnings.warn(
[1.198s] running install_lib
[1.199s] creating /home/jo/final_commit/install/domain_bridge/lib/python3.10/site-packages/domain_bridge
[1.199s] copying /home/jo/final_commit/build/domain_bridge/build/lib/domain_bridge/__init__.py -> /home/jo/final_commit/install/domain_bridge/lib/python3.10/site-packages/domain_bridge
[1.200s] byte-compiling /home/jo/final_commit/install/domain_bridge/lib/python3.10/site-packages/domain_bridge/__init__.py to __init__.cpython-310.pyc
[1.200s] running install_data
[1.201s] creating /home/jo/final_commit/install/domain_bridge/share/ament_index
[1.201s] creating /home/jo/final_commit/install/domain_bridge/share/ament_index/resource_index
[1.201s] creating /home/jo/final_commit/install/domain_bridge/share/ament_index/resource_index/packages
[1.201s] copying resource/domain_bridge -> /home/jo/final_commit/install/domain_bridge/share/ament_index/resource_index/packages
[1.201s] copying package.xml -> /home/jo/final_commit/install/domain_bridge/share/domain_bridge
[1.201s] running install_egg_info
[1.203s] Copying ../../build/domain_bridge/domain_bridge.egg-info to /home/jo/final_commit/install/domain_bridge/lib/python3.10/site-packages/domain_bridge-0.0.0-py3.10.egg-info
[1.204s] running install_scripts
[1.243s] writing list of installed files to '/home/jo/final_commit/build/domain_bridge/install.log'
[1.306s] Invoked command in '/home/jo/final_commit/src/domain_bridge' returned '0': PYTHONPATH=/home/jo/final_commit/build/domain_bridge/prefix_override:/home/jo/final_commit/install/domain_bridge/lib/python3.10/site-packages:${PYTHONPATH} /usr/bin/python3 setup.py egg_info --egg-base ../../build/domain_bridge build --build-base /home/jo/final_commit/build/domain_bridge/build install --record /home/jo/final_commit/build/domain_bridge/install.log --single-version-externally-managed
