[0.637s] Invoking command in '/home/jo/final_commit/src/communication': PYTHONPATH=/home/jo/final_commit/build/communication/prefix_override:/home/jo/final_commit/install/communication/lib/python3.10/site-packages:${PYTHONPATH} /usr/bin/python3 setup.py egg_info --egg-base ../../build/communication build --build-base /home/jo/final_commit/build/communication/build install --record /home/jo/final_commit/build/communication/install.log --single-version-externally-managed
[0.853s] running egg_info
[0.853s] writing ../../build/communication/communication.egg-info/PKG-INFO
[0.853s] writing dependency_links to ../../build/communication/communication.egg-info/dependency_links.txt
[0.854s] writing entry points to ../../build/communication/communication.egg-info/entry_points.txt
[0.854s] writing requirements to ../../build/communication/communication.egg-info/requires.txt
[0.854s] writing top-level names to ../../build/communication/communication.egg-info/top_level.txt
[0.855s] reading manifest file '../../build/communication/communication.egg-info/SOURCES.txt'
[0.856s] writing manifest file '../../build/communication/communication.egg-info/SOURCES.txt'
[0.856s] running build
[0.856s] running build_py
[0.856s] running install
[0.856s] /usr/lib/python3/dist-packages/setuptools/command/install.py:34: SetuptoolsDeprecationWarning: setup.py install is deprecated. Use build and pip and other standards-based tools.
[0.856s]   warnings.warn(
[0.857s] running install_lib
[0.858s] running install_data
[0.858s] copying launch/controller.launch.py -> /home/jo/final_commit/install/communication/share/communication/launch
[0.858s] running install_egg_info
[0.860s] removing '/home/jo/final_commit/install/communication/lib/python3.10/site-packages/communication-0.0.0-py3.10.egg-info' (and everything under it)
[0.860s] Copying ../../build/communication/communication.egg-info to /home/jo/final_commit/install/communication/lib/python3.10/site-packages/communication-0.0.0-py3.10.egg-info
[0.861s] running install_scripts
[0.875s] Installing controller_listener script to /home/jo/final_commit/install/communication/lib/communication
[0.875s] Installing controller_talker script to /home/jo/final_commit/install/communication/lib/communication
[0.876s] Installing minibot_listener script to /home/jo/final_commit/install/communication/lib/communication
[0.876s] Installing minibot_talker script to /home/jo/final_commit/install/communication/lib/communication
[0.876s] writing list of installed files to '/home/jo/final_commit/build/communication/install.log'
[0.891s] Invoked command in '/home/jo/final_commit/src/communication' returned '0': PYTHONPATH=/home/jo/final_commit/build/communication/prefix_override:/home/jo/final_commit/install/communication/lib/python3.10/site-packages:${PYTHONPATH} /usr/bin/python3 setup.py egg_info --egg-base ../../build/communication build --build-base /home/jo/final_commit/build/communication/build install --record /home/jo/final_commit/build/communication/install.log --single-version-externally-managed
