[0.610s] DEBUG:colcon:Command line arguments: ['/usr/bin/colcon', 'build']
[0.610s] DEBUG:colcon:Parsed command line arguments: Namespace(log_base=None, log_level=None, verb_name='build', build_base='build', install_base='install', merge_install=False, symlink_install=False, test_result_base=None, continue_on_error=False, executor='parallel', parallel_workers=12, event_handlers=None, ignore_user_meta=False, metas=['./colcon.meta'], base_paths=['.'], packages_ignore=None, packages_ignore_regex=None, paths=None, packages_up_to=None, packages_up_to_regex=None, packages_above=None, packages_above_and_dependencies=None, packages_above_depth=None, packages_select_by_dep=None, packages_skip_by_dep=None, packages_skip_up_to=None, packages_select_build_failed=False, packages_skip_build_finished=False, packages_select_test_failures=False, packages_skip_test_passed=False, packages_select=None, packages_skip=None, packages_select_regex=None, packages_skip_regex=None, packages_start=None, packages_end=None, allow_overriding=[], cmake_args=None, cmake_target=None, cmake_target_skip_unavailable=False, cmake_clean_cache=False, cmake_clean_first=False, cmake_force_configure=False, ament_cmake_args=None, catkin_cmake_args=None, catkin_skip_building_tests=False, verb_parser=<colcon_defaults.argument_parser.defaults.DefaultArgumentsDecorator object at 0x7f3e724727a0>, verb_extension=<colcon_core.verb.build.BuildVerb object at 0x7f3e728bd0f0>, main=<bound method BuildVerb.main of <colcon_core.verb.build.BuildVerb object at 0x7f3e728bd0f0>>)
[0.640s] Level 1:colcon.colcon_core.package_discovery:discover_packages(colcon_meta) check parameters
[0.640s] Level 1:colcon.colcon_core.package_discovery:discover_packages(recursive) check parameters
[0.640s] Level 1:colcon.colcon_core.package_discovery:discover_packages(ignore) check parameters
[0.640s] Level 1:colcon.colcon_core.package_discovery:discover_packages(path) check parameters
[0.640s] Level 1:colcon.colcon_core.package_discovery:discover_packages(colcon_meta) discover
[0.640s] Level 1:colcon.colcon_core.package_discovery:discover_packages(recursive) discover
[0.640s] INFO:colcon.colcon_core.package_discovery:Crawling recursively for packages in '/home/jo/final_commit'
[0.640s] Level 1:colcon.colcon_core.package_identification:_identify(.) by extensions ['ignore', 'ignore_ament_install']
[0.640s] Level 1:colcon.colcon_core.package_identification:_identify(.) by extension 'ignore'
[0.640s] Level 1:colcon.colcon_core.package_identification:_identify(.) by extension 'ignore_ament_install'
[0.640s] Level 1:colcon.colcon_core.package_identification:_identify(.) by extensions ['colcon_pkg']
[0.640s] Level 1:colcon.colcon_core.package_identification:_identify(.) by extension 'colcon_pkg'
[0.640s] Level 1:colcon.colcon_core.package_identification:_identify(.) by extensions ['colcon_meta']
[0.640s] Level 1:colcon.colcon_core.package_identification:_identify(.) by extension 'colcon_meta'
[0.640s] Level 1:colcon.colcon_core.package_identification:_identify(.) by extensions ['ros']
[0.640s] Level 1:colcon.colcon_core.package_identification:_identify(.) by extension 'ros'
[0.648s] Level 1:colcon.colcon_core.package_identification:_identify(.) by extensions ['cmake', 'python']
[0.648s] Level 1:colcon.colcon_core.package_identification:_identify(.) by extension 'cmake'
[0.648s] Level 1:colcon.colcon_core.package_identification:_identify(.) by extension 'python'
[0.648s] Level 1:colcon.colcon_core.package_identification:_identify(.) by extensions ['python_setup_py']
[0.648s] Level 1:colcon.colcon_core.package_identification:_identify(.) by extension 'python_setup_py'
[0.648s] Level 1:colcon.colcon_core.package_identification:_identify(build) by extensions ['ignore', 'ignore_ament_install']
[0.648s] Level 1:colcon.colcon_core.package_identification:_identify(build) by extension 'ignore'
[0.648s] Level 1:colcon.colcon_core.package_identification:_identify(build) ignored
[0.649s] Level 1:colcon.colcon_core.package_identification:_identify(install) by extensions ['ignore', 'ignore_ament_install']
[0.649s] Level 1:colcon.colcon_core.package_identification:_identify(install) by extension 'ignore'
[0.649s] Level 1:colcon.colcon_core.package_identification:_identify(install) ignored
[0.649s] Level 1:colcon.colcon_core.package_identification:_identify(log) by extensions ['ignore', 'ignore_ament_install']
[0.649s] Level 1:colcon.colcon_core.package_identification:_identify(log) by extension 'ignore'
[0.649s] Level 1:colcon.colcon_core.package_identification:_identify(log) ignored
[0.649s] Level 1:colcon.colcon_core.package_identification:_identify(src) by extensions ['ignore', 'ignore_ament_install']
[0.649s] Level 1:colcon.colcon_core.package_identification:_identify(src) by extension 'ignore'
[0.649s] Level 1:colcon.colcon_core.package_identification:_identify(src) by extension 'ignore_ament_install'
[0.649s] Level 1:colcon.colcon_core.package_identification:_identify(src) by extensions ['colcon_pkg']
[0.649s] Level 1:colcon.colcon_core.package_identification:_identify(src) by extension 'colcon_pkg'
[0.649s] Level 1:colcon.colcon_core.package_identification:_identify(src) by extensions ['colcon_meta']
[0.649s] Level 1:colcon.colcon_core.package_identification:_identify(src) by extension 'colcon_meta'
[0.649s] Level 1:colcon.colcon_core.package_identification:_identify(src) by extensions ['ros']
[0.649s] Level 1:colcon.colcon_core.package_identification:_identify(src) by extension 'ros'
[0.649s] Level 1:colcon.colcon_core.package_identification:_identify(src) by extensions ['cmake', 'python']
[0.649s] Level 1:colcon.colcon_core.package_identification:_identify(src) by extension 'cmake'
[0.649s] Level 1:colcon.colcon_core.package_identification:_identify(src) by extension 'python'
[0.649s] Level 1:colcon.colcon_core.package_identification:_identify(src) by extensions ['python_setup_py']
[0.649s] Level 1:colcon.colcon_core.package_identification:_identify(src) by extension 'python_setup_py'
[0.650s] Level 1:colcon.colcon_core.package_identification:_identify(src/communication) by extensions ['ignore', 'ignore_ament_install']
[0.650s] Level 1:colcon.colcon_core.package_identification:_identify(src/communication) by extension 'ignore'
[0.650s] Level 1:colcon.colcon_core.package_identification:_identify(src/communication) by extension 'ignore_ament_install'
[0.650s] Level 1:colcon.colcon_core.package_identification:_identify(src/communication) by extensions ['colcon_pkg']
[0.650s] Level 1:colcon.colcon_core.package_identification:_identify(src/communication) by extension 'colcon_pkg'
[0.650s] Level 1:colcon.colcon_core.package_identification:_identify(src/communication) by extensions ['colcon_meta']
[0.650s] Level 1:colcon.colcon_core.package_identification:_identify(src/communication) by extension 'colcon_meta'
[0.650s] Level 1:colcon.colcon_core.package_identification:_identify(src/communication) by extensions ['ros']
[0.650s] Level 1:colcon.colcon_core.package_identification:_identify(src/communication) by extension 'ros'
[0.652s] DEBUG:colcon.colcon_core.package_identification:Package 'src/communication' with type 'ros.ament_python' and name 'communication'
[0.652s] Level 1:colcon.colcon_core.package_identification:_identify(src/communication_msgs) by extensions ['ignore', 'ignore_ament_install']
[0.652s] Level 1:colcon.colcon_core.package_identification:_identify(src/communication_msgs) by extension 'ignore'
[0.652s] Level 1:colcon.colcon_core.package_identification:_identify(src/communication_msgs) by extension 'ignore_ament_install'
[0.652s] Level 1:colcon.colcon_core.package_identification:_identify(src/communication_msgs) by extensions ['colcon_pkg']
[0.652s] Level 1:colcon.colcon_core.package_identification:_identify(src/communication_msgs) by extension 'colcon_pkg'
[0.652s] Level 1:colcon.colcon_core.package_identification:_identify(src/communication_msgs) by extensions ['colcon_meta']
[0.652s] Level 1:colcon.colcon_core.package_identification:_identify(src/communication_msgs) by extension 'colcon_meta'
[0.652s] Level 1:colcon.colcon_core.package_identification:_identify(src/communication_msgs) by extensions ['ros']
[0.652s] Level 1:colcon.colcon_core.package_identification:_identify(src/communication_msgs) by extension 'ros'
[0.652s] DEBUG:colcon.colcon_core.package_identification:Package 'src/communication_msgs' with type 'ros.ament_cmake' and name 'communication_msgs'
[0.652s] Level 1:colcon.colcon_core.package_discovery:discover_packages(recursive) using defaults
[0.652s] Level 1:colcon.colcon_core.package_discovery:discover_packages(ignore) discover
[0.652s] Level 1:colcon.colcon_core.package_discovery:discover_packages(ignore) using defaults
[0.652s] Level 1:colcon.colcon_core.package_discovery:discover_packages(path) discover
[0.652s] Level 1:colcon.colcon_core.package_discovery:discover_packages(path) using defaults
[0.710s] Level 1:colcon.colcon_core.package_discovery:discover_packages(prefix_path) check parameters
[0.710s] Level 1:colcon.colcon_core.package_discovery:discover_packages(prefix_path) discover
[0.719s] Level 1:colcon.colcon_core.package_discovery:discover_packages(prefix_path) using defaults
[0.736s] Level 5:colcon.colcon_core.verb:set package 'communication_msgs' build argument 'cmake_args' from command line to 'None'
[0.736s] Level 5:colcon.colcon_core.verb:set package 'communication_msgs' build argument 'cmake_target' from command line to 'None'
[0.736s] Level 5:colcon.colcon_core.verb:set package 'communication_msgs' build argument 'cmake_target_skip_unavailable' from command line to 'False'
[0.736s] Level 5:colcon.colcon_core.verb:set package 'communication_msgs' build argument 'cmake_clean_cache' from command line to 'False'
[0.736s] Level 5:colcon.colcon_core.verb:set package 'communication_msgs' build argument 'cmake_clean_first' from command line to 'False'
[0.736s] Level 5:colcon.colcon_core.verb:set package 'communication_msgs' build argument 'cmake_force_configure' from command line to 'False'
[0.736s] Level 5:colcon.colcon_core.verb:set package 'communication_msgs' build argument 'ament_cmake_args' from command line to 'None'
[0.736s] Level 5:colcon.colcon_core.verb:set package 'communication_msgs' build argument 'catkin_cmake_args' from command line to 'None'
[0.736s] Level 5:colcon.colcon_core.verb:set package 'communication_msgs' build argument 'catkin_skip_building_tests' from command line to 'False'
[0.736s] DEBUG:colcon.colcon_core.verb:Building package 'communication_msgs' with the following arguments: {'ament_cmake_args': None, 'build_base': '/home/jo/final_commit/build/communication_msgs', 'catkin_cmake_args': None, 'catkin_skip_building_tests': False, 'cmake_args': None, 'cmake_clean_cache': False, 'cmake_clean_first': False, 'cmake_force_configure': False, 'cmake_target': None, 'cmake_target_skip_unavailable': False, 'install_base': '/home/jo/final_commit/install/communication_msgs', 'merge_install': False, 'path': '/home/jo/final_commit/src/communication_msgs', 'symlink_install': False, 'test_result_base': None}
[0.745s] Level 5:colcon.colcon_core.verb:set package 'communication' build argument 'cmake_args' from command line to 'None'
[0.745s] Level 5:colcon.colcon_core.verb:set package 'communication' build argument 'cmake_target' from command line to 'None'
[0.745s] Level 5:colcon.colcon_core.verb:set package 'communication' build argument 'cmake_target_skip_unavailable' from command line to 'False'
[0.745s] Level 5:colcon.colcon_core.verb:set package 'communication' build argument 'cmake_clean_cache' from command line to 'False'
[0.745s] Level 5:colcon.colcon_core.verb:set package 'communication' build argument 'cmake_clean_first' from command line to 'False'
[0.745s] Level 5:colcon.colcon_core.verb:set package 'communication' build argument 'cmake_force_configure' from command line to 'False'
[0.745s] Level 5:colcon.colcon_core.verb:set package 'communication' build argument 'ament_cmake_args' from command line to 'None'
[0.745s] Level 5:colcon.colcon_core.verb:set package 'communication' build argument 'catkin_cmake_args' from command line to 'None'
[0.745s] Level 5:colcon.colcon_core.verb:set package 'communication' build argument 'catkin_skip_building_tests' from command line to 'False'
[0.745s] DEBUG:colcon.colcon_core.verb:Building package 'communication' with the following arguments: {'ament_cmake_args': None, 'build_base': '/home/jo/final_commit/build/communication', 'catkin_cmake_args': None, 'catkin_skip_building_tests': False, 'cmake_args': None, 'cmake_clean_cache': False, 'cmake_clean_first': False, 'cmake_force_configure': False, 'cmake_target': None, 'cmake_target_skip_unavailable': False, 'install_base': '/home/jo/final_commit/install/communication', 'merge_install': False, 'path': '/home/jo/final_commit/src/communication', 'symlink_install': False, 'test_result_base': None}
[0.753s] INFO:colcon.colcon_core.executor:Executing jobs using 'parallel' executor
[0.762s] DEBUG:colcon.colcon_parallel_executor.executor.parallel:run_until_complete
[0.762s] INFO:colcon.colcon_ros.task.ament_cmake.build:Building ROS package in '/home/jo/final_commit/src/communication_msgs' with build type 'ament_cmake'
[0.762s] INFO:colcon.colcon_cmake.task.cmake.build:Building CMake package in '/home/jo/final_commit/src/communication_msgs'
[0.772s] INFO:colcon.colcon_core.plugin_system:Skipping extension 'colcon_core.shell.bat': Not used on non-Windows systems
[0.772s] INFO:colcon.colcon_core.shell:Skip shell extension 'powershell' for command environment: Not usable outside of PowerShell
[0.772s] DEBUG:colcon.colcon_core.shell:Skip shell extension 'dsv' for command environment
[0.787s] DEBUG:colcon.colcon_core.event_handler.log_command:Invoking command in '/home/jo/final_commit/build/communication_msgs': /usr/bin/cmake --build /home/jo/final_commit/build/communication_msgs -- -j12 -l12
[1.054s] DEBUG:colcon.colcon_core.event_handler.log_command:Invoked command in '/home/jo/final_commit/build/communication_msgs' returned '0': /usr/bin/cmake --build /home/jo/final_commit/build/communication_msgs -- -j12 -l12
[1.093s] DEBUG:colcon.colcon_core.event_handler.log_command:Invoking command in '/home/jo/final_commit/build/communication_msgs': /usr/bin/cmake --install /home/jo/final_commit/build/communication_msgs
[1.130s] Level 1:colcon.colcon_core.environment:create_environment_scripts_only(communication_msgs)
[1.134s] DEBUG:colcon.colcon_core.event_handler.log_command:Invoked command in '/home/jo/final_commit/build/communication_msgs' returned '0': /usr/bin/cmake --install /home/jo/final_commit/build/communication_msgs
[1.143s] Level 1:colcon.colcon_core.environment:checking '/home/jo/final_commit/install/communication_msgs' for CMake module files
[1.143s] Level 1:colcon.colcon_core.environment:checking '/home/jo/final_commit/install/communication_msgs' for CMake config files
[1.143s] Level 1:colcon.colcon_core.shell:create_environment_hook('communication_msgs', 'cmake_prefix_path')
[1.152s] INFO:colcon.colcon_core.shell:Creating environment hook '/home/jo/final_commit/install/communication_msgs/share/communication_msgs/hook/cmake_prefix_path.ps1'
[1.153s] INFO:colcon.colcon_core.shell:Creating environment descriptor '/home/jo/final_commit/install/communication_msgs/share/communication_msgs/hook/cmake_prefix_path.dsv'
[1.153s] INFO:colcon.colcon_core.shell:Creating environment hook '/home/jo/final_commit/install/communication_msgs/share/communication_msgs/hook/cmake_prefix_path.sh'
[1.153s] Level 1:colcon.colcon_core.environment:checking '/home/jo/final_commit/install/communication_msgs/lib'
[1.154s] Level 1:colcon.colcon_core.shell:create_environment_hook('communication_msgs', 'ld_library_path_lib')
[1.162s] INFO:colcon.colcon_core.shell:Creating environment hook '/home/jo/final_commit/install/communication_msgs/share/communication_msgs/hook/ld_library_path_lib.ps1'
[1.163s] INFO:colcon.colcon_core.shell:Creating environment descriptor '/home/jo/final_commit/install/communication_msgs/share/communication_msgs/hook/ld_library_path_lib.dsv'
[1.163s] INFO:colcon.colcon_core.shell:Creating environment hook '/home/jo/final_commit/install/communication_msgs/share/communication_msgs/hook/ld_library_path_lib.sh'
[1.163s] Level 1:colcon.colcon_core.environment:checking '/home/jo/final_commit/install/communication_msgs/bin'
[1.163s] Level 1:colcon.colcon_core.environment:checking '/home/jo/final_commit/install/communication_msgs/lib/pkgconfig/communication_msgs.pc'
[1.164s] Level 1:colcon.colcon_core.environment:checking '/home/jo/final_commit/install/communication_msgs/lib/python3.10/site-packages'
[1.165s] Level 1:colcon.colcon_core.environment:checking '/home/jo/final_commit/install/communication_msgs/bin'
[1.174s] INFO:colcon.colcon_core.shell:Creating package script '/home/jo/final_commit/install/communication_msgs/share/communication_msgs/package.ps1'
[1.174s] INFO:colcon.colcon_core.shell:Creating package descriptor '/home/jo/final_commit/install/communication_msgs/share/communication_msgs/package.dsv'
[1.175s] INFO:colcon.colcon_core.shell:Creating package script '/home/jo/final_commit/install/communication_msgs/share/communication_msgs/package.sh'
[1.175s] INFO:colcon.colcon_core.shell:Creating package script '/home/jo/final_commit/install/communication_msgs/share/communication_msgs/package.bash'
[1.176s] INFO:colcon.colcon_core.shell:Creating package script '/home/jo/final_commit/install/communication_msgs/share/communication_msgs/package.zsh'
[1.176s] Level 1:colcon.colcon_core.environment:create_file_with_runtime_dependencies(/home/jo/final_commit/install/communication_msgs/share/colcon-core/packages/communication_msgs)
[1.224s] Level 1:colcon.colcon_core.environment:create_environment_scripts_only(communication_msgs)
[1.238s] Level 1:colcon.colcon_core.environment:checking '/home/jo/final_commit/install/communication_msgs' for CMake module files
[1.238s] Level 1:colcon.colcon_core.environment:checking '/home/jo/final_commit/install/communication_msgs' for CMake config files
[1.238s] Level 1:colcon.colcon_core.shell:create_environment_hook('communication_msgs', 'cmake_prefix_path')
[1.250s] INFO:colcon.colcon_core.shell:Creating environment hook '/home/jo/final_commit/install/communication_msgs/share/communication_msgs/hook/cmake_prefix_path.ps1'
[1.251s] INFO:colcon.colcon_core.shell:Creating environment descriptor '/home/jo/final_commit/install/communication_msgs/share/communication_msgs/hook/cmake_prefix_path.dsv'
[1.251s] INFO:colcon.colcon_core.shell:Creating environment hook '/home/jo/final_commit/install/communication_msgs/share/communication_msgs/hook/cmake_prefix_path.sh'
[1.252s] Level 1:colcon.colcon_core.environment:checking '/home/jo/final_commit/install/communication_msgs/lib'
[1.252s] Level 1:colcon.colcon_core.shell:create_environment_hook('communication_msgs', 'ld_library_path_lib')
[1.264s] INFO:colcon.colcon_core.shell:Creating environment hook '/home/jo/final_commit/install/communication_msgs/share/communication_msgs/hook/ld_library_path_lib.ps1'
[1.264s] INFO:colcon.colcon_core.shell:Creating environment descriptor '/home/jo/final_commit/install/communication_msgs/share/communication_msgs/hook/ld_library_path_lib.dsv'
[1.265s] INFO:colcon.colcon_core.shell:Creating environment hook '/home/jo/final_commit/install/communication_msgs/share/communication_msgs/hook/ld_library_path_lib.sh'
[1.265s] Level 1:colcon.colcon_core.environment:checking '/home/jo/final_commit/install/communication_msgs/bin'
[1.265s] Level 1:colcon.colcon_core.environment:checking '/home/jo/final_commit/install/communication_msgs/lib/pkgconfig/communication_msgs.pc'
[1.265s] Level 1:colcon.colcon_core.environment:checking '/home/jo/final_commit/install/communication_msgs/lib/python3.10/site-packages'
[1.265s] Level 1:colcon.colcon_core.environment:checking '/home/jo/final_commit/install/communication_msgs/bin'
[1.277s] INFO:colcon.colcon_core.shell:Creating package script '/home/jo/final_commit/install/communication_msgs/share/communication_msgs/package.ps1'
[1.278s] INFO:colcon.colcon_core.shell:Creating package descriptor '/home/jo/final_commit/install/communication_msgs/share/communication_msgs/package.dsv'
[1.278s] INFO:colcon.colcon_core.shell:Creating package script '/home/jo/final_commit/install/communication_msgs/share/communication_msgs/package.sh'
[1.279s] INFO:colcon.colcon_core.shell:Creating package script '/home/jo/final_commit/install/communication_msgs/share/communication_msgs/package.bash'
[1.279s] INFO:colcon.colcon_core.shell:Creating package script '/home/jo/final_commit/install/communication_msgs/share/communication_msgs/package.zsh'
[1.279s] Level 1:colcon.colcon_core.environment:create_file_with_runtime_dependencies(/home/jo/final_commit/install/communication_msgs/share/colcon-core/packages/communication_msgs)
[1.280s] INFO:colcon.colcon_ros.task.ament_python.build:Building ROS package in '/home/jo/final_commit/src/communication' with build type 'ament_python'
[1.280s] Level 1:colcon.colcon_core.shell:create_environment_hook('communication', 'ament_prefix_path')
[1.293s] INFO:colcon.colcon_core.shell:Creating environment hook '/home/jo/final_commit/install/communication/share/communication/hook/ament_prefix_path.ps1'
[1.294s] INFO:colcon.colcon_core.shell:Creating environment descriptor '/home/jo/final_commit/install/communication/share/communication/hook/ament_prefix_path.dsv'
[1.295s] INFO:colcon.colcon_core.shell:Creating environment hook '/home/jo/final_commit/install/communication/share/communication/hook/ament_prefix_path.sh'
[1.310s] INFO:colcon.colcon_core.shell:Skip shell extension 'powershell' for command environment: Not usable outside of PowerShell
[1.311s] DEBUG:colcon.colcon_core.shell:Skip shell extension 'dsv' for command environment
[1.504s] INFO:colcon.colcon_core.task.python.build:Building Python package in '/home/jo/final_commit/src/communication'
[1.514s] INFO:colcon.colcon_core.shell:Skip shell extension 'powershell' for command environment: Not usable outside of PowerShell
[1.514s] DEBUG:colcon.colcon_core.shell:Skip shell extension 'dsv' for command environment
[1.764s] DEBUG:colcon.colcon_core.event_handler.log_command:Invoking command in '/home/jo/final_commit/src/communication': AMENT_PREFIX_PATH=/home/jo/final_commit/install/communication_msgs CMAKE_PREFIX_PATH=/home/jo/final_commit/install/communication_msgs LD_LIBRARY_PATH=/home/jo/final_commit/install/communication_msgs/lib:/usr/local/cuda-12.0/lib64 PYTHONPATH=/home/jo/final_commit/build/communication/prefix_override:/home/jo/final_commit/install/communication/lib/python3.10/site-packages:/home/jo/final_commit/install/communication_msgs/local/lib/python3.10/dist-packages /usr/bin/python3 setup.py egg_info --egg-base ../../build/communication build --build-base /home/jo/final_commit/build/communication/build install --record /home/jo/final_commit/build/communication/install.log --single-version-externally-managed
[1.968s] DEBUG:colcon.colcon_core.event_handler.log_command:Invoked command in '/home/jo/final_commit/src/communication' returned '0': AMENT_PREFIX_PATH=/home/jo/final_commit/install/communication_msgs CMAKE_PREFIX_PATH=/home/jo/final_commit/install/communication_msgs LD_LIBRARY_PATH=/home/jo/final_commit/install/communication_msgs/lib:/usr/local/cuda-12.0/lib64 PYTHONPATH=/home/jo/final_commit/build/communication/prefix_override:/home/jo/final_commit/install/communication/lib/python3.10/site-packages:/home/jo/final_commit/install/communication_msgs/local/lib/python3.10/dist-packages /usr/bin/python3 setup.py egg_info --egg-base ../../build/communication build --build-base /home/jo/final_commit/build/communication/build install --record /home/jo/final_commit/build/communication/install.log --single-version-externally-managed
[1.977s] Level 1:colcon.colcon_core.environment:checking '/home/jo/final_commit/install/communication' for CMake module files
[1.978s] Level 1:colcon.colcon_core.environment:checking '/home/jo/final_commit/install/communication' for CMake config files
[1.978s] Level 1:colcon.colcon_core.environment:checking '/home/jo/final_commit/install/communication/lib'
[1.978s] Level 1:colcon.colcon_core.environment:checking '/home/jo/final_commit/install/communication/bin'
[1.978s] Level 1:colcon.colcon_core.environment:checking '/home/jo/final_commit/install/communication/lib/pkgconfig/communication.pc'
[1.978s] Level 1:colcon.colcon_core.environment:checking '/home/jo/final_commit/install/communication/lib/python3.10/site-packages'
[1.978s] Level 1:colcon.colcon_core.shell:create_environment_hook('communication', 'pythonpath')
[1.988s] INFO:colcon.colcon_core.shell:Creating environment hook '/home/jo/final_commit/install/communication/share/communication/hook/pythonpath.ps1'
[1.988s] INFO:colcon.colcon_core.shell:Creating environment descriptor '/home/jo/final_commit/install/communication/share/communication/hook/pythonpath.dsv'
[1.989s] INFO:colcon.colcon_core.shell:Creating environment hook '/home/jo/final_commit/install/communication/share/communication/hook/pythonpath.sh'
[1.989s] Level 1:colcon.colcon_core.environment:checking '/home/jo/final_commit/install/communication/bin'
[1.989s] Level 1:colcon.colcon_core.environment:create_environment_scripts_only(communication)
[1.999s] INFO:colcon.colcon_core.shell:Creating package script '/home/jo/final_commit/install/communication/share/communication/package.ps1'
[1.999s] INFO:colcon.colcon_core.shell:Creating package descriptor '/home/jo/final_commit/install/communication/share/communication/package.dsv'
[2.000s] INFO:colcon.colcon_core.shell:Creating package script '/home/jo/final_commit/install/communication/share/communication/package.sh'
[2.000s] INFO:colcon.colcon_core.shell:Creating package script '/home/jo/final_commit/install/communication/share/communication/package.bash'
[2.000s] INFO:colcon.colcon_core.shell:Creating package script '/home/jo/final_commit/install/communication/share/communication/package.zsh'
[2.001s] Level 1:colcon.colcon_core.environment:create_file_with_runtime_dependencies(/home/jo/final_commit/install/communication/share/colcon-core/packages/communication)
[2.001s] DEBUG:colcon.colcon_parallel_executor.executor.parallel:closing loop
[2.001s] DEBUG:colcon.colcon_parallel_executor.executor.parallel:loop closed
[2.001s] DEBUG:colcon.colcon_parallel_executor.executor.parallel:run_until_complete finished with '0'
[2.001s] DEBUG:colcon.colcon_core.event_reactor:joining thread
[2.015s] INFO:colcon.colcon_core.plugin_system:Skipping extension 'colcon_notification.desktop_notification.terminal_notifier': Not used on non-Darwin systems
[2.015s] INFO:colcon.colcon_core.plugin_system:Skipping extension 'colcon_notification.desktop_notification.win32': Not used on non-Windows systems
[2.015s] INFO:colcon.colcon_notification.desktop_notification:Sending desktop notification using 'notify2'
[2.024s] DEBUG:colcon.colcon_core.event_reactor:joined thread
[2.034s] INFO:colcon.colcon_core.shell:Creating prefix script '/home/jo/final_commit/install/local_setup.ps1'
[2.035s] INFO:colcon.colcon_core.shell:Creating prefix util module '/home/jo/final_commit/install/_local_setup_util_ps1.py'
[2.036s] INFO:colcon.colcon_core.shell:Creating prefix chain script '/home/jo/final_commit/install/setup.ps1'
[2.046s] INFO:colcon.colcon_core.shell:Creating prefix script '/home/jo/final_commit/install/local_setup.sh'
[2.046s] INFO:colcon.colcon_core.shell:Creating prefix util module '/home/jo/final_commit/install/_local_setup_util_sh.py'
[2.047s] INFO:colcon.colcon_core.shell:Creating prefix chain script '/home/jo/final_commit/install/setup.sh'
[2.057s] INFO:colcon.colcon_core.shell:Creating prefix script '/home/jo/final_commit/install/local_setup.bash'
[2.057s] INFO:colcon.colcon_core.shell:Creating prefix chain script '/home/jo/final_commit/install/setup.bash'
[2.068s] INFO:colcon.colcon_core.shell:Creating prefix script '/home/jo/final_commit/install/local_setup.zsh'
[2.069s] INFO:colcon.colcon_core.shell:Creating prefix chain script '/home/jo/final_commit/install/setup.zsh'
