[0.980s] Invoking command in '/home/jo/final_commit/src/gui_package': PYTHONPATH=/home/jo/final_commit/build/gui_package/prefix_override:/home/jo/final_commit/install/gui_package/lib/python3.10/site-packages:${PYTHONPATH} /usr/bin/python3 setup.py egg_info --egg-base ../../build/gui_package build --build-base /home/jo/final_commit/build/gui_package/build install --record /home/jo/final_commit/build/gui_package/install.log --single-version-externally-managed
[1.192s] running egg_info
[1.193s] writing ../../build/gui_package/gui_package.egg-info/PKG-INFO
[1.193s] writing dependency_links to ../../build/gui_package/gui_package.egg-info/dependency_links.txt
[1.193s] writing entry points to ../../build/gui_package/gui_package.egg-info/entry_points.txt
[1.193s] writing requirements to ../../build/gui_package/gui_package.egg-info/requires.txt
[1.193s] writing top-level names to ../../build/gui_package/gui_package.egg-info/top_level.txt
[1.195s] reading manifest file '../../build/gui_package/gui_package.egg-info/SOURCES.txt'
[1.195s] writing manifest file '../../build/gui_package/gui_package.egg-info/SOURCES.txt'
[1.195s] running build
[1.196s] running build_py
[1.196s] copying gui_package/__init__.py -> /home/jo/final_commit/build/gui_package/build/lib/gui_package
[1.196s] copying gui_package/solution.py -> /home/jo/final_commit/build/gui_package/build/lib/gui_package
[1.196s] copying gui_package/gui_node.py -> /home/jo/final_commit/build/gui_package/build/lib/gui_package
[1.196s] copying gui_package/cam_listener.py -> /home/jo/final_commit/build/gui_package/build/lib/gui_package
[1.196s] copying gui_package/camera_test.py -> /home/jo/final_commit/build/gui_package/build/lib/gui_package
[1.196s] running install
[1.196s] /usr/lib/python3/dist-packages/setuptools/command/install.py:34: SetuptoolsDeprecationWarning: setup.py install is deprecated. Use build and pip and other standards-based tools.
[1.197s]   warnings.warn(
[1.197s] running install_lib
[1.197s] copying /home/jo/final_commit/build/gui_package/build/lib/gui_package/__init__.py -> /home/jo/final_commit/install/gui_package/lib/python3.10/site-packages/gui_package
[1.197s] copying /home/jo/final_commit/build/gui_package/build/lib/gui_package/solution.py -> /home/jo/final_commit/install/gui_package/lib/python3.10/site-packages/gui_package
[1.197s] copying /home/jo/final_commit/build/gui_package/build/lib/gui_package/gui_node.py -> /home/jo/final_commit/install/gui_package/lib/python3.10/site-packages/gui_package
[1.197s] copying /home/jo/final_commit/build/gui_package/build/lib/gui_package/cam_listener.py -> /home/jo/final_commit/install/gui_package/lib/python3.10/site-packages/gui_package
[1.198s] copying /home/jo/final_commit/build/gui_package/build/lib/gui_package/camera_test.py -> /home/jo/final_commit/install/gui_package/lib/python3.10/site-packages/gui_package
[1.198s] byte-compiling /home/jo/final_commit/install/gui_package/lib/python3.10/site-packages/gui_package/__init__.py to __init__.cpython-310.pyc
[1.198s] byte-compiling /home/jo/final_commit/install/gui_package/lib/python3.10/site-packages/gui_package/solution.py to solution.cpython-310.pyc
[1.199s] byte-compiling /home/jo/final_commit/install/gui_package/lib/python3.10/site-packages/gui_package/gui_node.py to gui_node.cpython-310.pyc
[1.200s] byte-compiling /home/jo/final_commit/install/gui_package/lib/python3.10/site-packages/gui_package/cam_listener.py to cam_listener.cpython-310.pyc
[1.201s] byte-compiling /home/jo/final_commit/install/gui_package/lib/python3.10/site-packages/gui_package/camera_test.py to camera_test.cpython-310.pyc
[1.201s] running install_data
[1.201s] copying resource/gui_package -> /home/jo/final_commit/install/gui_package/share/ament_index/resource_index/packages
[1.201s] copying package.xml -> /home/jo/final_commit/install/gui_package/share/gui_package
[1.201s] running install_egg_info
[1.203s] removing '/home/jo/final_commit/install/gui_package/lib/python3.10/site-packages/gui_package-0.0.0-py3.10.egg-info' (and everything under it)
[1.203s] Copying ../../build/gui_package/gui_package.egg-info to /home/jo/final_commit/install/gui_package/lib/python3.10/site-packages/gui_package-0.0.0-py3.10.egg-info
[1.203s] running install_scripts
[1.219s] Installing cam_listener script to /home/jo/final_commit/install/gui_package/lib/gui_package
[1.219s] Installing camera_test script to /home/jo/final_commit/install/gui_package/lib/gui_package
[1.219s] Installing gui_node script to /home/jo/final_commit/install/gui_package/lib/gui_package
[1.220s] writing list of installed files to '/home/jo/final_commit/build/gui_package/install.log'
[1.290s] Invoked command in '/home/jo/final_commit/src/gui_package' returned '0': PYTHONPATH=/home/jo/final_commit/build/gui_package/prefix_override:/home/jo/final_commit/install/gui_package/lib/python3.10/site-packages:${PYTHONPATH} /usr/bin/python3 setup.py egg_info --egg-base ../../build/gui_package build --build-base /home/jo/final_commit/build/gui_package/build install --record /home/jo/final_commit/build/gui_package/install.log --single-version-externally-managed
